<?xml version="1.0" encoding="UTF-8"?>
<testsuites>
  <testsuite name="shinytest2-tm_g_gh_boxplot" timestamp="2025-09-09T12:32:07Z" hostname="fd4b619021ba" tests="6" skipped="0" failures="0" errors="6" time="625.813">
    <testcase time="105.126" classname="shinytest2_tm_g_gh_boxplot" name="toggle_slider_module_widgets_are_initialized_with_proper_values">
      <error type="error" message="Error in `app_initialize(self, private, app_dir = app_dir, ..., load_timeout = load_timeout,  ('test-shinytest2-tm_g_gh_boxplot.R:25:3')">Error in `app_initialize(self, private, app_dir = app_dir, ..., load_timeout = load_timeout, 
    timeout = timeout, wait = wait, expect_values_screenshot_args = expect_values_screenshot_args, 
    screenshot_args = screenshot_args, check_names = check_names, 
    name = name, variant = variant, view = view, height = height, 
    width = width, seed = seed, clean_logs = clean_logs, shiny_args = shiny_args, 
    render_args = render_args, options = options)`: Shiny app did not become stable in 1e+05ms.
Message: An error occurred while waiting for Shiny to be stable
Caused by error in `app_wait_for_idle()`:
! An error occurred while waiting for Shiny to be stable


i You can inspect the failed AppDriver object via `rlang::last_error()$app`
i AppDriver logs:
{shinytest2} R  info   12:32:09.19 Start AppDriver initialization
{shinytest2} R  info   12:32:09.42 Starting Shiny app
{shinytest2} R  info   12:32:10.66 Creating new ChromoteSession
{shinytest2} R  info   12:32:10.79 Navigating to Shiny app
{shinytest2} R  info   12:32:12.20 Injecting shiny-tracer.js
{chromote}   JS info   12:32:12.23 shinytest2; jQuery not found
{chromote}   JS info   12:32:12.24 shinytest2; Loaded
{shinytest2} R  info   12:32:12.24 Waiting for Shiny to become ready
{chromote}   JS info   12:32:12.28 shinytest2; jQuery found
{chromote}   JS info   12:32:12.28 shinytest2; Waiting for shiny session to connect
{chromote}   JS info   12:32:12.64 shinytest2; Connected
{chromote}   JS info   12:32:12.70 shinytest2; shiny:busy
{shinytest2} R  info   12:32:12.70 Waiting for Shiny to become idle for 200ms within 1e+05ms
{chromote}   JS info   12:32:12.70 shinytest2; Waiting for Shiny to be stable
{shinytest2} R  info   12:33:52.73 Error while initializing AppDriver:
                                   Shiny app did not become stable in 1e+05ms.
                                   Message: An error occurred while waiting for Shiny to be stable
                                   Caused by error in `app_wait_for_idle()`:
                                   ! An error occurred while waiting for Shiny to be stable
{shiny}      R  stderr ----------- Loading required package: shiny
{shiny}      R  stderr ----------- Attempting to load the environment ‘package:stringr’
{shiny}      R  stderr ----------- Loading required package: goshawk
{shiny}      R  stderr ----------- Loading required package: dplyr
{shiny}      R  stderr ----------- 
{shiny}      R  stderr ----------- Attaching package: ‘dplyr’
{shiny}      R  stderr ----------- 
{shiny}      R  stderr ----------- The following objects are masked from ‘package:stats’:
{shiny}      R  stderr ----------- 
{shiny}      R  stderr -----------     filter, lag
{shiny}      R  stderr ----------- 
{shiny}      R  stderr ----------- The following objects are masked from ‘package:base’:
{shiny}      R  stderr ----------- 
{shiny}      R  stderr -----------     intersect, setdiff, setequal, union
{shiny}      R  stderr ----------- 
{shiny}      R  stderr ----------- Loading required package: teal
{shiny}      R  stderr ----------- Loading required package: teal.data
{shiny}      R  stderr ----------- Loading required package: teal.code
{shiny}      R  stderr ----------- Loading required package: teal.slice
{shiny}      R  stderr ----------- 
{shiny}      R  stderr ----------- You are using teal version 1.0.0.9003
{shiny}      R  stderr ----------- 
{shiny}      R  stderr ----------- Attaching package: ‘teal’
{shiny}      R  stderr ----------- 
{shiny}      R  stderr ----------- The following objects are masked from ‘package:teal.slice’:
{shiny}      R  stderr ----------- 
{shiny}      R  stderr -----------     as.teal_slices, teal_slices
{shiny}      R  stderr ----------- 
{shiny}      R  stderr ----------- Loading required package: teal.transform
{shiny}      R  stderr ----------- Running application in test mode.
{shiny}      R  stderr ----------- 
{shiny}      R  stderr ----------- Listening on http://127.0.0.1:4878
{shiny}      R  stderr ----------- Warning: Error in set_chunk_dims: Assertion on 'pws' failed: Must inherit from class 'plot_widget', but has class 'list'.
{shiny}      R  stderr -----------   111: &lt;Anonymous&gt;
{shiny}      R  stderr -----------   110: stop
{shiny}      R  stderr -----------   109: mstop
{shiny}      R  stderr -----------   108: makeAssertion
{shiny}      R  stderr -----------   107: checkmate::assert_class
{shiny}      R  stderr -----------   106: set_chunk_dims
{shiny}      R  stderr -----------   105: module
{shiny}      R  stderr -----------   100: callModule
{shiny}      R  stderr -----------    99: moduleServer
{shiny}      R  stderr -----------    98: &lt;Anonymous&gt;
{shiny}      R  stderr -----------    96: .call_teal_module
{shiny}      R  stderr -----------    95: rlang::eval_tidy
{shiny}      R  stderr -----------    94: observe
{shiny}      R  stderr -----------    93: &lt;observer:observeEvent(activator())&gt;
{shiny}      R  stderr -----------    14: &lt;Anonymous&gt;
{shiny}      R  stderr -----------    12: &lt;Anonymous&gt;
{shiny}      R  stderr -----------    11: &lt;Anonymous&gt;
{shiny}      R  stderr -----------    10: base::do.call
{shiny}      R  stderr -----------     9: base::saveRDS
{shiny}      R  stderr -----------     8: base::withCallingHandlers
{shiny}      R  stderr -----------     7: doTryCatch
{shiny}      R  stderr -----------     6: tryCatchOne
{shiny}      R  stderr -----------     5: tryCatchList
{shiny}      R  stderr -----------     2: tryCatchList
{shiny}      R  stderr -----------     1: base::tryCatch


Caused by error in `app_initialize_()`:
! Shiny app did not become stable in 1e+05ms.
Message: An error occurred while waiting for Shiny to be stable
Caused by error in `app_wait_for_idle()`:
! An error occurred while waiting for Shiny to be stable
Backtrace:
     x
  1. +-teal.goshawk (local) tm_g_gh_boxplot_driver() at test-shinytest2-tm_g_gh_boxplot.R:25:3
  2. | \-teal.goshawk:::init_teal_app_driver(...) at test-shinytest2-tm_g_gh_boxplot.R:2:3
  3. |   +-testthat::with_mocked_bindings(...) at tests/testthat/helper-TealAppDriver.R:2:3
  4. |   \-TealAppDriver$new(...) at tests/testthat/helper-TealAppDriver.R:5:7
  5. |     \-teal (local) initialize(...)
  6. |       +-base::suppressWarnings(...)
  7. |       | \-base::withCallingHandlers(...)
  8. |       \-super$initialize(...)
  9. |         \-shinytest2:::app_initialize(...)
 10. |           +-base::withCallingHandlers(...)
 11. |           \-shinytest2:::app_initialize_(self, private, ..., view = view)
 12. |             +-base::withCallingHandlers(...)
 13. |             \-self$wait_for_idle(duration = 200, timeout = private$load_timeout)
 14. |               \-shinytest2:::app_wait_for_idle(...)
 15. |                 \-shinytest2:::app_abort(self, private, "An error occurred while waiting for Shiny to be stable")
 16. |                   \-rlang::abort(..., app = self, call = call)
 17. |                     \-rlang:::signal_abort(cnd, .file)
 18. |                       \-base::signalCondition(cnd)
 19. +-shinytest2 (local) `&lt;fn&gt;`(`&lt;rlng_rrr&gt;`)
 20. | \-shinytest2:::app_abort(...)
 21. |   \-rlang::abort(..., app = self, call = call)
 22. |     \-rlang:::signal_abort(cnd, .file)
 23. |       \-base::signalCondition(cnd)
 24. \-shinytest2 (local) `&lt;fn&gt;`(`&lt;rlng_rrr&gt;`)
 25.   \-shinytest2:::app_abort(...)
 26.     \-rlang::abort(..., app = self, call = call)</error>
    </testcase>
    <testcase time="104.208" classname="shinytest2_tm_g_gh_boxplot" name="toggle_slider_module_changing_the_sliderInput_sets_proper_numericInput_values">
      <error type="error" message="Error in `app_initialize(self, private, app_dir = app_dir, ..., load_timeout = load_timeout,  ('test-shinytest2-tm_g_gh_boxplot.R:38:3')">Error in `app_initialize(self, private, app_dir = app_dir, ..., load_timeout = load_timeout, 
    timeout = timeout, wait = wait, expect_values_screenshot_args = expect_values_screenshot_args, 
    screenshot_args = screenshot_args, check_names = check_names, 
    name = name, variant = variant, view = view, height = height, 
    width = width, seed = seed, clean_logs = clean_logs, shiny_args = shiny_args, 
    render_args = render_args, options = options)`: Shiny app did not become stable in 1e+05ms.
Message: An error occurred while waiting for Shiny to be stable
Caused by error in `app_wait_for_idle()`:
! An error occurred while waiting for Shiny to be stable


i You can inspect the failed AppDriver object via `rlang::last_error()$app`
i AppDriver logs:
{shinytest2} R  info   12:33:53.58 Start AppDriver initialization
{shinytest2} R  info   12:33:53.75 Starting Shiny app
{shinytest2} R  info   12:33:54.97 Creating new ChromoteSession
{shinytest2} R  info   12:33:55.02 Navigating to Shiny app
{shinytest2} R  info   12:33:56.42 Injecting shiny-tracer.js
{chromote}   JS info   12:33:56.44 shinytest2; jQuery not found
{chromote}   JS info   12:33:56.44 shinytest2; Loaded
{shinytest2} R  info   12:33:56.44 Waiting for Shiny to become ready
{chromote}   JS info   12:33:56.50 shinytest2; jQuery found
{chromote}   JS info   12:33:56.50 shinytest2; Waiting for shiny session to connect
{chromote}   JS info   12:33:56.88 shinytest2; Connected
{shinytest2} R  info   12:33:56.90 Waiting for Shiny to become idle for 200ms within 1e+05ms
{chromote}   JS info   12:33:56.91 shinytest2; Waiting for Shiny to be stable
{chromote}   JS info   12:33:56.92 shinytest2; shiny:busy
{shinytest2} R  info   12:35:36.92 Error while initializing AppDriver:
                                   Shiny app did not become stable in 1e+05ms.
                                   Message: An error occurred while waiting for Shiny to be stable
                                   Caused by error in `app_wait_for_idle()`:
                                   ! An error occurred while waiting for Shiny to be stable
{shiny}      R  stderr ----------- Loading required package: shiny
{shiny}      R  stderr ----------- Attempting to load the environment ‘package:stringr’
{shiny}      R  stderr ----------- Loading required package: goshawk
{shiny}      R  stderr ----------- Loading required package: dplyr
{shiny}      R  stderr ----------- 
{shiny}      R  stderr ----------- Attaching package: ‘dplyr’
{shiny}      R  stderr ----------- 
{shiny}      R  stderr ----------- The following objects are masked from ‘package:stats’:
{shiny}      R  stderr ----------- 
{shiny}      R  stderr -----------     filter, lag
{shiny}      R  stderr ----------- 
{shiny}      R  stderr ----------- The following objects are masked from ‘package:base’:
{shiny}      R  stderr ----------- 
{shiny}      R  stderr -----------     intersect, setdiff, setequal, union
{shiny}      R  stderr ----------- 
{shiny}      R  stderr ----------- Loading required package: teal
{shiny}      R  stderr ----------- Loading required package: teal.data
{shiny}      R  stderr ----------- Loading required package: teal.code
{shiny}      R  stderr ----------- Loading required package: teal.slice
{shiny}      R  stderr ----------- 
{shiny}      R  stderr ----------- You are using teal version 1.0.0.9003
{shiny}      R  stderr ----------- 
{shiny}      R  stderr ----------- Attaching package: ‘teal’
{shiny}      R  stderr ----------- 
{shiny}      R  stderr ----------- The following objects are masked from ‘package:teal.slice’:
{shiny}      R  stderr ----------- 
{shiny}      R  stderr -----------     as.teal_slices, teal_slices
{shiny}      R  stderr ----------- 
{shiny}      R  stderr ----------- Loading required package: teal.transform
{shiny}      R  stderr ----------- Running application in test mode.
{shiny}      R  stderr ----------- 
{shiny}      R  stderr ----------- Listening on http://127.0.0.1:6980
{shiny}      R  stderr ----------- Warning: Error in set_chunk_dims: Assertion on 'pws' failed: Must inherit from class 'plot_widget', but has class 'list'.
{shiny}      R  stderr -----------   111: &lt;Anonymous&gt;
{shiny}      R  stderr -----------   110: stop
{shiny}      R  stderr -----------   109: mstop
{shiny}      R  stderr -----------   108: makeAssertion
{shiny}      R  stderr -----------   107: checkmate::assert_class
{shiny}      R  stderr -----------   106: set_chunk_dims
{shiny}      R  stderr -----------   105: module
{shiny}      R  stderr -----------   100: callModule
{shiny}      R  stderr -----------    99: moduleServer
{shiny}      R  stderr -----------    98: &lt;Anonymous&gt;
{shiny}      R  stderr -----------    96: .call_teal_module
{shiny}      R  stderr -----------    95: rlang::eval_tidy
{shiny}      R  stderr -----------    94: observe
{shiny}      R  stderr -----------    93: &lt;observer:observeEvent(activator())&gt;
{shiny}      R  stderr -----------    14: &lt;Anonymous&gt;
{shiny}      R  stderr -----------    12: &lt;Anonymous&gt;
{shiny}      R  stderr -----------    11: &lt;Anonymous&gt;
{shiny}      R  stderr -----------    10: base::do.call
{shiny}      R  stderr -----------     9: base::saveRDS
{shiny}      R  stderr -----------     8: base::withCallingHandlers
{shiny}      R  stderr -----------     7: doTryCatch
{shiny}      R  stderr -----------     6: tryCatchOne
{shiny}      R  stderr -----------     5: tryCatchList
{shiny}      R  stderr -----------     2: tryCatchList
{shiny}      R  stderr -----------     1: base::tryCatch


Caused by error in `app_initialize_()`:
! Shiny app did not become stable in 1e+05ms.
Message: An error occurred while waiting for Shiny to be stable
Caused by error in `app_wait_for_idle()`:
! An error occurred while waiting for Shiny to be stable
Backtrace:
     x
  1. +-teal.goshawk (local) tm_g_gh_boxplot_driver() at test-shinytest2-tm_g_gh_boxplot.R:38:3
  2. | \-teal.goshawk:::init_teal_app_driver(...) at test-shinytest2-tm_g_gh_boxplot.R:2:3
  3. |   +-testthat::with_mocked_bindings(...) at tests/testthat/helper-TealAppDriver.R:2:3
  4. |   \-TealAppDriver$new(...) at tests/testthat/helper-TealAppDriver.R:5:7
  5. |     \-teal (local) initialize(...)
  6. |       +-base::suppressWarnings(...)
  7. |       | \-base::withCallingHandlers(...)
  8. |       \-super$initialize(...)
  9. |         \-shinytest2:::app_initialize(...)
 10. |           +-base::withCallingHandlers(...)
 11. |           \-shinytest2:::app_initialize_(self, private, ..., view = view)
 12. |             +-base::withCallingHandlers(...)
 13. |             \-self$wait_for_idle(duration = 200, timeout = private$load_timeout)
 14. |               \-shinytest2:::app_wait_for_idle(...)
 15. |                 \-shinytest2:::app_abort(self, private, "An error occurred while waiting for Shiny to be stable")
 16. |                   \-rlang::abort(..., app = self, call = call)
 17. |                     \-rlang:::signal_abort(cnd, .file)
 18. |                       \-base::signalCondition(cnd)
 19. +-shinytest2 (local) `&lt;fn&gt;`(`&lt;rlng_rrr&gt;`)
 20. | \-shinytest2:::app_abort(...)
 21. |   \-rlang::abort(..., app = self, call = call)
 22. |     \-rlang:::signal_abort(cnd, .file)
 23. |       \-base::signalCondition(cnd)
 24. \-shinytest2 (local) `&lt;fn&gt;`(`&lt;rlng_rrr&gt;`)
 25.   \-shinytest2:::app_abort(...)
 26.     \-rlang::abort(..., app = self, call = call)</error>
    </testcase>
    <testcase time="104.123" classname="shinytest2_tm_g_gh_boxplot" name="toggle_slider_module_changing_the_numericInputs_within_the_sliderInput_range_sets_proper_sliderInput_values">
      <error type="error" message="Error in `app_initialize(self, private, app_dir = app_dir, ..., load_timeout = load_timeout,  ('test-shinytest2-tm_g_gh_boxplot.R:54:5')">Error in `app_initialize(self, private, app_dir = app_dir, ..., load_timeout = load_timeout, 
    timeout = timeout, wait = wait, expect_values_screenshot_args = expect_values_screenshot_args, 
    screenshot_args = screenshot_args, check_names = check_names, 
    name = name, variant = variant, view = view, height = height, 
    width = width, seed = seed, clean_logs = clean_logs, shiny_args = shiny_args, 
    render_args = render_args, options = options)`: Shiny app did not become stable in 1e+05ms.
Message: An error occurred while waiting for Shiny to be stable
Caused by error in `app_wait_for_idle()`:
! An error occurred while waiting for Shiny to be stable


i You can inspect the failed AppDriver object via `rlang::last_error()$app`
i AppDriver logs:
{shinytest2} R  info   12:35:37.74 Start AppDriver initialization
{shinytest2} R  info   12:35:37.91 Starting Shiny app
{shinytest2} R  info   12:35:39.13 Creating new ChromoteSession
{shinytest2} R  info   12:35:39.17 Navigating to Shiny app
{shinytest2} R  info   12:35:40.55 Injecting shiny-tracer.js
{chromote}   JS info   12:35:40.57 shinytest2; jQuery not found
{chromote}   JS info   12:35:40.57 shinytest2; Loaded
{shinytest2} R  info   12:35:40.57 Waiting for Shiny to become ready
{chromote}   JS info   12:35:40.63 shinytest2; jQuery found
{chromote}   JS info   12:35:40.63 shinytest2; Waiting for shiny session to connect
{chromote}   JS info   12:35:41.02 shinytest2; Connected
{shinytest2} R  info   12:35:41.03 Waiting for Shiny to become idle for 200ms within 1e+05ms
{chromote}   JS info   12:35:41.05 shinytest2; Waiting for Shiny to be stable
{chromote}   JS info   12:35:41.05 shinytest2; shiny:busy
{shinytest2} R  info   12:37:21.06 Error while initializing AppDriver:
                                   Shiny app did not become stable in 1e+05ms.
                                   Message: An error occurred while waiting for Shiny to be stable
                                   Caused by error in `app_wait_for_idle()`:
                                   ! An error occurred while waiting for Shiny to be stable
{shiny}      R  stderr ----------- Loading required package: shiny
{shiny}      R  stderr ----------- Attempting to load the environment ‘package:stringr’
{shiny}      R  stderr ----------- Loading required package: goshawk
{shiny}      R  stderr ----------- Loading required package: dplyr
{shiny}      R  stderr ----------- 
{shiny}      R  stderr ----------- Attaching package: ‘dplyr’
{shiny}      R  stderr ----------- 
{shiny}      R  stderr ----------- The following objects are masked from ‘package:stats’:
{shiny}      R  stderr ----------- 
{shiny}      R  stderr -----------     filter, lag
{shiny}      R  stderr ----------- 
{shiny}      R  stderr ----------- The following objects are masked from ‘package:base’:
{shiny}      R  stderr ----------- 
{shiny}      R  stderr -----------     intersect, setdiff, setequal, union
{shiny}      R  stderr ----------- 
{shiny}      R  stderr ----------- Loading required package: teal
{shiny}      R  stderr ----------- Loading required package: teal.data
{shiny}      R  stderr ----------- Loading required package: teal.code
{shiny}      R  stderr ----------- Loading required package: teal.slice
{shiny}      R  stderr ----------- 
{shiny}      R  stderr ----------- You are using teal version 1.0.0.9003
{shiny}      R  stderr ----------- 
{shiny}      R  stderr ----------- Attaching package: ‘teal’
{shiny}      R  stderr ----------- 
{shiny}      R  stderr ----------- The following objects are masked from ‘package:teal.slice’:
{shiny}      R  stderr ----------- 
{shiny}      R  stderr -----------     as.teal_slices, teal_slices
{shiny}      R  stderr ----------- 
{shiny}      R  stderr ----------- Loading required package: teal.transform
{shiny}      R  stderr ----------- Running application in test mode.
{shiny}      R  stderr ----------- 
{shiny}      R  stderr ----------- Listening on http://127.0.0.1:6072
{shiny}      R  stderr ----------- Warning: Error in set_chunk_dims: Assertion on 'pws' failed: Must inherit from class 'plot_widget', but has class 'list'.
{shiny}      R  stderr -----------   111: &lt;Anonymous&gt;
{shiny}      R  stderr -----------   110: stop
{shiny}      R  stderr -----------   109: mstop
{shiny}      R  stderr -----------   108: makeAssertion
{shiny}      R  stderr -----------   107: checkmate::assert_class
{shiny}      R  stderr -----------   106: set_chunk_dims
{shiny}      R  stderr -----------   105: module
{shiny}      R  stderr -----------   100: callModule
{shiny}      R  stderr -----------    99: moduleServer
{shiny}      R  stderr -----------    98: &lt;Anonymous&gt;
{shiny}      R  stderr -----------    96: .call_teal_module
{shiny}      R  stderr -----------    95: rlang::eval_tidy
{shiny}      R  stderr -----------    94: observe
{shiny}      R  stderr -----------    93: &lt;observer:observeEvent(activator())&gt;
{shiny}      R  stderr -----------    14: &lt;Anonymous&gt;
{shiny}      R  stderr -----------    12: &lt;Anonymous&gt;
{shiny}      R  stderr -----------    11: &lt;Anonymous&gt;
{shiny}      R  stderr -----------    10: base::do.call
{shiny}      R  stderr -----------     9: base::saveRDS
{shiny}      R  stderr -----------     8: base::withCallingHandlers
{shiny}      R  stderr -----------     7: doTryCatch
{shiny}      R  stderr -----------     6: tryCatchOne
{shiny}      R  stderr -----------     5: tryCatchList
{shiny}      R  stderr -----------     2: tryCatchList
{shiny}      R  stderr -----------     1: base::tryCatch


Caused by error in `app_initialize_()`:
! Shiny app did not become stable in 1e+05ms.
Message: An error occurred while waiting for Shiny to be stable
Caused by error in `app_wait_for_idle()`:
! An error occurred while waiting for Shiny to be stable
Backtrace:
     x
  1. +-teal.goshawk (local) tm_g_gh_boxplot_driver() at test-shinytest2-tm_g_gh_boxplot.R:54:5
  2. | \-teal.goshawk:::init_teal_app_driver(...) at test-shinytest2-tm_g_gh_boxplot.R:2:3
  3. |   +-testthat::with_mocked_bindings(...) at tests/testthat/helper-TealAppDriver.R:2:3
  4. |   \-TealAppDriver$new(...) at tests/testthat/helper-TealAppDriver.R:5:7
  5. |     \-teal (local) initialize(...)
  6. |       +-base::suppressWarnings(...)
  7. |       | \-base::withCallingHandlers(...)
  8. |       \-super$initialize(...)
  9. |         \-shinytest2:::app_initialize(...)
 10. |           +-base::withCallingHandlers(...)
 11. |           \-shinytest2:::app_initialize_(self, private, ..., view = view)
 12. |             +-base::withCallingHandlers(...)
 13. |             \-self$wait_for_idle(duration = 200, timeout = private$load_timeout)
 14. |               \-shinytest2:::app_wait_for_idle(...)
 15. |                 \-shinytest2:::app_abort(self, private, "An error occurred while waiting for Shiny to be stable")
 16. |                   \-rlang::abort(..., app = self, call = call)
 17. |                     \-rlang:::signal_abort(cnd, .file)
 18. |                       \-base::signalCondition(cnd)
 19. +-shinytest2 (local) `&lt;fn&gt;`(`&lt;rlng_rrr&gt;`)
 20. | \-shinytest2:::app_abort(...)
 21. |   \-rlang::abort(..., app = self, call = call)
 22. |     \-rlang:::signal_abort(cnd, .file)
 23. |       \-base::signalCondition(cnd)
 24. \-shinytest2 (local) `&lt;fn&gt;`(`&lt;rlng_rrr&gt;`)
 25.   \-shinytest2:::app_abort(...)
 26.     \-rlang::abort(..., app = self, call = call)</error>
    </testcase>
    <testcase time="104.105" classname="shinytest2_tm_g_gh_boxplot" name="toggle_slider_module_changing_the_numericInputs_outside_the_sliderInput_range_sets_proper_sliderInput_values_and_range">
      <error type="error" message="Error in `app_initialize(self, private, app_dir = app_dir, ..., load_timeout = load_timeout,  ('test-shinytest2-tm_g_gh_boxplot.R:88:5')">Error in `app_initialize(self, private, app_dir = app_dir, ..., load_timeout = load_timeout, 
    timeout = timeout, wait = wait, expect_values_screenshot_args = expect_values_screenshot_args, 
    screenshot_args = screenshot_args, check_names = check_names, 
    name = name, variant = variant, view = view, height = height, 
    width = width, seed = seed, clean_logs = clean_logs, shiny_args = shiny_args, 
    render_args = render_args, options = options)`: Shiny app did not become stable in 1e+05ms.
Message: An error occurred while waiting for Shiny to be stable
Caused by error in `app_wait_for_idle()`:
! An error occurred while waiting for Shiny to be stable


i You can inspect the failed AppDriver object via `rlang::last_error()$app`
i AppDriver logs:
{shinytest2} R  info   12:37:21.82 Start AppDriver initialization
{shinytest2} R  info   12:37:21.98 Starting Shiny app
{shinytest2} R  info   12:37:23.20 Creating new ChromoteSession
{shinytest2} R  info   12:37:23.24 Navigating to Shiny app
{shinytest2} R  info   12:37:24.67 Injecting shiny-tracer.js
{chromote}   JS info   12:37:24.68 shinytest2; jQuery not found
{chromote}   JS info   12:37:24.68 shinytest2; Loaded
{shinytest2} R  info   12:37:24.68 Waiting for Shiny to become ready
{chromote}   JS info   12:37:24.74 shinytest2; jQuery found
{chromote}   JS info   12:37:24.74 shinytest2; Waiting for shiny session to connect
{chromote}   JS info   12:37:25.13 shinytest2; Connected
{shinytest2} R  info   12:37:25.15 Waiting for Shiny to become idle for 200ms within 1e+05ms
{chromote}   JS info   12:37:25.16 shinytest2; Waiting for Shiny to be stable
{chromote}   JS info   12:37:25.18 shinytest2; shiny:busy
{shinytest2} R  info   12:39:05.17 Error while initializing AppDriver:
                                   Shiny app did not become stable in 1e+05ms.
                                   Message: An error occurred while waiting for Shiny to be stable
                                   Caused by error in `app_wait_for_idle()`:
                                   ! An error occurred while waiting for Shiny to be stable
{shiny}      R  stderr ----------- Loading required package: shiny
{shiny}      R  stderr ----------- Attempting to load the environment ‘package:stringr’
{shiny}      R  stderr ----------- Loading required package: goshawk
{shiny}      R  stderr ----------- Loading required package: dplyr
{shiny}      R  stderr ----------- 
{shiny}      R  stderr ----------- Attaching package: ‘dplyr’
{shiny}      R  stderr ----------- 
{shiny}      R  stderr ----------- The following objects are masked from ‘package:stats’:
{shiny}      R  stderr ----------- 
{shiny}      R  stderr -----------     filter, lag
{shiny}      R  stderr ----------- 
{shiny}      R  stderr ----------- The following objects are masked from ‘package:base’:
{shiny}      R  stderr ----------- 
{shiny}      R  stderr -----------     intersect, setdiff, setequal, union
{shiny}      R  stderr ----------- 
{shiny}      R  stderr ----------- Loading required package: teal
{shiny}      R  stderr ----------- Loading required package: teal.data
{shiny}      R  stderr ----------- Loading required package: teal.code
{shiny}      R  stderr ----------- Loading required package: teal.slice
{shiny}      R  stderr ----------- 
{shiny}      R  stderr ----------- You are using teal version 1.0.0.9003
{shiny}      R  stderr ----------- 
{shiny}      R  stderr ----------- Attaching package: ‘teal’
{shiny}      R  stderr ----------- 
{shiny}      R  stderr ----------- The following objects are masked from ‘package:teal.slice’:
{shiny}      R  stderr ----------- 
{shiny}      R  stderr -----------     as.teal_slices, teal_slices
{shiny}      R  stderr ----------- 
{shiny}      R  stderr ----------- Loading required package: teal.transform
{shiny}      R  stderr ----------- Running application in test mode.
{shiny}      R  stderr ----------- 
{shiny}      R  stderr ----------- Listening on http://127.0.0.1:4177
{shiny}      R  stderr ----------- Warning: Error in set_chunk_dims: Assertion on 'pws' failed: Must inherit from class 'plot_widget', but has class 'list'.
{shiny}      R  stderr -----------   111: &lt;Anonymous&gt;
{shiny}      R  stderr -----------   110: stop
{shiny}      R  stderr -----------   109: mstop
{shiny}      R  stderr -----------   108: makeAssertion
{shiny}      R  stderr -----------   107: checkmate::assert_class
{shiny}      R  stderr -----------   106: set_chunk_dims
{shiny}      R  stderr -----------   105: module
{shiny}      R  stderr -----------   100: callModule
{shiny}      R  stderr -----------    99: moduleServer
{shiny}      R  stderr -----------    98: &lt;Anonymous&gt;
{shiny}      R  stderr -----------    96: .call_teal_module
{shiny}      R  stderr -----------    95: rlang::eval_tidy
{shiny}      R  stderr -----------    94: observe
{shiny}      R  stderr -----------    93: &lt;observer:observeEvent(activator())&gt;
{shiny}      R  stderr -----------    14: &lt;Anonymous&gt;
{shiny}      R  stderr -----------    12: &lt;Anonymous&gt;
{shiny}      R  stderr -----------    11: &lt;Anonymous&gt;
{shiny}      R  stderr -----------    10: base::do.call
{shiny}      R  stderr -----------     9: base::saveRDS
{shiny}      R  stderr -----------     8: base::withCallingHandlers
{shiny}      R  stderr -----------     7: doTryCatch
{shiny}      R  stderr -----------     6: tryCatchOne
{shiny}      R  stderr -----------     5: tryCatchList
{shiny}      R  stderr -----------     2: tryCatchList
{shiny}      R  stderr -----------     1: base::tryCatch


Caused by error in `app_initialize_()`:
! Shiny app did not become stable in 1e+05ms.
Message: An error occurred while waiting for Shiny to be stable
Caused by error in `app_wait_for_idle()`:
! An error occurred while waiting for Shiny to be stable
Backtrace:
     x
  1. +-teal.goshawk (local) tm_g_gh_boxplot_driver() at test-shinytest2-tm_g_gh_boxplot.R:88:5
  2. | \-teal.goshawk:::init_teal_app_driver(...) at test-shinytest2-tm_g_gh_boxplot.R:2:3
  3. |   +-testthat::with_mocked_bindings(...) at tests/testthat/helper-TealAppDriver.R:2:3
  4. |   \-TealAppDriver$new(...) at tests/testthat/helper-TealAppDriver.R:5:7
  5. |     \-teal (local) initialize(...)
  6. |       +-base::suppressWarnings(...)
  7. |       | \-base::withCallingHandlers(...)
  8. |       \-super$initialize(...)
  9. |         \-shinytest2:::app_initialize(...)
 10. |           +-base::withCallingHandlers(...)
 11. |           \-shinytest2:::app_initialize_(self, private, ..., view = view)
 12. |             +-base::withCallingHandlers(...)
 13. |             \-self$wait_for_idle(duration = 200, timeout = private$load_timeout)
 14. |               \-shinytest2:::app_wait_for_idle(...)
 15. |                 \-shinytest2:::app_abort(self, private, "An error occurred while waiting for Shiny to be stable")
 16. |                   \-rlang::abort(..., app = self, call = call)
 17. |                     \-rlang:::signal_abort(cnd, .file)
 18. |                       \-base::signalCondition(cnd)
 19. +-shinytest2 (local) `&lt;fn&gt;`(`&lt;rlng_rrr&gt;`)
 20. | \-shinytest2:::app_abort(...)
 21. |   \-rlang::abort(..., app = self, call = call)
 22. |     \-rlang:::signal_abort(cnd, .file)
 23. |       \-base::signalCondition(cnd)
 24. \-shinytest2 (local) `&lt;fn&gt;`(`&lt;rlng_rrr&gt;`)
 25.   \-shinytest2:::app_abort(...)
 26.     \-rlang::abort(..., app = self, call = call)</error>
    </testcase>
    <testcase time="104.066" classname="shinytest2_tm_g_gh_boxplot" name="toggle_slider_module_changing_the_numericInputs_within_the_rage_sets_back_the_sliderInput_range_to_initial_range">
      <error type="error" message="Error in `app_initialize(self, private, app_dir = app_dir, ..., load_timeout = load_timeout,  ('test-shinytest2-tm_g_gh_boxplot.R:121:5')">Error in `app_initialize(self, private, app_dir = app_dir, ..., load_timeout = load_timeout, 
    timeout = timeout, wait = wait, expect_values_screenshot_args = expect_values_screenshot_args, 
    screenshot_args = screenshot_args, check_names = check_names, 
    name = name, variant = variant, view = view, height = height, 
    width = width, seed = seed, clean_logs = clean_logs, shiny_args = shiny_args, 
    render_args = render_args, options = options)`: Shiny app did not become stable in 1e+05ms.
Message: An error occurred while waiting for Shiny to be stable
Caused by error in `app_wait_for_idle()`:
! An error occurred while waiting for Shiny to be stable


i You can inspect the failed AppDriver object via `rlang::last_error()$app`
i AppDriver logs:
{shinytest2} R  info   12:39:05.94 Start AppDriver initialization
{shinytest2} R  info   12:39:06.10 Starting Shiny app
{shinytest2} R  info   12:39:07.33 Creating new ChromoteSession
{shinytest2} R  info   12:39:07.37 Navigating to Shiny app
{shinytest2} R  info   12:39:08.75 Injecting shiny-tracer.js
{chromote}   JS info   12:39:08.77 shinytest2; jQuery not found
{chromote}   JS info   12:39:08.77 shinytest2; Loaded
{shinytest2} R  info   12:39:08.77 Waiting for Shiny to become ready
{chromote}   JS info   12:39:08.83 shinytest2; jQuery found
{chromote}   JS info   12:39:08.83 shinytest2; Waiting for shiny session to connect
{chromote}   JS info   12:39:09.21 shinytest2; Connected
{shinytest2} R  info   12:39:09.21 Waiting for Shiny to become idle for 200ms within 1e+05ms
{chromote}   JS info   12:39:09.22 shinytest2; Waiting for Shiny to be stable
{chromote}   JS info   12:39:09.24 shinytest2; shiny:busy
{shinytest2} R  info   12:40:49.23 Error while initializing AppDriver:
                                   Shiny app did not become stable in 1e+05ms.
                                   Message: An error occurred while waiting for Shiny to be stable
                                   Caused by error in `app_wait_for_idle()`:
                                   ! An error occurred while waiting for Shiny to be stable
{shiny}      R  stderr ----------- Loading required package: shiny
{shiny}      R  stderr ----------- Attempting to load the environment ‘package:stringr’
{shiny}      R  stderr ----------- Loading required package: goshawk
{shiny}      R  stderr ----------- Loading required package: dplyr
{shiny}      R  stderr ----------- 
{shiny}      R  stderr ----------- Attaching package: ‘dplyr’
{shiny}      R  stderr ----------- 
{shiny}      R  stderr ----------- The following objects are masked from ‘package:stats’:
{shiny}      R  stderr ----------- 
{shiny}      R  stderr -----------     filter, lag
{shiny}      R  stderr ----------- 
{shiny}      R  stderr ----------- The following objects are masked from ‘package:base’:
{shiny}      R  stderr ----------- 
{shiny}      R  stderr -----------     intersect, setdiff, setequal, union
{shiny}      R  stderr ----------- 
{shiny}      R  stderr ----------- Loading required package: teal
{shiny}      R  stderr ----------- Loading required package: teal.data
{shiny}      R  stderr ----------- Loading required package: teal.code
{shiny}      R  stderr ----------- Loading required package: teal.slice
{shiny}      R  stderr ----------- 
{shiny}      R  stderr ----------- You are using teal version 1.0.0.9003
{shiny}      R  stderr ----------- 
{shiny}      R  stderr ----------- Attaching package: ‘teal’
{shiny}      R  stderr ----------- 
{shiny}      R  stderr ----------- The following objects are masked from ‘package:teal.slice’:
{shiny}      R  stderr ----------- 
{shiny}      R  stderr -----------     as.teal_slices, teal_slices
{shiny}      R  stderr ----------- 
{shiny}      R  stderr ----------- Loading required package: teal.transform
{shiny}      R  stderr ----------- Running application in test mode.
{shiny}      R  stderr ----------- 
{shiny}      R  stderr ----------- Listening on http://127.0.0.1:3323
{shiny}      R  stderr ----------- Warning: Error in set_chunk_dims: Assertion on 'pws' failed: Must inherit from class 'plot_widget', but has class 'list'.
{shiny}      R  stderr -----------   111: &lt;Anonymous&gt;
{shiny}      R  stderr -----------   110: stop
{shiny}      R  stderr -----------   109: mstop
{shiny}      R  stderr -----------   108: makeAssertion
{shiny}      R  stderr -----------   107: checkmate::assert_class
{shiny}      R  stderr -----------   106: set_chunk_dims
{shiny}      R  stderr -----------   105: module
{shiny}      R  stderr -----------   100: callModule
{shiny}      R  stderr -----------    99: moduleServer
{shiny}      R  stderr -----------    98: &lt;Anonymous&gt;
{shiny}      R  stderr -----------    96: .call_teal_module
{shiny}      R  stderr -----------    95: rlang::eval_tidy
{shiny}      R  stderr -----------    94: observe
{shiny}      R  stderr -----------    93: &lt;observer:observeEvent(activator())&gt;
{shiny}      R  stderr -----------    14: &lt;Anonymous&gt;
{shiny}      R  stderr -----------    12: &lt;Anonymous&gt;
{shiny}      R  stderr -----------    11: &lt;Anonymous&gt;
{shiny}      R  stderr -----------    10: base::do.call
{shiny}      R  stderr -----------     9: base::saveRDS
{shiny}      R  stderr -----------     8: base::withCallingHandlers
{shiny}      R  stderr -----------     7: doTryCatch
{shiny}      R  stderr -----------     6: tryCatchOne
{shiny}      R  stderr -----------     5: tryCatchList
{shiny}      R  stderr -----------     2: tryCatchList
{shiny}      R  stderr -----------     1: base::tryCatch


Caused by error in `app_initialize_()`:
! Shiny app did not become stable in 1e+05ms.
Message: An error occurred while waiting for Shiny to be stable
Caused by error in `app_wait_for_idle()`:
! An error occurred while waiting for Shiny to be stable
Backtrace:
     x
  1. +-teal.goshawk (local) tm_g_gh_boxplot_driver() at test-shinytest2-tm_g_gh_boxplot.R:121:5
  2. | \-teal.goshawk:::init_teal_app_driver(...) at test-shinytest2-tm_g_gh_boxplot.R:2:3
  3. |   +-testthat::with_mocked_bindings(...) at tests/testthat/helper-TealAppDriver.R:2:3
  4. |   \-TealAppDriver$new(...) at tests/testthat/helper-TealAppDriver.R:5:7
  5. |     \-teal (local) initialize(...)
  6. |       +-base::suppressWarnings(...)
  7. |       | \-base::withCallingHandlers(...)
  8. |       \-super$initialize(...)
  9. |         \-shinytest2:::app_initialize(...)
 10. |           +-base::withCallingHandlers(...)
 11. |           \-shinytest2:::app_initialize_(self, private, ..., view = view)
 12. |             +-base::withCallingHandlers(...)
 13. |             \-self$wait_for_idle(duration = 200, timeout = private$load_timeout)
 14. |               \-shinytest2:::app_wait_for_idle(...)
 15. |                 \-shinytest2:::app_abort(self, private, "An error occurred while waiting for Shiny to be stable")
 16. |                   \-rlang::abort(..., app = self, call = call)
 17. |                     \-rlang:::signal_abort(cnd, .file)
 18. |                       \-base::signalCondition(cnd)
 19. +-shinytest2 (local) `&lt;fn&gt;`(`&lt;rlng_rrr&gt;`)
 20. | \-shinytest2:::app_abort(...)
 21. |   \-rlang::abort(..., app = self, call = call)
 22. |     \-rlang:::signal_abort(cnd, .file)
 23. |       \-base::signalCondition(cnd)
 24. \-shinytest2 (local) `&lt;fn&gt;`(`&lt;rlng_rrr&gt;`)
 25.   \-shinytest2:::app_abort(...)
 26.     \-rlang::abort(..., app = self, call = call)</error>
    </testcase>
    <testcase time="104.185" classname="shinytest2_tm_g_gh_boxplot" name="toggle_slider_module_changing_dependant_widgets_outside_sets_proper_sliderInput_and_numericInput_values">
      <error type="error" message="Error in `app_initialize(self, private, app_dir = app_dir, ..., load_timeout = load_timeout,  ('test-shinytest2-tm_g_gh_boxplot.R:155:5')">Error in `app_initialize(self, private, app_dir = app_dir, ..., load_timeout = load_timeout, 
    timeout = timeout, wait = wait, expect_values_screenshot_args = expect_values_screenshot_args, 
    screenshot_args = screenshot_args, check_names = check_names, 
    name = name, variant = variant, view = view, height = height, 
    width = width, seed = seed, clean_logs = clean_logs, shiny_args = shiny_args, 
    render_args = render_args, options = options)`: Shiny app did not become stable in 1e+05ms.
Message: An error occurred while waiting for Shiny to be stable
Caused by error in `app_wait_for_idle()`:
! An error occurred while waiting for Shiny to be stable


i You can inspect the failed AppDriver object via `rlang::last_error()$app`
i AppDriver logs:
{shinytest2} R  info   12:40:50.02 Start AppDriver initialization
{shinytest2} R  info   12:40:50.18 Starting Shiny app
{shinytest2} R  info   12:40:51.41 Creating new ChromoteSession
{shinytest2} R  info   12:40:51.45 Navigating to Shiny app
{shinytest2} R  info   12:40:52.93 Injecting shiny-tracer.js
{chromote}   JS info   12:40:52.95 shinytest2; jQuery not found
{chromote}   JS info   12:40:52.95 shinytest2; Loaded
{shinytest2} R  info   12:40:52.95 Waiting for Shiny to become ready
{chromote}   JS info   12:40:53.00 shinytest2; jQuery found
{chromote}   JS info   12:40:53.01 shinytest2; Waiting for shiny session to connect
{chromote}   JS info   12:40:53.39 shinytest2; Connected
{shinytest2} R  info   12:40:53.40 Waiting for Shiny to become idle for 200ms within 1e+05ms
{chromote}   JS info   12:40:53.40 shinytest2; Waiting for Shiny to be stable
{chromote}   JS info   12:40:53.42 shinytest2; shiny:busy
{shinytest2} R  info   12:42:33.42 Error while initializing AppDriver:
                                   Shiny app did not become stable in 1e+05ms.
                                   Message: An error occurred while waiting for Shiny to be stable
                                   Caused by error in `app_wait_for_idle()`:
                                   ! An error occurred while waiting for Shiny to be stable
{shiny}      R  stderr ----------- Loading required package: shiny
{shiny}      R  stderr ----------- Attempting to load the environment ‘package:stringr’
{shiny}      R  stderr ----------- Loading required package: goshawk
{shiny}      R  stderr ----------- Loading required package: dplyr
{shiny}      R  stderr ----------- 
{shiny}      R  stderr ----------- Attaching package: ‘dplyr’
{shiny}      R  stderr ----------- 
{shiny}      R  stderr ----------- The following objects are masked from ‘package:stats’:
{shiny}      R  stderr ----------- 
{shiny}      R  stderr -----------     filter, lag
{shiny}      R  stderr ----------- 
{shiny}      R  stderr ----------- The following objects are masked from ‘package:base’:
{shiny}      R  stderr ----------- 
{shiny}      R  stderr -----------     intersect, setdiff, setequal, union
{shiny}      R  stderr ----------- 
{shiny}      R  stderr ----------- Loading required package: teal
{shiny}      R  stderr ----------- Loading required package: teal.data
{shiny}      R  stderr ----------- Loading required package: teal.code
{shiny}      R  stderr ----------- Loading required package: teal.slice
{shiny}      R  stderr ----------- 
{shiny}      R  stderr ----------- You are using teal version 1.0.0.9003
{shiny}      R  stderr ----------- 
{shiny}      R  stderr ----------- Attaching package: ‘teal’
{shiny}      R  stderr ----------- 
{shiny}      R  stderr ----------- The following objects are masked from ‘package:teal.slice’:
{shiny}      R  stderr ----------- 
{shiny}      R  stderr -----------     as.teal_slices, teal_slices
{shiny}      R  stderr ----------- 
{shiny}      R  stderr ----------- Loading required package: teal.transform
{shiny}      R  stderr ----------- Running application in test mode.
{shiny}      R  stderr ----------- 
{shiny}      R  stderr ----------- Listening on http://127.0.0.1:5074
{shiny}      R  stderr ----------- Warning: Error in set_chunk_dims: Assertion on 'pws' failed: Must inherit from class 'plot_widget', but has class 'list'.
{shiny}      R  stderr -----------   111: &lt;Anonymous&gt;
{shiny}      R  stderr -----------   110: stop
{shiny}      R  stderr -----------   109: mstop
{shiny}      R  stderr -----------   108: makeAssertion
{shiny}      R  stderr -----------   107: checkmate::assert_class
{shiny}      R  stderr -----------   106: set_chunk_dims
{shiny}      R  stderr -----------   105: module
{shiny}      R  stderr -----------   100: callModule
{shiny}      R  stderr -----------    99: moduleServer
{shiny}      R  stderr -----------    98: &lt;Anonymous&gt;
{shiny}      R  stderr -----------    96: .call_teal_module
{shiny}      R  stderr -----------    95: rlang::eval_tidy
{shiny}      R  stderr -----------    94: observe
{shiny}      R  stderr -----------    93: &lt;observer:observeEvent(activator())&gt;
{shiny}      R  stderr -----------    14: &lt;Anonymous&gt;
{shiny}      R  stderr -----------    12: &lt;Anonymous&gt;
{shiny}      R  stderr -----------    11: &lt;Anonymous&gt;
{shiny}      R  stderr -----------    10: base::do.call
{shiny}      R  stderr -----------     9: base::saveRDS
{shiny}      R  stderr -----------     8: base::withCallingHandlers
{shiny}      R  stderr -----------     7: doTryCatch
{shiny}      R  stderr -----------     6: tryCatchOne
{shiny}      R  stderr -----------     5: tryCatchList
{shiny}      R  stderr -----------     2: tryCatchList
{shiny}      R  stderr -----------     1: base::tryCatch


Caused by error in `app_initialize_()`:
! Shiny app did not become stable in 1e+05ms.
Message: An error occurred while waiting for Shiny to be stable
Caused by error in `app_wait_for_idle()`:
! An error occurred while waiting for Shiny to be stable
Backtrace:
     x
  1. +-teal.goshawk (local) tm_g_gh_boxplot_driver() at test-shinytest2-tm_g_gh_boxplot.R:155:5
  2. | \-teal.goshawk:::init_teal_app_driver(...) at test-shinytest2-tm_g_gh_boxplot.R:2:3
  3. |   +-testthat::with_mocked_bindings(...) at tests/testthat/helper-TealAppDriver.R:2:3
  4. |   \-TealAppDriver$new(...) at tests/testthat/helper-TealAppDriver.R:5:7
  5. |     \-teal (local) initialize(...)
  6. |       +-base::suppressWarnings(...)
  7. |       | \-base::withCallingHandlers(...)
  8. |       \-super$initialize(...)
  9. |         \-shinytest2:::app_initialize(...)
 10. |           +-base::withCallingHandlers(...)
 11. |           \-shinytest2:::app_initialize_(self, private, ..., view = view)
 12. |             +-base::withCallingHandlers(...)
 13. |             \-self$wait_for_idle(duration = 200, timeout = private$load_timeout)
 14. |               \-shinytest2:::app_wait_for_idle(...)
 15. |                 \-shinytest2:::app_abort(self, private, "An error occurred while waiting for Shiny to be stable")
 16. |                   \-rlang::abort(..., app = self, call = call)
 17. |                     \-rlang:::signal_abort(cnd, .file)
 18. |                       \-base::signalCondition(cnd)
 19. +-shinytest2 (local) `&lt;fn&gt;`(`&lt;rlng_rrr&gt;`)
 20. | \-shinytest2:::app_abort(...)
 21. |   \-rlang::abort(..., app = self, call = call)
 22. |     \-rlang:::signal_abort(cnd, .file)
 23. |       \-base::signalCondition(cnd)
 24. \-shinytest2 (local) `&lt;fn&gt;`(`&lt;rlng_rrr&gt;`)
 25.   \-shinytest2:::app_abort(...)
 26.     \-rlang::abort(..., app = self, call = call)</error>
    </testcase>
  </testsuite>
</testsuites>
