<?xml version="1.0" encoding="UTF-8"?>
<testsuites>
  <testsuite name="shinytest2-tm_g_gh_boxplot" timestamp="2026-08-18T14:20:43Z" hostname="d0f7daa5304f" tests="6" skipped="6" failures="0" errors="0" time="3.884">
    <testcase time="0.753" classname="shinytest2_tm_g_gh_boxplot" name="toggle_slider_module_widgets_are_initialized_with_proper_values">
      <skipped message="Reason: On CRAN ('test-shinytest2-tm_g_gh_boxplot.R:25:3')"/>
    </testcase>
    <testcase time="0.644" classname="shinytest2_tm_g_gh_boxplot" name="toggle_slider_module_changing_the_sliderInput_sets_proper_numericInput_values">
      <skipped message="Reason: On CRAN ('test-shinytest2-tm_g_gh_boxplot.R:38:3')"/>
    </testcase>
    <testcase time="0.604" classname="shinytest2_tm_g_gh_boxplot" name="toggle_slider_module_changing_the_numericInputs_within_the_sliderInput_range_sets_proper_sliderInput_values">
      <skipped message="Reason: On CRAN ('test-shinytest2-tm_g_gh_boxplot.R:54:5')"/>
    </testcase>
    <testcase time="0.604" classname="shinytest2_tm_g_gh_boxplot" name="toggle_slider_module_changing_the_numericInputs_outside_the_sliderInput_range_sets_proper_sliderInput_values_and_range">
      <skipped message="Reason: On CRAN ('test-shinytest2-tm_g_gh_boxplot.R:88:5')"/>
    </testcase>
    <testcase time="0.754" classname="shinytest2_tm_g_gh_boxplot" name="toggle_slider_module_changing_the_numericInputs_within_the_rage_sets_back_the_sliderInput_range_to_initial_range">
      <skipped message="Reason: On CRAN ('test-shinytest2-tm_g_gh_boxplot.R:121:5')"/>
    </testcase>
    <testcase time="0.525" classname="shinytest2_tm_g_gh_boxplot" name="toggle_slider_module_changing_dependant_widgets_outside_sets_proper_sliderInput_and_numericInput_values">
      <skipped message="Reason: On CRAN ('test-shinytest2-tm_g_gh_boxplot.R:155:5')"/>
    </testcase>
  </testsuite>
  <testsuite name="shinytest2-tm_g_gh_correlationplot" timestamp="2026-08-18T14:20:46Z" hostname="d0f7daa5304f" tests="3" skipped="3" failures="0" errors="0" time="0.056">
    <testcase time="0.0289999999999999" classname="shinytest2_tm_g_gh_correlationplot" name="e2e_tm_g_gh_correlationplot_initializes_and_renders_a_plot">
      <skipped message="Reason: testing depth 3 is below current testing specification 5 ('test-shinytest2-tm_g_gh_correlationplot.R:19:3')"/>
    </testcase>
    <testcase time="0.0140000000000002" classname="shinytest2_tm_g_gh_correlationplot" name="e2e_tm_g_gh_correlationplot_starts_with_expected_label_and_encoding_selections.">
      <skipped message="Reason: testing depth 3 is below current testing specification 5 ('test-shinytest2-tm_g_gh_correlationplot.R:40:5')"/>
    </testcase>
    <testcase time="0.0129999999999999" classname="shinytest2_tm_g_gh_correlationplot" name="e2e_tm_g_gh_correlationplot_changing_pick_changes_plot_and_does_not_throw_validation_errors.">
      <skipped message="Reason: testing depth 3 is below current testing specification 5 ('test-shinytest2-tm_g_gh_correlationplot.R:61:3')"/>
    </testcase>
  </testsuite>
  <testsuite name="tm_g_gh_correlationplot" timestamp="2026-08-18T14:20:46Z" hostname="d0f7daa5304f" tests="16" skipped="0" failures="0" errors="0" time="0.21">
    <testcase time="0.0860000000000003" classname="tm_g_gh_correlationplot" name="tm_g_gh_correlationplot_can_be_created_with_default_arguments">
      <system-out>`xaxis_param` accepts only a single variable selection. 
Forcing `teal.picks::values(multiple)` to `FALSE`.
Backtrace:
    x
 1. +-base::suppressWarnings(...) at test-tm_g_gh_correlationplot.R:5:3
 2. | \-base::withCallingHandlers(...)
 3. \-teal.goshawk::tm_g_gh_correlationplot(...)
 4.   \-teal.goshawk:::force_pick_selection(xaxis_param, which = "values")</system-out>
    </testcase>
    <testcase time="0.0119999999999996" classname="tm_g_gh_correlationplot" name="tm_g_gh_correlationplot_can_be_created_with_default_arguments">
      <system-out>`yaxis_param` accepts only a single variable selection. 
Forcing `teal.picks::values(multiple)` to `FALSE`.
Backtrace:
    x
 1. +-base::suppressWarnings(...) at test-tm_g_gh_correlationplot.R:5:3
 2. | \-base::withCallingHandlers(...)
 3. \-teal.goshawk::tm_g_gh_correlationplot(...)
 4.   \-teal.goshawk:::force_pick_selection(yaxis_param, which = "values")</system-out>
    </testcase>
    <testcase time="0.00999999999999979" classname="tm_g_gh_correlationplot" name="tm_g_gh_correlationplot_can_be_created_with_default_arguments"/>
    <testcase time="0.00300000000000011" classname="tm_g_gh_correlationplot" name="tm_g_gh_correlationplot_can_be_created_with_default_arguments"/>
    <testcase time="0.0180000000000007" classname="tm_g_gh_correlationplot" name="tm_g_gh_correlationplot_can_be_created_with_choices_selected_arguments"/>
    <testcase time="0.00299999999999923" classname="tm_g_gh_correlationplot" name="tm_g_gh_correlationplot_can_be_created_with_choices_selected_arguments"/>
    <testcase time="0.0120000000000005" classname="tm_g_gh_correlationplot" name="tm_g_gh_correlationplot_can_be_created_with_teal.picks_arguments">
      <system-out>`xaxis_param` accepts only a single variable selection. 
Forcing `teal.picks::values(multiple)` to `FALSE`.
Backtrace:
    x
 1. \-teal.goshawk::tm_g_gh_correlationplot(...) at test-tm_g_gh_correlationplot.R:32:3
 2.   \-teal.goshawk:::force_pick_selection(xaxis_param, which = "values")</system-out>
    </testcase>
    <testcase time="0.00800000000000001" classname="tm_g_gh_correlationplot" name="tm_g_gh_correlationplot_can_be_created_with_teal.picks_arguments">
      <system-out>`yaxis_param` accepts only a single variable selection. 
Forcing `teal.picks::values(multiple)` to `FALSE`.
Backtrace:
    x
 1. \-teal.goshawk::tm_g_gh_correlationplot(...) at test-tm_g_gh_correlationplot.R:32:3
 2.   \-teal.goshawk:::force_pick_selection(yaxis_param, which = "values")</system-out>
    </testcase>
    <testcase time="0.00699999999999967" classname="tm_g_gh_correlationplot" name="tm_g_gh_correlationplot_can_be_created_with_teal.picks_arguments"/>
    <testcase time="0.00199999999999978" classname="tm_g_gh_correlationplot" name="tm_g_gh_correlationplot_can_be_created_with_teal.picks_arguments"/>
    <testcase time="0.0120000000000005" classname="tm_g_gh_correlationplot" name="tm_g_gh_correlationplot_handles_multiple_parameter_combinations_with_choices_selected"/>
    <testcase time="0.00300000000000011" classname="tm_g_gh_correlationplot" name="tm_g_gh_correlationplot_handles_multiple_parameter_combinations_with_choices_selected"/>
    <testcase time="0.0119999999999996" classname="tm_g_gh_correlationplot" name="tm_g_gh_correlationplot_accepts_custom_color_and_shape_specifications_with_choices_selected"/>
    <testcase time="0.00300000000000011" classname="tm_g_gh_correlationplot" name="tm_g_gh_correlationplot_accepts_custom_color_and_shape_specifications_with_choices_selected"/>
    <testcase time="0.0150000000000006" classname="tm_g_gh_correlationplot" name="tm_g_gh_correlationplot_accepts_line_arguments_with_choices_selected"/>
    <testcase time="0.00399999999999956" classname="tm_g_gh_correlationplot" name="tm_g_gh_correlationplot_accepts_line_arguments_with_choices_selected"/>
  </testsuite>
</testsuites>
