<?xml version="1.0" encoding="UTF-8"?>
<testsuites>
  <testsuite name="(unknown)" timestamp="2026-08-25T12:53:04Z" hostname="04443600d214">
    <testcase time="0.00900000000000012" classname="character(0)" name="_unnamed_">
      <skipped message="Reason: To be refactored ('test-shinytest2-tm_g_gh_boxplot.R:1:1')"/>
    </testcase>
  </testsuite>
  <testsuite name="shinytest2-tm_g_gh_correlationplot" timestamp="2026-08-25T12:53:05Z" hostname="04443600d214" tests="28" skipped="1" failures="0" errors="0" time="125.869">
    <testcase time="15.251" classname="shinytest2_tm_g_gh_correlationplot" name="e2e_tm_g_gh_correlationplot_initializes_and_renders_a_plot"/>
    <testcase time="0.00600000000000023" classname="shinytest2_tm_g_gh_correlationplot" name="e2e_tm_g_gh_correlationplot_initializes_and_renders_a_plot"/>
    <testcase time="0.108000000000001" classname="shinytest2_tm_g_gh_correlationplot" name="e2e_tm_g_gh_correlationplot_initializes_and_renders_a_plot"/>
    <testcase time="0.0109999999999992" classname="shinytest2_tm_g_gh_correlationplot" name="e2e_tm_g_gh_correlationplot_initializes_and_renders_a_plot"/>
    <testcase time="13.659" classname="shinytest2_tm_g_gh_correlationplot" name="e2e_tm_g_gh_correlationplot_starts_with_expected_label_and_encoding_selections."/>
    <testcase time="0.0109999999999992" classname="shinytest2_tm_g_gh_correlationplot" name="e2e_tm_g_gh_correlationplot_starts_with_expected_label_and_encoding_selections."/>
    <testcase time="0.0519999999999996" classname="shinytest2_tm_g_gh_correlationplot" name="e2e_tm_g_gh_correlationplot_starts_with_expected_label_and_encoding_selections."/>
    <testcase time="0.0530000000000008" classname="shinytest2_tm_g_gh_correlationplot" name="e2e_tm_g_gh_correlationplot_starts_with_expected_label_and_encoding_selections."/>
    <testcase time="0.0529999999999973" classname="shinytest2_tm_g_gh_correlationplot" name="e2e_tm_g_gh_correlationplot_starts_with_expected_label_and_encoding_selections."/>
    <testcase time="0.0530000000000008" classname="shinytest2_tm_g_gh_correlationplot" name="e2e_tm_g_gh_correlationplot_starts_with_expected_label_and_encoding_selections."/>
    <testcase time="0.0530000000000008" classname="shinytest2_tm_g_gh_correlationplot" name="e2e_tm_g_gh_correlationplot_starts_with_expected_label_and_encoding_selections."/>
    <testcase time="0.0519999999999996" classname="shinytest2_tm_g_gh_correlationplot" name="e2e_tm_g_gh_correlationplot_starts_with_expected_label_and_encoding_selections."/>
    <testcase time="19.408" classname="shinytest2_tm_g_gh_correlationplot" name="e2e_tm_g_gh_correlationplot_changing_pick_changes_plot_and_does_not_throw_validation_errors._xaxis_param"/>
    <testcase time="0.0480000000000018" classname="shinytest2_tm_g_gh_correlationplot" name="e2e_tm_g_gh_correlationplot_changing_pick_changes_plot_and_does_not_throw_validation_errors._xaxis_param"/>
    <testcase time="0.00600000000000023" classname="shinytest2_tm_g_gh_correlationplot" name="e2e_tm_g_gh_correlationplot_changing_pick_changes_plot_and_does_not_throw_validation_errors._xaxis_param"/>
    <testcase time="19.494" classname="shinytest2_tm_g_gh_correlationplot" name="e2e_tm_g_gh_correlationplot_changing_pick_changes_plot_and_does_not_throw_validation_errors._yaxis_param"/>
    <testcase time="0.054000000000002" classname="shinytest2_tm_g_gh_correlationplot" name="e2e_tm_g_gh_correlationplot_changing_pick_changes_plot_and_does_not_throw_validation_errors._yaxis_param"/>
    <testcase time="0.00600000000000023" classname="shinytest2_tm_g_gh_correlationplot" name="e2e_tm_g_gh_correlationplot_changing_pick_changes_plot_and_does_not_throw_validation_errors._yaxis_param"/>
    <testcase time="19.228" classname="shinytest2_tm_g_gh_correlationplot" name="e2e_tm_g_gh_correlationplot_changing_pick_changes_plot_and_does_not_throw_validation_errors._xaxis_var"/>
    <testcase time="0.0499999999999972" classname="shinytest2_tm_g_gh_correlationplot" name="e2e_tm_g_gh_correlationplot_changing_pick_changes_plot_and_does_not_throw_validation_errors._xaxis_var"/>
    <testcase time="0.00600000000000023" classname="shinytest2_tm_g_gh_correlationplot" name="e2e_tm_g_gh_correlationplot_changing_pick_changes_plot_and_does_not_throw_validation_errors._xaxis_var"/>
    <testcase time="19.351" classname="shinytest2_tm_g_gh_correlationplot" name="e2e_tm_g_gh_correlationplot_changing_pick_changes_plot_and_does_not_throw_validation_errors._yaxis_var"/>
    <testcase time="0.0559999999999974" classname="shinytest2_tm_g_gh_correlationplot" name="e2e_tm_g_gh_correlationplot_changing_pick_changes_plot_and_does_not_throw_validation_errors._yaxis_var"/>
    <testcase time="0.0120000000000005" classname="shinytest2_tm_g_gh_correlationplot" name="e2e_tm_g_gh_correlationplot_changing_pick_changes_plot_and_does_not_throw_validation_errors._yaxis_var"/>
    <testcase time="18.724" classname="shinytest2_tm_g_gh_correlationplot" name="e2e_tm_g_gh_correlationplot_changing_pick_changes_plot_and_does_not_throw_validation_errors._trt_group"/>
    <testcase time="0.0489999999999924" classname="shinytest2_tm_g_gh_correlationplot" name="e2e_tm_g_gh_correlationplot_changing_pick_changes_plot_and_does_not_throw_validation_errors._trt_group"/>
    <testcase time="0.00600000000000023" classname="shinytest2_tm_g_gh_correlationplot" name="e2e_tm_g_gh_correlationplot_changing_pick_changes_plot_and_does_not_throw_validation_errors._trt_group"/>
  </testsuite>
  <testsuite name="shinytest2-tm_g_gh_density_distribution_plot" timestamp="2026-08-25T12:55:10Z" hostname="04443600d214" tests="19" skipped="0" failures="0" errors="0" time="104.834">
    <testcase time="13.091" classname="shinytest2_tm_g_gh_density_distribution_plot" name="e2e_tm_g_gh_density_distribution_plot_initializes_and_renders_a_plot"/>
    <testcase time="0.00499999999999545" classname="shinytest2_tm_g_gh_density_distribution_plot" name="e2e_tm_g_gh_density_distribution_plot_initializes_and_renders_a_plot"/>
    <testcase time="0.0800000000000125" classname="shinytest2_tm_g_gh_density_distribution_plot" name="e2e_tm_g_gh_density_distribution_plot_initializes_and_renders_a_plot"/>
    <testcase time="13.068" classname="shinytest2_tm_g_gh_density_distribution_plot" name="e2e_tm_g_gh_density_distribution_plot_starts_with_expected_label_and_encoding_selections."/>
    <testcase time="0.0120000000000005" classname="shinytest2_tm_g_gh_density_distribution_plot" name="e2e_tm_g_gh_density_distribution_plot_starts_with_expected_label_and_encoding_selections."/>
    <testcase time="0.0519999999999925" classname="shinytest2_tm_g_gh_density_distribution_plot" name="e2e_tm_g_gh_density_distribution_plot_starts_with_expected_label_and_encoding_selections."/>
    <testcase time="0.0520000000000209" classname="shinytest2_tm_g_gh_density_distribution_plot" name="e2e_tm_g_gh_density_distribution_plot_starts_with_expected_label_and_encoding_selections."/>
    <testcase time="0.0519999999999925" classname="shinytest2_tm_g_gh_density_distribution_plot" name="e2e_tm_g_gh_density_distribution_plot_starts_with_expected_label_and_encoding_selections."/>
    <testcase time="20.325" classname="shinytest2_tm_g_gh_density_distribution_plot" name="e2e_tm_g_gh_density_distribution_plot_changing_pick_changes_plot_and_does_not_throw_validation_errors._xaxis_param"/>
    <testcase time="0.0440000000000111" classname="shinytest2_tm_g_gh_density_distribution_plot" name="e2e_tm_g_gh_density_distribution_plot_changing_pick_changes_plot_and_does_not_throw_validation_errors._xaxis_param"/>
    <testcase time="0.00600000000000023" classname="shinytest2_tm_g_gh_density_distribution_plot" name="e2e_tm_g_gh_density_distribution_plot_changing_pick_changes_plot_and_does_not_throw_validation_errors._xaxis_param"/>
    <testcase time="19.117" classname="shinytest2_tm_g_gh_density_distribution_plot" name="e2e_tm_g_gh_density_distribution_plot_changing_pick_changes_plot_and_does_not_throw_validation_errors._xaxis_var"/>
    <testcase time="0.0450000000000159" classname="shinytest2_tm_g_gh_density_distribution_plot" name="e2e_tm_g_gh_density_distribution_plot_changing_pick_changes_plot_and_does_not_throw_validation_errors._xaxis_var"/>
    <testcase time="0.00600000000000023" classname="shinytest2_tm_g_gh_density_distribution_plot" name="e2e_tm_g_gh_density_distribution_plot_changing_pick_changes_plot_and_does_not_throw_validation_errors._xaxis_var"/>
    <testcase time="18.775" classname="shinytest2_tm_g_gh_density_distribution_plot" name="e2e_tm_g_gh_density_distribution_plot_changing_pick_changes_plot_and_does_not_throw_validation_errors._trt_group"/>
    <testcase time="0.0439999999999827" classname="shinytest2_tm_g_gh_density_distribution_plot" name="e2e_tm_g_gh_density_distribution_plot_changing_pick_changes_plot_and_does_not_throw_validation_errors._trt_group"/>
    <testcase time="0.00499999999999545" classname="shinytest2_tm_g_gh_density_distribution_plot" name="e2e_tm_g_gh_density_distribution_plot_changing_pick_changes_plot_and_does_not_throw_validation_errors._trt_group"/>
    <testcase time="20.049" classname="shinytest2_tm_g_gh_density_distribution_plot" name="e2e_tm_g_gh_density_distribution_plot_handles_comb_line_toggle"/>
    <testcase time="0.00600000000000023" classname="shinytest2_tm_g_gh_density_distribution_plot" name="e2e_tm_g_gh_density_distribution_plot_handles_comb_line_toggle"/>
  </testsuite>
  <testsuite name="shinytest2-tm_g_gh_lineplot" timestamp="2026-08-25T12:56:55Z" hostname="04443600d214" tests="6" skipped="0" failures="0" errors="6" time="747.272">
    <testcase time="124.645" classname="shinytest2_tm_g_gh_lineplot" name="e2e_tm_g_gh_lineplot_initializes_and_renders_a_plot">
      <error type="error" message="Error in `app_initialize(self, private, app_dir = app_dir, ..., load_timeout = load_timeout, timeout = timeout, wait = wait, expect_values_screenshot_args = expect_values_screenshot_args, screenshot_args = screenshot_args, check_names = check_names, name = name, variant = variant, view = view, height = height, width = width, seed = seed, clean_logs = clean_logs, shiny_args = shiny_args, render_args = render_args, options = options)`: Shiny app did not become stable in 120000ms. ('test-shinytest2-tm_g_gh_lineplot.R:22:3')">Error in `app_initialize(self, private, app_dir = app_dir, ..., load_timeout = load_timeout, timeout = timeout, wait = wait, expect_values_screenshot_args = expect_values_screenshot_args, screenshot_args = screenshot_args, check_names = check_names, name = name, variant = variant, view = view, height = height, width = width, seed = seed, clean_logs = clean_logs, shiny_args = shiny_args, render_args = render_args, options = options)`: Shiny app did not become stable in 120000ms.
Message: An error occurred while waiting for Shiny to be stable
Caused by error in `app_wait_for_idle()`:
! An error occurred while waiting for Shiny to be stable


i You can inspect the failed AppDriver object via `rlang::last_error()$app`
i AppDriver logs:
{shinytest2} R  info    12:56:56.58 Start AppDriver initialization
{shinytest2} R  info    12:56:56.76 Starting Shiny app
{shinytest2} R  info    12:56:58.42 Creating new ChromoteSession
{shinytest2} R  info    12:56:58.47 Navigating to Shiny app
{shinytest2} R  info    12:56:59.72 Injecting shiny-tracer.js
{chromote}   JS info    12:56:59.73 shinytest2; jQuery not found
{chromote}   JS info    12:56:59.73 shinytest2; Loaded
{shinytest2} R  info    12:56:59.73 Waiting for Shiny to become ready
{chromote}   JS info    12:56:59.79 shinytest2; jQuery found
{chromote}   JS info    12:56:59.79 shinytest2; Waiting for shiny session to connect
{chromote}   JS info    12:57:00.13 shinytest2; Connected
{chromote}   JS info    12:57:00.18 shinytest2; shiny:busy
{shinytest2} R  info    12:57:00.20 Waiting for Shiny to become idle for 200ms within 120000ms
{chromote}   JS info    12:57:00.21 shinytest2; Waiting for Shiny to be stable
{chromote}   JS log     12:57:00.34 Teal: Sending document title: teal app to input: teal-teal_modules-app_title
                                    (anonymous)             @ :669:10
                                    _sendMessagesToHandlers @ shiny-javascript-1.14.0/shiny.min.js:443:9166
                                    (anonymous)             @ shiny-javascript-1.14.0/shiny.min.js:443:10855
                                    _sendMessagesToHandlers @ shiny-javascript-1.14.0/shiny.min.js:443:9166
                                    dispatchMessage         @ shiny-javascript-1.14.0/shiny.min.js:443:9001
                                    (anonymous)             @ shiny-javascript-1.14.0/shiny.min.js:443:4924
                                    startActionQueueLoop    @ shiny-javascript-1.14.0/shiny.min.js:443:5210
{chromote}   JS warning 12:57:06.62 Container not found for input after timeout: teal-teal_modules-nav-line_plot-module-xaxis_param-values-selected
                                    (anonymous) @ js/input-validator.js:56:14
{chromote}   JS warning 12:57:06.62 Container not found for input after timeout: teal-teal_modules-nav-line_plot-module-trt_group-variables-selected
                                    (anonymous) @ js/input-validator.js:56:14
{chromote}   JS warning 12:57:06.62 Container not found for input after timeout: teal-teal_modules-nav-line_plot-module-xaxis_var-variables-selected
                                    (anonymous) @ js/input-validator.js:56:14
{chromote}   JS warning 12:57:06.62 Container not found for input after timeout: teal-teal_modules-nav-line_plot-module-yaxis_var-variables-selected
                                    (anonymous) @ js/input-validator.js:56:14
{chromote}   JS warning 12:57:06.90 Container not found for input after timeout: teal-teal_modules-nav-line_plot-module-yrange_scale
                                    (anonymous) @ js/input-validator.js:56:14
{shinytest2} R  info    12:59:00.22 Error while initializing AppDriver:
                                    Shiny app did not become stable in 120000ms.
                                    Message: An error occurred while waiting for Shiny to be stable
                                    Caused by error in `app_wait_for_idle()`:
                                    ! An error occurred while waiting for Shiny to be stable
{shiny}      R  stderr  ----------- Loading required package: shiny
{shiny}      R  stderr  ----------- Attempting to load the environment ‘package:stringr’
{shiny}      R  stderr  ----------- Loading required package: teal.data
{shiny}      R  stderr  ----------- Loading required package: teal.code
{shiny}      R  stderr  ----------- Loading required package: teal.slice
{shiny}      R  stderr  ----------- 
{shiny}      R  stderr  ----------- You are using teal version 1.2.1
{shiny}      R  stderr  ----------- 
{shiny}      R  stderr  ----------- Attaching package: ‘teal’
{shiny}      R  stderr  ----------- 
{shiny}      R  stderr  ----------- The following objects are masked from ‘package:teal.slice’:
{shiny}      R  stderr  ----------- 
{shiny}      R  stderr  -----------     as.teal_slices, teal_slices
{shiny}      R  stderr  ----------- 
{shiny}      R  stderr  ----------- Running application in test mode.
{shiny}      R  stderr  ----------- 
{shiny}      R  stderr  ----------- Listening on http://127.0.0.1:7327
{shiny}      R  stderr  ----------- Warning: Error in &lt;reactive&gt;: attempt to apply non-function
{shiny}      R  stderr  -----------   122: &lt;reactive&gt;
{shiny}      R  stderr  -----------   100: shape_choices
{shiny}      R  stderr  -----------    99: &lt;reactive&gt;
{shiny}      R  stderr  -----------    77: data_state
{shiny}      R  stderr  -----------    76: eval_tidy
{shiny}      R  stderr  -----------    75: eventFunc
{shiny}      R  stderr  -----------    62: observeEvent(data_state()$range)
{shiny}      R  stderr  -----------    61: contextFunc
{shiny}      R  stderr  -----------    60: env$runWith
{shiny}      R  stderr  -----------    47: ctx$run
{shiny}      R  stderr  -----------    46: run
{shiny}      R  stderr  -----------    27: flushCallback
{shiny}      R  stderr  -----------    26: FUN
{shiny}      R  stderr  -----------    25: lapply
{shiny}      R  stderr  -----------    24: ctx$executeFlushCallbacks
{shiny}      R  stderr  -----------    23: .getReactiveEnvironment()$flush
{shiny}      R  stderr  -----------    22: flushReact
{shiny}      R  stderr  -----------    21: serviceApp
{shiny}      R  stderr  -----------    14: &lt;Anonymous&gt;
{shiny}      R  stderr  -----------    12: &lt;Anonymous&gt;
{shiny}      R  stderr  -----------    11: &lt;Anonymous&gt;
{shiny}      R  stderr  -----------    10: base::do.call
{shiny}      R  stderr  -----------     9: base::saveRDS
{shiny}      R  stderr  -----------     8: base::withCallingHandlers
{shiny}      R  stderr  -----------     7: doTryCatch
{shiny}      R  stderr  -----------     6: tryCatchOne
{shiny}      R  stderr  -----------     5: tryCatchList
{shiny}      R  stderr  -----------     2: tryCatchList
{shiny}      R  stderr  -----------     1: base::tryCatch
{shiny}      R  stderr  ----------- Warning: Error in &lt;reactive&gt;: attempt to apply non-function
{shiny}      R  stderr  -----------   79: &lt;Anonymous&gt;
{shiny}      R  stderr  -----------   78: stop
{shiny}      R  stderr  -----------   77: shape_choices
{shiny}      R  stderr  -----------   76: eval_tidy
{shiny}      R  stderr  -----------   75: eventFunc
{shiny}      R  stderr  -----------   62: observeEvent(shape_choices())
{shiny}      R  stderr  -----------   61: contextFunc
{shiny}      R  stderr  -----------   60: env$runWith
{shiny}      R  stderr  -----------   47: ctx$run
{shiny}      R  stderr  -----------   46: run
{shiny}      R  stderr  -----------   27: flushCallback
{shiny}      R  stderr  -----------   26: FUN
{shiny}      R  stderr  -----------   25: lapply
{shiny}      R  stderr  -----------   24: ctx$executeFlushCallbacks
{shiny}      R  stderr  -----------   23: .getReactiveEnvironment()$flush
{shiny}      R  stderr  -----------   22: flushReact
{shiny}      R  stderr  -----------   21: serviceApp
{shiny}      R  stderr  -----------   14: &lt;Anonymous&gt;
{shiny}      R  stderr  -----------   12: &lt;Anonymous&gt;
{shiny}      R  stderr  -----------   11: &lt;Anonymous&gt;
{shiny}      R  stderr  -----------   10: base::do.call
{shiny}      R  stderr  -----------    9: base::saveRDS
{shiny}      R  stderr  -----------    8: base::withCallingHandlers
{shiny}      R  stderr  -----------    7: doTryCatch
{shiny}      R  stderr  -----------    6: tryCatchOne
{shiny}      R  stderr  -----------    5: tryCatchList
{shiny}      R  stderr  -----------    2: tryCatchList
{shiny}      R  stderr  -----------    1: base::tryCatch
{shiny}      R  stderr  ----------- Warning: Error in &lt;reactive&gt;: attempt to apply non-function
{shiny}      R  stderr  -----------   73: &lt;Anonymous&gt;
{shiny}      R  stderr  -----------   72: stop
{shiny}      R  stderr  -----------   71: shape_choices
{shiny}      R  stderr  -----------   64: observe
{shiny}      R  stderr  -----------   63: &lt;observer&gt;
{shiny}      R  stderr  -----------   14: &lt;Anonymous&gt;
{shiny}      R  stderr  -----------   12: &lt;Anonymous&gt;
{shiny}      R  stderr  -----------   11: &lt;Anonymous&gt;
{shiny}      R  stderr  -----------   10: base::do.call
{shiny}      R  stderr  -----------    9: base::saveRDS
{shiny}      R  stderr  -----------    8: base::withCallingHandlers
{shiny}      R  stderr  -----------    7: doTryCatch
{shiny}      R  stderr  -----------    6: tryCatchOne
{shiny}      R  stderr  -----------    5: tryCatchList
{shiny}      R  stderr  -----------    2: tryCatchList
{shiny}      R  stderr  -----------    1: base::tryCatch
{shiny}      R  stderr  ----------- Active module changed: app="teal app", module="Line Plot"


Caused by error in `app_initialize_()`:
! Shiny app did not become stable in 120000ms.
Message: An error occurred while waiting for Shiny to be stable
Caused by error in `app_wait_for_idle()`:
! An error occurred while waiting for Shiny to be stable
Backtrace:
     x
  1. +-teal.goshawk (local) tm_g_gh_lineplot_driver() at test-shinytest2-tm_g_gh_lineplot.R:22:3
  2. | \-teal.goshawk:::init_teal_app_driver(...) at test-shinytest2-tm_g_gh_lineplot.R:2:3
  3. |   +-testthat::with_mocked_bindings(...) at ./helper-TealAppDriver.R:21:3
  4. |   \-TealAppDriver$new(teal::init(...)) at ./helper-TealAppDriver.R:24:7
  5. |     \-teal (local) initialize(...)
  6. |       +-base::suppressWarnings(...)
  7. |       | \-base::withCallingHandlers(...)
  8. |       +-withr::with_envvar(...)
  9. |       | \-base::force(code)
 10. |       \-super$initialize(...)
 11. |         \-shinytest2:::app_initialize(...)
 12. |           +-base::withCallingHandlers(...)
 13. |           \-shinytest2:::app_initialize_(self, private, ..., view = view)
 14. |             +-base::withCallingHandlers(...)
 15. |             \-self$wait_for_idle(duration = 200, timeout = private$load_timeout)
 16. |               \-shinytest2:::app_wait_for_idle(...)
 17. |                 \-shinytest2:::app_abort(self, private, "An error occurred while waiting for Shiny to be stable")
 18. |                   \-rlang::abort(..., app = self, call = call)
 19. |                     \-rlang:::signal_abort(cnd, .file)
 20. |                       \-base::signalCondition(cnd)
 21. +-shinytest2 (local) `&lt;fn&gt;`(`&lt;rlng_rrr&gt;`)
 22. | \-shinytest2:::app_abort(...)
 23. |   \-rlang::abort(..., app = self, call = call)
 24. |     \-rlang:::signal_abort(cnd, .file)
 25. |       \-base::signalCondition(cnd)
 26. \-shinytest2 (local) `&lt;fn&gt;`(`&lt;rlng_rrr&gt;`)
 27.   \-shinytest2:::app_abort(...)
 28.     \-rlang::abort(..., app = self, call = call)</error>
    </testcase>
    <testcase time="124.608" classname="shinytest2_tm_g_gh_lineplot" name="e2e_tm_g_gh_lineplot_starts_with_expected_label_and_encoding_selections.">
      <error type="error" message="Error in `app_initialize(self, private, app_dir = app_dir, ..., load_timeout = load_timeout, timeout = timeout, wait = wait, expect_values_screenshot_args = expect_values_screenshot_args, screenshot_args = screenshot_args, check_names = check_names, name = name, variant = variant, view = view, height = height, width = width, seed = seed, clean_logs = clean_logs, shiny_args = shiny_args, render_args = render_args, options = options)`: Shiny app did not become stable in 120000ms. ('test-shinytest2-tm_g_gh_lineplot.R:39:5')">Error in `app_initialize(self, private, app_dir = app_dir, ..., load_timeout = load_timeout, timeout = timeout, wait = wait, expect_values_screenshot_args = expect_values_screenshot_args, screenshot_args = screenshot_args, check_names = check_names, name = name, variant = variant, view = view, height = height, width = width, seed = seed, clean_logs = clean_logs, shiny_args = shiny_args, render_args = render_args, options = options)`: Shiny app did not become stable in 120000ms.
Message: An error occurred while waiting for Shiny to be stable
Caused by error in `app_wait_for_idle()`:
! An error occurred while waiting for Shiny to be stable


i You can inspect the failed AppDriver object via `rlang::last_error()$app`
i AppDriver logs:
{shinytest2} R  info    12:59:01.17 Start AppDriver initialization
{shinytest2} R  info    12:59:01.35 Starting Shiny app
{shinytest2} R  info    12:59:03.02 Creating new ChromoteSession
{shinytest2} R  info    12:59:03.06 Navigating to Shiny app
{shinytest2} R  info    12:59:04.33 Injecting shiny-tracer.js
{chromote}   JS info    12:59:04.35 shinytest2; jQuery not found
{chromote}   JS info    12:59:04.35 shinytest2; Loaded
{shinytest2} R  info    12:59:04.35 Waiting for Shiny to become ready
{chromote}   JS info    12:59:04.40 shinytest2; jQuery found
{chromote}   JS info    12:59:04.40 shinytest2; Waiting for shiny session to connect
{chromote}   JS info    12:59:04.75 shinytest2; Connected
{chromote}   JS info    12:59:04.80 shinytest2; shiny:busy
{shinytest2} R  info    12:59:04.82 Waiting for Shiny to become idle for 200ms within 120000ms
{chromote}   JS info    12:59:04.82 shinytest2; Waiting for Shiny to be stable
{chromote}   JS log     12:59:04.95 Teal: Sending document title: teal app to input: teal-teal_modules-app_title
                                    (anonymous)             @ :669:10
                                    _sendMessagesToHandlers @ shiny-javascript-1.14.0/shiny.min.js:443:9166
                                    (anonymous)             @ shiny-javascript-1.14.0/shiny.min.js:443:10855
                                    _sendMessagesToHandlers @ shiny-javascript-1.14.0/shiny.min.js:443:9166
                                    dispatchMessage         @ shiny-javascript-1.14.0/shiny.min.js:443:9001
                                    (anonymous)             @ shiny-javascript-1.14.0/shiny.min.js:443:4924
                                    startActionQueueLoop    @ shiny-javascript-1.14.0/shiny.min.js:443:5210
{chromote}   JS warning 12:59:11.26 Container not found for input after timeout: teal-teal_modules-nav-line_plot-module-xaxis_param-values-selected
                                    (anonymous) @ js/input-validator.js:56:14
{chromote}   JS warning 12:59:11.26 Container not found for input after timeout: teal-teal_modules-nav-line_plot-module-trt_group-variables-selected
                                    (anonymous) @ js/input-validator.js:56:14
{chromote}   JS warning 12:59:11.26 Container not found for input after timeout: teal-teal_modules-nav-line_plot-module-xaxis_var-variables-selected
                                    (anonymous) @ js/input-validator.js:56:14
{chromote}   JS warning 12:59:11.26 Container not found for input after timeout: teal-teal_modules-nav-line_plot-module-yaxis_var-variables-selected
                                    (anonymous) @ js/input-validator.js:56:14
{chromote}   JS warning 12:59:11.55 Container not found for input after timeout: teal-teal_modules-nav-line_plot-module-yrange_scale
                                    (anonymous) @ js/input-validator.js:56:14
{shinytest2} R  info    13:01:04.83 Error while initializing AppDriver:
                                    Shiny app did not become stable in 120000ms.
                                    Message: An error occurred while waiting for Shiny to be stable
                                    Caused by error in `app_wait_for_idle()`:
                                    ! An error occurred while waiting for Shiny to be stable
{shiny}      R  stderr  ----------- Loading required package: shiny
{shiny}      R  stderr  ----------- Attempting to load the environment ‘package:stringr’
{shiny}      R  stderr  ----------- Loading required package: teal.data
{shiny}      R  stderr  ----------- Loading required package: teal.code
{shiny}      R  stderr  ----------- Loading required package: teal.slice
{shiny}      R  stderr  ----------- 
{shiny}      R  stderr  ----------- You are using teal version 1.2.1
{shiny}      R  stderr  ----------- 
{shiny}      R  stderr  ----------- Attaching package: ‘teal’
{shiny}      R  stderr  ----------- 
{shiny}      R  stderr  ----------- The following objects are masked from ‘package:teal.slice’:
{shiny}      R  stderr  ----------- 
{shiny}      R  stderr  -----------     as.teal_slices, teal_slices
{shiny}      R  stderr  ----------- 
{shiny}      R  stderr  ----------- Running application in test mode.
{shiny}      R  stderr  ----------- 
{shiny}      R  stderr  ----------- Listening on http://127.0.0.1:3680
{shiny}      R  stderr  ----------- Warning: Error in &lt;reactive&gt;: attempt to apply non-function
{shiny}      R  stderr  -----------   122: &lt;reactive&gt;
{shiny}      R  stderr  -----------   100: shape_choices
{shiny}      R  stderr  -----------    99: &lt;reactive&gt;
{shiny}      R  stderr  -----------    77: data_state
{shiny}      R  stderr  -----------    76: eval_tidy
{shiny}      R  stderr  -----------    75: eventFunc
{shiny}      R  stderr  -----------    62: observeEvent(data_state()$range)
{shiny}      R  stderr  -----------    61: contextFunc
{shiny}      R  stderr  -----------    60: env$runWith
{shiny}      R  stderr  -----------    47: ctx$run
{shiny}      R  stderr  -----------    46: run
{shiny}      R  stderr  -----------    27: flushCallback
{shiny}      R  stderr  -----------    26: FUN
{shiny}      R  stderr  -----------    25: lapply
{shiny}      R  stderr  -----------    24: ctx$executeFlushCallbacks
{shiny}      R  stderr  -----------    23: .getReactiveEnvironment()$flush
{shiny}      R  stderr  -----------    22: flushReact
{shiny}      R  stderr  -----------    21: serviceApp
{shiny}      R  stderr  -----------    14: &lt;Anonymous&gt;
{shiny}      R  stderr  -----------    12: &lt;Anonymous&gt;
{shiny}      R  stderr  -----------    11: &lt;Anonymous&gt;
{shiny}      R  stderr  -----------    10: base::do.call
{shiny}      R  stderr  -----------     9: base::saveRDS
{shiny}      R  stderr  -----------     8: base::withCallingHandlers
{shiny}      R  stderr  -----------     7: doTryCatch
{shiny}      R  stderr  -----------     6: tryCatchOne
{shiny}      R  stderr  -----------     5: tryCatchList
{shiny}      R  stderr  -----------     2: tryCatchList
{shiny}      R  stderr  -----------     1: base::tryCatch
{shiny}      R  stderr  ----------- Warning: Error in &lt;reactive&gt;: attempt to apply non-function
{shiny}      R  stderr  -----------   79: &lt;Anonymous&gt;
{shiny}      R  stderr  -----------   78: stop
{shiny}      R  stderr  -----------   77: shape_choices
{shiny}      R  stderr  -----------   76: eval_tidy
{shiny}      R  stderr  -----------   75: eventFunc
{shiny}      R  stderr  -----------   62: observeEvent(shape_choices())
{shiny}      R  stderr  -----------   61: contextFunc
{shiny}      R  stderr  -----------   60: env$runWith
{shiny}      R  stderr  -----------   47: ctx$run
{shiny}      R  stderr  -----------   46: run
{shiny}      R  stderr  -----------   27: flushCallback
{shiny}      R  stderr  -----------   26: FUN
{shiny}      R  stderr  -----------   25: lapply
{shiny}      R  stderr  -----------   24: ctx$executeFlushCallbacks
{shiny}      R  stderr  -----------   23: .getReactiveEnvironment()$flush
{shiny}      R  stderr  -----------   22: flushReact
{shiny}      R  stderr  -----------   21: serviceApp
{shiny}      R  stderr  -----------   14: &lt;Anonymous&gt;
{shiny}      R  stderr  -----------   12: &lt;Anonymous&gt;
{shiny}      R  stderr  -----------   11: &lt;Anonymous&gt;
{shiny}      R  stderr  -----------   10: base::do.call
{shiny}      R  stderr  -----------    9: base::saveRDS
{shiny}      R  stderr  -----------    8: base::withCallingHandlers
{shiny}      R  stderr  -----------    7: doTryCatch
{shiny}      R  stderr  -----------    6: tryCatchOne
{shiny}      R  stderr  -----------    5: tryCatchList
{shiny}      R  stderr  -----------    2: tryCatchList
{shiny}      R  stderr  -----------    1: base::tryCatch
{shiny}      R  stderr  ----------- Warning: Error in &lt;reactive&gt;: attempt to apply non-function
{shiny}      R  stderr  -----------   73: &lt;Anonymous&gt;
{shiny}      R  stderr  -----------   72: stop
{shiny}      R  stderr  -----------   71: shape_choices
{shiny}      R  stderr  -----------   64: observe
{shiny}      R  stderr  -----------   63: &lt;observer&gt;
{shiny}      R  stderr  -----------   14: &lt;Anonymous&gt;
{shiny}      R  stderr  -----------   12: &lt;Anonymous&gt;
{shiny}      R  stderr  -----------   11: &lt;Anonymous&gt;
{shiny}      R  stderr  -----------   10: base::do.call
{shiny}      R  stderr  -----------    9: base::saveRDS
{shiny}      R  stderr  -----------    8: base::withCallingHandlers
{shiny}      R  stderr  -----------    7: doTryCatch
{shiny}      R  stderr  -----------    6: tryCatchOne
{shiny}      R  stderr  -----------    5: tryCatchList
{shiny}      R  stderr  -----------    2: tryCatchList
{shiny}      R  stderr  -----------    1: base::tryCatch
{shiny}      R  stderr  ----------- Active module changed: app="teal app", module="Line Plot"


Caused by error in `app_initialize_()`:
! Shiny app did not become stable in 120000ms.
Message: An error occurred while waiting for Shiny to be stable
Caused by error in `app_wait_for_idle()`:
! An error occurred while waiting for Shiny to be stable
Backtrace:
     x
  1. +-teal.goshawk (local) tm_g_gh_lineplot_driver() at test-shinytest2-tm_g_gh_lineplot.R:39:5
  2. | \-teal.goshawk:::init_teal_app_driver(...) at test-shinytest2-tm_g_gh_lineplot.R:2:3
  3. |   +-testthat::with_mocked_bindings(...) at ./helper-TealAppDriver.R:21:3
  4. |   \-TealAppDriver$new(teal::init(...)) at ./helper-TealAppDriver.R:24:7
  5. |     \-teal (local) initialize(...)
  6. |       +-base::suppressWarnings(...)
  7. |       | \-base::withCallingHandlers(...)
  8. |       +-withr::with_envvar(...)
  9. |       | \-base::force(code)
 10. |       \-super$initialize(...)
 11. |         \-shinytest2:::app_initialize(...)
 12. |           +-base::withCallingHandlers(...)
 13. |           \-shinytest2:::app_initialize_(self, private, ..., view = view)
 14. |             +-base::withCallingHandlers(...)
 15. |             \-self$wait_for_idle(duration = 200, timeout = private$load_timeout)
 16. |               \-shinytest2:::app_wait_for_idle(...)
 17. |                 \-shinytest2:::app_abort(self, private, "An error occurred while waiting for Shiny to be stable")
 18. |                   \-rlang::abort(..., app = self, call = call)
 19. |                     \-rlang:::signal_abort(cnd, .file)
 20. |                       \-base::signalCondition(cnd)
 21. +-shinytest2 (local) `&lt;fn&gt;`(`&lt;rlng_rrr&gt;`)
 22. | \-shinytest2:::app_abort(...)
 23. |   \-rlang::abort(..., app = self, call = call)
 24. |     \-rlang:::signal_abort(cnd, .file)
 25. |       \-base::signalCondition(cnd)
 26. \-shinytest2 (local) `&lt;fn&gt;`(`&lt;rlng_rrr&gt;`)
 27.   \-shinytest2:::app_abort(...)
 28.     \-rlang::abort(..., app = self, call = call)</error>
    </testcase>
    <testcase time="124.565" classname="shinytest2_tm_g_gh_lineplot" name="e2e_tm_g_gh_lineplot_changing_pick_changes_plot_and_does_not_throw_validation_errors._xaxis_param">
      <error type="error" message="Error in `app_initialize(self, private, app_dir = app_dir, ..., load_timeout = load_timeout, timeout = timeout, wait = wait, expect_values_screenshot_args = expect_values_screenshot_args, screenshot_args = screenshot_args, check_names = check_names, name = name, variant = variant, view = view, height = height, width = width, seed = seed, clean_logs = clean_logs, shiny_args = shiny_args, render_args = render_args, options = options)`: Shiny app did not become stable in 120000ms. ('test-shinytest2-tm_g_gh_lineplot.R:71:7')">Error in `app_initialize(self, private, app_dir = app_dir, ..., load_timeout = load_timeout, timeout = timeout, wait = wait, expect_values_screenshot_args = expect_values_screenshot_args, screenshot_args = screenshot_args, check_names = check_names, name = name, variant = variant, view = view, height = height, width = width, seed = seed, clean_logs = clean_logs, shiny_args = shiny_args, render_args = render_args, options = options)`: Shiny app did not become stable in 120000ms.
Message: An error occurred while waiting for Shiny to be stable
Caused by error in `app_wait_for_idle()`:
! An error occurred while waiting for Shiny to be stable


i You can inspect the failed AppDriver object via `rlang::last_error()$app`
i AppDriver logs:
{shinytest2} R  info    13:01:05.74 Start AppDriver initialization
{shinytest2} R  info    13:01:05.92 Starting Shiny app
{shinytest2} R  info    13:01:07.59 Creating new ChromoteSession
{shinytest2} R  info    13:01:07.65 Navigating to Shiny app
{shinytest2} R  info    13:01:08.90 Injecting shiny-tracer.js
{chromote}   JS info    13:01:08.92 shinytest2; jQuery not found
{chromote}   JS info    13:01:08.92 shinytest2; Loaded
{shinytest2} R  info    13:01:08.92 Waiting for Shiny to become ready
{chromote}   JS info    13:01:08.97 shinytest2; jQuery found
{chromote}   JS info    13:01:08.97 shinytest2; Waiting for shiny session to connect
{chromote}   JS info    13:01:09.34 shinytest2; Connected
{chromote}   JS info    13:01:09.37 shinytest2; shiny:busy
{shinytest2} R  info    13:01:09.38 Waiting for Shiny to become idle for 200ms within 120000ms
{chromote}   JS info    13:01:09.38 shinytest2; Waiting for Shiny to be stable
{chromote}   JS log     13:01:09.52 Teal: Sending document title: teal app to input: teal-teal_modules-app_title
                                    (anonymous)             @ :669:10
                                    _sendMessagesToHandlers @ shiny-javascript-1.14.0/shiny.min.js:443:9166
                                    (anonymous)             @ shiny-javascript-1.14.0/shiny.min.js:443:10855
                                    _sendMessagesToHandlers @ shiny-javascript-1.14.0/shiny.min.js:443:9166
                                    dispatchMessage         @ shiny-javascript-1.14.0/shiny.min.js:443:9001
                                    (anonymous)             @ shiny-javascript-1.14.0/shiny.min.js:443:4924
                                    startActionQueueLoop    @ shiny-javascript-1.14.0/shiny.min.js:443:5210
{chromote}   JS warning 13:01:15.83 Container not found for input after timeout: teal-teal_modules-nav-line_plot-module-xaxis_param-values-selected
                                    (anonymous) @ js/input-validator.js:56:14
{chromote}   JS warning 13:01:15.83 Container not found for input after timeout: teal-teal_modules-nav-line_plot-module-trt_group-variables-selected
                                    (anonymous) @ js/input-validator.js:56:14
{chromote}   JS warning 13:01:15.83 Container not found for input after timeout: teal-teal_modules-nav-line_plot-module-xaxis_var-variables-selected
                                    (anonymous) @ js/input-validator.js:56:14
{chromote}   JS warning 13:01:15.83 Container not found for input after timeout: teal-teal_modules-nav-line_plot-module-yaxis_var-variables-selected
                                    (anonymous) @ js/input-validator.js:56:14
{chromote}   JS warning 13:01:16.12 Container not found for input after timeout: teal-teal_modules-nav-line_plot-module-yrange_scale
                                    (anonymous) @ js/input-validator.js:56:14
{shinytest2} R  info    13:03:09.40 Error while initializing AppDriver:
                                    Shiny app did not become stable in 120000ms.
                                    Message: An error occurred while waiting for Shiny to be stable
                                    Caused by error in `app_wait_for_idle()`:
                                    ! An error occurred while waiting for Shiny to be stable
{shiny}      R  stderr  ----------- Loading required package: shiny
{shiny}      R  stderr  ----------- Attempting to load the environment ‘package:stringr’
{shiny}      R  stderr  ----------- Loading required package: teal.data
{shiny}      R  stderr  ----------- Loading required package: teal.code
{shiny}      R  stderr  ----------- Loading required package: teal.slice
{shiny}      R  stderr  ----------- 
{shiny}      R  stderr  ----------- You are using teal version 1.2.1
{shiny}      R  stderr  ----------- 
{shiny}      R  stderr  ----------- Attaching package: ‘teal’
{shiny}      R  stderr  ----------- 
{shiny}      R  stderr  ----------- The following objects are masked from ‘package:teal.slice’:
{shiny}      R  stderr  ----------- 
{shiny}      R  stderr  -----------     as.teal_slices, teal_slices
{shiny}      R  stderr  ----------- 
{shiny}      R  stderr  ----------- Running application in test mode.
{shiny}      R  stderr  ----------- 
{shiny}      R  stderr  ----------- Listening on http://127.0.0.1:4461
{shiny}      R  stderr  ----------- Warning: Error in &lt;reactive&gt;: attempt to apply non-function
{shiny}      R  stderr  -----------   122: &lt;reactive&gt;
{shiny}      R  stderr  -----------   100: shape_choices
{shiny}      R  stderr  -----------    99: &lt;reactive&gt;
{shiny}      R  stderr  -----------    77: data_state
{shiny}      R  stderr  -----------    76: eval_tidy
{shiny}      R  stderr  -----------    75: eventFunc
{shiny}      R  stderr  -----------    62: observeEvent(data_state()$range)
{shiny}      R  stderr  -----------    61: contextFunc
{shiny}      R  stderr  -----------    60: env$runWith
{shiny}      R  stderr  -----------    47: ctx$run
{shiny}      R  stderr  -----------    46: run
{shiny}      R  stderr  -----------    27: flushCallback
{shiny}      R  stderr  -----------    26: FUN
{shiny}      R  stderr  -----------    25: lapply
{shiny}      R  stderr  -----------    24: ctx$executeFlushCallbacks
{shiny}      R  stderr  -----------    23: .getReactiveEnvironment()$flush
{shiny}      R  stderr  -----------    22: flushReact
{shiny}      R  stderr  -----------    21: serviceApp
{shiny}      R  stderr  -----------    14: &lt;Anonymous&gt;
{shiny}      R  stderr  -----------    12: &lt;Anonymous&gt;
{shiny}      R  stderr  -----------    11: &lt;Anonymous&gt;
{shiny}      R  stderr  -----------    10: base::do.call
{shiny}      R  stderr  -----------     9: base::saveRDS
{shiny}      R  stderr  -----------     8: base::withCallingHandlers
{shiny}      R  stderr  -----------     7: doTryCatch
{shiny}      R  stderr  -----------     6: tryCatchOne
{shiny}      R  stderr  -----------     5: tryCatchList
{shiny}      R  stderr  -----------     2: tryCatchList
{shiny}      R  stderr  -----------     1: base::tryCatch
{shiny}      R  stderr  ----------- Warning: Error in &lt;reactive&gt;: attempt to apply non-function
{shiny}      R  stderr  -----------   79: &lt;Anonymous&gt;
{shiny}      R  stderr  -----------   78: stop
{shiny}      R  stderr  -----------   77: shape_choices
{shiny}      R  stderr  -----------   76: eval_tidy
{shiny}      R  stderr  -----------   75: eventFunc
{shiny}      R  stderr  -----------   62: observeEvent(shape_choices())
{shiny}      R  stderr  -----------   61: contextFunc
{shiny}      R  stderr  -----------   60: env$runWith
{shiny}      R  stderr  -----------   47: ctx$run
{shiny}      R  stderr  -----------   46: run
{shiny}      R  stderr  -----------   27: flushCallback
{shiny}      R  stderr  -----------   26: FUN
{shiny}      R  stderr  -----------   25: lapply
{shiny}      R  stderr  -----------   24: ctx$executeFlushCallbacks
{shiny}      R  stderr  -----------   23: .getReactiveEnvironment()$flush
{shiny}      R  stderr  -----------   22: flushReact
{shiny}      R  stderr  -----------   21: serviceApp
{shiny}      R  stderr  -----------   14: &lt;Anonymous&gt;
{shiny}      R  stderr  -----------   12: &lt;Anonymous&gt;
{shiny}      R  stderr  -----------   11: &lt;Anonymous&gt;
{shiny}      R  stderr  -----------   10: base::do.call
{shiny}      R  stderr  -----------    9: base::saveRDS
{shiny}      R  stderr  -----------    8: base::withCallingHandlers
{shiny}      R  stderr  -----------    7: doTryCatch
{shiny}      R  stderr  -----------    6: tryCatchOne
{shiny}      R  stderr  -----------    5: tryCatchList
{shiny}      R  stderr  -----------    2: tryCatchList
{shiny}      R  stderr  -----------    1: base::tryCatch
{shiny}      R  stderr  ----------- Warning: Error in &lt;reactive&gt;: attempt to apply non-function
{shiny}      R  stderr  -----------   73: &lt;Anonymous&gt;
{shiny}      R  stderr  -----------   72: stop
{shiny}      R  stderr  -----------   71: shape_choices
{shiny}      R  stderr  -----------   64: observe
{shiny}      R  stderr  -----------   63: &lt;observer&gt;
{shiny}      R  stderr  -----------   14: &lt;Anonymous&gt;
{shiny}      R  stderr  -----------   12: &lt;Anonymous&gt;
{shiny}      R  stderr  -----------   11: &lt;Anonymous&gt;
{shiny}      R  stderr  -----------   10: base::do.call
{shiny}      R  stderr  -----------    9: base::saveRDS
{shiny}      R  stderr  -----------    8: base::withCallingHandlers
{shiny}      R  stderr  -----------    7: doTryCatch
{shiny}      R  stderr  -----------    6: tryCatchOne
{shiny}      R  stderr  -----------    5: tryCatchList
{shiny}      R  stderr  -----------    2: tryCatchList
{shiny}      R  stderr  -----------    1: base::tryCatch
{shiny}      R  stderr  ----------- Active module changed: app="teal app", module="Line Plot"


Caused by error in `app_initialize_()`:
! Shiny app did not become stable in 120000ms.
Message: An error occurred while waiting for Shiny to be stable
Caused by error in `app_wait_for_idle()`:
! An error occurred while waiting for Shiny to be stable
Backtrace:
     x
  1. +-teal.goshawk (local) tm_g_gh_lineplot_driver() at test-shinytest2-tm_g_gh_lineplot.R:71:7
  2. | \-teal.goshawk:::init_teal_app_driver(...) at test-shinytest2-tm_g_gh_lineplot.R:2:3
  3. |   +-testthat::with_mocked_bindings(...) at ./helper-TealAppDriver.R:21:3
  4. |   \-TealAppDriver$new(teal::init(...)) at ./helper-TealAppDriver.R:24:7
  5. |     \-teal (local) initialize(...)
  6. |       +-base::suppressWarnings(...)
  7. |       | \-base::withCallingHandlers(...)
  8. |       +-withr::with_envvar(...)
  9. |       | \-base::force(code)
 10. |       \-super$initialize(...)
 11. |         \-shinytest2:::app_initialize(...)
 12. |           +-base::withCallingHandlers(...)
 13. |           \-shinytest2:::app_initialize_(self, private, ..., view = view)
 14. |             +-base::withCallingHandlers(...)
 15. |             \-self$wait_for_idle(duration = 200, timeout = private$load_timeout)
 16. |               \-shinytest2:::app_wait_for_idle(...)
 17. |                 \-shinytest2:::app_abort(self, private, "An error occurred while waiting for Shiny to be stable")
 18. |                   \-rlang::abort(..., app = self, call = call)
 19. |                     \-rlang:::signal_abort(cnd, .file)
 20. |                       \-base::signalCondition(cnd)
 21. +-shinytest2 (local) `&lt;fn&gt;`(`&lt;rlng_rrr&gt;`)
 22. | \-shinytest2:::app_abort(...)
 23. |   \-rlang::abort(..., app = self, call = call)
 24. |     \-rlang:::signal_abort(cnd, .file)
 25. |       \-base::signalCondition(cnd)
 26. \-shinytest2 (local) `&lt;fn&gt;`(`&lt;rlng_rrr&gt;`)
 27.   \-shinytest2:::app_abort(...)
 28.     \-rlang::abort(..., app = self, call = call)</error>
    </testcase>
    <testcase time="124.503" classname="shinytest2_tm_g_gh_lineplot" name="e2e_tm_g_gh_lineplot_changing_pick_changes_plot_and_does_not_throw_validation_errors._xaxis_var">
      <error type="error" message="Error in `app_initialize(self, private, app_dir = app_dir, ..., load_timeout = load_timeout, timeout = timeout, wait = wait, expect_values_screenshot_args = expect_values_screenshot_args, screenshot_args = screenshot_args, check_names = check_names, name = name, variant = variant, view = view, height = height, width = width, seed = seed, clean_logs = clean_logs, shiny_args = shiny_args, render_args = render_args, options = options)`: Shiny app did not become stable in 120000ms. ('test-shinytest2-tm_g_gh_lineplot.R:71:7')">Error in `app_initialize(self, private, app_dir = app_dir, ..., load_timeout = load_timeout, timeout = timeout, wait = wait, expect_values_screenshot_args = expect_values_screenshot_args, screenshot_args = screenshot_args, check_names = check_names, name = name, variant = variant, view = view, height = height, width = width, seed = seed, clean_logs = clean_logs, shiny_args = shiny_args, render_args = render_args, options = options)`: Shiny app did not become stable in 120000ms.
Message: An error occurred while waiting for Shiny to be stable
Caused by error in `app_wait_for_idle()`:
! An error occurred while waiting for Shiny to be stable


i You can inspect the failed AppDriver object via `rlang::last_error()$app`
i AppDriver logs:
{shinytest2} R  info    13:03:10.29 Start AppDriver initialization
{shinytest2} R  info    13:03:10.46 Starting Shiny app
{shinytest2} R  info    13:03:12.13 Creating new ChromoteSession
{shinytest2} R  info    13:03:12.18 Navigating to Shiny app
{shinytest2} R  info    13:03:13.43 Injecting shiny-tracer.js
{chromote}   JS info    13:03:13.45 shinytest2; jQuery not found
{chromote}   JS info    13:03:13.45 shinytest2; Loaded
{shinytest2} R  info    13:03:13.45 Waiting for Shiny to become ready
{chromote}   JS info    13:03:13.51 shinytest2; jQuery found
{chromote}   JS info    13:03:13.51 shinytest2; Waiting for shiny session to connect
{chromote}   JS info    13:03:13.88 shinytest2; Connected
{shinytest2} R  info    13:03:13.88 Waiting for Shiny to become idle for 200ms within 120000ms
{chromote}   JS info    13:03:13.88 shinytest2; Waiting for Shiny to be stable
{chromote}   JS info    13:03:13.91 shinytest2; shiny:busy
{chromote}   JS log     13:03:14.08 Teal: Sending document title: teal app to input: teal-teal_modules-app_title
                                    (anonymous)             @ :669:10
                                    _sendMessagesToHandlers @ shiny-javascript-1.14.0/shiny.min.js:443:9166
                                    (anonymous)             @ shiny-javascript-1.14.0/shiny.min.js:443:10855
                                    _sendMessagesToHandlers @ shiny-javascript-1.14.0/shiny.min.js:443:9166
                                    dispatchMessage         @ shiny-javascript-1.14.0/shiny.min.js:443:9001
                                    (anonymous)             @ shiny-javascript-1.14.0/shiny.min.js:443:4924
                                    startActionQueueLoop    @ shiny-javascript-1.14.0/shiny.min.js:443:5210
{chromote}   JS warning 13:03:20.37 Container not found for input after timeout: teal-teal_modules-nav-line_plot-module-xaxis_param-values-selected
                                    (anonymous) @ js/input-validator.js:56:14
{chromote}   JS warning 13:03:20.37 Container not found for input after timeout: teal-teal_modules-nav-line_plot-module-trt_group-variables-selected
                                    (anonymous) @ js/input-validator.js:56:14
{chromote}   JS warning 13:03:20.37 Container not found for input after timeout: teal-teal_modules-nav-line_plot-module-xaxis_var-variables-selected
                                    (anonymous) @ js/input-validator.js:56:14
{chromote}   JS warning 13:03:20.37 Container not found for input after timeout: teal-teal_modules-nav-line_plot-module-yaxis_var-variables-selected
                                    (anonymous) @ js/input-validator.js:56:14
{chromote}   JS warning 13:03:20.65 Container not found for input after timeout: teal-teal_modules-nav-line_plot-module-yrange_scale
                                    (anonymous) @ js/input-validator.js:56:14
{shinytest2} R  info    13:05:13.90 Error while initializing AppDriver:
                                    Shiny app did not become stable in 120000ms.
                                    Message: An error occurred while waiting for Shiny to be stable
                                    Caused by error in `app_wait_for_idle()`:
                                    ! An error occurred while waiting for Shiny to be stable
{shiny}      R  stderr  ----------- Loading required package: shiny
{shiny}      R  stderr  ----------- Attempting to load the environment ‘package:stringr’
{shiny}      R  stderr  ----------- Loading required package: teal.data
{shiny}      R  stderr  ----------- Loading required package: teal.code
{shiny}      R  stderr  ----------- Loading required package: teal.slice
{shiny}      R  stderr  ----------- 
{shiny}      R  stderr  ----------- You are using teal version 1.2.1
{shiny}      R  stderr  ----------- 
{shiny}      R  stderr  ----------- Attaching package: ‘teal’
{shiny}      R  stderr  ----------- 
{shiny}      R  stderr  ----------- The following objects are masked from ‘package:teal.slice’:
{shiny}      R  stderr  ----------- 
{shiny}      R  stderr  -----------     as.teal_slices, teal_slices
{shiny}      R  stderr  ----------- 
{shiny}      R  stderr  ----------- Running application in test mode.
{shiny}      R  stderr  ----------- 
{shiny}      R  stderr  ----------- Listening on http://127.0.0.1:5146
{shiny}      R  stderr  ----------- Warning: Error in &lt;reactive&gt;: attempt to apply non-function
{shiny}      R  stderr  -----------   122: &lt;reactive&gt;
{shiny}      R  stderr  -----------   100: shape_choices
{shiny}      R  stderr  -----------    99: &lt;reactive&gt;
{shiny}      R  stderr  -----------    77: data_state
{shiny}      R  stderr  -----------    76: eval_tidy
{shiny}      R  stderr  -----------    75: eventFunc
{shiny}      R  stderr  -----------    62: observeEvent(data_state()$range)
{shiny}      R  stderr  -----------    61: contextFunc
{shiny}      R  stderr  -----------    60: env$runWith
{shiny}      R  stderr  -----------    47: ctx$run
{shiny}      R  stderr  -----------    46: run
{shiny}      R  stderr  -----------    27: flushCallback
{shiny}      R  stderr  -----------    26: FUN
{shiny}      R  stderr  -----------    25: lapply
{shiny}      R  stderr  -----------    24: ctx$executeFlushCallbacks
{shiny}      R  stderr  -----------    23: .getReactiveEnvironment()$flush
{shiny}      R  stderr  -----------    22: flushReact
{shiny}      R  stderr  -----------    21: serviceApp
{shiny}      R  stderr  -----------    14: &lt;Anonymous&gt;
{shiny}      R  stderr  -----------    12: &lt;Anonymous&gt;
{shiny}      R  stderr  -----------    11: &lt;Anonymous&gt;
{shiny}      R  stderr  -----------    10: base::do.call
{shiny}      R  stderr  -----------     9: base::saveRDS
{shiny}      R  stderr  -----------     8: base::withCallingHandlers
{shiny}      R  stderr  -----------     7: doTryCatch
{shiny}      R  stderr  -----------     6: tryCatchOne
{shiny}      R  stderr  -----------     5: tryCatchList
{shiny}      R  stderr  -----------     2: tryCatchList
{shiny}      R  stderr  -----------     1: base::tryCatch
{shiny}      R  stderr  ----------- Warning: Error in &lt;reactive&gt;: attempt to apply non-function
{shiny}      R  stderr  -----------   79: &lt;Anonymous&gt;
{shiny}      R  stderr  -----------   78: stop
{shiny}      R  stderr  -----------   77: shape_choices
{shiny}      R  stderr  -----------   76: eval_tidy
{shiny}      R  stderr  -----------   75: eventFunc
{shiny}      R  stderr  -----------   62: observeEvent(shape_choices())
{shiny}      R  stderr  -----------   61: contextFunc
{shiny}      R  stderr  -----------   60: env$runWith
{shiny}      R  stderr  -----------   47: ctx$run
{shiny}      R  stderr  -----------   46: run
{shiny}      R  stderr  -----------   27: flushCallback
{shiny}      R  stderr  -----------   26: FUN
{shiny}      R  stderr  -----------   25: lapply
{shiny}      R  stderr  -----------   24: ctx$executeFlushCallbacks
{shiny}      R  stderr  -----------   23: .getReactiveEnvironment()$flush
{shiny}      R  stderr  -----------   22: flushReact
{shiny}      R  stderr  -----------   21: serviceApp
{shiny}      R  stderr  -----------   14: &lt;Anonymous&gt;
{shiny}      R  stderr  -----------   12: &lt;Anonymous&gt;
{shiny}      R  stderr  -----------   11: &lt;Anonymous&gt;
{shiny}      R  stderr  -----------   10: base::do.call
{shiny}      R  stderr  -----------    9: base::saveRDS
{shiny}      R  stderr  -----------    8: base::withCallingHandlers
{shiny}      R  stderr  -----------    7: doTryCatch
{shiny}      R  stderr  -----------    6: tryCatchOne
{shiny}      R  stderr  -----------    5: tryCatchList
{shiny}      R  stderr  -----------    2: tryCatchList
{shiny}      R  stderr  -----------    1: base::tryCatch
{shiny}      R  stderr  ----------- Warning: Error in &lt;reactive&gt;: attempt to apply non-function
{shiny}      R  stderr  -----------   73: &lt;Anonymous&gt;
{shiny}      R  stderr  -----------   72: stop
{shiny}      R  stderr  -----------   71: shape_choices
{shiny}      R  stderr  -----------   64: observe
{shiny}      R  stderr  -----------   63: &lt;observer&gt;
{shiny}      R  stderr  -----------   14: &lt;Anonymous&gt;
{shiny}      R  stderr  -----------   12: &lt;Anonymous&gt;
{shiny}      R  stderr  -----------   11: &lt;Anonymous&gt;
{shiny}      R  stderr  -----------   10: base::do.call
{shiny}      R  stderr  -----------    9: base::saveRDS
{shiny}      R  stderr  -----------    8: base::withCallingHandlers
{shiny}      R  stderr  -----------    7: doTryCatch
{shiny}      R  stderr  -----------    6: tryCatchOne
{shiny}      R  stderr  -----------    5: tryCatchList
{shiny}      R  stderr  -----------    2: tryCatchList
{shiny}      R  stderr  -----------    1: base::tryCatch
{shiny}      R  stderr  ----------- Active module changed: app="teal app", module="Line Plot"


Caused by error in `app_initialize_()`:
! Shiny app did not become stable in 120000ms.
Message: An error occurred while waiting for Shiny to be stable
Caused by error in `app_wait_for_idle()`:
! An error occurred while waiting for Shiny to be stable
Backtrace:
     x
  1. +-teal.goshawk (local) tm_g_gh_lineplot_driver() at test-shinytest2-tm_g_gh_lineplot.R:71:7
  2. | \-teal.goshawk:::init_teal_app_driver(...) at test-shinytest2-tm_g_gh_lineplot.R:2:3
  3. |   +-testthat::with_mocked_bindings(...) at ./helper-TealAppDriver.R:21:3
  4. |   \-TealAppDriver$new(teal::init(...)) at ./helper-TealAppDriver.R:24:7
  5. |     \-teal (local) initialize(...)
  6. |       +-base::suppressWarnings(...)
  7. |       | \-base::withCallingHandlers(...)
  8. |       +-withr::with_envvar(...)
  9. |       | \-base::force(code)
 10. |       \-super$initialize(...)
 11. |         \-shinytest2:::app_initialize(...)
 12. |           +-base::withCallingHandlers(...)
 13. |           \-shinytest2:::app_initialize_(self, private, ..., view = view)
 14. |             +-base::withCallingHandlers(...)
 15. |             \-self$wait_for_idle(duration = 200, timeout = private$load_timeout)
 16. |               \-shinytest2:::app_wait_for_idle(...)
 17. |                 \-shinytest2:::app_abort(self, private, "An error occurred while waiting for Shiny to be stable")
 18. |                   \-rlang::abort(..., app = self, call = call)
 19. |                     \-rlang:::signal_abort(cnd, .file)
 20. |                       \-base::signalCondition(cnd)
 21. +-shinytest2 (local) `&lt;fn&gt;`(`&lt;rlng_rrr&gt;`)
 22. | \-shinytest2:::app_abort(...)
 23. |   \-rlang::abort(..., app = self, call = call)
 24. |     \-rlang:::signal_abort(cnd, .file)
 25. |       \-base::signalCondition(cnd)
 26. \-shinytest2 (local) `&lt;fn&gt;`(`&lt;rlng_rrr&gt;`)
 27.   \-shinytest2:::app_abort(...)
 28.     \-rlang::abort(..., app = self, call = call)</error>
    </testcase>
    <testcase time="124.488" classname="shinytest2_tm_g_gh_lineplot" name="e2e_tm_g_gh_lineplot_changing_pick_changes_plot_and_does_not_throw_validation_errors._yaxis_var">
      <error type="error" message="Error in `app_initialize(self, private, app_dir = app_dir, ..., load_timeout = load_timeout, timeout = timeout, wait = wait, expect_values_screenshot_args = expect_values_screenshot_args, screenshot_args = screenshot_args, check_names = check_names, name = name, variant = variant, view = view, height = height, width = width, seed = seed, clean_logs = clean_logs, shiny_args = shiny_args, render_args = render_args, options = options)`: Shiny app did not become stable in 120000ms. ('test-shinytest2-tm_g_gh_lineplot.R:71:7')">Error in `app_initialize(self, private, app_dir = app_dir, ..., load_timeout = load_timeout, timeout = timeout, wait = wait, expect_values_screenshot_args = expect_values_screenshot_args, screenshot_args = screenshot_args, check_names = check_names, name = name, variant = variant, view = view, height = height, width = width, seed = seed, clean_logs = clean_logs, shiny_args = shiny_args, render_args = render_args, options = options)`: Shiny app did not become stable in 120000ms.
Message: An error occurred while waiting for Shiny to be stable
Caused by error in `app_wait_for_idle()`:
! An error occurred while waiting for Shiny to be stable


i You can inspect the failed AppDriver object via `rlang::last_error()$app`
i AppDriver logs:
{shinytest2} R  info    13:05:14.77 Start AppDriver initialization
{shinytest2} R  info    13:05:14.94 Starting Shiny app
{shinytest2} R  info    13:05:16.60 Creating new ChromoteSession
{shinytest2} R  info    13:05:16.66 Navigating to Shiny app
{shinytest2} R  info    13:05:17.90 Injecting shiny-tracer.js
{chromote}   JS info    13:05:17.92 shinytest2; jQuery not found
{chromote}   JS info    13:05:17.92 shinytest2; Loaded
{shinytest2} R  info    13:05:17.92 Waiting for Shiny to become ready
{chromote}   JS info    13:05:17.98 shinytest2; jQuery found
{chromote}   JS info    13:05:17.98 shinytest2; Waiting for shiny session to connect
{chromote}   JS info    13:05:18.29 shinytest2; Connected
{chromote}   JS info    13:05:18.34 shinytest2; shiny:busy
{shinytest2} R  info    13:05:18.37 Waiting for Shiny to become idle for 200ms within 120000ms
{chromote}   JS info    13:05:18.37 shinytest2; Waiting for Shiny to be stable
{chromote}   JS log     13:05:18.51 Teal: Sending document title: teal app to input: teal-teal_modules-app_title
                                    (anonymous)             @ :669:10
                                    _sendMessagesToHandlers @ shiny-javascript-1.14.0/shiny.min.js:443:9166
                                    (anonymous)             @ shiny-javascript-1.14.0/shiny.min.js:443:10855
                                    _sendMessagesToHandlers @ shiny-javascript-1.14.0/shiny.min.js:443:9166
                                    dispatchMessage         @ shiny-javascript-1.14.0/shiny.min.js:443:9001
                                    (anonymous)             @ shiny-javascript-1.14.0/shiny.min.js:443:4924
                                    startActionQueueLoop    @ shiny-javascript-1.14.0/shiny.min.js:443:5210
{chromote}   JS warning 13:05:24.79 Container not found for input after timeout: teal-teal_modules-nav-line_plot-module-xaxis_param-values-selected
                                    (anonymous) @ js/input-validator.js:56:14
{chromote}   JS warning 13:05:24.79 Container not found for input after timeout: teal-teal_modules-nav-line_plot-module-trt_group-variables-selected
                                    (anonymous) @ js/input-validator.js:56:14
{chromote}   JS warning 13:05:24.79 Container not found for input after timeout: teal-teal_modules-nav-line_plot-module-xaxis_var-variables-selected
                                    (anonymous) @ js/input-validator.js:56:14
{chromote}   JS warning 13:05:24.79 Container not found for input after timeout: teal-teal_modules-nav-line_plot-module-yaxis_var-variables-selected
                                    (anonymous) @ js/input-validator.js:56:14
{chromote}   JS warning 13:05:25.07 Container not found for input after timeout: teal-teal_modules-nav-line_plot-module-yrange_scale
                                    (anonymous) @ js/input-validator.js:56:14
{shinytest2} R  info    13:07:18.39 Error while initializing AppDriver:
                                    Shiny app did not become stable in 120000ms.
                                    Message: An error occurred while waiting for Shiny to be stable
                                    Caused by error in `app_wait_for_idle()`:
                                    ! An error occurred while waiting for Shiny to be stable
{shiny}      R  stderr  ----------- Loading required package: shiny
{shiny}      R  stderr  ----------- Attempting to load the environment ‘package:stringr’
{shiny}      R  stderr  ----------- Loading required package: teal.data
{shiny}      R  stderr  ----------- Loading required package: teal.code
{shiny}      R  stderr  ----------- Loading required package: teal.slice
{shiny}      R  stderr  ----------- 
{shiny}      R  stderr  ----------- You are using teal version 1.2.1
{shiny}      R  stderr  ----------- 
{shiny}      R  stderr  ----------- Attaching package: ‘teal’
{shiny}      R  stderr  ----------- 
{shiny}      R  stderr  ----------- The following objects are masked from ‘package:teal.slice’:
{shiny}      R  stderr  ----------- 
{shiny}      R  stderr  -----------     as.teal_slices, teal_slices
{shiny}      R  stderr  ----------- 
{shiny}      R  stderr  ----------- Running application in test mode.
{shiny}      R  stderr  ----------- 
{shiny}      R  stderr  ----------- Listening on http://127.0.0.1:4159
{shiny}      R  stderr  ----------- Warning: Error in &lt;reactive&gt;: attempt to apply non-function
{shiny}      R  stderr  -----------   122: &lt;reactive&gt;
{shiny}      R  stderr  -----------   100: shape_choices
{shiny}      R  stderr  -----------    99: &lt;reactive&gt;
{shiny}      R  stderr  -----------    77: data_state
{shiny}      R  stderr  -----------    76: eval_tidy
{shiny}      R  stderr  -----------    75: eventFunc
{shiny}      R  stderr  -----------    62: observeEvent(data_state()$range)
{shiny}      R  stderr  -----------    61: contextFunc
{shiny}      R  stderr  -----------    60: env$runWith
{shiny}      R  stderr  -----------    47: ctx$run
{shiny}      R  stderr  -----------    46: run
{shiny}      R  stderr  -----------    27: flushCallback
{shiny}      R  stderr  -----------    26: FUN
{shiny}      R  stderr  -----------    25: lapply
{shiny}      R  stderr  -----------    24: ctx$executeFlushCallbacks
{shiny}      R  stderr  -----------    23: .getReactiveEnvironment()$flush
{shiny}      R  stderr  -----------    22: flushReact
{shiny}      R  stderr  -----------    21: serviceApp
{shiny}      R  stderr  -----------    14: &lt;Anonymous&gt;
{shiny}      R  stderr  -----------    12: &lt;Anonymous&gt;
{shiny}      R  stderr  -----------    11: &lt;Anonymous&gt;
{shiny}      R  stderr  -----------    10: base::do.call
{shiny}      R  stderr  -----------     9: base::saveRDS
{shiny}      R  stderr  -----------     8: base::withCallingHandlers
{shiny}      R  stderr  -----------     7: doTryCatch
{shiny}      R  stderr  -----------     6: tryCatchOne
{shiny}      R  stderr  -----------     5: tryCatchList
{shiny}      R  stderr  -----------     2: tryCatchList
{shiny}      R  stderr  -----------     1: base::tryCatch
{shiny}      R  stderr  ----------- Warning: Error in &lt;reactive&gt;: attempt to apply non-function
{shiny}      R  stderr  -----------   79: &lt;Anonymous&gt;
{shiny}      R  stderr  -----------   78: stop
{shiny}      R  stderr  -----------   77: shape_choices
{shiny}      R  stderr  -----------   76: eval_tidy
{shiny}      R  stderr  -----------   75: eventFunc
{shiny}      R  stderr  -----------   62: observeEvent(shape_choices())
{shiny}      R  stderr  -----------   61: contextFunc
{shiny}      R  stderr  -----------   60: env$runWith
{shiny}      R  stderr  -----------   47: ctx$run
{shiny}      R  stderr  -----------   46: run
{shiny}      R  stderr  -----------   27: flushCallback
{shiny}      R  stderr  -----------   26: FUN
{shiny}      R  stderr  -----------   25: lapply
{shiny}      R  stderr  -----------   24: ctx$executeFlushCallbacks
{shiny}      R  stderr  -----------   23: .getReactiveEnvironment()$flush
{shiny}      R  stderr  -----------   22: flushReact
{shiny}      R  stderr  -----------   21: serviceApp
{shiny}      R  stderr  -----------   14: &lt;Anonymous&gt;
{shiny}      R  stderr  -----------   12: &lt;Anonymous&gt;
{shiny}      R  stderr  -----------   11: &lt;Anonymous&gt;
{shiny}      R  stderr  -----------   10: base::do.call
{shiny}      R  stderr  -----------    9: base::saveRDS
{shiny}      R  stderr  -----------    8: base::withCallingHandlers
{shiny}      R  stderr  -----------    7: doTryCatch
{shiny}      R  stderr  -----------    6: tryCatchOne
{shiny}      R  stderr  -----------    5: tryCatchList
{shiny}      R  stderr  -----------    2: tryCatchList
{shiny}      R  stderr  -----------    1: base::tryCatch
{shiny}      R  stderr  ----------- Warning: Error in &lt;reactive&gt;: attempt to apply non-function
{shiny}      R  stderr  -----------   73: &lt;Anonymous&gt;
{shiny}      R  stderr  -----------   72: stop
{shiny}      R  stderr  -----------   71: shape_choices
{shiny}      R  stderr  -----------   64: observe
{shiny}      R  stderr  -----------   63: &lt;observer&gt;
{shiny}      R  stderr  -----------   14: &lt;Anonymous&gt;
{shiny}      R  stderr  -----------   12: &lt;Anonymous&gt;
{shiny}      R  stderr  -----------   11: &lt;Anonymous&gt;
{shiny}      R  stderr  -----------   10: base::do.call
{shiny}      R  stderr  -----------    9: base::saveRDS
{shiny}      R  stderr  -----------    8: base::withCallingHandlers
{shiny}      R  stderr  -----------    7: doTryCatch
{shiny}      R  stderr  -----------    6: tryCatchOne
{shiny}      R  stderr  -----------    5: tryCatchList
{shiny}      R  stderr  -----------    2: tryCatchList
{shiny}      R  stderr  -----------    1: base::tryCatch
{shiny}      R  stderr  ----------- Active module changed: app="teal app", module="Line Plot"


Caused by error in `app_initialize_()`:
! Shiny app did not become stable in 120000ms.
Message: An error occurred while waiting for Shiny to be stable
Caused by error in `app_wait_for_idle()`:
! An error occurred while waiting for Shiny to be stable
Backtrace:
     x
  1. +-teal.goshawk (local) tm_g_gh_lineplot_driver() at test-shinytest2-tm_g_gh_lineplot.R:71:7
  2. | \-teal.goshawk:::init_teal_app_driver(...) at test-shinytest2-tm_g_gh_lineplot.R:2:3
  3. |   +-testthat::with_mocked_bindings(...) at ./helper-TealAppDriver.R:21:3
  4. |   \-TealAppDriver$new(teal::init(...)) at ./helper-TealAppDriver.R:24:7
  5. |     \-teal (local) initialize(...)
  6. |       +-base::suppressWarnings(...)
  7. |       | \-base::withCallingHandlers(...)
  8. |       +-withr::with_envvar(...)
  9. |       | \-base::force(code)
 10. |       \-super$initialize(...)
 11. |         \-shinytest2:::app_initialize(...)
 12. |           +-base::withCallingHandlers(...)
 13. |           \-shinytest2:::app_initialize_(self, private, ..., view = view)
 14. |             +-base::withCallingHandlers(...)
 15. |             \-self$wait_for_idle(duration = 200, timeout = private$load_timeout)
 16. |               \-shinytest2:::app_wait_for_idle(...)
 17. |                 \-shinytest2:::app_abort(self, private, "An error occurred while waiting for Shiny to be stable")
 18. |                   \-rlang::abort(..., app = self, call = call)
 19. |                     \-rlang:::signal_abort(cnd, .file)
 20. |                       \-base::signalCondition(cnd)
 21. +-shinytest2 (local) `&lt;fn&gt;`(`&lt;rlng_rrr&gt;`)
 22. | \-shinytest2:::app_abort(...)
 23. |   \-rlang::abort(..., app = self, call = call)
 24. |     \-rlang:::signal_abort(cnd, .file)
 25. |       \-base::signalCondition(cnd)
 26. \-shinytest2 (local) `&lt;fn&gt;`(`&lt;rlng_rrr&gt;`)
 27.   \-shinytest2:::app_abort(...)
 28.     \-rlang::abort(..., app = self, call = call)</error>
    </testcase>
    <testcase time="124.463" classname="shinytest2_tm_g_gh_lineplot" name="e2e_tm_g_gh_lineplot_changing_pick_changes_plot_and_does_not_throw_validation_errors._trt_group">
      <error type="error" message="Error in `app_initialize(self, private, app_dir = app_dir, ..., load_timeout = load_timeout, timeout = timeout, wait = wait, expect_values_screenshot_args = expect_values_screenshot_args, screenshot_args = screenshot_args, check_names = check_names, name = name, variant = variant, view = view, height = height, width = width, seed = seed, clean_logs = clean_logs, shiny_args = shiny_args, render_args = render_args, options = options)`: Shiny app did not become stable in 120000ms. ('test-shinytest2-tm_g_gh_lineplot.R:71:7')">Error in `app_initialize(self, private, app_dir = app_dir, ..., load_timeout = load_timeout, timeout = timeout, wait = wait, expect_values_screenshot_args = expect_values_screenshot_args, screenshot_args = screenshot_args, check_names = check_names, name = name, variant = variant, view = view, height = height, width = width, seed = seed, clean_logs = clean_logs, shiny_args = shiny_args, render_args = render_args, options = options)`: Shiny app did not become stable in 120000ms.
Message: An error occurred while waiting for Shiny to be stable
Caused by error in `app_wait_for_idle()`:
! An error occurred while waiting for Shiny to be stable


i You can inspect the failed AppDriver object via `rlang::last_error()$app`
i AppDriver logs:
{shinytest2} R  info    13:07:19.22 Start AppDriver initialization
{shinytest2} R  info    13:07:19.40 Starting Shiny app
{shinytest2} R  info    13:07:21.05 Creating new ChromoteSession
{shinytest2} R  info    13:07:21.10 Navigating to Shiny app
{shinytest2} R  info    13:07:22.34 Injecting shiny-tracer.js
{chromote}   JS info    13:07:22.36 shinytest2; jQuery not found
{chromote}   JS info    13:07:22.36 shinytest2; Loaded
{shinytest2} R  info    13:07:22.37 Waiting for Shiny to become ready
{chromote}   JS info    13:07:22.42 shinytest2; jQuery found
{chromote}   JS info    13:07:22.42 shinytest2; Waiting for shiny session to connect
{chromote}   JS info    13:07:22.76 shinytest2; Connected
{chromote}   JS info    13:07:22.82 shinytest2; shiny:busy
{shinytest2} R  info    13:07:22.83 Waiting for Shiny to become idle for 200ms within 120000ms
{chromote}   JS info    13:07:22.84 shinytest2; Waiting for Shiny to be stable
{chromote}   JS log     13:07:22.98 Teal: Sending document title: teal app to input: teal-teal_modules-app_title
                                    (anonymous)             @ :669:10
                                    _sendMessagesToHandlers @ shiny-javascript-1.14.0/shiny.min.js:443:9166
                                    (anonymous)             @ shiny-javascript-1.14.0/shiny.min.js:443:10855
                                    _sendMessagesToHandlers @ shiny-javascript-1.14.0/shiny.min.js:443:9166
                                    dispatchMessage         @ shiny-javascript-1.14.0/shiny.min.js:443:9001
                                    (anonymous)             @ shiny-javascript-1.14.0/shiny.min.js:443:4924
                                    startActionQueueLoop    @ shiny-javascript-1.14.0/shiny.min.js:443:5210
{chromote}   JS warning 13:07:29.31 Container not found for input after timeout: teal-teal_modules-nav-line_plot-module-xaxis_param-values-selected
                                    (anonymous) @ js/input-validator.js:56:14
{chromote}   JS warning 13:07:29.31 Container not found for input after timeout: teal-teal_modules-nav-line_plot-module-trt_group-variables-selected
                                    (anonymous) @ js/input-validator.js:56:14
{chromote}   JS warning 13:07:29.31 Container not found for input after timeout: teal-teal_modules-nav-line_plot-module-xaxis_var-variables-selected
                                    (anonymous) @ js/input-validator.js:56:14
{chromote}   JS warning 13:07:29.31 Container not found for input after timeout: teal-teal_modules-nav-line_plot-module-yaxis_var-variables-selected
                                    (anonymous) @ js/input-validator.js:56:14
{chromote}   JS warning 13:07:29.59 Container not found for input after timeout: teal-teal_modules-nav-line_plot-module-yrange_scale
                                    (anonymous) @ js/input-validator.js:56:14
{shinytest2} R  info    13:09:22.85 Error while initializing AppDriver:
                                    Shiny app did not become stable in 120000ms.
                                    Message: An error occurred while waiting for Shiny to be stable
                                    Caused by error in `app_wait_for_idle()`:
                                    ! An error occurred while waiting for Shiny to be stable
{shiny}      R  stderr  ----------- Loading required package: shiny
{shiny}      R  stderr  ----------- Attempting to load the environment ‘package:stringr’
{shiny}      R  stderr  ----------- Loading required package: teal.data
{shiny}      R  stderr  ----------- Loading required package: teal.code
{shiny}      R  stderr  ----------- Loading required package: teal.slice
{shiny}      R  stderr  ----------- 
{shiny}      R  stderr  ----------- You are using teal version 1.2.1
{shiny}      R  stderr  ----------- 
{shiny}      R  stderr  ----------- Attaching package: ‘teal’
{shiny}      R  stderr  ----------- 
{shiny}      R  stderr  ----------- The following objects are masked from ‘package:teal.slice’:
{shiny}      R  stderr  ----------- 
{shiny}      R  stderr  -----------     as.teal_slices, teal_slices
{shiny}      R  stderr  ----------- 
{shiny}      R  stderr  ----------- Running application in test mode.
{shiny}      R  stderr  ----------- 
{shiny}      R  stderr  ----------- Listening on http://127.0.0.1:7977
{shiny}      R  stderr  ----------- Warning: Error in &lt;reactive&gt;: attempt to apply non-function
{shiny}      R  stderr  -----------   122: &lt;reactive&gt;
{shiny}      R  stderr  -----------   100: shape_choices
{shiny}      R  stderr  -----------    99: &lt;reactive&gt;
{shiny}      R  stderr  -----------    77: data_state
{shiny}      R  stderr  -----------    76: eval_tidy
{shiny}      R  stderr  -----------    75: eventFunc
{shiny}      R  stderr  -----------    62: observeEvent(data_state()$range)
{shiny}      R  stderr  -----------    61: contextFunc
{shiny}      R  stderr  -----------    60: env$runWith
{shiny}      R  stderr  -----------    47: ctx$run
{shiny}      R  stderr  -----------    46: run
{shiny}      R  stderr  -----------    27: flushCallback
{shiny}      R  stderr  -----------    26: FUN
{shiny}      R  stderr  -----------    25: lapply
{shiny}      R  stderr  -----------    24: ctx$executeFlushCallbacks
{shiny}      R  stderr  -----------    23: .getReactiveEnvironment()$flush
{shiny}      R  stderr  -----------    22: flushReact
{shiny}      R  stderr  -----------    21: serviceApp
{shiny}      R  stderr  -----------    14: &lt;Anonymous&gt;
{shiny}      R  stderr  -----------    12: &lt;Anonymous&gt;
{shiny}      R  stderr  -----------    11: &lt;Anonymous&gt;
{shiny}      R  stderr  -----------    10: base::do.call
{shiny}      R  stderr  -----------     9: base::saveRDS
{shiny}      R  stderr  -----------     8: base::withCallingHandlers
{shiny}      R  stderr  -----------     7: doTryCatch
{shiny}      R  stderr  -----------     6: tryCatchOne
{shiny}      R  stderr  -----------     5: tryCatchList
{shiny}      R  stderr  -----------     2: tryCatchList
{shiny}      R  stderr  -----------     1: base::tryCatch
{shiny}      R  stderr  ----------- Warning: Error in &lt;reactive&gt;: attempt to apply non-function
{shiny}      R  stderr  -----------   79: &lt;Anonymous&gt;
{shiny}      R  stderr  -----------   78: stop
{shiny}      R  stderr  -----------   77: shape_choices
{shiny}      R  stderr  -----------   76: eval_tidy
{shiny}      R  stderr  -----------   75: eventFunc
{shiny}      R  stderr  -----------   62: observeEvent(shape_choices())
{shiny}      R  stderr  -----------   61: contextFunc
{shiny}      R  stderr  -----------   60: env$runWith
{shiny}      R  stderr  -----------   47: ctx$run
{shiny}      R  stderr  -----------   46: run
{shiny}      R  stderr  -----------   27: flushCallback
{shiny}      R  stderr  -----------   26: FUN
{shiny}      R  stderr  -----------   25: lapply
{shiny}      R  stderr  -----------   24: ctx$executeFlushCallbacks
{shiny}      R  stderr  -----------   23: .getReactiveEnvironment()$flush
{shiny}      R  stderr  -----------   22: flushReact
{shiny}      R  stderr  -----------   21: serviceApp
{shiny}      R  stderr  -----------   14: &lt;Anonymous&gt;
{shiny}      R  stderr  -----------   12: &lt;Anonymous&gt;
[...]
    </testcase>
  </testsuite>
  <testsuite name="tm_g_gh_correlationplot" timestamp="2026-08-25T13:09:22Z" hostname="04443600d214" tests="47" skipped="0" failures="0" errors="0" time="2.04">
    <testcase time="0.105000000000018" classname="tm_g_gh_correlationplot" name="tm_g_gh_correlationplot_can_be_created_with_default_arguments"/>
    <testcase time="0.00299999999992906" classname="tm_g_gh_correlationplot" name="tm_g_gh_correlationplot_can_be_created_with_default_arguments"/>
    <testcase time="0.0120000000000573" classname="tm_g_gh_correlationplot" name="tm_g_gh_correlationplot_can_be_created_with_choices_selected_arguments"/>
    <testcase time="0.00299999999992906" classname="tm_g_gh_correlationplot" name="tm_g_gh_correlationplot_can_be_created_with_choices_selected_arguments"/>
    <testcase time="0.0110000000000809" classname="tm_g_gh_correlationplot" name="tm_g_gh_correlationplot_can_be_created_with_custom_picks_arguments"/>
    <testcase time="0.00299999999992906" classname="tm_g_gh_correlationplot" name="tm_g_gh_correlationplot_can_be_created_with_custom_picks_arguments"/>
    <testcase time="0.0110000000000809" classname="tm_g_gh_correlationplot" name="tm_g_gh_correlationplot_handles_multiple_parameter_combinations"/>
    <testcase time="0.00299999999992906" classname="tm_g_gh_correlationplot" name="tm_g_gh_correlationplot_handles_multiple_parameter_combinations"/>
    <testcase time="0.0120000000000573" classname="tm_g_gh_correlationplot" name="tm_g_gh_correlationplot_accepts_custom_color_and_shape_specifications_with_choices_selected"/>
    <testcase time="0.00199999999995271" classname="tm_g_gh_correlationplot" name="tm_g_gh_correlationplot_accepts_custom_color_and_shape_specifications_with_choices_selected"/>
    <testcase time="0.0120000000000573" classname="tm_g_gh_correlationplot" name="tm_g_gh_correlationplot_accepts_line_arguments_with_choices_selected"/>
    <testcase time="0.00199999999995271" classname="tm_g_gh_correlationplot" name="tm_g_gh_correlationplot_accepts_line_arguments_with_choices_selected"/>
    <testcase time="0.0679999999999836" classname="tm_g_gh_correlationplot" name="tm_g_gh_correlationplot_invalid_arguments_throws_an_error_when_label_is_invalid"/>
    <testcase time="0.00999999999999091" classname="tm_g_gh_correlationplot" name="tm_g_gh_correlationplot_invalid_arguments_throws_an_error_when_dataname_is_invalid"/>
    <testcase time="0.00900000000001455" classname="tm_g_gh_correlationplot" name="tm_g_gh_correlationplot_invalid_arguments_throws_an_error_when_xaxis_param_is_invalid"/>
    <testcase time="0.0110000000000809" classname="tm_g_gh_correlationplot" name="tm_g_gh_correlationplot_invalid_arguments_throws_an_error_when_yaxis_param_is_invalid"/>
    <testcase time="0.0109999999999673" classname="tm_g_gh_correlationplot" name="tm_g_gh_correlationplot_invalid_arguments_throws_an_error_when_xaxis_var_is_invalid"/>
    <testcase time="0.0109999999999673" classname="tm_g_gh_correlationplot" name="tm_g_gh_correlationplot_invalid_arguments_throws_an_error_when_yaxis_var_is_invalid"/>
    <testcase time="0.0120000000000573" classname="tm_g_gh_correlationplot" name="tm_g_gh_correlationplot_invalid_arguments_throws_an_error_when_trt_group_is_invalid"/>
    <testcase time="0.0569999999999027" classname="tm_g_gh_correlationplot" name="tm_g_gh_correlationplot_invalid_arguments_throws_an_error_when_color_manual_is_invalid"/>
    <testcase time="0.0640000000000782" classname="tm_g_gh_correlationplot" name="tm_g_gh_correlationplot_invalid_arguments_throws_an_error_when_shape_manual_is_invalid"/>
    <testcase time="0.0570000000000164" classname="tm_g_gh_correlationplot" name="tm_g_gh_correlationplot_invalid_arguments_throws_an_error_when_facet_ncol_is_invalid"/>
    <testcase time="0.0559999999999263" classname="tm_g_gh_correlationplot" name="tm_g_gh_correlationplot_invalid_arguments_throws_an_error_when_visit_facet_is_invalid"/>
    <testcase time="0.0600000000000591" classname="tm_g_gh_correlationplot" name="tm_g_gh_correlationplot_invalid_arguments_throws_an_error_when_trt_facet_is_invalid"/>
    <testcase time="0.0539999999999736" classname="tm_g_gh_correlationplot" name="tm_g_gh_correlationplot_invalid_arguments_throws_an_error_when_reg_line_is_invalid"/>
    <testcase time="0.05600000000004" classname="tm_g_gh_correlationplot" name="tm_g_gh_correlationplot_invalid_arguments_throws_an_error_when_loq_legend_is_invalid"/>
    <testcase time="0.0620000000000118" classname="tm_g_gh_correlationplot" name="tm_g_gh_correlationplot_invalid_arguments_throws_an_error_when_rotate_xlab_is_invalid"/>
    <testcase time="0.0579999999999927" classname="tm_g_gh_correlationplot" name="tm_g_gh_correlationplot_invalid_arguments_throws_an_error_when_hline_arb_is_invalid"/>
    <testcase time="0.0579999999999927" classname="tm_g_gh_correlationplot" name="tm_g_gh_correlationplot_invalid_arguments_throws_an_error_when_hline_vars_is_invalid"/>
    <testcase time="0.0620000000000118" classname="tm_g_gh_correlationplot" name="tm_g_gh_correlationplot_invalid_arguments_throws_an_error_when_vline_arb_is_invalid"/>
    <testcase time="0.0579999999999927" classname="tm_g_gh_correlationplot" name="tm_g_gh_correlationplot_invalid_arguments_throws_an_error_when_vline_vars_is_invalid"/>
    <testcase time="0.0589999999999691" classname="tm_g_gh_correlationplot" name="tm_g_gh_correlationplot_invalid_arguments_throws_an_error_when_plot_height_is_invalid"/>
    <testcase time="0.0629999999999882" classname="tm_g_gh_correlationplot" name="tm_g_gh_correlationplot_invalid_arguments_throws_an_error_when_plot_width_is_invalid"/>
    <testcase time="0.0579999999999927" classname="tm_g_gh_correlationplot" name="tm_g_gh_correlationplot_invalid_arguments_throws_an_error_when_font_size_is_invalid"/>
    <testcase time="0.0600000000000591" classname="tm_g_gh_correlationplot" name="tm_g_gh_correlationplot_invalid_arguments_throws_an_error_when_dot_size_is_invalid"/>
    <testcase time="0.0619999999998981" classname="tm_g_gh_correlationplot" name="tm_g_gh_correlationplot_invalid_arguments_throws_an_error_when_reg_text_size_is_invalid"/>
    <testcase time="0.0540000000000873" classname="tm_g_gh_correlationplot" name="tm_g_gh_correlationplot_invalid_arguments_throws_an_error_when_pre_output_is_invalid"/>
    <testcase time="0.0589999999999691" classname="tm_g_gh_correlationplot" name="tm_g_gh_correlationplot_invalid_arguments_throws_an_error_when_post_output_is_invalid"/>
    <testcase time="0.0660000000000309" classname="tm_g_gh_correlationplot" name="tm_g_gh_correlationplot_invalid_arguments_throws_an_error_when_transformators_is_invalid"/>
    <testcase time="0.0649999999999409" classname="tm_g_gh_correlationplot" name="tm_g_gh_correlationplot_invalid_arguments_throws_an_error_when_hline_arb_label_is_invalid"/>
    <testcase time="0.0670000000000073" classname="tm_g_gh_correlationplot" name="tm_g_gh_correlationplot_invalid_arguments_throws_an_error_when_hline_arb_color_is_invalid"/>
    <testcase time="0.07000000000005" classname="tm_g_gh_correlationplot" name="tm_g_gh_correlationplot_invalid_arguments_throws_an_error_when_hline_vars_colors_is_invalid"/>
    <testcase time="0.0659999999999172" classname="tm_g_gh_correlationplot" name="tm_g_gh_correlationplot_invalid_arguments_throws_an_error_when_hline_vars_labels_is_invalid"/>
    <testcase time="0.0730000000000928" classname="tm_g_gh_correlationplot" name="tm_g_gh_correlationplot_invalid_arguments_throws_an_error_when_vline_arb_label_is_invalid"/>
    <testcase time="0.0659999999999172" classname="tm_g_gh_correlationplot" name="tm_g_gh_correlationplot_invalid_arguments_throws_an_error_when_vline_arb_color_is_invalid"/>
    <testcase time="0.0670000000000073" classname="tm_g_gh_correlationplot" name="tm_g_gh_correlationplot_invalid_arguments_throws_an_error_when_vline_vars_colors_is_invalid"/>
    <testcase time="0.0720000000000027" classname="tm_g_gh_correlationplot" name="tm_g_gh_correlationplot_invalid_arguments_throws_an_error_when_vline_vars_labels_is_invalid"/>
  </testsuite>
  <testsuite name="tm_g_gh_density_distribution_plot" timestamp="2026-08-25T13:09:24Z" hostname="04443600d214" tests="34" skipped="0" failures="0" errors="0" time="1.046">
    <testcase time="0.0529999999999973" classname="tm_g_gh_density_distribution_plot" name="tm_g_gh_density_distribution_plot_can_be_created_with_default_arguments"/>
    <testcase time="0.00300000000004275" classname="tm_g_gh_density_distribution_plot" name="tm_g_gh_density_distribution_plot_can_be_created_with_default_arguments"/>
    <testcase time="0.00900000000001455" classname="tm_g_gh_density_distribution_plot" name="tm_g_gh_density_distribution_plot_can_be_created_with_choices_selected_arguments"/>
    <testcase time="0.00199999999995271" classname="tm_g_gh_density_distribution_plot" name="tm_g_gh_density_distribution_plot_can_be_created_with_choices_selected_arguments"/>
    <testcase time="0.00900000000001455" classname="tm_g_gh_density_distribution_plot" name="tm_g_gh_density_distribution_plot_can_be_created_with_custom_picks_arguments"/>
    <testcase time="0.00300000000004275" classname="tm_g_gh_density_distribution_plot" name="tm_g_gh_density_distribution_plot_can_be_created_with_custom_picks_arguments"/>
    <testcase time="0.00799999999992451" classname="tm_g_gh_density_distribution_plot" name="tm_g_gh_density_distribution_plot_handles_different_parameter_combinations"/>
    <testcase time="0.00300000000004275" classname="tm_g_gh_density_distribution_plot" name="tm_g_gh_density_distribution_plot_handles_different_parameter_combinations"/>
    <testcase time="0.00900000000001455" classname="tm_g_gh_density_distribution_plot" name="tm_g_gh_density_distribution_plot_accepts_custom_color_specifications"/>
    <testcase time="0.00299999999992906" classname="tm_g_gh_density_distribution_plot" name="tm_g_gh_density_distribution_plot_accepts_custom_color_specifications"/>
    <testcase time="0.00900000000001455" classname="tm_g_gh_density_distribution_plot" name="tm_g_gh_density_distribution_plot_accepts_line_arguments"/>
    <testcase time="0.00300000000004275" classname="tm_g_gh_density_distribution_plot" name="tm_g_gh_density_distribution_plot_accepts_line_arguments"/>
    <testcase time="0.0130000000000337" classname="tm_g_gh_density_distribution_plot" name="tm_g_gh_density_distribution_plot_handles_plot_dimensions_correctly"/>
    <testcase time="0.00299999999992906" classname="tm_g_gh_density_distribution_plot" name="tm_g_gh_density_distribution_plot_handles_plot_dimensions_correctly"/>
    <testcase time="0.00999999999999091" classname="tm_g_gh_density_distribution_plot" name="tm_g_gh_density_distribution_plot_invalid_arguments_throws_an_error_when_label_is_invalid"/>
    <testcase time="0.00900000000001455" classname="tm_g_gh_density_distribution_plot" name="tm_g_gh_density_distribution_plot_invalid_arguments_throws_an_error_when_dataname_is_invalid"/>
    <testcase time="0.00900000000001455" classname="tm_g_gh_density_distribution_plot" name="tm_g_gh_density_distribution_plot_invalid_arguments_throws_an_error_when_param_is_invalid"/>
    <testcase time="0.00999999999999091" classname="tm_g_gh_density_distribution_plot" name="tm_g_gh_density_distribution_plot_invalid_arguments_throws_an_error_when_xaxis_var_is_invalid"/>
    <testcase time="0.00999999999999091" classname="tm_g_gh_density_distribution_plot" name="tm_g_gh_density_distribution_plot_invalid_arguments_throws_an_error_when_trt_group_is_invalid"/>
    <testcase time="0.05600000000004" classname="tm_g_gh_density_distribution_plot" name="tm_g_gh_density_distribution_plot_invalid_arguments_throws_an_error_when_color_manual_is_invalid"/>
    <testcase time="0.05499999999995" classname="tm_g_gh_density_distribution_plot" name="tm_g_gh_density_distribution_plot_invalid_arguments_throws_an_error_when_comb_line_is_invalid"/>
    <testcase time="0.0610000000000355" classname="tm_g_gh_density_distribution_plot" name="tm_g_gh_density_distribution_plot_invalid_arguments_throws_an_error_when_font_size_is_invalid"/>
    <testcase time="0.05600000000004" classname="tm_g_gh_density_distribution_plot" name="tm_g_gh_density_distribution_plot_invalid_arguments_throws_an_error_when_line_size_is_invalid"/>
    <testcase time="0.0579999999999927" classname="tm_g_gh_density_distribution_plot" name="tm_g_gh_density_distribution_plot_invalid_arguments_throws_an_error_when_hline_arb_is_invalid"/>
    <testcase time="0.0579999999999927" classname="tm_g_gh_density_distribution_plot" name="tm_g_gh_density_distribution_plot_invalid_arguments_throws_an_error_when_comb_line_is_invalid"/>
    <testcase time="0.0539999999999736" classname="tm_g_gh_density_distribution_plot" name="tm_g_gh_density_distribution_plot_invalid_arguments_throws_an_error_when_facet_ncol_is_invalid"/>
    <testcase time="0.0550000000000637" classname="tm_g_gh_density_distribution_plot" name="tm_g_gh_density_distribution_plot_invalid_arguments_throws_an_error_when_rotate_xlab_is_invalid"/>
    <testcase time="0.0599999999999454" classname="tm_g_gh_density_distribution_plot" name="tm_g_gh_density_distribution_plot_invalid_arguments_throws_an_error_when_plot_height_is_invalid"/>
    <testcase time="0.05600000000004" classname="tm_g_gh_density_distribution_plot" name="tm_g_gh_density_distribution_plot_invalid_arguments_throws_an_error_when_plot_width_is_invalid"/>
    <testcase time="0.05499999999995" classname="tm_g_gh_density_distribution_plot" name="tm_g_gh_density_distribution_plot_invalid_arguments_throws_an_error_when_pre_output_is_invalid"/>
    <testcase time="0.0610000000000355" classname="tm_g_gh_density_distribution_plot" name="tm_g_gh_density_distribution_plot_invalid_arguments_throws_an_error_when_post_output_is_invalid"/>
    <testcase time="0.0589999999999691" classname="tm_g_gh_density_distribution_plot" name="tm_g_gh_density_distribution_plot_invalid_arguments_throws_an_error_when_transformators_is_invalid"/>
    <testcase time="0.0600000000000591" classname="tm_g_gh_density_distribution_plot" name="tm_g_gh_density_distribution_plot_invalid_arguments_throws_error_when_hline_arb_label_is_invalid"/>
    <testcase time="0.0639999999999645" classname="tm_g_gh_density_distribution_plot" name="tm_g_gh_density_distribution_plot_invalid_arguments_throws_error_when_hline_arb_color_is_invalid"/>
  </testsuite>
  <testsuite name="tm_g_gh_lineplot" timestamp="2026-08-25T13:09:26Z" hostname="04443600d214" tests="36" skipped="0" failures="0" errors="0" time="2.108">
    <testcase time="0.0910000000000082" classname="tm_g_gh_lineplot" name="tm_g_gh_lineplot_can_be_created_with_default_arguments"/>
    <testcase time="0.00299999999992906" classname="tm_g_gh_lineplot" name="tm_g_gh_lineplot_can_be_created_with_default_arguments"/>
    <testcase time="0.00999999999999091" classname="tm_g_gh_lineplot" name="tm_g_gh_lineplot_can_be_created_with_choices_selected_arguments"/>
    <testcase time="0.00300000000004275" classname="tm_g_gh_lineplot" name="tm_g_gh_lineplot_can_be_created_with_choices_selected_arguments"/>
    <testcase time="0.0109999999999673" classname="tm_g_gh_lineplot" name="tm_g_gh_lineplot_can_be_created_with_custom_picks_arguments"/>
    <testcase time="0.00200000000006639" classname="tm_g_gh_lineplot" name="tm_g_gh_lineplot_can_be_created_with_custom_picks_arguments"/>
    <testcase time="0.0149999999999864" classname="tm_g_gh_lineplot" name="tm_g_gh_lineplot_handles_multiple_parameter_combinations"/>
    <testcase time="0.00199999999995271" classname="tm_g_gh_lineplot" name="tm_g_gh_lineplot_handles_multiple_parameter_combinations"/>
    <testcase time="0.00999999999999091" classname="tm_g_gh_lineplot" name="tm_g_gh_lineplot_accepts_custom_color_specifications_with_picks"/>
    <testcase time="0.00300000000004275" classname="tm_g_gh_lineplot" name="tm_g_gh_lineplot_accepts_custom_color_specifications_with_picks"/>
    <testcase time="0.00999999999999091" classname="tm_g_gh_lineplot" name="tm_g_gh_lineplot_accepts_line_arguments_with_picks"/>
    <testcase time="0.00200000000006639" classname="tm_g_gh_lineplot" name="tm_g_gh_lineplot_accepts_line_arguments_with_picks"/>
    <testcase time="0.00999999999999091" classname="tm_g_gh_lineplot" name="tm_g_gh_lineplot_invalid_arguments_throws_an_error_when_label_is_invalid"/>
    <testcase time="0.00900000000001455" classname="tm_g_gh_lineplot" name="tm_g_gh_lineplot_invalid_arguments_throws_an_error_when_dataname_is_invalid"/>
    <testcase time="0.00999999999999091" classname="tm_g_gh_lineplot" name="tm_g_gh_lineplot_invalid_arguments_throws_an_error_when_param_is_invalid"/>
    <testcase time="0.00900000000001455" classname="tm_g_gh_lineplot" name="tm_g_gh_lineplot_invalid_arguments_throws_an_error_when_param_var_label_is_invalid"/>
    <testcase time="0.00999999999999091" classname="tm_g_gh_lineplot" name="tm_g_gh_lineplot_invalid_arguments_throws_an_error_when_xaxis_var_is_invalid"/>
    <testcase time="0.0529999999999973" classname="tm_g_gh_lineplot" name="tm_g_gh_lineplot_invalid_arguments_throws_an_error_when_yaxis_var_is_invalid"/>
    <testcase time="0.0589999999999691" classname="tm_g_gh_lineplot" name="tm_g_gh_lineplot_invalid_arguments_throws_an_error_when_trt_group_is_invalid"/>
    <testcase time="0.0950000000000273" classname="tm_g_gh_lineplot" name="tm_g_gh_lineplot_invalid_arguments_throws_an_error_when_stat_is_invalid"/>
    <testcase time="0.112999999999943" classname="tm_g_gh_lineplot" name="tm_g_gh_lineplot_invalid_arguments_throws_an_error_when_color_manual_is_invalid"/>
    <testcase time="0.102000000000089" classname="tm_g_gh_lineplot" name="tm_g_gh_lineplot_invalid_arguments_throws_an_error_when_rotate_xlab_is_invalid"/>
    <testcase time="0.105999999999995" classname="tm_g_gh_lineplot" name="tm_g_gh_lineplot_invalid_arguments_throws_an_error_when_hline_arb_is_invalid"/>
    <testcase time="0.108999999999924" classname="tm_g_gh_lineplot" name="tm_g_gh_lineplot_invalid_arguments_throws_an_error_when_plot_height_is_invalid"/>
    <testcase time="0.103000000000065" classname="tm_g_gh_lineplot" name="tm_g_gh_lineplot_invalid_arguments_throws_an_error_when_plot_width_is_invalid"/>
    <testcase time="0.107999999999947" classname="tm_g_gh_lineplot" name="tm_g_gh_lineplot_invalid_arguments_throws_an_error_when_plot_font_size_is_invalid"/>
    <testcase time="0.100999999999999" classname="tm_g_gh_lineplot" name="tm_g_gh_lineplot_invalid_arguments_throws_an_error_when_dodge_is_invalid"/>
    <testcase time="0.104000000000042" classname="tm_g_gh_lineplot" name="tm_g_gh_lineplot_invalid_arguments_throws_an_error_when_count_threshold_is_invalid"/>
    <testcase time="0.108999999999924" classname="tm_g_gh_lineplot" name="tm_g_gh_lineplot_invalid_arguments_throws_an_error_when_table_font_size_is_invalid"/>
    <testcase time="0.100999999999999" classname="tm_g_gh_lineplot" name="tm_g_gh_lineplot_invalid_arguments_throws_an_error_when_dot_size_is_invalid"/>
    <testcase time="0.104000000000042" classname="tm_g_gh_lineplot" name="tm_g_gh_lineplot_invalid_arguments_throws_an_error_when_plot_relative_height_value_is_invalid"/>
    <testcase time="0.0960000000000036" classname="tm_g_gh_lineplot" name="tm_g_gh_lineplot_invalid_arguments_throws_an_error_when_pre_output_is_invalid"/>
    <testcase time="0.108000000000061" classname="tm_g_gh_lineplot" name="tm_g_gh_lineplot_invalid_arguments_throws_an_error_when_post_output_is_invalid"/>
    <testcase time="0.106999999999971" classname="tm_g_gh_lineplot" name="tm_g_gh_lineplot_invalid_arguments_throws_an_error_when_transformators_is_invalid"/>
    <testcase time="0.106999999999971" classname="tm_g_gh_lineplot" name="tm_g_gh_lineplot_invalid_arguments_throws_an_error_when_hline_arb_label_is_invalid"/>
    <testcase time="0.113000000000056" classname="tm_g_gh_lineplot" name="tm_g_gh_lineplot_invalid_arguments_throws_an_error_when_hline_arb_color_is_invalid"/>
  </testsuite>
</testsuites>
