<?xml version="1.0" encoding="UTF-8"?>
<testsuites>
  <testsuite name="shinytest2-tm_g_gh_boxplot" timestamp="2025-05-27T03:55:07Z" hostname="a832f9c130ba" tests="12" skipped="6" failures="0" errors="6" time="2.868">
    <testcase time="0.564" classname="shinytest2_tm_g_gh_boxplot" name="toggle_slider_module_widgets_are_initialized_with_proper_values">
      <skipped message="Reason: On CRAN ('test-shinytest2-tm_g_gh_boxplot.R:25:3')"/>
    </testcase>
    <testcase time="0.51" classname="shinytest2_tm_g_gh_boxplot" name="toggle_slider_module_changing_the_sliderInput_sets_proper_numericInput_values">
      <skipped message="Reason: On CRAN ('test-shinytest2-tm_g_gh_boxplot.R:38:3')"/>
    </testcase>
    <testcase time="0.428" classname="shinytest2_tm_g_gh_boxplot" name="toggle_slider_module_changing_the_numericInputs_within_the_sliderInput_range_sets_proper_sliderInput_values">
      <skipped message="Reason: On CRAN ('test-shinytest2-tm_g_gh_boxplot.R:54:5')"/>
    </testcase>
    <testcase time="0.415" classname="shinytest2_tm_g_gh_boxplot" name="toggle_slider_module_changing_the_numericInputs_outside_the_sliderInput_range_sets_proper_sliderInput_values_and_range">
      <skipped message="Reason: On CRAN ('test-shinytest2-tm_g_gh_boxplot.R:88:5')"/>
    </testcase>
    <testcase time="0.415" classname="shinytest2_tm_g_gh_boxplot" name="toggle_slider_module_changing_the_numericInputs_within_the_rage_sets_back_the_sliderInput_range_to_initial_range">
      <skipped message="Reason: On CRAN ('test-shinytest2-tm_g_gh_boxplot.R:121:5')"/>
    </testcase>
    <testcase time="0.421" classname="shinytest2_tm_g_gh_boxplot" name="toggle_slider_module_changing_dependant_widgets_outside_sets_proper_sliderInput_and_numericInput_values">
      <skipped message="Reason: On CRAN ('test-shinytest2-tm_g_gh_boxplot.R:155:5')"/>
    </testcase>
    <testcase time="0.0190000000000001" classname="shinytest2_tm_g_gh_boxplot" name="toggle_slider_module_widgets_are_initialized_with_proper_values">
      <error type="error" message="Error in `eval(code, test_env)`: object 'app_driver' not found ('test-shinytest2-tm_g_gh_boxplot.R:179:3')">Error in `eval(code, test_env)`: object 'app_driver' not found
Backtrace:
    x
 1. \-testthat::expect_setequal(...) at test-shinytest2-tm_g_gh_boxplot.R:179:3
 2.   \-testthat::quasi_label(enquo(object), arg = "object")
 3.     \-rlang::eval_bare(expr, quo_get_env(quo))</error>
    </testcase>
    <testcase time="0.024" classname="shinytest2_tm_g_gh_boxplot" name="toggle_slider_module_changing_the_sliderInput_sets_proper_numericInput_values">
      <error type="error" message="Error in `eval(code, test_env)`: object 'app_driver' not found ('test-shinytest2-tm_g_gh_boxplot.R:190:3')">Error in `eval(code, test_env)`: object 'app_driver' not found</error>
    </testcase>
    <testcase time="0.016" classname="shinytest2_tm_g_gh_boxplot" name="toggle_slider_module_changing_the_numericInputs_within_the_sliderInput_range_sets_proper_sliderInput_values">
      <error type="error" message="Error in `eval(code, test_env)`: object 'app_driver' not found ('test-shinytest2-tm_g_gh_boxplot.R:208:5')">Error in `eval(code, test_env)`: object 'app_driver' not found</error>
    </testcase>
    <testcase time="0.016" classname="shinytest2_tm_g_gh_boxplot" name="toggle_slider_module_changing_the_numericInputs_outside_the_sliderInput_range_sets_proper_sliderInput_values_and_range">
      <error type="error" message="Error in `eval(code, test_env)`: object 'app_driver' not found ('test-shinytest2-tm_g_gh_boxplot.R:235:5')">Error in `eval(code, test_env)`: object 'app_driver' not found</error>
    </testcase>
    <testcase time="0.0219999999999998" classname="shinytest2_tm_g_gh_boxplot" name="toggle_slider_module_changing_the_numericInputs_within_the_rage_sets_back_the_sliderInput_range_to_initial_range">
      <error type="error" message="Error in `eval(code, test_env)`: object 'app_driver' not found ('test-shinytest2-tm_g_gh_boxplot.R:266:5')">Error in `eval(code, test_env)`: object 'app_driver' not found</error>
    </testcase>
    <testcase time="0.0180000000000002" classname="shinytest2_tm_g_gh_boxplot" name="toggle_slider_module_changing_dependant_widgets_outside_sets_proper_sliderInput_and_numericInput_values">
      <error type="error" message="Error in `eval(code, test_env)`: object 'app_driver' not found ('test-shinytest2-tm_g_gh_boxplot.R:298:5')">Error in `eval(code, test_env)`: object 'app_driver' not found</error>
    </testcase>
  </testsuite>
</testsuites>
