<?xml version="1.0" encoding="UTF-8"?>
<testsuites>
  <testsuite name="shinytest2-tm_g_gh_boxplot" timestamp="2025-10-15T11:04:13Z" hostname="57f5d19cd210" tests="6" skipped="0" failures="0" errors="6" time="0.274">
    <testcase time="0.0800000000000001" classname="shinytest2_tm_g_gh_boxplot" name="toggle_slider_module_widgets_are_initialized_with_proper_values">
      <error type="error" message="Error in `checkmate::assert_class(app, &quot;teal_app&quot;)`: argument &quot;app&quot; is missing, with no default ('test-shinytest2-tm_g_gh_boxplot.R:25:3')">Error in `checkmate::assert_class(app, "teal_app")`: argument "app" is missing, with no default
Backtrace:
    x
 1. \-teal.goshawk (local) tm_g_gh_boxplot_driver() at test-shinytest2-tm_g_gh_boxplot.R:25:3
 2.   \-teal.goshawk:::init_teal_app_driver(...) at test-shinytest2-tm_g_gh_boxplot.R:2:3
 3.     +-testthat::with_mocked_bindings(...) at tests/testthat/helper-TealAppDriver.R:2:3
 4.     \-TealAppDriver$new(...) at tests/testthat/helper-TealAppDriver.R:5:7
 5.       \-teal (local) initialize(...)
 6.         \-checkmate::assert_class(app, "teal_app")</error>
    </testcase>
    <testcase time="0.081" classname="shinytest2_tm_g_gh_boxplot" name="toggle_slider_module_changing_the_sliderInput_sets_proper_numericInput_values">
      <error type="error" message="Error in `checkmate::assert_class(app, &quot;teal_app&quot;)`: argument &quot;app&quot; is missing, with no default ('test-shinytest2-tm_g_gh_boxplot.R:38:3')">Error in `checkmate::assert_class(app, "teal_app")`: argument "app" is missing, with no default
Backtrace:
    x
 1. \-teal.goshawk (local) tm_g_gh_boxplot_driver() at test-shinytest2-tm_g_gh_boxplot.R:38:3
 2.   \-teal.goshawk:::init_teal_app_driver(...) at test-shinytest2-tm_g_gh_boxplot.R:2:3
 3.     +-testthat::with_mocked_bindings(...) at tests/testthat/helper-TealAppDriver.R:2:3
 4.     \-TealAppDriver$new(...) at tests/testthat/helper-TealAppDriver.R:5:7
 5.       \-teal (local) initialize(...)
 6.         \-checkmate::assert_class(app, "teal_app")</error>
    </testcase>
    <testcase time="0.042" classname="shinytest2_tm_g_gh_boxplot" name="toggle_slider_module_changing_the_numericInputs_within_the_sliderInput_range_sets_proper_sliderInput_values">
      <error type="error" message="Error in `checkmate::assert_class(app, &quot;teal_app&quot;)`: argument &quot;app&quot; is missing, with no default ('test-shinytest2-tm_g_gh_boxplot.R:54:5')">Error in `checkmate::assert_class(app, "teal_app")`: argument "app" is missing, with no default
Backtrace:
    x
 1. \-teal.goshawk (local) tm_g_gh_boxplot_driver() at test-shinytest2-tm_g_gh_boxplot.R:54:5
 2.   \-teal.goshawk:::init_teal_app_driver(...) at test-shinytest2-tm_g_gh_boxplot.R:2:3
 3.     +-testthat::with_mocked_bindings(...) at tests/testthat/helper-TealAppDriver.R:2:3
 4.     \-TealAppDriver$new(...) at tests/testthat/helper-TealAppDriver.R:5:7
 5.       \-teal (local) initialize(...)
 6.         \-checkmate::assert_class(app, "teal_app")</error>
    </testcase>
    <testcase time="0.022" classname="shinytest2_tm_g_gh_boxplot" name="toggle_slider_module_changing_the_numericInputs_outside_the_sliderInput_range_sets_proper_sliderInput_values_and_range">
      <error type="error" message="Error in `checkmate::assert_class(app, &quot;teal_app&quot;)`: argument &quot;app&quot; is missing, with no default ('test-shinytest2-tm_g_gh_boxplot.R:88:5')">Error in `checkmate::assert_class(app, "teal_app")`: argument "app" is missing, with no default
Backtrace:
    x
 1. \-teal.goshawk (local) tm_g_gh_boxplot_driver() at test-shinytest2-tm_g_gh_boxplot.R:88:5
 2.   \-teal.goshawk:::init_teal_app_driver(...) at test-shinytest2-tm_g_gh_boxplot.R:2:3
 3.     +-testthat::with_mocked_bindings(...) at tests/testthat/helper-TealAppDriver.R:2:3
 4.     \-TealAppDriver$new(...) at tests/testthat/helper-TealAppDriver.R:5:7
 5.       \-teal (local) initialize(...)
 6.         \-checkmate::assert_class(app, "teal_app")</error>
    </testcase>
    <testcase time="0.026" classname="shinytest2_tm_g_gh_boxplot" name="toggle_slider_module_changing_the_numericInputs_within_the_rage_sets_back_the_sliderInput_range_to_initial_range">
      <error type="error" message="Error in `checkmate::assert_class(app, &quot;teal_app&quot;)`: argument &quot;app&quot; is missing, with no default ('test-shinytest2-tm_g_gh_boxplot.R:121:5')">Error in `checkmate::assert_class(app, "teal_app")`: argument "app" is missing, with no default
Backtrace:
    x
 1. \-teal.goshawk (local) tm_g_gh_boxplot_driver() at test-shinytest2-tm_g_gh_boxplot.R:121:5
 2.   \-teal.goshawk:::init_teal_app_driver(...) at test-shinytest2-tm_g_gh_boxplot.R:2:3
 3.     +-testthat::with_mocked_bindings(...) at tests/testthat/helper-TealAppDriver.R:2:3
 4.     \-TealAppDriver$new(...) at tests/testthat/helper-TealAppDriver.R:5:7
 5.       \-teal (local) initialize(...)
 6.         \-checkmate::assert_class(app, "teal_app")</error>
    </testcase>
    <testcase time="0.0229999999999999" classname="shinytest2_tm_g_gh_boxplot" name="toggle_slider_module_changing_dependant_widgets_outside_sets_proper_sliderInput_and_numericInput_values">
      <error type="error" message="Error in `checkmate::assert_class(app, &quot;teal_app&quot;)`: argument &quot;app&quot; is missing, with no default ('test-shinytest2-tm_g_gh_boxplot.R:155:5')">Error in `checkmate::assert_class(app, "teal_app")`: argument "app" is missing, with no default
Backtrace:
    x
 1. \-teal.goshawk (local) tm_g_gh_boxplot_driver() at test-shinytest2-tm_g_gh_boxplot.R:155:5
 2.   \-teal.goshawk:::init_teal_app_driver(...) at test-shinytest2-tm_g_gh_boxplot.R:2:3
 3.     +-testthat::with_mocked_bindings(...) at tests/testthat/helper-TealAppDriver.R:2:3
 4.     \-TealAppDriver$new(...) at tests/testthat/helper-TealAppDriver.R:5:7
 5.       \-teal (local) initialize(...)
 6.         \-checkmate::assert_class(app, "teal_app")</error>
    </testcase>
  </testsuite>
</testsuites>
