<?xml version="1.0" encoding="UTF-8"?>
<testsuites>
  <testsuite name="shinytest2-tm_g_gh_boxplot" timestamp="2025-10-17T12:53:19Z" hostname="9fba0f167694" tests="7" skipped="0" failures="0" errors="5" time="73.211">
    <testcase time="11.973" classname="shinytest2_tm_g_gh_boxplot" name="toggle_slider_module_widgets_are_initialized_with_proper_values"/>
    <testcase time="0.0229999999999997" classname="shinytest2_tm_g_gh_boxplot" name="toggle_slider_module_widgets_are_initialized_with_proper_values">
      <error type="error" message="Error in `sprintf(&quot;%s-yrange_scale-toggle&quot;, app_driver$active_module_ns())`: attempt to apply non-function ('test-shinytest2-tm_g_gh_boxplot.R:30:3')">Error in `sprintf("%s-yrange_scale-toggle", app_driver$active_module_ns())`: attempt to apply non-function
Backtrace:
    x
 1. +-app_driver$click(sprintf("%s-yrange_scale-toggle", app_driver$active_module_ns())) at test-shinytest2-tm_g_gh_boxplot.R:30:3
 2. | \-super$click(...)
 3. |   \-shinytest2:::app_click(...)
 4. |     \-shinytest2:::app_find_node_id(...)
 5. |       \-shinytest2:::node_id_css_selector(...)
 6. |         \-rlang::is_missing(input)
 7. \-base::sprintf("%s-yrange_scale-toggle", app_driver$active_module_ns())</error>
    </testcase>
    <testcase time="12.85" classname="shinytest2_tm_g_gh_boxplot" name="toggle_slider_module_changing_the_sliderInput_sets_proper_numericInput_values">
      <error type="error" message="Error in `sprintf(&quot;%s-yrange_scale-toggle&quot;, app_driver$active_module_ns())`: attempt to apply non-function ('test-shinytest2-tm_g_gh_boxplot.R:43:3')">Error in `sprintf("%s-yrange_scale-toggle", app_driver$active_module_ns())`: attempt to apply non-function
Backtrace:
    x
 1. +-app_driver$click(sprintf("%s-yrange_scale-toggle", app_driver$active_module_ns())) at test-shinytest2-tm_g_gh_boxplot.R:43:3
 2. | \-super$click(...)
 3. |   \-shinytest2:::app_click(...)
 4. |     \-shinytest2:::app_find_node_id(...)
 5. |       \-shinytest2:::node_id_css_selector(...)
 6. |         \-rlang::is_missing(input)
 7. \-base::sprintf("%s-yrange_scale-toggle", app_driver$active_module_ns())</error>
    </testcase>
    <testcase time="10.839" classname="shinytest2_tm_g_gh_boxplot" name="toggle_slider_module_changing_the_numericInputs_within_the_sliderInput_range_sets_proper_sliderInput_values">
      <error type="error" message="Error in `sprintf(&quot;%s-yrange_scale-toggle&quot;, app_driver$active_module_ns())`: attempt to apply non-function ('test-shinytest2-tm_g_gh_boxplot.R:55:5')">Error in `sprintf("%s-yrange_scale-toggle", app_driver$active_module_ns())`: attempt to apply non-function
Backtrace:
    x
 1. +-app_driver$click(sprintf("%s-yrange_scale-toggle", app_driver$active_module_ns())) at test-shinytest2-tm_g_gh_boxplot.R:55:5
 2. | \-super$click(...)
 3. |   \-shinytest2:::app_click(...)
 4. |     \-shinytest2:::app_find_node_id(...)
 5. |       \-shinytest2:::node_id_css_selector(...)
 6. |         \-rlang::is_missing(input)
 7. \-base::sprintf("%s-yrange_scale-toggle", app_driver$active_module_ns())</error>
    </testcase>
    <testcase time="11.136" classname="shinytest2_tm_g_gh_boxplot" name="toggle_slider_module_changing_the_numericInputs_outside_the_sliderInput_range_sets_proper_sliderInput_values_and_range">
      <error type="error" message="Error in `sprintf(&quot;%s-yrange_scale-toggle&quot;, app_driver$active_module_ns())`: attempt to apply non-function ('test-shinytest2-tm_g_gh_boxplot.R:89:5')">Error in `sprintf("%s-yrange_scale-toggle", app_driver$active_module_ns())`: attempt to apply non-function
Backtrace:
    x
 1. +-app_driver$click(sprintf("%s-yrange_scale-toggle", app_driver$active_module_ns())) at test-shinytest2-tm_g_gh_boxplot.R:89:5
 2. | \-super$click(...)
 3. |   \-shinytest2:::app_click(...)
 4. |     \-shinytest2:::app_find_node_id(...)
 5. |       \-shinytest2:::node_id_css_selector(...)
 6. |         \-rlang::is_missing(input)
 7. \-base::sprintf("%s-yrange_scale-toggle", app_driver$active_module_ns())</error>
    </testcase>
    <testcase time="10.716" classname="shinytest2_tm_g_gh_boxplot" name="toggle_slider_module_changing_the_numericInputs_within_the_rage_sets_back_the_sliderInput_range_to_initial_range">
      <error type="error" message="Error in `sprintf(&quot;%s-yrange_scale-toggle&quot;, app_driver$active_module_ns())`: attempt to apply non-function ('test-shinytest2-tm_g_gh_boxplot.R:122:5')">Error in `sprintf("%s-yrange_scale-toggle", app_driver$active_module_ns())`: attempt to apply non-function
Backtrace:
    x
 1. +-app_driver$click(sprintf("%s-yrange_scale-toggle", app_driver$active_module_ns())) at test-shinytest2-tm_g_gh_boxplot.R:122:5
 2. | \-super$click(...)
 3. |   \-shinytest2:::app_click(...)
 4. |     \-shinytest2:::app_find_node_id(...)
 5. |       \-shinytest2:::node_id_css_selector(...)
 6. |         \-rlang::is_missing(input)
 7. \-base::sprintf("%s-yrange_scale-toggle", app_driver$active_module_ns())</error>
    </testcase>
    <testcase time="15.674" classname="shinytest2_tm_g_gh_boxplot" name="toggle_slider_module_changing_dependant_widgets_outside_sets_proper_sliderInput_and_numericInput_values"/>
  </testsuite>
</testsuites>
