<?xml version="1.0" encoding="UTF-8"?>
<testsuites>
  <testsuite name="shinytest2-tm_g_gh_boxplot" timestamp="2026-08-31T22:28:20Z" hostname="fa8e873f4266" tests="32" skipped="0" failures="0" errors="0" time="165.429">
    <testcase time="14.577" classname="shinytest2_tm_g_gh_boxplot" name="e2e_tm_g_gh_boxplot_initializes_and_renders_a_plot"/>
    <testcase time="0.020999999999999" classname="shinytest2_tm_g_gh_boxplot" name="e2e_tm_g_gh_boxplot_initializes_and_renders_a_plot"/>
    <testcase time="0.0899999999999999" classname="shinytest2_tm_g_gh_boxplot" name="e2e_tm_g_gh_boxplot_initializes_and_renders_a_plot"/>
    <testcase time="13.475" classname="shinytest2_tm_g_gh_boxplot" name="e2e_tm_g_gh_boxplot_starts_with_expected_label_and_encoding_selections."/>
    <testcase time="0.0120000000000005" classname="shinytest2_tm_g_gh_boxplot" name="e2e_tm_g_gh_boxplot_starts_with_expected_label_and_encoding_selections."/>
    <testcase time="0.0509999999999984" classname="shinytest2_tm_g_gh_boxplot" name="e2e_tm_g_gh_boxplot_starts_with_expected_label_and_encoding_selections."/>
    <testcase time="0.0519999999999996" classname="shinytest2_tm_g_gh_boxplot" name="e2e_tm_g_gh_boxplot_starts_with_expected_label_and_encoding_selections."/>
    <testcase time="0.0520000000000032" classname="shinytest2_tm_g_gh_boxplot" name="e2e_tm_g_gh_boxplot_starts_with_expected_label_and_encoding_selections."/>
    <testcase time="0.0509999999999984" classname="shinytest2_tm_g_gh_boxplot" name="e2e_tm_g_gh_boxplot_starts_with_expected_label_and_encoding_selections."/>
    <testcase time="0.0509999999999984" classname="shinytest2_tm_g_gh_boxplot" name="e2e_tm_g_gh_boxplot_starts_with_expected_label_and_encoding_selections."/>
    <testcase time="17.954" classname="shinytest2_tm_g_gh_boxplot" name="e2e_tm_g_gh_boxplot_changing_pick_changes_plot_and_does_not_throw_validation_errors._xaxis_param"/>
    <testcase time="0.044000000000004" classname="shinytest2_tm_g_gh_boxplot" name="e2e_tm_g_gh_boxplot_changing_pick_changes_plot_and_does_not_throw_validation_errors._xaxis_param"/>
    <testcase time="0.00499999999999545" classname="shinytest2_tm_g_gh_boxplot" name="e2e_tm_g_gh_boxplot_changing_pick_changes_plot_and_does_not_throw_validation_errors._xaxis_param"/>
    <testcase time="17.934" classname="shinytest2_tm_g_gh_boxplot" name="e2e_tm_g_gh_boxplot_changing_pick_changes_plot_and_does_not_throw_validation_errors._yaxis_var"/>
    <testcase time="0.0440000000000111" classname="shinytest2_tm_g_gh_boxplot" name="e2e_tm_g_gh_boxplot_changing_pick_changes_plot_and_does_not_throw_validation_errors._yaxis_var"/>
    <testcase time="0.00600000000000023" classname="shinytest2_tm_g_gh_boxplot" name="e2e_tm_g_gh_boxplot_changing_pick_changes_plot_and_does_not_throw_validation_errors._yaxis_var"/>
    <testcase time="18.355" classname="shinytest2_tm_g_gh_boxplot" name="e2e_tm_g_gh_boxplot_changing_pick_changes_plot_and_does_not_throw_validation_errors._xaxis_var"/>
    <testcase time="0.0640000000000072" classname="shinytest2_tm_g_gh_boxplot" name="e2e_tm_g_gh_boxplot_changing_pick_changes_plot_and_does_not_throw_validation_errors._xaxis_var"/>
    <testcase time="0.00600000000000023" classname="shinytest2_tm_g_gh_boxplot" name="e2e_tm_g_gh_boxplot_changing_pick_changes_plot_and_does_not_throw_validation_errors._xaxis_var"/>
    <testcase time="17.682" classname="shinytest2_tm_g_gh_boxplot" name="e2e_tm_g_gh_boxplot_changing_pick_changes_plot_and_does_not_throw_validation_errors._facet_var"/>
    <testcase time="0.0519999999999925" classname="shinytest2_tm_g_gh_boxplot" name="e2e_tm_g_gh_boxplot_changing_pick_changes_plot_and_does_not_throw_validation_errors._facet_var"/>
    <testcase time="0.00600000000000023" classname="shinytest2_tm_g_gh_boxplot" name="e2e_tm_g_gh_boxplot_changing_pick_changes_plot_and_does_not_throw_validation_errors._facet_var"/>
    <testcase time="19.121" classname="shinytest2_tm_g_gh_boxplot" name="e2e_tm_g_gh_boxplot_changing_pick_changes_plot_and_does_not_throw_validation_errors._trt_group"/>
    <testcase time="0.046999999999997" classname="shinytest2_tm_g_gh_boxplot" name="e2e_tm_g_gh_boxplot_changing_pick_changes_plot_and_does_not_throw_validation_errors._trt_group"/>
    <testcase time="0.00499999999999545" classname="shinytest2_tm_g_gh_boxplot" name="e2e_tm_g_gh_boxplot_changing_pick_changes_plot_and_does_not_throw_validation_errors._trt_group"/>
    <testcase time="13.215" classname="shinytest2_tm_g_gh_boxplot" name="e2e_tm_g_gh_boxplot_displays_selected_data_points_table"/>
    <testcase time="0.00600000000000023" classname="shinytest2_tm_g_gh_boxplot" name="e2e_tm_g_gh_boxplot_displays_selected_data_points_table"/>
    <testcase time="0.00500000000002387" classname="shinytest2_tm_g_gh_boxplot" name="e2e_tm_g_gh_boxplot_displays_selected_data_points_table"/>
    <testcase time="19.177" classname="shinytest2_tm_g_gh_boxplot" name="e2e_tm_g_gh_boxplot_handles_LoQ_legend_toggle"/>
    <testcase time="0.00499999999999545" classname="shinytest2_tm_g_gh_boxplot" name="e2e_tm_g_gh_boxplot_handles_LoQ_legend_toggle"/>
    <testcase time="13.258" classname="shinytest2_tm_g_gh_boxplot" name="e2e_tm_g_gh_boxplot_respects_plot_height_adjustment"/>
    <testcase time="0.00600000000000023" classname="shinytest2_tm_g_gh_boxplot" name="e2e_tm_g_gh_boxplot_respects_plot_height_adjustment"/>
  </testsuite>
  <testsuite name="shinytest2-tm_g_gh_correlationplot" timestamp="2026-08-31T22:31:06Z" hostname="fa8e873f4266" tests="27" skipped="0" failures="0" errors="0" time="120.733">
    <testcase time="13.395" classname="shinytest2_tm_g_gh_correlationplot" name="e2e_tm_g_gh_correlationplot_initializes_and_renders_a_plot"/>
    <testcase time="0.00499999999999545" classname="shinytest2_tm_g_gh_correlationplot" name="e2e_tm_g_gh_correlationplot_initializes_and_renders_a_plot"/>
    <testcase time="0.0940000000000225" classname="shinytest2_tm_g_gh_correlationplot" name="e2e_tm_g_gh_correlationplot_initializes_and_renders_a_plot"/>
    <testcase time="0.0159999999999911" classname="shinytest2_tm_g_gh_correlationplot" name="e2e_tm_g_gh_correlationplot_initializes_and_renders_a_plot"/>
    <testcase time="13.549" classname="shinytest2_tm_g_gh_correlationplot" name="e2e_tm_g_gh_correlationplot_starts_with_expected_label_and_encoding_selections."/>
    <testcase time="0.0109999999999957" classname="shinytest2_tm_g_gh_correlationplot" name="e2e_tm_g_gh_correlationplot_starts_with_expected_label_and_encoding_selections."/>
    <testcase time="0.0509999999999877" classname="shinytest2_tm_g_gh_correlationplot" name="e2e_tm_g_gh_correlationplot_starts_with_expected_label_and_encoding_selections."/>
    <testcase time="0.0510000000000161" classname="shinytest2_tm_g_gh_correlationplot" name="e2e_tm_g_gh_correlationplot_starts_with_expected_label_and_encoding_selections."/>
    <testcase time="0.0509999999999877" classname="shinytest2_tm_g_gh_correlationplot" name="e2e_tm_g_gh_correlationplot_starts_with_expected_label_and_encoding_selections."/>
    <testcase time="0.0510000000000161" classname="shinytest2_tm_g_gh_correlationplot" name="e2e_tm_g_gh_correlationplot_starts_with_expected_label_and_encoding_selections."/>
    <testcase time="0.0509999999999877" classname="shinytest2_tm_g_gh_correlationplot" name="e2e_tm_g_gh_correlationplot_starts_with_expected_label_and_encoding_selections."/>
    <testcase time="0.0510000000000161" classname="shinytest2_tm_g_gh_correlationplot" name="e2e_tm_g_gh_correlationplot_starts_with_expected_label_and_encoding_selections."/>
    <testcase time="18.625" classname="shinytest2_tm_g_gh_correlationplot" name="e2e_tm_g_gh_correlationplot_changing_pick_changes_plot_and_does_not_throw_validation_errors._xaxis_param"/>
    <testcase time="0.0479999999999734" classname="shinytest2_tm_g_gh_correlationplot" name="e2e_tm_g_gh_correlationplot_changing_pick_changes_plot_and_does_not_throw_validation_errors._xaxis_param"/>
    <testcase time="0.00600000000000023" classname="shinytest2_tm_g_gh_correlationplot" name="e2e_tm_g_gh_correlationplot_changing_pick_changes_plot_and_does_not_throw_validation_errors._xaxis_param"/>
    <testcase time="18.853" classname="shinytest2_tm_g_gh_correlationplot" name="e2e_tm_g_gh_correlationplot_changing_pick_changes_plot_and_does_not_throw_validation_errors._yaxis_param"/>
    <testcase time="0.0500000000000114" classname="shinytest2_tm_g_gh_correlationplot" name="e2e_tm_g_gh_correlationplot_changing_pick_changes_plot_and_does_not_throw_validation_errors._yaxis_param"/>
    <testcase time="0.00499999999999545" classname="shinytest2_tm_g_gh_correlationplot" name="e2e_tm_g_gh_correlationplot_changing_pick_changes_plot_and_does_not_throw_validation_errors._yaxis_param"/>
    <testcase time="18.603" classname="shinytest2_tm_g_gh_correlationplot" name="e2e_tm_g_gh_correlationplot_changing_pick_changes_plot_and_does_not_throw_validation_errors._xaxis_var"/>
    <testcase time="0.0519999999999925" classname="shinytest2_tm_g_gh_correlationplot" name="e2e_tm_g_gh_correlationplot_changing_pick_changes_plot_and_does_not_throw_validation_errors._xaxis_var"/>
    <testcase time="0.00499999999999545" classname="shinytest2_tm_g_gh_correlationplot" name="e2e_tm_g_gh_correlationplot_changing_pick_changes_plot_and_does_not_throw_validation_errors._xaxis_var"/>
    <testcase time="18.603" classname="shinytest2_tm_g_gh_correlationplot" name="e2e_tm_g_gh_correlationplot_changing_pick_changes_plot_and_does_not_throw_validation_errors._yaxis_var"/>
    <testcase time="0.0529999999999973" classname="shinytest2_tm_g_gh_correlationplot" name="e2e_tm_g_gh_correlationplot_changing_pick_changes_plot_and_does_not_throw_validation_errors._yaxis_var"/>
    <testcase time="0.00599999999997181" classname="shinytest2_tm_g_gh_correlationplot" name="e2e_tm_g_gh_correlationplot_changing_pick_changes_plot_and_does_not_throw_validation_errors._yaxis_var"/>
    <testcase time="18.389" classname="shinytest2_tm_g_gh_correlationplot" name="e2e_tm_g_gh_correlationplot_changing_pick_changes_plot_and_does_not_throw_validation_errors._trt_group"/>
    <testcase time="0.0529999999999973" classname="shinytest2_tm_g_gh_correlationplot" name="e2e_tm_g_gh_correlationplot_changing_pick_changes_plot_and_does_not_throw_validation_errors._trt_group"/>
    <testcase time="0.00600000000002865" classname="shinytest2_tm_g_gh_correlationplot" name="e2e_tm_g_gh_correlationplot_changing_pick_changes_plot_and_does_not_throw_validation_errors._trt_group"/>
  </testsuite>
  <testsuite name="shinytest2-tm_g_gh_density_distribution_plot" timestamp="2026-08-31T22:33:07Z" hostname="fa8e873f4266" tests="19" skipped="0" failures="0" errors="0" time="99.84">
    <testcase time="12.739" classname="shinytest2_tm_g_gh_density_distribution_plot" name="e2e_tm_g_gh_density_distribution_plot_initializes_and_renders_a_plot"/>
    <testcase time="0.00499999999999545" classname="shinytest2_tm_g_gh_density_distribution_plot" name="e2e_tm_g_gh_density_distribution_plot_initializes_and_renders_a_plot"/>
    <testcase time="0.0740000000000123" classname="shinytest2_tm_g_gh_density_distribution_plot" name="e2e_tm_g_gh_density_distribution_plot_initializes_and_renders_a_plot"/>
    <testcase time="12.585" classname="shinytest2_tm_g_gh_density_distribution_plot" name="e2e_tm_g_gh_density_distribution_plot_starts_with_expected_label_and_encoding_selections."/>
    <testcase time="0.0110000000000241" classname="shinytest2_tm_g_gh_density_distribution_plot" name="e2e_tm_g_gh_density_distribution_plot_starts_with_expected_label_and_encoding_selections."/>
    <testcase time="0.0500000000000114" classname="shinytest2_tm_g_gh_density_distribution_plot" name="e2e_tm_g_gh_density_distribution_plot_starts_with_expected_label_and_encoding_selections."/>
    <testcase time="0.0509999999999877" classname="shinytest2_tm_g_gh_density_distribution_plot" name="e2e_tm_g_gh_density_distribution_plot_starts_with_expected_label_and_encoding_selections."/>
    <testcase time="0.0550000000000068" classname="shinytest2_tm_g_gh_density_distribution_plot" name="e2e_tm_g_gh_density_distribution_plot_starts_with_expected_label_and_encoding_selections."/>
    <testcase time="18.616" classname="shinytest2_tm_g_gh_density_distribution_plot" name="e2e_tm_g_gh_density_distribution_plot_changing_pick_changes_plot_and_does_not_throw_validation_errors._xaxis_param"/>
    <testcase time="0.04200000000003" classname="shinytest2_tm_g_gh_density_distribution_plot" name="e2e_tm_g_gh_density_distribution_plot_changing_pick_changes_plot_and_does_not_throw_validation_errors._xaxis_param"/>
    <testcase time="0.00599999999997181" classname="shinytest2_tm_g_gh_density_distribution_plot" name="e2e_tm_g_gh_density_distribution_plot_changing_pick_changes_plot_and_does_not_throw_validation_errors._xaxis_param"/>
    <testcase time="18.59" classname="shinytest2_tm_g_gh_density_distribution_plot" name="e2e_tm_g_gh_density_distribution_plot_changing_pick_changes_plot_and_does_not_throw_validation_errors._xaxis_var"/>
    <testcase time="0.0409999999999968" classname="shinytest2_tm_g_gh_density_distribution_plot" name="e2e_tm_g_gh_density_distribution_plot_changing_pick_changes_plot_and_does_not_throw_validation_errors._xaxis_var"/>
    <testcase time="0.00599999999997181" classname="shinytest2_tm_g_gh_density_distribution_plot" name="e2e_tm_g_gh_density_distribution_plot_changing_pick_changes_plot_and_does_not_throw_validation_errors._xaxis_var"/>
    <testcase time="17.678" classname="shinytest2_tm_g_gh_density_distribution_plot" name="e2e_tm_g_gh_density_distribution_plot_changing_pick_changes_plot_and_does_not_throw_validation_errors._trt_group"/>
    <testcase time="0.04200000000003" classname="shinytest2_tm_g_gh_density_distribution_plot" name="e2e_tm_g_gh_density_distribution_plot_changing_pick_changes_plot_and_does_not_throw_validation_errors._trt_group"/>
    <testcase time="0.00499999999999545" classname="shinytest2_tm_g_gh_density_distribution_plot" name="e2e_tm_g_gh_density_distribution_plot_changing_pick_changes_plot_and_does_not_throw_validation_errors._trt_group"/>
    <testcase time="19.239" classname="shinytest2_tm_g_gh_density_distribution_plot" name="e2e_tm_g_gh_density_distribution_plot_handles_comb_line_toggle"/>
    <testcase time="0.00499999999999545" classname="shinytest2_tm_g_gh_density_distribution_plot" name="e2e_tm_g_gh_density_distribution_plot_handles_comb_line_toggle"/>
  </testsuite>
  <testsuite name="shinytest2-tm_g_gh_lineplot" timestamp="2026-08-31T22:34:46Z" hostname="fa8e873f4266" tests="21" skipped="0" failures="0" errors="0" time="93.983">
    <testcase time="11.993" classname="shinytest2_tm_g_gh_lineplot" name="e2e_tm_g_gh_lineplot_initializes_and_renders_a_plot"/>
    <testcase time="0.00600000000002865" classname="shinytest2_tm_g_gh_lineplot" name="e2e_tm_g_gh_lineplot_initializes_and_renders_a_plot"/>
    <testcase time="0.0709999999999695" classname="shinytest2_tm_g_gh_lineplot" name="e2e_tm_g_gh_lineplot_initializes_and_renders_a_plot"/>
    <testcase time="12.119" classname="shinytest2_tm_g_gh_lineplot" name="e2e_tm_g_gh_lineplot_starts_with_expected_label_and_encoding_selections."/>
    <testcase time="0.00999999999999091" classname="shinytest2_tm_g_gh_lineplot" name="e2e_tm_g_gh_lineplot_starts_with_expected_label_and_encoding_selections."/>
    <testcase time="0.0509999999999877" classname="shinytest2_tm_g_gh_lineplot" name="e2e_tm_g_gh_lineplot_starts_with_expected_label_and_encoding_selections."/>
    <testcase time="0.0500000000000114" classname="shinytest2_tm_g_gh_lineplot" name="e2e_tm_g_gh_lineplot_starts_with_expected_label_and_encoding_selections."/>
    <testcase time="0.0509999999999877" classname="shinytest2_tm_g_gh_lineplot" name="e2e_tm_g_gh_lineplot_starts_with_expected_label_and_encoding_selections."/>
    <testcase time="0.0509999999999877" classname="shinytest2_tm_g_gh_lineplot" name="e2e_tm_g_gh_lineplot_starts_with_expected_label_and_encoding_selections."/>
    <testcase time="17.737" classname="shinytest2_tm_g_gh_lineplot" name="e2e_tm_g_gh_lineplot_changing_pick_changes_plot_and_does_not_throw_validation_errors._xaxis_param"/>
    <testcase time="0.0399999999999636" classname="shinytest2_tm_g_gh_lineplot" name="e2e_tm_g_gh_lineplot_changing_pick_changes_plot_and_does_not_throw_validation_errors._xaxis_param"/>
    <testcase time="0.00499999999999545" classname="shinytest2_tm_g_gh_lineplot" name="e2e_tm_g_gh_lineplot_changing_pick_changes_plot_and_does_not_throw_validation_errors._xaxis_param"/>
    <testcase time="17.024" classname="shinytest2_tm_g_gh_lineplot" name="e2e_tm_g_gh_lineplot_changing_pick_changes_plot_and_does_not_throw_validation_errors._xaxis_var"/>
    <testcase time="0.0450000000000159" classname="shinytest2_tm_g_gh_lineplot" name="e2e_tm_g_gh_lineplot_changing_pick_changes_plot_and_does_not_throw_validation_errors._xaxis_var"/>
    <testcase time="0.00499999999999545" classname="shinytest2_tm_g_gh_lineplot" name="e2e_tm_g_gh_lineplot_changing_pick_changes_plot_and_does_not_throw_validation_errors._xaxis_var"/>
    <testcase time="17.709" classname="shinytest2_tm_g_gh_lineplot" name="e2e_tm_g_gh_lineplot_changing_pick_changes_plot_and_does_not_throw_validation_errors._yaxis_var"/>
    <testcase time="0.0409999999999968" classname="shinytest2_tm_g_gh_lineplot" name="e2e_tm_g_gh_lineplot_changing_pick_changes_plot_and_does_not_throw_validation_errors._yaxis_var"/>
    <testcase time="0.0050000000000523" classname="shinytest2_tm_g_gh_lineplot" name="e2e_tm_g_gh_lineplot_changing_pick_changes_plot_and_does_not_throw_validation_errors._yaxis_var"/>
    <testcase time="16.925" classname="shinytest2_tm_g_gh_lineplot" name="e2e_tm_g_gh_lineplot_changing_pick_changes_plot_and_does_not_throw_validation_errors._trt_group"/>
    <testcase time="0.0400000000000205" classname="shinytest2_tm_g_gh_lineplot" name="e2e_tm_g_gh_lineplot_changing_pick_changes_plot_and_does_not_throw_validation_errors._trt_group"/>
    <testcase time="0.00499999999999545" classname="shinytest2_tm_g_gh_lineplot" name="e2e_tm_g_gh_lineplot_changing_pick_changes_plot_and_does_not_throw_validation_errors._trt_group"/>
  </testsuite>
  <testsuite name="shinytest2-tm_g_gh_spaghettiplot" timestamp="2026-08-31T22:36:20Z" hostname="fa8e873f4266" tests="22" skipped="0" failures="0" errors="0" time="96.102">
    <testcase time="12.707" classname="shinytest2_tm_g_gh_spaghettiplot" name="e2e_tm_g_gh_spaghettiplot_initializes_and_renders_a_plot"/>
    <testcase time="0.00600000000002865" classname="shinytest2_tm_g_gh_spaghettiplot" name="e2e_tm_g_gh_spaghettiplot_initializes_and_renders_a_plot"/>
    <testcase time="0.0889999999999986" classname="shinytest2_tm_g_gh_spaghettiplot" name="e2e_tm_g_gh_spaghettiplot_initializes_and_renders_a_plot"/>
    <testcase time="0.00899999999995771" classname="shinytest2_tm_g_gh_spaghettiplot" name="e2e_tm_g_gh_spaghettiplot_initializes_and_renders_a_plot"/>
    <testcase time="12.8800000000001" classname="shinytest2_tm_g_gh_spaghettiplot" name="e2e_tm_g_gh_spaghettiplot_starts_with_expected_label_and_encoding_selections."/>
    <testcase time="0.0109999999999673" classname="shinytest2_tm_g_gh_spaghettiplot" name="e2e_tm_g_gh_spaghettiplot_starts_with_expected_label_and_encoding_selections."/>
    <testcase time="0.0509999999999877" classname="shinytest2_tm_g_gh_spaghettiplot" name="e2e_tm_g_gh_spaghettiplot_starts_with_expected_label_and_encoding_selections."/>
    <testcase time="0.0510000000000446" classname="shinytest2_tm_g_gh_spaghettiplot" name="e2e_tm_g_gh_spaghettiplot_starts_with_expected_label_and_encoding_selections."/>
    <testcase time="0.0509999999999877" classname="shinytest2_tm_g_gh_spaghettiplot" name="e2e_tm_g_gh_spaghettiplot_starts_with_expected_label_and_encoding_selections."/>
    <testcase time="0.0509999999999877" classname="shinytest2_tm_g_gh_spaghettiplot" name="e2e_tm_g_gh_spaghettiplot_starts_with_expected_label_and_encoding_selections."/>
    <testcase time="17.537" classname="shinytest2_tm_g_gh_spaghettiplot" name="e2e_tm_g_gh_spaghettiplot_changing_pick_changes_plot_and_does_not_throw_validation_errors._xaxis_param"/>
    <testcase time="0.0480000000000018" classname="shinytest2_tm_g_gh_spaghettiplot" name="e2e_tm_g_gh_spaghettiplot_changing_pick_changes_plot_and_does_not_throw_validation_errors._xaxis_param"/>
    <testcase time="0.00499999999999545" classname="shinytest2_tm_g_gh_spaghettiplot" name="e2e_tm_g_gh_spaghettiplot_changing_pick_changes_plot_and_does_not_throw_validation_errors._xaxis_param"/>
    <testcase time="17.391" classname="shinytest2_tm_g_gh_spaghettiplot" name="e2e_tm_g_gh_spaghettiplot_changing_pick_changes_plot_and_does_not_throw_validation_errors._xaxis_var"/>
    <testcase time="0.0510000000000446" classname="shinytest2_tm_g_gh_spaghettiplot" name="e2e_tm_g_gh_spaghettiplot_changing_pick_changes_plot_and_does_not_throw_validation_errors._xaxis_var"/>
    <testcase time="0.00599999999997181" classname="shinytest2_tm_g_gh_spaghettiplot" name="e2e_tm_g_gh_spaghettiplot_changing_pick_changes_plot_and_does_not_throw_validation_errors._xaxis_var"/>
    <testcase time="17.581" classname="shinytest2_tm_g_gh_spaghettiplot" name="e2e_tm_g_gh_spaghettiplot_changing_pick_changes_plot_and_does_not_throw_validation_errors._yaxis_var"/>
    <testcase time="0.0459999999999354" classname="shinytest2_tm_g_gh_spaghettiplot" name="e2e_tm_g_gh_spaghettiplot_changing_pick_changes_plot_and_does_not_throw_validation_errors._yaxis_var"/>
    <testcase time="0.00499999999999545" classname="shinytest2_tm_g_gh_spaghettiplot" name="e2e_tm_g_gh_spaghettiplot_changing_pick_changes_plot_and_does_not_throw_validation_errors._yaxis_var"/>
    <testcase time="17.47" classname="shinytest2_tm_g_gh_spaghettiplot" name="e2e_tm_g_gh_spaghettiplot_changing_pick_changes_plot_and_does_not_throw_validation_errors._trt_group"/>
    <testcase time="0.0500000000000682" classname="shinytest2_tm_g_gh_spaghettiplot" name="e2e_tm_g_gh_spaghettiplot_changing_pick_changes_plot_and_does_not_throw_validation_errors._trt_group"/>
    <testcase time="0.00599999999997181" classname="shinytest2_tm_g_gh_spaghettiplot" name="e2e_tm_g_gh_spaghettiplot_changing_pick_changes_plot_and_does_not_throw_validation_errors._trt_group"/>
  </testsuite>
  <testsuite name="tm_g_gh_boxplot" timestamp="2026-08-31T22:37:57Z" hostname="fa8e873f4266" tests="43" skipped="0" failures="0" errors="0" time="2.679">
    <testcase time="0.221000000000004" classname="tm_g_gh_boxplot" name="tm_g_gh_boxplot_can_be_created_with_default_arguments"/>
    <testcase time="0.00299999999992906" classname="tm_g_gh_boxplot" name="tm_g_gh_boxplot_can_be_created_with_default_arguments"/>
    <testcase time="0.0130000000000337" classname="tm_g_gh_boxplot" name="tm_g_gh_boxplot_can_be_created_with_choices_selected_arguments"/>
    <testcase time="0.00300000000004275" classname="tm_g_gh_boxplot" name="tm_g_gh_boxplot_can_be_created_with_choices_selected_arguments"/>
    <testcase time="0.00999999999999091" classname="tm_g_gh_boxplot" name="tm_g_gh_boxplot_can_be_created_with_custom_picks_arguments"/>
    <testcase time="0.00299999999992906" classname="tm_g_gh_boxplot" name="tm_g_gh_boxplot_can_be_created_with_custom_picks_arguments"/>
    <testcase time="0.0110000000000809" classname="tm_g_gh_boxplot" name="tm_g_gh_boxplot_handles_different_parameter_combinations"/>
    <testcase time="0.00199999999995271" classname="tm_g_gh_boxplot" name="tm_g_gh_boxplot_handles_different_parameter_combinations"/>
    <testcase time="0.0109999999999673" classname="tm_g_gh_boxplot" name="tm_g_gh_boxplot_accepts_custom_color_and_shape_specifications"/>
    <testcase time="0.00300000000004275" classname="tm_g_gh_boxplot" name="tm_g_gh_boxplot_accepts_custom_color_and_shape_specifications"/>
    <testcase time="0.0109999999999673" classname="tm_g_gh_boxplot" name="tm_g_gh_boxplot_accepts_line_arguments"/>
    <testcase time="0.00300000000004275" classname="tm_g_gh_boxplot" name="tm_g_gh_boxplot_accepts_line_arguments"/>
    <testcase time="0.00999999999999091" classname="tm_g_gh_boxplot" name="tm_g_gh_boxplot_handles_plot_dimensions_correctly"/>
    <testcase time="0.00300000000004275" classname="tm_g_gh_boxplot" name="tm_g_gh_boxplot_handles_plot_dimensions_correctly"/>
    <testcase time="0.0109999999999673" classname="tm_g_gh_boxplot" name="tm_g_gh_boxplot_invalid_arguments_throws_an_error_when_label_is_invalid"/>
    <testcase time="0.0109999999999673" classname="tm_g_gh_boxplot" name="tm_g_gh_boxplot_invalid_arguments_throws_an_error_when_dataname_is_invalid"/>
    <testcase time="0.00999999999999091" classname="tm_g_gh_boxplot" name="tm_g_gh_boxplot_invalid_arguments_throws_an_error_when_param_is_invalid"/>
    <testcase time="0.00999999999999091" classname="tm_g_gh_boxplot" name="tm_g_gh_boxplot_invalid_arguments_throws_an_error_when_yaxis_var_is_invalid"/>
    <testcase time="0.0110000000000809" classname="tm_g_gh_boxplot" name="tm_g_gh_boxplot_invalid_arguments_throws_an_error_when_xaxis_var_is_invalid"/>
    <testcase time="0.0159999999999627" classname="tm_g_gh_boxplot" name="tm_g_gh_boxplot_invalid_arguments_throws_an_error_when_facet_var_is_invalid"/>
    <testcase time="0.05499999999995" classname="tm_g_gh_boxplot" name="tm_g_gh_boxplot_invalid_arguments_throws_an_error_when_trt_group_is_invalid"/>
    <testcase time="0.102000000000089" classname="tm_g_gh_boxplot" name="tm_g_gh_boxplot_invalid_arguments_throws_an_error_when_color_manual_is_invalid"/>
    <testcase time="0.103999999999928" classname="tm_g_gh_boxplot" name="tm_g_gh_boxplot_invalid_arguments_throws_an_error_when_shape_manual_is_invalid"/>
    <testcase time="0.11099999999999" classname="tm_g_gh_boxplot" name="tm_g_gh_boxplot_invalid_arguments_throws_an_error_when_facet_ncol_is_invalid"/>
    <testcase time="0.09800000000007" classname="tm_g_gh_boxplot" name="tm_g_gh_boxplot_invalid_arguments_throws_an_error_when_loq_legend_is_invalid"/>
    <testcase time="0.102999999999952" classname="tm_g_gh_boxplot" name="tm_g_gh_boxplot_invalid_arguments_throws_an_error_when_rotate_xlab_is_invalid"/>
    <testcase time="0.104000000000042" classname="tm_g_gh_boxplot" name="tm_g_gh_boxplot_invalid_arguments_throws_an_error_when_hline_arb_is_invalid"/>
    <testcase time="0.105999999999995" classname="tm_g_gh_boxplot" name="tm_g_gh_boxplot_invalid_arguments_throws_an_error_when_hline_vars_is_invalid"/>
    <testcase time="0.103999999999928" classname="tm_g_gh_boxplot" name="tm_g_gh_boxplot_invalid_arguments_throws_an_error_when_plot_height_is_invalid"/>
    <testcase time="0.104000000000042" classname="tm_g_gh_boxplot" name="tm_g_gh_boxplot_invalid_arguments_throws_an_error_when_plot_width_is_invalid"/>
    <testcase time="0.105999999999995" classname="tm_g_gh_boxplot" name="tm_g_gh_boxplot_invalid_arguments_throws_an_error_when_font_size_is_invalid"/>
    <testcase time="0.100999999999999" classname="tm_g_gh_boxplot" name="tm_g_gh_boxplot_invalid_arguments_throws_an_error_when_dot_size_is_invalid"/>
    <testcase time="0.105000000000018" classname="tm_g_gh_boxplot" name="tm_g_gh_boxplot_invalid_arguments_throws_an_error_when_alpha_is_invalid"/>
    <testcase time="0.100999999999999" classname="tm_g_gh_boxplot" name="tm_g_gh_boxplot_invalid_arguments_throws_an_error_when_pre_output_is_invalid"/>
    <testcase time="0.11099999999999" classname="tm_g_gh_boxplot" name="tm_g_gh_boxplot_invalid_arguments_throws_an_error_when_post_output_is_invalid"/>
    <testcase time="0.114000000000033" classname="tm_g_gh_boxplot" name="tm_g_gh_boxplot_invalid_arguments_throws_an_error_when_transformators_is_invalid"/>
    <testcase time="0.100999999999999" classname="tm_g_gh_boxplot" name="tm_g_gh_boxplot_invalid_arguments_throws_an_error_when_decorators_is_invalid"/>
    <testcase time="0.117999999999938" classname="tm_g_gh_boxplot" name="tm_g_gh_boxplot_invalid_arguments_throws_an_error_when_hline_arb_label_is_invalid"/>
    <testcase time="0.113000000000056" classname="tm_g_gh_boxplot" name="tm_g_gh_boxplot_invalid_arguments_throws_an_error_when_hline_arb_color_is_invalid"/>
    <testcase time="0.115000000000009" classname="tm_g_gh_boxplot" name="tm_g_gh_boxplot_invalid_arguments_throws_an_error_when_hline_vars_colors_is_invalid"/>
    <testcase time="0.113999999999919" classname="tm_g_gh_boxplot" name="tm_g_gh_boxplot_invalid_arguments_throws_an_error_when_hline_vars_labels_is_invalid"/>
    <testcase time="0.108000000000061" classname="tm_g_gh_boxplot" name="tm_g_gh_boxplot_invalid_arguments_gives_a_deprecation_warning_when_param_var_is_used"/>
    <testcase time="0.00499999999999545" classname="tm_g_gh_boxplot" name="tm_g_gh_boxplot_invalid_arguments_all_arguments_are_tested"/>
  </testsuite>
  <testsuite name="tm_g_gh_correlationplot" timestamp="2026-08-31T22:37:59Z" hostname="fa8e873f4266" tests="50" skipped="0" failures="0" errors="0" time="2.118">
    <testcase time="0.0599999999999454" classname="tm_g_gh_correlationplot" name="tm_g_gh_correlationplot_can_be_created_with_default_arguments"/>
    <testcase time="0.00300000000004275" classname="tm_g_gh_correlationplot" name="tm_g_gh_correlationplot_can_be_created_with_default_arguments"/>
    <testcase time="0.0109999999999673" classname="tm_g_gh_correlationplot" name="tm_g_gh_correlationplot_can_be_created_with_choices_selected_arguments"/>
    <testcase time="0.00300000000004275" classname="tm_g_gh_correlationplot" name="tm_g_gh_correlationplot_can_be_created_with_choices_selected_arguments"/>
    <testcase time="0.00999999999999091" classname="tm_g_gh_correlationplot" name="tm_g_gh_correlationplot_can_be_created_with_custom_picks_arguments"/>
    <testcase time="0.00300000000004275" classname="tm_g_gh_correlationplot" name="tm_g_gh_correlationplot_can_be_created_with_custom_picks_arguments"/>
    <testcase time="0.00999999999999091" classname="tm_g_gh_correlationplot" name="tm_g_gh_correlationplot_handles_multiple_parameter_combinations"/>
    <testcase time="0.00299999999992906" classname="tm_g_gh_correlationplot" name="tm_g_gh_correlationplot_handles_multiple_parameter_combinations"/>
    <testcase time="0.0110000000000809" classname="tm_g_gh_correlationplot" name="tm_g_gh_correlationplot_accepts_custom_color_and_shape_specifications_with_choices_selected"/>
    <testcase time="0.00299999999992906" classname="tm_g_gh_correlationplot" name="tm_g_gh_correlationplot_accepts_custom_color_and_shape_specifications_with_choices_selected"/>
    <testcase time="0.0110000000000809" classname="tm_g_gh_correlationplot" name="tm_g_gh_correlationplot_accepts_line_arguments_with_choices_selected"/>
    <testcase time="0.00299999999992906" classname="tm_g_gh_correlationplot" name="tm_g_gh_correlationplot_accepts_line_arguments_with_choices_selected"/>
    <testcase time="0.0600000000000591" classname="tm_g_gh_correlationplot" name="tm_g_gh_correlationplot_invalid_arguments_throws_an_error_when_label_is_invalid"/>
    <testcase time="0.0149999999999864" classname="tm_g_gh_correlationplot" name="tm_g_gh_correlationplot_invalid_arguments_throws_an_error_when_dataname_is_invalid"/>
    <testcase time="0.00900000000001455" classname="tm_g_gh_correlationplot" name="tm_g_gh_correlationplot_invalid_arguments_throws_an_error_when_xaxis_param_is_invalid"/>
    <testcase time="0.0109999999999673" classname="tm_g_gh_correlationplot" name="tm_g_gh_correlationplot_invalid_arguments_throws_an_error_when_yaxis_param_is_invalid"/>
    <testcase time="0.00999999999999091" classname="tm_g_gh_correlationplot" name="tm_g_gh_correlationplot_invalid_arguments_throws_an_error_when_xaxis_var_is_invalid"/>
    <testcase time="0.0120000000000573" classname="tm_g_gh_correlationplot" name="tm_g_gh_correlationplot_invalid_arguments_throws_an_error_when_yaxis_var_is_invalid"/>
    <testcase time="0.0119999999999436" classname="tm_g_gh_correlationplot" name="tm_g_gh_correlationplot_invalid_arguments_throws_an_error_when_trt_group_is_invalid"/>
    <testcase time="0.0589999999999691" classname="tm_g_gh_correlationplot" name="tm_g_gh_correlationplot_invalid_arguments_throws_an_error_when_color_manual_is_invalid"/>
    <testcase time="0.0590000000000828" classname="tm_g_gh_correlationplot" name="tm_g_gh_correlationplot_invalid_arguments_throws_an_error_when_shape_manual_is_invalid"/>
    <testcase time="0.0589999999999691" classname="tm_g_gh_correlationplot" name="tm_g_gh_correlationplot_invalid_arguments_throws_an_error_when_facet_ncol_is_invalid"/>
    <testcase time="0.05600000000004" classname="tm_g_gh_correlationplot" name="tm_g_gh_correlationplot_invalid_arguments_throws_an_error_when_visit_facet_is_invalid"/>
    <testcase time="0.0559999999999263" classname="tm_g_gh_correlationplot" name="tm_g_gh_correlationplot_invalid_arguments_throws_an_error_when_trt_facet_is_invalid"/>
    <testcase time="0.0589999999999691" classname="tm_g_gh_correlationplot" name="tm_g_gh_correlationplot_invalid_arguments_throws_an_error_when_reg_line_is_invalid"/>
    <testcase time="0.05600000000004" classname="tm_g_gh_correlationplot" name="tm_g_gh_correlationplot_invalid_arguments_throws_an_error_when_loq_legend_is_invalid"/>
    <testcase time="0.0570000000000164" classname="tm_g_gh_correlationplot" name="tm_g_gh_correlationplot_invalid_arguments_throws_an_error_when_rotate_xlab_is_invalid"/>
    <testcase time="0.0610000000000355" classname="tm_g_gh_correlationplot" name="tm_g_gh_correlationplot_invalid_arguments_throws_an_error_when_hline_arb_is_invalid"/>
    <testcase time="0.0579999999999927" classname="tm_g_gh_correlationplot" name="tm_g_gh_correlationplot_invalid_arguments_throws_an_error_when_hline_vars_is_invalid"/>
    <testcase time="0.0599999999999454" classname="tm_g_gh_correlationplot" name="tm_g_gh_correlationplot_invalid_arguments_throws_an_error_when_vline_arb_is_invalid"/>
    <testcase time="0.0620000000000118" classname="tm_g_gh_correlationplot" name="tm_g_gh_correlationplot_invalid_arguments_throws_an_error_when_vline_vars_is_invalid"/>
    <testcase time="0.0589999999999691" classname="tm_g_gh_correlationplot" name="tm_g_gh_correlationplot_invalid_arguments_throws_an_error_when_plot_height_is_invalid"/>
    <testcase time="0.0579999999999927" classname="tm_g_gh_correlationplot" name="tm_g_gh_correlationplot_invalid_arguments_throws_an_error_when_plot_width_is_invalid"/>
    <testcase time="0.0609999999999218" classname="tm_g_gh_correlationplot" name="tm_g_gh_correlationplot_invalid_arguments_throws_an_error_when_font_size_is_invalid"/>
    <testcase time="0.0579999999999927" classname="tm_g_gh_correlationplot" name="tm_g_gh_correlationplot_invalid_arguments_throws_an_error_when_dot_size_is_invalid"/>
    <testcase time="0.0620000000000118" classname="tm_g_gh_correlationplot" name="tm_g_gh_correlationplot_invalid_arguments_throws_an_error_when_reg_text_size_is_invalid"/>
    <testcase time="0.0540000000000873" classname="tm_g_gh_correlationplot" name="tm_g_gh_correlationplot_invalid_arguments_throws_an_error_when_pre_output_is_invalid"/>
    <testcase time="0.0589999999999691" classname="tm_g_gh_correlationplot" name="tm_g_gh_correlationplot_invalid_arguments_throws_an_error_when_post_output_is_invalid"/>
    <testcase time="0.0620000000000118" classname="tm_g_gh_correlationplot" name="tm_g_gh_correlationplot_invalid_arguments_throws_an_error_when_transformators_is_invalid"/>
    <testcase time="0.0539999999999736" classname="tm_g_gh_correlationplot" name="tm_g_gh_correlationplot_invalid_arguments_throws_an_error_when_decorators_is_invalid"/>
    <testcase time="0.0670000000000073" classname="tm_g_gh_correlationplot" name="tm_g_gh_correlationplot_invalid_arguments_throws_an_error_when_hline_arb_label_is_invalid"/>
    <testcase time="0.0699999999999363" classname="tm_g_gh_correlationplot" name="tm_g_gh_correlationplot_invalid_arguments_throws_an_error_when_hline_arb_color_is_invalid"/>
    <testcase time="0.0670000000000073" classname="tm_g_gh_correlationplot" name="tm_g_gh_correlationplot_invalid_arguments_throws_an_error_when_hline_vars_colors_is_invalid"/>
    <testcase time="0.0670000000000073" classname="tm_g_gh_correlationplot" name="tm_g_gh_correlationplot_invalid_arguments_throws_an_error_when_hline_vars_labels_is_invalid"/>
    <testcase time="0.0780000000000882" classname="tm_g_gh_correlationplot" name="tm_g_gh_correlationplot_invalid_arguments_throws_an_error_when_vline_arb_label_is_invalid"/>
    <testcase time="0.06899999999996" classname="tm_g_gh_correlationplot" name="tm_g_gh_correlationplot_invalid_arguments_throws_an_error_when_vline_arb_color_is_invalid"/>
    <testcase time="0.0729999999999791" classname="tm_g_gh_correlationplot" name="tm_g_gh_correlationplot_invalid_arguments_throws_an_error_when_vline_vars_colors_is_invalid"/>
    <testcase time="0.0670000000000073" classname="tm_g_gh_correlationplot" name="tm_g_gh_correlationplot_invalid_arguments_throws_an_error_when_vline_vars_labels_is_invalid"/>
    <testcase time="0.0660000000000309" classname="tm_g_gh_correlationplot" name="tm_g_gh_correlationplot_invalid_arguments_gives_a_deprecation_warning_when_param_var_is_used"/>
    <testcase time="0.00499999999999545" classname="tm_g_gh_correlationplot" name="tm_g_gh_correlationplot_invalid_arguments_all_arguments_are_tested"/>
  </testsuite>
  <testsuite name="tm_g_gh_density_distribution_plot" timestamp="2026-08-31T22:38:01Z" hostname="fa8e873f4266" tests="38" skipped="0" failures="0" errors="0" time="1.231">
    <testcase time="0.0589999999999691" classname="tm_g_gh_density_distribution_plot" name="tm_g_gh_density_distribution_plot_can_be_created_with_default_arguments"/>
    <testcase time="0.00300000000004275" classname="tm_g_gh_density_distribution_plot" name="tm_g_gh_density_distribution_plot_can_be_created_with_default_arguments"/>
    <testcase time="0.00900000000001455" classname="tm_g_gh_density_distribution_plot" name="tm_g_gh_density_distribution_plot_can_be_created_with_choices_selected_arguments"/>
    <testcase time="0.00299999999992906" classname="tm_g_gh_density_distribution_plot" name="tm_g_gh_density_distribution_plot_can_be_created_with_choices_selected_arguments"/>
    <testcase time="0.0080000000000382" classname="tm_g_gh_density_distribution_plot" name="tm_g_gh_density_distribution_plot_can_be_created_with_custom_picks_arguments"/>
    <testcase time="0.00299999999992906" classname="tm_g_gh_density_distribution_plot" name="tm_g_gh_density_distribution_plot_can_be_created_with_custom_picks_arguments"/>
    <testcase time="0.0080000000000382" classname="tm_g_gh_density_distribution_plot" name="tm_g_gh_density_distribution_plot_handles_different_parameter_combinations"/>
    <testcase time="0.00200000000006639" classname="tm_g_gh_density_distribution_plot" name="tm_g_gh_density_distribution_plot_handles_different_parameter_combinations"/>
    <testcase time="0.00899999999990087" classname="tm_g_gh_density_distribution_plot" name="tm_g_gh_density_distribution_plot_accepts_custom_color_specifications"/>
    <testcase time="0.00200000000006639" classname="tm_g_gh_density_distribution_plot" name="tm_g_gh_density_distribution_plot_accepts_custom_color_specifications"/>
    <testcase time="0.00900000000001455" classname="tm_g_gh_density_distribution_plot" name="tm_g_gh_density_distribution_plot_accepts_line_arguments"/>
    <testcase time="0.00299999999992906" classname="tm_g_gh_density_distribution_plot" name="tm_g_gh_density_distribution_plot_accepts_line_arguments"/>
    <testcase time="0.0080000000000382" classname="tm_g_gh_density_distribution_plot" name="tm_g_gh_density_distribution_plot_handles_plot_dimensions_correctly"/>
    <testcase time="0.00300000000004275" classname="tm_g_gh_density_distribution_plot" name="tm_g_gh_density_distribution_plot_handles_plot_dimensions_correctly"/>
    <testcase time="0.00999999999999091" classname="tm_g_gh_density_distribution_plot" name="tm_g_gh_density_distribution_plot_invalid_arguments_throws_an_error_when_label_is_invalid"/>
    <testcase time="0.00999999999999091" classname="tm_g_gh_density_distribution_plot" name="tm_g_gh_density_distribution_plot_invalid_arguments_throws_an_error_when_dataname_is_invalid"/>
    <testcase time="0.00900000000001455" classname="tm_g_gh_density_distribution_plot" name="tm_g_gh_density_distribution_plot_invalid_arguments_throws_an_error_when_param_is_invalid"/>
    <testcase time="0.00999999999999091" classname="tm_g_gh_density_distribution_plot" name="tm_g_gh_density_distribution_plot_invalid_arguments_throws_an_error_when_xaxis_var_is_invalid"/>
    <testcase time="0.0109999999999673" classname="tm_g_gh_density_distribution_plot" name="tm_g_gh_density_distribution_plot_invalid_arguments_throws_an_error_when_trt_group_is_invalid"/>
    <testcase time="0.0629999999999882" classname="tm_g_gh_density_distribution_plot" name="tm_g_gh_density_distribution_plot_invalid_arguments_throws_an_error_when_color_manual_is_invalid"/>
    <testcase time="0.0529999999999973" classname="tm_g_gh_density_distribution_plot" name="tm_g_gh_density_distribution_plot_invalid_arguments_throws_an_error_when_comb_line_is_invalid"/>
    <testcase time="0.05600000000004" classname="tm_g_gh_density_distribution_plot" name="tm_g_gh_density_distribution_plot_invalid_arguments_throws_an_error_when_font_size_is_invalid"/>
    <testcase time="0.0629999999999882" classname="tm_g_gh_density_distribution_plot" name="tm_g_gh_density_distribution_plot_invalid_arguments_throws_an_error_when_line_size_is_invalid"/>
    <testcase time="0.05499999999995" classname="tm_g_gh_density_distribution_plot" name="tm_g_gh_density_distribution_plot_invalid_arguments_throws_an_error_when_hline_arb_is_invalid"/>
    <testcase time="0.0550000000000637" classname="tm_g_gh_density_distribution_plot" name="tm_g_gh_density_distribution_plot_invalid_arguments_throws_an_error_when_comb_line_is_invalid"/>
    <testcase time="0.0599999999999454" classname="tm_g_gh_density_distribution_plot" name="tm_g_gh_density_distribution_plot_invalid_arguments_throws_an_error_when_facet_ncol_is_invalid"/>
    <testcase time="0.0529999999999973" classname="tm_g_gh_density_distribution_plot" name="tm_g_gh_density_distribution_plot_invalid_arguments_throws_an_error_when_rotate_xlab_is_invalid"/>
    <testcase time="0.05600000000004" classname="tm_g_gh_density_distribution_plot" name="tm_g_gh_density_distribution_plot_invalid_arguments_throws_an_error_when_plot_height_is_invalid"/>
    <testcase time="0.0629999999999882" classname="tm_g_gh_density_distribution_plot" name="tm_g_gh_density_distribution_plot_invalid_arguments_throws_an_error_when_plot_width_is_invalid"/>
    <testcase time="0.0539999999999736" classname="tm_g_gh_density_distribution_plot" name="tm_g_gh_density_distribution_plot_invalid_arguments_throws_an_error_when_pre_output_is_invalid"/>
    <testcase time="0.05600000000004" classname="tm_g_gh_density_distribution_plot" name="tm_g_gh_density_distribution_plot_invalid_arguments_throws_an_error_when_post_output_is_invalid"/>
    <testcase time="0.0620000000000118" classname="tm_g_gh_density_distribution_plot" name="tm_g_gh_density_distribution_plot_invalid_arguments_throws_an_error_when_transformators_is_invalid"/>
    <testcase time="0.05499999999995" classname="tm_g_gh_density_distribution_plot" name="tm_g_gh_density_distribution_plot_invalid_arguments_throws_an_error_when_color_comb_is_invalid"/>
    <testcase time="0.0539999999999736" classname="tm_g_gh_density_distribution_plot" name="tm_g_gh_density_distribution_plot_invalid_arguments_throws_an_error_when_decorators_is_invalid"/>
    <testcase time="0.0600000000000591" classname="tm_g_gh_density_distribution_plot" name="tm_g_gh_density_distribution_plot_invalid_arguments_throws_an_error_when_hline_arb_label_is_invalid"/>
    <testcase time="0.0649999999999409" classname="tm_g_gh_density_distribution_plot" name="tm_g_gh_density_distribution_plot_invalid_arguments_throws_an_error_when_hline_arb_color_is_invalid"/>
    <testcase time="0.0640000000000782" classname="tm_g_gh_density_distribution_plot" name="tm_g_gh_density_distribution_plot_invalid_arguments_gives_a_deprecation_warning_when_param_var_is_used"/>
    <testcase time="0.00499999999999545" classname="tm_g_gh_density_distribution_plot" name="tm_g_gh_density_distribution_plot_invalid_arguments_all_arguments_are_tested"/>
  </testsuite>
  <testsuite name="tm_g_gh_lineplot" timestamp="2026-08-31T22:38:02Z" hostname="fa8e873f4266" tests="46" skipped="0" failures="0" errors="0" time="3.032">
    <testcase time="0.0989999999999327" classname="tm_g_gh_lineplot" name="tm_g_gh_lineplot_can_be_created_with_default_arguments"/>
    <testcase time="0.00300000000004275" classname="tm_g_gh_lineplot" name="tm_g_gh_lineplot_can_be_created_with_default_arguments"/>
    <testcase time="0.00999999999999091" classname="tm_g_gh_lineplot" name="tm_g_gh_lineplot_can_be_created_with_choices_selected_arguments"/>
    <testcase time="0.00300000000004275" classname="tm_g_gh_lineplot" name="tm_g_gh_lineplot_can_be_created_with_choices_selected_arguments"/>
    <testcase time="0.00900000000001455" classname="tm_g_gh_lineplot" name="tm_g_gh_lineplot_can_be_created_with_custom_picks_arguments"/>
    <testcase time="0.00299999999992906" classname="tm_g_gh_lineplot" name="tm_g_gh_lineplot_can_be_created_with_custom_picks_arguments"/>
    <testcase time="0.00900000000001455" classname="tm_g_gh_lineplot" name="tm_g_gh_lineplot_handles_multiple_parameter_combinations"/>
    <testcase time="0.00300000000004275" classname="tm_g_gh_lineplot" name="tm_g_gh_lineplot_handles_multiple_parameter_combinations"/>
    <testcase time="0.00900000000001455" classname="tm_g_gh_lineplot" name="tm_g_gh_lineplot_accepts_custom_color_specifications_with_picks"/>
    <testcase time="0.00299999999992906" classname="tm_g_gh_lineplot" name="tm_g_gh_lineplot_accepts_custom_color_specifications_with_picks"/>
    <testcase time="0.00999999999999091" classname="tm_g_gh_lineplot" name="tm_g_gh_lineplot_accepts_line_arguments_with_picks"/>
    <testcase time="0.00200000000006639" classname="tm_g_gh_lineplot" name="tm_g_gh_lineplot_accepts_line_arguments_with_picks"/>
    <testcase time="0.0109999999999673" classname="tm_g_gh_lineplot" name="tm_g_gh_lineplot_invalid_arguments_throws_an_error_when_label_is_invalid"/>
    <testcase time="0.00900000000001455" classname="tm_g_gh_lineplot" name="tm_g_gh_lineplot_invalid_arguments_throws_an_error_when_dataname_is_invalid"/>
    <testcase time="0.00999999999999091" classname="tm_g_gh_lineplot" name="tm_g_gh_lineplot_invalid_arguments_throws_an_error_when_param_is_invalid"/>
    <testcase time="0.00999999999999091" classname="tm_g_gh_lineplot" name="tm_g_gh_lineplot_invalid_arguments_throws_an_error_when_param_var_label_is_invalid"/>
    <testcase time="0.00999999999999091" classname="tm_g_gh_lineplot" name="tm_g_gh_lineplot_invalid_arguments_throws_an_error_when_xaxis_var_is_invalid"/>
    <testcase time="0.0600000000000591" classname="tm_g_gh_lineplot" name="tm_g_gh_lineplot_invalid_arguments_throws_an_error_when_yaxis_var_is_invalid"/>
    <testcase time="0.0529999999999973" classname="tm_g_gh_lineplot" name="tm_g_gh_lineplot_invalid_arguments_throws_an_error_when_trt_group_is_invalid"/>
    <testcase time="0.103999999999928" classname="tm_g_gh_lineplot" name="tm_g_gh_lineplot_invalid_arguments_throws_an_error_when_stat_is_invalid"/>
    <testcase time="0.100000000000023" classname="tm_g_gh_lineplot" name="tm_g_gh_lineplot_invalid_arguments_throws_an_error_when_color_manual_is_invalid"/>
    <testcase time="0.106999999999971" classname="tm_g_gh_lineplot" name="tm_g_gh_lineplot_invalid_arguments_throws_an_error_when_rotate_xlab_is_invalid"/>
    <testcase time="0.102000000000089" classname="tm_g_gh_lineplot" name="tm_g_gh_lineplot_invalid_arguments_throws_an_error_when_hline_arb_is_invalid"/>
    <testcase time="0.107999999999947" classname="tm_g_gh_lineplot" name="tm_g_gh_lineplot_invalid_arguments_throws_an_error_when_plot_height_is_invalid"/>
    <testcase time="0.107999999999947" classname="tm_g_gh_lineplot" name="tm_g_gh_lineplot_invalid_arguments_throws_an_error_when_plot_width_is_invalid"/>
    <testcase time="0.100999999999999" classname="tm_g_gh_lineplot" name="tm_g_gh_lineplot_invalid_arguments_throws_an_error_when_plot_font_size_is_invalid"/>
    <testcase time="0.107000000000085" classname="tm_g_gh_lineplot" name="tm_g_gh_lineplot_invalid_arguments_throws_an_error_when_dodge_is_invalid"/>
    <testcase time="0.09699999999998" classname="tm_g_gh_lineplot" name="tm_g_gh_lineplot_invalid_arguments_throws_an_error_when_count_threshold_is_invalid"/>
    <testcase time="0.106999999999971" classname="tm_g_gh_lineplot" name="tm_g_gh_lineplot_invalid_arguments_throws_an_error_when_table_font_size_is_invalid"/>
    <testcase time="0.109000000000037" classname="tm_g_gh_lineplot" name="tm_g_gh_lineplot_invalid_arguments_throws_an_error_when_dot_size_is_invalid"/>
    <testcase time="0.0989999999999327" classname="tm_g_gh_lineplot" name="tm_g_gh_lineplot_invalid_arguments_throws_an_error_when_plot_relative_height_value_is_invalid"/>
    <testcase time="0.104000000000042" classname="tm_g_gh_lineplot" name="tm_g_gh_lineplot_invalid_arguments_throws_an_error_when_pre_output_is_invalid"/>
    <testcase time="0.105000000000018" classname="tm_g_gh_lineplot" name="tm_g_gh_lineplot_invalid_arguments_throws_an_error_when_post_output_is_invalid"/>
    <testcase time="0.106999999999971" classname="tm_g_gh_lineplot" name="tm_g_gh_lineplot_invalid_arguments_throws_an_error_when_transformators_is_invalid"/>
    <testcase time="0.105000000000018" classname="tm_g_gh_lineplot" name="tm_g_gh_lineplot_invalid_arguments_throws_an_error_when_decorators_is_invalid"/>
    <testcase time="0.0539999999999736" classname="tm_g_gh_lineplot" name="tm_g_gh_lineplot_invalid_arguments_throws_an_error_when_xvar_level_is_invalid"/>
    <testcase time="0.115999999999985" classname="tm_g_gh_lineplot" name="tm_g_gh_lineplot_invalid_arguments_throws_an_error_when_trt_group_level_is_invalid"/>
    <testcase time="0.0990000000000464" classname="tm_g_gh_lineplot" name="tm_g_gh_lineplot_invalid_arguments_throws_an_error_when_shape_choices_is_invalid"/>
    <testcase time="0.109000000000037" classname="tm_g_gh_lineplot" name="tm_g_gh_lineplot_invalid_arguments_throws_an_error_when_xtick_is_invalid"/>
    <testcase time="0.0960000000000036" classname="tm_g_gh_lineplot" name="tm_g_gh_lineplot_invalid_arguments_throws_an_error_when_xlabel_is_invalid"/>
    <testcase time="0.111999999999966" classname="tm_g_gh_lineplot" name="tm_g_gh_lineplot_invalid_arguments_throws_an_error_when_hline_arb_label_is_invalid"/>
    <testcase time="0.105999999999995" classname="tm_g_gh_lineplot" name="tm_g_gh_lineplot_invalid_arguments_throws_an_error_when_hline_arb_color_is_invalid"/>
    <testcase time="0.115000000000009" classname="tm_g_gh_lineplot" name="tm_g_gh_lineplot_invalid_arguments_gives_a_deprecation_warning_when_param_var_is_used"/>
    <testcase time="0.115999999999985" classname="tm_g_gh_lineplot" name="tm_g_gh_lineplot_invalid_arguments_gives_a_deprecation_warning_when_filter_var_is_used"/>
    <testcase time="0.107999999999947" classname="tm_g_gh_lineplot" name="tm_g_gh_lineplot_invalid_arguments_gives_a_deprecation_warning_when_filter_var_choices_is_used"/>
    <testcase time="0.00499999999999545" classname="tm_g_gh_lineplot" name="tm_g_gh_lineplot_invalid_arguments_all_arguments_are_tested"/>
  </testsuite>
  <testsuite name="tm_g_gh_spaghettiplot" timestamp="2026-08-31T22:38:05Z" hostname="fa8e873f4266" tests="48" skipped="0" failures="0" errors="0" time="1.781">
    <testcase time="0.0620000000000118" classname="tm_g_gh_spaghettiplot" name="tm_g_gh_spaghettiplot_can_be_created_with_default_arguments"/>
    <testcase time="0.00300000000004275" classname="tm_g_gh_spaghettiplot" name="tm_g_gh_spaghettiplot_can_be_created_with_default_arguments"/>
    <testcase time="0.0109999999999673" classname="tm_g_gh_spaghettiplot" name="tm_g_gh_spaghettiplot_can_be_created_with_choices_selected_arguments"/>
    <testcase time="0.00200000000006639" classname="tm_g_gh_spaghettiplot" name="tm_g_gh_spaghettiplot_can_be_created_with_choices_selected_arguments"/>
    <testcase time="0.00999999999999091" classname="tm_g_gh_spaghettiplot" name="tm_g_gh_spaghettiplot_can_be_created_with_custom_picks_arguments"/>
    <testcase time="0.00199999999995271" classname="tm_g_gh_spaghettiplot" name="tm_g_gh_spaghettiplot_can_be_created_with_custom_picks_arguments"/>
    <testcase time="0.00999999999999091" classname="tm_g_gh_spaghettiplot" name="tm_g_gh_spaghettiplot_handles_multiple_parameter_combinations"/>
    <testcase time="0.00200000000006639" classname="tm_g_gh_spaghettiplot" name="tm_g_gh_spaghettiplot_handles_multiple_parameter_combinations"/>
    <testcase time="0.00999999999999091" classname="tm_g_gh_spaghettiplot" name="tm_g_gh_spaghettiplot_accepts_custom_color_specifications_with_choices_selected"/>
    <testcase time="0.00199999999995271" classname="tm_g_gh_spaghettiplot" name="tm_g_gh_spaghettiplot_accepts_custom_color_specifications_with_choices_selected"/>
    <testcase time="0.00999999999999091" classname="tm_g_gh_spaghettiplot" name="tm_g_gh_spaghettiplot_accepts_line_arguments_with_choices_selected"/>
    <testcase time="0.00300000000004275" classname="tm_g_gh_spaghettiplot" name="tm_g_gh_spaghettiplot_accepts_line_arguments_with_choices_selected"/>
    <testcase time="0.00999999999999091" classname="tm_g_gh_spaghettiplot" name="tm_g_gh_spaghettiplot_invalid_arguments_throws_an_error_when_label_is_invalid"/>
    <testcase time="0.00999999999999091" classname="tm_g_gh_spaghettiplot" name="tm_g_gh_spaghettiplot_invalid_arguments_throws_an_error_when_dataname_is_invalid"/>
    <testcase time="0.00900000000001455" classname="tm_g_gh_spaghettiplot" name="tm_g_gh_spaghettiplot_invalid_arguments_throws_an_error_when_param_var_label_is_invalid"/>
    <testcase time="0.00900000000001455" classname="tm_g_gh_spaghettiplot" name="tm_g_gh_spaghettiplot_invalid_arguments_throws_an_error_when_idvar_is_invalid"/>
    <testcase time="0.00900000000001455" classname="tm_g_gh_spaghettiplot" name="tm_g_gh_spaghettiplot_invalid_arguments_throws_an_error_when_group_stats_is_invalid"/>
    <testcase time="0.00999999999999091" classname="tm_g_gh_spaghettiplot" name="tm_g_gh_spaghettiplot_invalid_arguments_throws_an_error_when_param_is_invalid"/>
    <testcase time="0.00999999999999091" classname="tm_g_gh_spaghettiplot" name="tm_g_gh_spaghettiplot_invalid_arguments_throws_an_error_when_xaxis_var_is_invalid"/>
    <testcase time="0.00999999999999091" classname="tm_g_gh_spaghettiplot" name="tm_g_gh_spaghettiplot_invalid_arguments_throws_an_error_when_yaxis_var_is_invalid"/>
    <testcase time="0.0180000000000291" classname="tm_g_gh_spaghettiplot" name="tm_g_gh_spaghettiplot_invalid_arguments_throws_an_error_when_trt_group_is_invalid"/>
    <testcase time="0.0539999999999736" classname="tm_g_gh_spaghettiplot" name="tm_g_gh_spaghettiplot_invalid_arguments_throws_an_error_when_xaxis_var_level_is_invalid"/>
    <testcase time="0.0570000000000164" classname="tm_g_gh_spaghettiplot" name="tm_g_gh_spaghettiplot_invalid_arguments_throws_an_error_when_trt_group_level_is_invalid"/>
    <testcase time="0.0629999999999882" classname="tm_g_gh_spaghettiplot" name="tm_g_gh_spaghettiplot_invalid_arguments_throws_an_error_when_man_color_is_invalid"/>
    <testcase time="0.05499999999995" classname="tm_g_gh_spaghettiplot" name="tm_g_gh_spaghettiplot_invalid_arguments_throws_an_error_when_color_comb_is_invalid"/>
    <testcase time="0.0579999999999927" classname="tm_g_gh_spaghettiplot" name="tm_g_gh_spaghettiplot_invalid_arguments_throws_an_error_when_hline_arb_is_invalid"/>
    <testcase time="0.0629999999999882" classname="tm_g_gh_spaghettiplot" name="tm_g_gh_spaghettiplot_invalid_arguments_throws_an_error_when_hline_vars_is_invalid"/>
    <testcase time="0.05600000000004" classname="tm_g_gh_spaghettiplot" name="tm_g_gh_spaghettiplot_invalid_arguments_throws_an_error_when_facet_ncol_is_invalid"/>
    <testcase time="0.0550000000000637" classname="tm_g_gh_spaghettiplot" name="tm_g_gh_spaghettiplot_invalid_arguments_throws_an_error_when_free_x_is_invalid"/>
    <testcase time="0.0539999999999736" classname="tm_g_gh_spaghettiplot" name="tm_g_gh_spaghettiplot_invalid_arguments_throws_an_error_when_rotate_xlab_is_invalid"/>
    <testcase time="0.0639999999999645" classname="tm_g_gh_spaghettiplot" name="tm_g_gh_spaghettiplot_invalid_arguments_throws_an_error_when_plot_height_is_invalid"/>
    <testcase time="0.0579999999999927" classname="tm_g_gh_spaghettiplot" name="tm_g_gh_spaghettiplot_invalid_arguments_throws_an_error_when_plot_width_is_invalid"/>
    <testcase time="0.05600000000004" classname="tm_g_gh_spaghettiplot" name="tm_g_gh_spaghettiplot_invalid_arguments_throws_an_error_when_font_size_is_invalid"/>
    <testcase time="0.0679999999999836" classname="tm_g_gh_spaghettiplot" name="tm_g_gh_spaghettiplot_invalid_arguments_throws_an_error_when_dot_size_is_invalid"/>
    <testcase time="0.0579999999999927" classname="tm_g_gh_spaghettiplot" name="tm_g_gh_spaghettiplot_invalid_arguments_throws_an_error_when_alpha_is_invalid"/>
    <testcase time="0.05499999999995" classname="tm_g_gh_spaghettiplot" name="tm_g_gh_spaghettiplot_invalid_arguments_throws_an_error_when_pre_output_is_invalid"/>
    <testcase time="0.0630000000001019" classname="tm_g_gh_spaghettiplot" name="tm_g_gh_spaghettiplot_invalid_arguments_throws_an_error_when_post_output_is_invalid"/>
    <testcase time="0.0539999999999736" classname="tm_g_gh_spaghettiplot" name="tm_g_gh_spaghettiplot_invalid_arguments_throws_an_error_when_transformators_is_invalid"/>
    <testcase time="0.05499999999995" classname="tm_g_gh_spaghettiplot" name="tm_g_gh_spaghettiplot_invalid_arguments_throws_an_error_when_decorators_is_invalid"/>
    <testcase time="0.0620000000000118" classname="tm_g_gh_spaghettiplot" name="tm_g_gh_spaghettiplot_invalid_arguments_throws_an_error_when_xtick_is_invalid"/>
    <testcase time="0.0550000000000637" classname="tm_g_gh_spaghettiplot" name="tm_g_gh_spaghettiplot_invalid_arguments_throws_an_error_when_xlabel_is_invalid"/>
    <testcase time="0.0669999999998936" classname="tm_g_gh_spaghettiplot" name="tm_g_gh_spaghettiplot_invalid_arguments_throws_an_error_when_hline_arb_label_is_invalid"/>
    <testcase time="0.0640000000000782" classname="tm_g_gh_spaghettiplot" name="tm_g_gh_spaghettiplot_invalid_arguments_throws_an_error_when_hline_arb_color_is_invalid"/>
    <testcase time="0.0639999999999645" classname="tm_g_gh_spaghettiplot" name="tm_g_gh_spaghettiplot_invalid_arguments_throws_an_error_when_hline_vars_colors_is_invalid"/>
    <testcase time="0.0679999999999836" classname="tm_g_gh_spaghettiplot" name="tm_g_gh_spaghettiplot_invalid_arguments_throws_an_error_when_hline_vars_labels_is_invalid"/>
    <testcase time="0.0630000000001019" classname="tm_g_gh_spaghettiplot" name="tm_g_gh_spaghettiplot_invalid_arguments_gives_a_deprecation_warning_when_param_var_is_used"/>
    <testcase time="0.0649999999999409" classname="tm_g_gh_spaghettiplot" name="tm_g_gh_spaghettiplot_invalid_arguments_gives_a_deprecation_warning_when_filter_var_is_used"/>
    <testcase time="0.00499999999999545" classname="tm_g_gh_spaghettiplot" name="tm_g_gh_spaghettiplot_invalid_arguments_all_arguments_are_tested"/>
  </testsuite>
</testsuites>
