<?xml version="1.0" encoding="UTF-8"?>
<testsuites>
  <testsuite name="shinytest2-tm_g_gh_boxplot" timestamp="2026-09-10T18:01:17Z" hostname="1f96664d142b" tests="6" skipped="6" failures="0" errors="0" time="0.14">
    <testcase time="0.032" classname="shinytest2_tm_g_gh_boxplot" name="e2e_tm_g_gh_boxplot_initializes_and_renders_a_plot">
      <skipped message="Reason: testing depth 3 is below current testing specification 5 ('test-shinytest2-tm_g_gh_boxplot.R:24:3')"/>
    </testcase>
    <testcase time="0.0509999999999999" classname="shinytest2_tm_g_gh_boxplot" name="e2e_tm_g_gh_boxplot_starts_with_expected_label_and_encoding_selections.">
      <skipped message="Reason: testing depth 3 is below current testing specification 5 ('test-shinytest2-tm_g_gh_boxplot.R:41:5')"/>
    </testcase>
    <testcase time="0.0280000000000001" classname="shinytest2_tm_g_gh_boxplot" name="e2e_tm_g_gh_boxplot_changing_pick_changes_plot_and_does_not_throw_validation_errors.">
      <skipped message="Reason: testing depth 3 is below current testing specification 5 ('test-shinytest2-tm_g_gh_boxplot.R:61:3')"/>
    </testcase>
    <testcase time="0.0089999999999999" classname="shinytest2_tm_g_gh_boxplot" name="e2e_tm_g_gh_boxplot_displays_selected_data_points_table">
      <skipped message="Reason: testing depth 3 is below current testing specification 5 ('test-shinytest2-tm_g_gh_boxplot.R:104:3')"/>
    </testcase>
    <testcase time="0.0109999999999999" classname="shinytest2_tm_g_gh_boxplot" name="e2e_tm_g_gh_boxplot_handles_LoQ_legend_toggle">
      <skipped message="Reason: testing depth 3 is below current testing specification 5 ('test-shinytest2-tm_g_gh_boxplot.R:121:3')"/>
    </testcase>
    <testcase time="0.00900000000000012" classname="shinytest2_tm_g_gh_boxplot" name="e2e_tm_g_gh_boxplot_respects_plot_height_adjustment">
      <skipped message="Reason: testing depth 3 is below current testing specification 5 ('test-shinytest2-tm_g_gh_boxplot.R:140:3')"/>
    </testcase>
  </testsuite>
  <testsuite name="shinytest2-tm_g_gh_correlationplot" timestamp="2026-09-10T18:01:17Z" hostname="1f96664d142b" tests="3" skipped="3" failures="0" errors="0" time="0.042">
    <testcase time="0.0209999999999999" classname="shinytest2_tm_g_gh_correlationplot" name="e2e_tm_g_gh_correlationplot_initializes_and_renders_a_plot">
      <skipped message="Reason: testing depth 3 is below current testing specification 5 ('test-shinytest2-tm_g_gh_correlationplot.R:28:3')"/>
    </testcase>
    <testcase time="0.0110000000000001" classname="shinytest2_tm_g_gh_correlationplot" name="e2e_tm_g_gh_correlationplot_starts_with_expected_label_and_encoding_selections.">
      <skipped message="Reason: testing depth 3 is below current testing specification 5 ('test-shinytest2-tm_g_gh_correlationplot.R:49:5')"/>
    </testcase>
    <testcase time="0.01" classname="shinytest2_tm_g_gh_correlationplot" name="e2e_tm_g_gh_correlationplot_changing_pick_changes_plot_and_does_not_throw_validation_errors.">
      <skipped message="Reason: testing depth 3 is below current testing specification 5 ('test-shinytest2-tm_g_gh_correlationplot.R:70:3')"/>
    </testcase>
  </testsuite>
  <testsuite name="shinytest2-tm_g_gh_density_distribution_plot" timestamp="2026-09-10T18:01:17Z" hostname="1f96664d142b" tests="4" skipped="4" failures="0" errors="0" time="0.049">
    <testcase time="0.018" classname="shinytest2_tm_g_gh_density_distribution_plot" name="e2e_tm_g_gh_density_distribution_plot_initializes_and_renders_a_plot">
      <skipped message="Reason: testing depth 3 is below current testing specification 5 ('test-shinytest2-tm_g_gh_density_distribution_plot.R:20:3')"/>
    </testcase>
    <testcase time="0.01" classname="shinytest2_tm_g_gh_density_distribution_plot" name="e2e_tm_g_gh_density_distribution_plot_starts_with_expected_label_and_encoding_selections.">
      <skipped message="Reason: testing depth 3 is below current testing specification 5 ('test-shinytest2-tm_g_gh_density_distribution_plot.R:34:5')"/>
    </testcase>
    <testcase time="0.012" classname="shinytest2_tm_g_gh_density_distribution_plot" name="e2e_tm_g_gh_density_distribution_plot_changing_pick_changes_plot_and_does_not_throw_validation_errors.">
      <skipped message="Reason: testing depth 3 is below current testing specification 5 ('test-shinytest2-tm_g_gh_density_distribution_plot.R:52:3')"/>
    </testcase>
    <testcase time="0.0089999999999999" classname="shinytest2_tm_g_gh_density_distribution_plot" name="e2e_tm_g_gh_density_distribution_plot_handles_comb_line_toggle">
      <skipped message="Reason: testing depth 3 is below current testing specification 5 ('test-shinytest2-tm_g_gh_density_distribution_plot.R:80:3')"/>
    </testcase>
  </testsuite>
  <testsuite name="shinytest2-tm_g_gh_lineplot" timestamp="2026-09-10T18:01:17Z" hostname="1f96664d142b" tests="3" skipped="3" failures="0" errors="0" time="0.031">
    <testcase time="0.012" classname="shinytest2_tm_g_gh_lineplot" name="e2e_tm_g_gh_lineplot_initializes_and_renders_a_plot">
      <skipped message="Reason: testing depth 3 is below current testing specification 5 ('test-shinytest2-tm_g_gh_lineplot.R:23:3')"/>
    </testcase>
    <testcase time="0.0089999999999999" classname="shinytest2_tm_g_gh_lineplot" name="e2e_tm_g_gh_lineplot_starts_with_expected_label_and_encoding_selections.">
      <skipped message="Reason: testing depth 3 is below current testing specification 5 ('test-shinytest2-tm_g_gh_lineplot.R:40:5')"/>
    </testcase>
    <testcase time="0.01" classname="shinytest2_tm_g_gh_lineplot" name="e2e_tm_g_gh_lineplot_changing_pick_changes_plot_and_does_not_throw_validation_errors.">
      <skipped message="Reason: testing depth 3 is below current testing specification 5 ('test-shinytest2-tm_g_gh_lineplot.R:59:3')"/>
    </testcase>
  </testsuite>
  <testsuite name="shinytest2-tm_g_gh_spaghettiplot" timestamp="2026-09-10T18:01:17Z" hostname="1f96664d142b" tests="3" skipped="3" failures="0" errors="0" time="0.065">
    <testcase time="0.012" classname="shinytest2_tm_g_gh_spaghettiplot" name="e2e_tm_g_gh_spaghettiplot_initializes_and_renders_a_plot">
      <skipped message="Reason: testing depth 3 is below current testing specification 5 ('test-shinytest2-tm_g_gh_spaghettiplot.R:22:3')"/>
    </testcase>
    <testcase time="0.044" classname="shinytest2_tm_g_gh_spaghettiplot" name="e2e_tm_g_gh_spaghettiplot_starts_with_expected_label_and_encoding_selections.">
      <skipped message="Reason: testing depth 3 is below current testing specification 5 ('test-shinytest2-tm_g_gh_spaghettiplot.R:43:5')"/>
    </testcase>
    <testcase time="0.00900000000000012" classname="shinytest2_tm_g_gh_spaghettiplot" name="e2e_tm_g_gh_spaghettiplot_changing_pick_changes_plot_and_does_not_throw_validation_errors.">
      <skipped message="Reason: testing depth 3 is below current testing specification 5 ('test-shinytest2-tm_g_gh_spaghettiplot.R:62:3')"/>
    </testcase>
  </testsuite>
  <testsuite name="tm_g_gh_boxplot" timestamp="2026-09-10T18:01:17Z" hostname="1f96664d142b" tests="43" skipped="0" failures="0" errors="0" time="1.87">
    <testcase time="0.089" classname="tm_g_gh_boxplot" name="tm_g_gh_boxplot_can_be_created_with_default_arguments"/>
    <testcase time="0.002" classname="tm_g_gh_boxplot" name="tm_g_gh_boxplot_can_be_created_with_default_arguments"/>
    <testcase time="0.0109999999999999" classname="tm_g_gh_boxplot" name="tm_g_gh_boxplot_can_be_created_with_choices_selected_arguments"/>
    <testcase time="0.002" classname="tm_g_gh_boxplot" name="tm_g_gh_boxplot_can_be_created_with_choices_selected_arguments"/>
    <testcase time="0.00800000000000001" classname="tm_g_gh_boxplot" name="tm_g_gh_boxplot_can_be_created_with_custom_picks_arguments"/>
    <testcase time="0.002" classname="tm_g_gh_boxplot" name="tm_g_gh_boxplot_can_be_created_with_custom_picks_arguments"/>
    <testcase time="0.00700000000000012" classname="tm_g_gh_boxplot" name="tm_g_gh_boxplot_handles_different_parameter_combinations"/>
    <testcase time="0.00299999999999989" classname="tm_g_gh_boxplot" name="tm_g_gh_boxplot_handles_different_parameter_combinations"/>
    <testcase time="0.00700000000000012" classname="tm_g_gh_boxplot" name="tm_g_gh_boxplot_accepts_custom_color_and_shape_specifications"/>
    <testcase time="0.002" classname="tm_g_gh_boxplot" name="tm_g_gh_boxplot_accepts_custom_color_and_shape_specifications"/>
    <testcase time="0.0069999999999999" classname="tm_g_gh_boxplot" name="tm_g_gh_boxplot_accepts_line_arguments"/>
    <testcase time="0.002" classname="tm_g_gh_boxplot" name="tm_g_gh_boxplot_accepts_line_arguments"/>
    <testcase time="0.01" classname="tm_g_gh_boxplot" name="tm_g_gh_boxplot_handles_plot_dimensions_correctly"/>
    <testcase time="0.002" classname="tm_g_gh_boxplot" name="tm_g_gh_boxplot_handles_plot_dimensions_correctly"/>
    <testcase time="0.00800000000000001" classname="tm_g_gh_boxplot" name="tm_g_gh_boxplot_invalid_arguments_throws_an_error_when_label_is_invalid"/>
    <testcase time="0.00800000000000001" classname="tm_g_gh_boxplot" name="tm_g_gh_boxplot_invalid_arguments_throws_an_error_when_dataname_is_invalid"/>
    <testcase time="0.00600000000000001" classname="tm_g_gh_boxplot" name="tm_g_gh_boxplot_invalid_arguments_throws_an_error_when_param_is_invalid"/>
    <testcase time="0.00800000000000001" classname="tm_g_gh_boxplot" name="tm_g_gh_boxplot_invalid_arguments_throws_an_error_when_yaxis_var_is_invalid"/>
    <testcase time="0.0069999999999999" classname="tm_g_gh_boxplot" name="tm_g_gh_boxplot_invalid_arguments_throws_an_error_when_xaxis_var_is_invalid"/>
    <testcase time="0.0110000000000001" classname="tm_g_gh_boxplot" name="tm_g_gh_boxplot_invalid_arguments_throws_an_error_when_facet_var_is_invalid"/>
    <testcase time="0.04" classname="tm_g_gh_boxplot" name="tm_g_gh_boxplot_invalid_arguments_throws_an_error_when_trt_group_is_invalid"/>
    <testcase time="0.0759999999999998" classname="tm_g_gh_boxplot" name="tm_g_gh_boxplot_invalid_arguments_throws_an_error_when_color_manual_is_invalid"/>
    <testcase time="0.0740000000000001" classname="tm_g_gh_boxplot" name="tm_g_gh_boxplot_invalid_arguments_throws_an_error_when_shape_manual_is_invalid"/>
    <testcase time="0.0680000000000001" classname="tm_g_gh_boxplot" name="tm_g_gh_boxplot_invalid_arguments_throws_an_error_when_facet_ncol_is_invalid"/>
    <testcase time="0.0700000000000001" classname="tm_g_gh_boxplot" name="tm_g_gh_boxplot_invalid_arguments_throws_an_error_when_loq_legend_is_invalid"/>
    <testcase time="0.0699999999999998" classname="tm_g_gh_boxplot" name="tm_g_gh_boxplot_invalid_arguments_throws_an_error_when_rotate_xlab_is_invalid"/>
    <testcase time="0.0700000000000001" classname="tm_g_gh_boxplot" name="tm_g_gh_boxplot_invalid_arguments_throws_an_error_when_hline_arb_is_invalid"/>
    <testcase time="0.073" classname="tm_g_gh_boxplot" name="tm_g_gh_boxplot_invalid_arguments_throws_an_error_when_hline_vars_is_invalid"/>
    <testcase time="0.0739999999999998" classname="tm_g_gh_boxplot" name="tm_g_gh_boxplot_invalid_arguments_throws_an_error_when_plot_height_is_invalid"/>
    <testcase time="0.0730000000000004" classname="tm_g_gh_boxplot" name="tm_g_gh_boxplot_invalid_arguments_throws_an_error_when_plot_width_is_invalid"/>
    <testcase time="0.077" classname="tm_g_gh_boxplot" name="tm_g_gh_boxplot_invalid_arguments_throws_an_error_when_font_size_is_invalid"/>
    <testcase time="0.073" classname="tm_g_gh_boxplot" name="tm_g_gh_boxplot_invalid_arguments_throws_an_error_when_dot_size_is_invalid"/>
    <testcase time="0.073" classname="tm_g_gh_boxplot" name="tm_g_gh_boxplot_invalid_arguments_throws_an_error_when_alpha_is_invalid"/>
    <testcase time="0.0720000000000001" classname="tm_g_gh_boxplot" name="tm_g_gh_boxplot_invalid_arguments_throws_an_error_when_pre_output_is_invalid"/>
    <testcase time="0.0789999999999997" classname="tm_g_gh_boxplot" name="tm_g_gh_boxplot_invalid_arguments_throws_an_error_when_post_output_is_invalid"/>
    <testcase time="0.085" classname="tm_g_gh_boxplot" name="tm_g_gh_boxplot_invalid_arguments_throws_an_error_when_transformators_is_invalid"/>
    <testcase time="0.0770000000000004" classname="tm_g_gh_boxplot" name="tm_g_gh_boxplot_invalid_arguments_throws_an_error_when_decorators_is_invalid"/>
    <testcase time="0.0879999999999996" classname="tm_g_gh_boxplot" name="tm_g_gh_boxplot_invalid_arguments_throws_an_error_when_hline_arb_label_is_invalid"/>
    <testcase time="0.0870000000000002" classname="tm_g_gh_boxplot" name="tm_g_gh_boxplot_invalid_arguments_throws_an_error_when_hline_arb_color_is_invalid"/>
    <testcase time="0.0880000000000001" classname="tm_g_gh_boxplot" name="tm_g_gh_boxplot_invalid_arguments_throws_an_error_when_hline_vars_colors_is_invalid"/>
    <testcase time="0.0899999999999999" classname="tm_g_gh_boxplot" name="tm_g_gh_boxplot_invalid_arguments_throws_an_error_when_hline_vars_labels_is_invalid"/>
    <testcase time="0.0870000000000002" classname="tm_g_gh_boxplot" name="tm_g_gh_boxplot_invalid_arguments_gives_a_deprecation_warning_when_param_var_is_used"/>
    <testcase time="0.004" classname="tm_g_gh_boxplot" name="tm_g_gh_boxplot_invalid_arguments_all_arguments_are_tested"/>
  </testsuite>
  <testsuite name="tm_g_gh_correlationplot" timestamp="2026-09-10T18:01:19Z" hostname="1f96664d142b" tests="50" skipped="0" failures="0" errors="0" time="1.668">
    <testcase time="0.0499999999999998" classname="tm_g_gh_correlationplot" name="tm_g_gh_correlationplot_can_be_created_with_default_arguments"/>
    <testcase time="0.00200000000000022" classname="tm_g_gh_correlationplot" name="tm_g_gh_correlationplot_can_be_created_with_default_arguments"/>
    <testcase time="0.0089999999999999" classname="tm_g_gh_correlationplot" name="tm_g_gh_correlationplot_can_be_created_with_choices_selected_arguments"/>
    <testcase time="0.00199999999999978" classname="tm_g_gh_correlationplot" name="tm_g_gh_correlationplot_can_be_created_with_choices_selected_arguments"/>
    <testcase time="0.00800000000000001" classname="tm_g_gh_correlationplot" name="tm_g_gh_correlationplot_can_be_created_with_custom_picks_arguments"/>
    <testcase time="0.00200000000000022" classname="tm_g_gh_correlationplot" name="tm_g_gh_correlationplot_can_be_created_with_custom_picks_arguments"/>
    <testcase time="0.00800000000000001" classname="tm_g_gh_correlationplot" name="tm_g_gh_correlationplot_handles_multiple_parameter_combinations"/>
    <testcase time="0.00199999999999978" classname="tm_g_gh_correlationplot" name="tm_g_gh_correlationplot_handles_multiple_parameter_combinations"/>
    <testcase time="0.00800000000000001" classname="tm_g_gh_correlationplot" name="tm_g_gh_correlationplot_accepts_custom_color_and_shape_specifications_with_choices_selected"/>
    <testcase time="0.00200000000000022" classname="tm_g_gh_correlationplot" name="tm_g_gh_correlationplot_accepts_custom_color_and_shape_specifications_with_choices_selected"/>
    <testcase time="0.012" classname="tm_g_gh_correlationplot" name="tm_g_gh_correlationplot_accepts_line_arguments_with_choices_selected"/>
    <testcase time="0.00199999999999978" classname="tm_g_gh_correlationplot" name="tm_g_gh_correlationplot_accepts_line_arguments_with_choices_selected"/>
    <testcase time="0.0470000000000002" classname="tm_g_gh_correlationplot" name="tm_g_gh_correlationplot_invalid_arguments_throws_an_error_when_label_is_invalid"/>
    <testcase time="0.00700000000000012" classname="tm_g_gh_correlationplot" name="tm_g_gh_correlationplot_invalid_arguments_throws_an_error_when_dataname_is_invalid"/>
    <testcase time="0.00699999999999967" classname="tm_g_gh_correlationplot" name="tm_g_gh_correlationplot_invalid_arguments_throws_an_error_when_xaxis_param_is_invalid"/>
    <testcase time="0.00800000000000001" classname="tm_g_gh_correlationplot" name="tm_g_gh_correlationplot_invalid_arguments_throws_an_error_when_yaxis_param_is_invalid"/>
    <testcase time="0.00800000000000001" classname="tm_g_gh_correlationplot" name="tm_g_gh_correlationplot_invalid_arguments_throws_an_error_when_xaxis_var_is_invalid"/>
    <testcase time="0.00800000000000001" classname="tm_g_gh_correlationplot" name="tm_g_gh_correlationplot_invalid_arguments_throws_an_error_when_yaxis_var_is_invalid"/>
    <testcase time="0.0110000000000001" classname="tm_g_gh_correlationplot" name="tm_g_gh_correlationplot_invalid_arguments_throws_an_error_when_trt_group_is_invalid"/>
    <testcase time="0.0419999999999998" classname="tm_g_gh_correlationplot" name="tm_g_gh_correlationplot_invalid_arguments_throws_an_error_when_color_manual_is_invalid"/>
    <testcase time="0.0409999999999999" classname="tm_g_gh_correlationplot" name="tm_g_gh_correlationplot_invalid_arguments_throws_an_error_when_shape_manual_is_invalid"/>
    <testcase time="0.0369999999999999" classname="tm_g_gh_correlationplot" name="tm_g_gh_correlationplot_invalid_arguments_throws_an_error_when_facet_ncol_is_invalid"/>
    <testcase time="0.04" classname="tm_g_gh_correlationplot" name="tm_g_gh_correlationplot_invalid_arguments_throws_an_error_when_visit_facet_is_invalid"/>
    <testcase time="0.0390000000000001" classname="tm_g_gh_correlationplot" name="tm_g_gh_correlationplot_invalid_arguments_throws_an_error_when_trt_facet_is_invalid"/>
    <testcase time="0.04" classname="tm_g_gh_correlationplot" name="tm_g_gh_correlationplot_invalid_arguments_throws_an_error_when_reg_line_is_invalid"/>
    <testcase time="0.0399999999999996" classname="tm_g_gh_correlationplot" name="tm_g_gh_correlationplot_invalid_arguments_throws_an_error_when_loq_legend_is_invalid"/>
    <testcase time="0.0410000000000004" classname="tm_g_gh_correlationplot" name="tm_g_gh_correlationplot_invalid_arguments_throws_an_error_when_rotate_xlab_is_invalid"/>
    <testcase time="0.0419999999999998" classname="tm_g_gh_correlationplot" name="tm_g_gh_correlationplot_invalid_arguments_throws_an_error_when_hline_arb_is_invalid"/>
    <testcase time="0.0420000000000003" classname="tm_g_gh_correlationplot" name="tm_g_gh_correlationplot_invalid_arguments_throws_an_error_when_hline_vars_is_invalid"/>
    <testcase time="0.0419999999999998" classname="tm_g_gh_correlationplot" name="tm_g_gh_correlationplot_invalid_arguments_throws_an_error_when_vline_arb_is_invalid"/>
    <testcase time="0.0409999999999999" classname="tm_g_gh_correlationplot" name="tm_g_gh_correlationplot_invalid_arguments_throws_an_error_when_vline_vars_is_invalid"/>
    <testcase time="0.0420000000000003" classname="tm_g_gh_correlationplot" name="tm_g_gh_correlationplot_invalid_arguments_throws_an_error_when_plot_height_is_invalid"/>
    <testcase time="0.0409999999999999" classname="tm_g_gh_correlationplot" name="tm_g_gh_correlationplot_invalid_arguments_throws_an_error_when_plot_width_is_invalid"/>
    <testcase time="0.0409999999999999" classname="tm_g_gh_correlationplot" name="tm_g_gh_correlationplot_invalid_arguments_throws_an_error_when_font_size_is_invalid"/>
    <testcase time="0.0409999999999999" classname="tm_g_gh_correlationplot" name="tm_g_gh_correlationplot_invalid_arguments_throws_an_error_when_dot_size_is_invalid"/>
    <testcase time="0.0409999999999999" classname="tm_g_gh_correlationplot" name="tm_g_gh_correlationplot_invalid_arguments_throws_an_error_when_reg_text_size_is_invalid"/>
    <testcase time="0.04" classname="tm_g_gh_correlationplot" name="tm_g_gh_correlationplot_invalid_arguments_throws_an_error_when_pre_output_is_invalid"/>
    <testcase time="0.173" classname="tm_g_gh_correlationplot" name="tm_g_gh_correlationplot_invalid_arguments_throws_an_error_when_post_output_is_invalid"/>
    <testcase time="0.0460000000000003" classname="tm_g_gh_correlationplot" name="tm_g_gh_correlationplot_invalid_arguments_throws_an_error_when_transformators_is_invalid"/>
    <testcase time="0.0499999999999998" classname="tm_g_gh_correlationplot" name="tm_g_gh_correlationplot_invalid_arguments_throws_an_error_when_decorators_is_invalid"/>
    <testcase time="0.048" classname="tm_g_gh_correlationplot" name="tm_g_gh_correlationplot_invalid_arguments_throws_an_error_when_hline_arb_label_is_invalid"/>
    <testcase time="0.0519999999999996" classname="tm_g_gh_correlationplot" name="tm_g_gh_correlationplot_invalid_arguments_throws_an_error_when_hline_arb_color_is_invalid"/>
    <testcase time="0.0510000000000002" classname="tm_g_gh_correlationplot" name="tm_g_gh_correlationplot_invalid_arguments_throws_an_error_when_hline_vars_colors_is_invalid"/>
    <testcase time="0.0510000000000002" classname="tm_g_gh_correlationplot" name="tm_g_gh_correlationplot_invalid_arguments_throws_an_error_when_hline_vars_labels_is_invalid"/>
    <testcase time="0.0519999999999996" classname="tm_g_gh_correlationplot" name="tm_g_gh_correlationplot_invalid_arguments_throws_an_error_when_vline_arb_label_is_invalid"/>
    <testcase time="0.0510000000000002" classname="tm_g_gh_correlationplot" name="tm_g_gh_correlationplot_invalid_arguments_throws_an_error_when_vline_arb_color_is_invalid"/>
    <testcase time="0.0529999999999999" classname="tm_g_gh_correlationplot" name="tm_g_gh_correlationplot_invalid_arguments_throws_an_error_when_vline_vars_colors_is_invalid"/>
    <testcase time="0.0490000000000004" classname="tm_g_gh_correlationplot" name="tm_g_gh_correlationplot_invalid_arguments_throws_an_error_when_vline_vars_labels_is_invalid"/>
    <testcase time="0.0529999999999999" classname="tm_g_gh_correlationplot" name="tm_g_gh_correlationplot_invalid_arguments_gives_a_deprecation_warning_when_param_var_is_used"/>
    <testcase time="0.00300000000000011" classname="tm_g_gh_correlationplot" name="tm_g_gh_correlationplot_invalid_arguments_all_arguments_are_tested"/>
  </testsuite>
  <testsuite name="tm_g_gh_density_distribution_plot" timestamp="2026-09-10T18:01:21Z" hostname="1f96664d142b" tests="38" skipped="0" failures="0" errors="0" time="0.974">
    <testcase time="0.0389999999999997" classname="tm_g_gh_density_distribution_plot" name="tm_g_gh_density_distribution_plot_can_be_created_with_default_arguments"/>
    <testcase time="0.00199999999999978" classname="tm_g_gh_density_distribution_plot" name="tm_g_gh_density_distribution_plot_can_be_created_with_default_arguments"/>
    <testcase time="0.00700000000000056" classname="tm_g_gh_density_distribution_plot" name="tm_g_gh_density_distribution_plot_can_be_created_with_choices_selected_arguments"/>
    <testcase time="0.00199999999999978" classname="tm_g_gh_density_distribution_plot" name="tm_g_gh_density_distribution_plot_can_be_created_with_choices_selected_arguments"/>
    <testcase time="0.00600000000000023" classname="tm_g_gh_density_distribution_plot" name="tm_g_gh_density_distribution_plot_can_be_created_with_custom_picks_arguments"/>
    <testcase time="0.00300000000000011" classname="tm_g_gh_density_distribution_plot" name="tm_g_gh_density_distribution_plot_can_be_created_with_custom_picks_arguments"/>
    <testcase time="0.00599999999999934" classname="tm_g_gh_density_distribution_plot" name="tm_g_gh_density_distribution_plot_handles_different_parameter_combinations"/>
    <testcase time="0.00200000000000067" classname="tm_g_gh_density_distribution_plot" name="tm_g_gh_density_distribution_plot_handles_different_parameter_combinations"/>
    <testcase time="0.00699999999999967" classname="tm_g_gh_density_distribution_plot" name="tm_g_gh_density_distribution_plot_accepts_custom_color_specifications"/>
    <testcase time="0.00199999999999978" classname="tm_g_gh_density_distribution_plot" name="tm_g_gh_density_distribution_plot_accepts_custom_color_specifications"/>
    <testcase time="0.00600000000000023" classname="tm_g_gh_density_distribution_plot" name="tm_g_gh_density_distribution_plot_accepts_line_arguments"/>
    <testcase time="0.00199999999999978" classname="tm_g_gh_density_distribution_plot" name="tm_g_gh_density_distribution_plot_accepts_line_arguments"/>
    <testcase time="0.00700000000000056" classname="tm_g_gh_density_distribution_plot" name="tm_g_gh_density_distribution_plot_handles_plot_dimensions_correctly"/>
    <testcase time="0.00199999999999978" classname="tm_g_gh_density_distribution_plot" name="tm_g_gh_density_distribution_plot_handles_plot_dimensions_correctly"/>
    <testcase time="0.00800000000000001" classname="tm_g_gh_density_distribution_plot" name="tm_g_gh_density_distribution_plot_invalid_arguments_throws_an_error_when_label_is_invalid"/>
    <testcase time="0.00699999999999967" classname="tm_g_gh_density_distribution_plot" name="tm_g_gh_density_distribution_plot_invalid_arguments_throws_an_error_when_dataname_is_invalid"/>
    <testcase time="0.00800000000000001" classname="tm_g_gh_density_distribution_plot" name="tm_g_gh_density_distribution_plot_invalid_arguments_throws_an_error_when_param_is_invalid"/>
    <testcase time="0.0110000000000001" classname="tm_g_gh_density_distribution_plot" name="tm_g_gh_density_distribution_plot_invalid_arguments_throws_an_error_when_xaxis_var_is_invalid"/>
    <testcase time="0.00699999999999967" classname="tm_g_gh_density_distribution_plot" name="tm_g_gh_density_distribution_plot_invalid_arguments_throws_an_error_when_trt_group_is_invalid"/>
    <testcase time="0.0420000000000007" classname="tm_g_gh_density_distribution_plot" name="tm_g_gh_density_distribution_plot_invalid_arguments_throws_an_error_when_color_manual_is_invalid"/>
    <testcase time="0.0419999999999998" classname="tm_g_gh_density_distribution_plot" name="tm_g_gh_density_distribution_plot_invalid_arguments_throws_an_error_when_comb_line_is_invalid"/>
    <testcase time="0.0460000000000003" classname="tm_g_gh_density_distribution_plot" name="tm_g_gh_density_distribution_plot_invalid_arguments_throws_an_error_when_font_size_is_invalid"/>
    <testcase time="0.0429999999999993" classname="tm_g_gh_density_distribution_plot" name="tm_g_gh_density_distribution_plot_invalid_arguments_throws_an_error_when_line_size_is_invalid"/>
    <testcase time="0.0440000000000005" classname="tm_g_gh_density_distribution_plot" name="tm_g_gh_density_distribution_plot_invalid_arguments_throws_an_error_when_hline_arb_is_invalid"/>
    <testcase time="0.0460000000000003" classname="tm_g_gh_density_distribution_plot" name="tm_g_gh_density_distribution_plot_invalid_arguments_throws_an_error_when_comb_line_is_invalid"/>
    <testcase time="0.0489999999999995" classname="tm_g_gh_density_distribution_plot" name="tm_g_gh_density_distribution_plot_invalid_arguments_throws_an_error_when_facet_ncol_is_invalid"/>
    <testcase time="0.0529999999999999" classname="tm_g_gh_density_distribution_plot" name="tm_g_gh_density_distribution_plot_invalid_arguments_throws_an_error_when_rotate_xlab_is_invalid"/>
    <testcase time="0.0460000000000003" classname="tm_g_gh_density_distribution_plot" name="tm_g_gh_density_distribution_plot_invalid_arguments_throws_an_error_when_plot_height_is_invalid"/>
    <testcase time="0.0469999999999997" classname="tm_g_gh_density_distribution_plot" name="tm_g_gh_density_distribution_plot_invalid_arguments_throws_an_error_when_plot_width_is_invalid"/>
    <testcase time="0.0470000000000006" classname="tm_g_gh_density_distribution_plot" name="tm_g_gh_density_distribution_plot_invalid_arguments_throws_an_error_when_pre_output_is_invalid"/>
    <testcase time="0.0449999999999999" classname="tm_g_gh_density_distribution_plot" name="tm_g_gh_density_distribution_plot_invalid_arguments_throws_an_error_when_post_output_is_invalid"/>
    <testcase time="0.0469999999999997" classname="tm_g_gh_density_distribution_plot" name="tm_g_gh_density_distribution_plot_invalid_arguments_throws_an_error_when_transformators_is_invalid"/>
    <testcase time="0.0449999999999999" classname="tm_g_gh_density_distribution_plot" name="tm_g_gh_density_distribution_plot_invalid_arguments_throws_an_error_when_color_comb_is_invalid"/>
    <testcase time="0.0449999999999999" classname="tm_g_gh_density_distribution_plot" name="tm_g_gh_density_distribution_plot_invalid_arguments_throws_an_error_when_decorators_is_invalid"/>
    <testcase time="0.0510000000000002" classname="tm_g_gh_density_distribution_plot" name="tm_g_gh_density_distribution_plot_invalid_arguments_throws_an_error_when_hline_arb_label_is_invalid"/>
    <testcase time="0.0460000000000003" classname="tm_g_gh_density_distribution_plot" name="tm_g_gh_density_distribution_plot_invalid_arguments_throws_an_error_when_hline_arb_color_is_invalid"/>
    <testcase time="0.0519999999999996" classname="tm_g_gh_density_distribution_plot" name="tm_g_gh_density_distribution_plot_invalid_arguments_gives_a_deprecation_warning_when_param_var_is_used"/>
    <testcase time="0.00400000000000045" classname="tm_g_gh_density_distribution_plot" name="tm_g_gh_density_distribution_plot_invalid_arguments_all_arguments_are_tested"/>
  </testsuite>
  <testsuite name="tm_g_gh_lineplot" timestamp="2026-09-10T18:01:22Z" hostname="1f96664d142b" tests="46" skipped="0" failures="0" errors="0" time="2.437">
    <testcase time="0.077" classname="tm_g_gh_lineplot" name="tm_g_gh_lineplot_can_be_created_with_default_arguments"/>
    <testcase time="0.00199999999999978" classname="tm_g_gh_lineplot" name="tm_g_gh_lineplot_can_be_created_with_default_arguments"/>
    <testcase time="0.00900000000000034" classname="tm_g_gh_lineplot" name="tm_g_gh_lineplot_can_be_created_with_choices_selected_arguments"/>
    <testcase time="0.00199999999999978" classname="tm_g_gh_lineplot" name="tm_g_gh_lineplot_can_be_created_with_choices_selected_arguments"/>
    <testcase time="0.00699999999999967" classname="tm_g_gh_lineplot" name="tm_g_gh_lineplot_can_be_created_with_custom_picks_arguments"/>
    <testcase time="0.00300000000000011" classname="tm_g_gh_lineplot" name="tm_g_gh_lineplot_can_be_created_with_custom_picks_arguments"/>
    <testcase time="0.00699999999999967" classname="tm_g_gh_lineplot" name="tm_g_gh_lineplot_handles_multiple_parameter_combinations"/>
    <testcase time="0.00300000000000011" classname="tm_g_gh_lineplot" name="tm_g_gh_lineplot_handles_multiple_parameter_combinations"/>
    <testcase time="0.00700000000000056" classname="tm_g_gh_lineplot" name="tm_g_gh_lineplot_accepts_custom_color_specifications_with_picks"/>
    <testcase time="0.00300000000000011" classname="tm_g_gh_lineplot" name="tm_g_gh_lineplot_accepts_custom_color_specifications_with_picks"/>
    <testcase time="0.00699999999999967" classname="tm_g_gh_lineplot" name="tm_g_gh_lineplot_accepts_line_arguments_with_picks"/>
    <testcase time="0.00199999999999978" classname="tm_g_gh_lineplot" name="tm_g_gh_lineplot_accepts_line_arguments_with_picks"/>
    <testcase time="0.0120000000000005" classname="tm_g_gh_lineplot" name="tm_g_gh_lineplot_invalid_arguments_throws_an_error_when_label_is_invalid"/>
    <testcase time="0.00800000000000001" classname="tm_g_gh_lineplot" name="tm_g_gh_lineplot_invalid_arguments_throws_an_error_when_dataname_is_invalid"/>
    <testcase time="0.00699999999999967" classname="tm_g_gh_lineplot" name="tm_g_gh_lineplot_invalid_arguments_throws_an_error_when_param_is_invalid"/>
    <testcase time="0.00800000000000001" classname="tm_g_gh_lineplot" name="tm_g_gh_lineplot_invalid_arguments_throws_an_error_when_param_var_label_is_invalid"/>
    <testcase time="0.00800000000000001" classname="tm_g_gh_lineplot" name="tm_g_gh_lineplot_invalid_arguments_throws_an_error_when_xaxis_var_is_invalid"/>
    <testcase time="0.0439999999999996" classname="tm_g_gh_lineplot" name="tm_g_gh_lineplot_invalid_arguments_throws_an_error_when_yaxis_var_is_invalid"/>
    <testcase time="0.0440000000000005" classname="tm_g_gh_lineplot" name="tm_g_gh_lineplot_invalid_arguments_throws_an_error_when_trt_group_is_invalid"/>
    <testcase time="0.0819999999999999" classname="tm_g_gh_lineplot" name="tm_g_gh_lineplot_invalid_arguments_throws_an_error_when_stat_is_invalid"/>
    <testcase time="0.0839999999999996" classname="tm_g_gh_lineplot" name="tm_g_gh_lineplot_invalid_arguments_throws_an_error_when_color_manual_is_invalid"/>
    <testcase time="0.0870000000000006" classname="tm_g_gh_lineplot" name="tm_g_gh_lineplot_invalid_arguments_throws_an_error_when_rotate_xlab_is_invalid"/>
    <testcase time="0.0830000000000002" classname="tm_g_gh_lineplot" name="tm_g_gh_lineplot_invalid_arguments_throws_an_error_when_hline_arb_is_invalid"/>
    <testcase time="0.0869999999999997" classname="tm_g_gh_lineplot" name="tm_g_gh_lineplot_invalid_arguments_throws_an_error_when_plot_height_is_invalid"/>
    <testcase time="0.0869999999999997" classname="tm_g_gh_lineplot" name="tm_g_gh_lineplot_invalid_arguments_throws_an_error_when_plot_width_is_invalid"/>
    <testcase time="0.0830000000000002" classname="tm_g_gh_lineplot" name="tm_g_gh_lineplot_invalid_arguments_throws_an_error_when_plot_font_size_is_invalid"/>
    <testcase time="0.085" classname="tm_g_gh_lineplot" name="tm_g_gh_lineplot_invalid_arguments_throws_an_error_when_dodge_is_invalid"/>
    <testcase time="0.0880000000000001" classname="tm_g_gh_lineplot" name="tm_g_gh_lineplot_invalid_arguments_throws_an_error_when_count_threshold_is_invalid"/>
    <testcase time="0.0839999999999996" classname="tm_g_gh_lineplot" name="tm_g_gh_lineplot_invalid_arguments_throws_an_error_when_table_font_size_is_invalid"/>
    <testcase time="0.0860000000000003" classname="tm_g_gh_lineplot" name="tm_g_gh_lineplot_invalid_arguments_throws_an_error_when_dot_size_is_invalid"/>
    <testcase time="0.0810000000000004" classname="tm_g_gh_lineplot" name="tm_g_gh_lineplot_invalid_arguments_throws_an_error_when_plot_relative_height_value_is_invalid"/>
    <testcase time="0.0809999999999995" classname="tm_g_gh_lineplot" name="tm_g_gh_lineplot_invalid_arguments_throws_an_error_when_pre_output_is_invalid"/>
    <testcase time="0.085" classname="tm_g_gh_lineplot" name="tm_g_gh_lineplot_invalid_arguments_throws_an_error_when_post_output_is_invalid"/>
    <testcase time="0.085" classname="tm_g_gh_lineplot" name="tm_g_gh_lineplot_invalid_arguments_throws_an_error_when_transformators_is_invalid"/>
    <testcase time="0.0839999999999996" classname="tm_g_gh_lineplot" name="tm_g_gh_lineplot_invalid_arguments_throws_an_error_when_decorators_is_invalid"/>
    <testcase time="0.0419999999999998" classname="tm_g_gh_lineplot" name="tm_g_gh_lineplot_invalid_arguments_throws_an_error_when_xvar_level_is_invalid"/>
    <testcase time="0.085" classname="tm_g_gh_lineplot" name="tm_g_gh_lineplot_invalid_arguments_throws_an_error_when_trt_group_level_is_invalid"/>
    <testcase time="0.0790000000000006" classname="tm_g_gh_lineplot" name="tm_g_gh_lineplot_invalid_arguments_throws_an_error_when_shape_choices_is_invalid"/>
    <testcase time="0.085" classname="tm_g_gh_lineplot" name="tm_g_gh_lineplot_invalid_arguments_throws_an_error_when_xtick_is_invalid"/>
    <testcase time="0.085" classname="tm_g_gh_lineplot" name="tm_g_gh_lineplot_invalid_arguments_throws_an_error_when_xlabel_is_invalid"/>
    <testcase time="0.085" classname="tm_g_gh_lineplot" name="tm_g_gh_lineplot_invalid_arguments_throws_an_error_when_hline_arb_label_is_invalid"/>
    <testcase time="0.0889999999999995" classname="tm_g_gh_lineplot" name="tm_g_gh_lineplot_invalid_arguments_throws_an_error_when_hline_arb_color_is_invalid"/>
    <testcase time="0.0919999999999996" classname="tm_g_gh_lineplot" name="tm_g_gh_lineplot_invalid_arguments_gives_a_deprecation_warning_when_param_var_is_used"/>
    <testcase time="0.088000000000001" classname="tm_g_gh_lineplot" name="tm_g_gh_lineplot_invalid_arguments_gives_a_deprecation_warning_when_filter_var_is_used"/>
    <testcase time="0.0909999999999993" classname="tm_g_gh_lineplot" name="tm_g_gh_lineplot_invalid_arguments_gives_a_deprecation_warning_when_filter_var_choices_is_used"/>
    <testcase time="0.00400000000000134" classname="tm_g_gh_lineplot" name="tm_g_gh_lineplot_invalid_arguments_all_arguments_are_tested"/>
  </testsuite>
  <testsuite name="tm_g_gh_spaghettiplot" timestamp="2026-09-10T18:01:24Z" hostname="1f96664d142b" tests="48" skipped="0" failures="0" errors="0" time="1.387">
    <testcase time="0.0479999999999983" classname="tm_g_gh_spaghettiplot" name="tm_g_gh_spaghettiplot_can_be_created_with_default_arguments"/>
    <testcase time="0.00300000000000011" classname="tm_g_gh_spaghettiplot" name="tm_g_gh_spaghettiplot_can_be_created_with_default_arguments"/>
    <testcase time="0.0080000000000009" classname="tm_g_gh_spaghettiplot" name="tm_g_gh_spaghettiplot_can_be_created_with_choices_selected_arguments"/>
    <testcase time="0.00200000000000067" classname="tm_g_gh_spaghettiplot" name="tm_g_gh_spaghettiplot_can_be_created_with_choices_selected_arguments"/>
    <testcase time="0.00699999999999967" classname="tm_g_gh_spaghettiplot" name="tm_g_gh_spaghettiplot_can_be_created_with_custom_picks_arguments"/>
    <testcase time="0.00199999999999889" classname="tm_g_gh_spaghettiplot" name="tm_g_gh_spaghettiplot_can_be_created_with_custom_picks_arguments"/>
    <testcase time="0.0080000000000009" classname="tm_g_gh_spaghettiplot" name="tm_g_gh_spaghettiplot_handles_multiple_parameter_combinations"/>
    <testcase time="0.00199999999999889" classname="tm_g_gh_spaghettiplot" name="tm_g_gh_spaghettiplot_handles_multiple_parameter_combinations"/>
    <testcase time="0.0080000000000009" classname="tm_g_gh_spaghettiplot" name="tm_g_gh_spaghettiplot_accepts_custom_color_specifications_with_choices_selected"/>
    <testcase time="0.00200000000000067" classname="tm_g_gh_spaghettiplot" name="tm_g_gh_spaghettiplot_accepts_custom_color_specifications_with_choices_selected"/>
    <testcase time="0.00799999999999912" classname="tm_g_gh_spaghettiplot" name="tm_g_gh_spaghettiplot_accepts_line_arguments_with_choices_selected"/>
    <testcase time="0.00300000000000011" classname="tm_g_gh_spaghettiplot" name="tm_g_gh_spaghettiplot_accepts_line_arguments_with_choices_selected"/>
    <testcase time="0.0080000000000009" classname="tm_g_gh_spaghettiplot" name="tm_g_gh_spaghettiplot_invalid_arguments_throws_an_error_when_label_is_invalid"/>
    <testcase time="0.00799999999999912" classname="tm_g_gh_spaghettiplot" name="tm_g_gh_spaghettiplot_invalid_arguments_throws_an_error_when_dataname_is_invalid"/>
    <testcase time="0.00699999999999967" classname="tm_g_gh_spaghettiplot" name="tm_g_gh_spaghettiplot_invalid_arguments_throws_an_error_when_param_var_label_is_invalid"/>
    <testcase time="0.0080000000000009" classname="tm_g_gh_spaghettiplot" name="tm_g_gh_spaghettiplot_invalid_arguments_throws_an_error_when_idvar_is_invalid"/>
    <testcase time="0.00799999999999912" classname="tm_g_gh_spaghettiplot" name="tm_g_gh_spaghettiplot_invalid_arguments_throws_an_error_when_group_stats_is_invalid"/>
    <testcase time="0.0080000000000009" classname="tm_g_gh_spaghettiplot" name="tm_g_gh_spaghettiplot_invalid_arguments_throws_an_error_when_param_is_invalid"/>
    <testcase time="0.00899999999999856" classname="tm_g_gh_spaghettiplot" name="tm_g_gh_spaghettiplot_invalid_arguments_throws_an_error_when_xaxis_var_is_invalid"/>
    <testcase time="0.00900000000000034" classname="tm_g_gh_spaghettiplot" name="tm_g_gh_spaghettiplot_invalid_arguments_throws_an_error_when_yaxis_var_is_invalid"/>
    <testcase time="0.0140000000000011" classname="tm_g_gh_spaghettiplot" name="tm_g_gh_spaghettiplot_invalid_arguments_throws_an_error_when_trt_group_is_invalid"/>
    <testcase time="0.0439999999999987" classname="tm_g_gh_spaghettiplot" name="tm_g_gh_spaghettiplot_invalid_arguments_throws_an_error_when_xaxis_var_level_is_invalid"/>
    <testcase time="0.0500000000000007" classname="tm_g_gh_spaghettiplot" name="tm_g_gh_spaghettiplot_invalid_arguments_throws_an_error_when_trt_group_level_is_invalid"/>
    <testcase time="0.0519999999999996" classname="tm_g_gh_spaghettiplot" name="tm_g_gh_spaghettiplot_invalid_arguments_throws_an_error_when_man_color_is_invalid"/>
    <testcase time="0.0449999999999999" classname="tm_g_gh_spaghettiplot" name="tm_g_gh_spaghettiplot_invalid_arguments_throws_an_error_when_color_comb_is_invalid"/>
    <testcase time="0.048" classname="tm_g_gh_spaghettiplot" name="tm_g_gh_spaghettiplot_invalid_arguments_throws_an_error_when_hline_arb_is_invalid"/>
    <testcase time="0.0490000000000013" classname="tm_g_gh_spaghettiplot" name="tm_g_gh_spaghettiplot_invalid_arguments_throws_an_error_when_hline_vars_is_invalid"/>
    <testcase time="0.0419999999999998" classname="tm_g_gh_spaghettiplot" name="tm_g_gh_spaghettiplot_invalid_arguments_throws_an_error_when_facet_ncol_is_invalid"/>
    <testcase time="0.0469999999999988" classname="tm_g_gh_spaghettiplot" name="tm_g_gh_spaghettiplot_invalid_arguments_throws_an_error_when_free_x_is_invalid"/>
    <testcase time="0.0400000000000009" classname="tm_g_gh_spaghettiplot" name="tm_g_gh_spaghettiplot_invalid_arguments_throws_an_error_when_rotate_xlab_is_invalid"/>
    <testcase time="0.0440000000000005" classname="tm_g_gh_spaghettiplot" name="tm_g_gh_spaghettiplot_invalid_arguments_throws_an_error_when_plot_height_is_invalid"/>
    <testcase time="0.0449999999999999" classname="tm_g_gh_spaghettiplot" name="tm_g_gh_spaghettiplot_invalid_arguments_throws_an_error_when_plot_width_is_invalid"/>
    <testcase time="0.0439999999999987" classname="tm_g_gh_spaghettiplot" name="tm_g_gh_spaghettiplot_invalid_arguments_throws_an_error_when_font_size_is_invalid"/>
    <testcase time="0.048" classname="tm_g_gh_spaghettiplot" name="tm_g_gh_spaghettiplot_invalid_arguments_throws_an_error_when_dot_size_is_invalid"/>
    <testcase time="0.043000000000001" classname="tm_g_gh_spaghettiplot" name="tm_g_gh_spaghettiplot_invalid_arguments_throws_an_error_when_alpha_is_invalid"/>
    <testcase time="0.0419999999999998" classname="tm_g_gh_spaghettiplot" name="tm_g_gh_spaghettiplot_invalid_arguments_throws_an_error_when_pre_output_is_invalid"/>
    <testcase time="0.0459999999999994" classname="tm_g_gh_spaghettiplot" name="tm_g_gh_spaghettiplot_invalid_arguments_throws_an_error_when_post_output_is_invalid"/>
    <testcase time="0.0419999999999998" classname="tm_g_gh_spaghettiplot" name="tm_g_gh_spaghettiplot_invalid_arguments_throws_an_error_when_transformators_is_invalid"/>
    <testcase time="0.0460000000000012" classname="tm_g_gh_spaghettiplot" name="tm_g_gh_spaghettiplot_invalid_arguments_throws_an_error_when_decorators_is_invalid"/>
    <testcase time="0.0419999999999998" classname="tm_g_gh_spaghettiplot" name="tm_g_gh_spaghettiplot_invalid_arguments_throws_an_error_when_xtick_is_invalid"/>
    <testcase time="0.0419999999999998" classname="tm_g_gh_spaghettiplot" name="tm_g_gh_spaghettiplot_invalid_arguments_throws_an_error_when_xlabel_is_invalid"/>
    <testcase time="0.0629999999999988" classname="tm_g_gh_spaghettiplot" name="tm_g_gh_spaghettiplot_invalid_arguments_throws_an_error_when_hline_arb_label_is_invalid"/>
    <testcase time="0.0460000000000012" classname="tm_g_gh_spaghettiplot" name="tm_g_gh_spaghettiplot_invalid_arguments_throws_an_error_when_hline_arb_color_is_invalid"/>
    <testcase time="0.048" classname="tm_g_gh_spaghettiplot" name="tm_g_gh_spaghettiplot_invalid_arguments_throws_an_error_when_hline_vars_colors_is_invalid"/>
    <testcase time="0.0469999999999988" classname="tm_g_gh_spaghettiplot" name="tm_g_gh_spaghettiplot_invalid_arguments_throws_an_error_when_hline_vars_labels_is_invalid"/>
    <testcase time="0.048" classname="tm_g_gh_spaghettiplot" name="tm_g_gh_spaghettiplot_invalid_arguments_gives_a_deprecation_warning_when_param_var_is_used"/>
    <testcase time="0.0510000000000002" classname="tm_g_gh_spaghettiplot" name="tm_g_gh_spaghettiplot_invalid_arguments_gives_a_deprecation_warning_when_filter_var_is_used"/>
    <testcase time="0.00300000000000011" classname="tm_g_gh_spaghettiplot" name="tm_g_gh_spaghettiplot_invalid_arguments_all_arguments_are_tested"/>
  </testsuite>
</testsuites>
