<?xml version="1.0" encoding="UTF-8"?>
<testsuites>
  <testsuite name="shinytest2-tm_g_gh_boxplot" timestamp="2026-09-10T19:42:45Z" hostname="dbf32d12c389" tests="32" skipped="0" failures="0" errors="0" time="169.231">
    <testcase time="15.234" classname="shinytest2_tm_g_gh_boxplot" name="e2e_tm_g_gh_boxplot_initializes_and_renders_a_plot"/>
    <testcase time="0.0249999999999986" classname="shinytest2_tm_g_gh_boxplot" name="e2e_tm_g_gh_boxplot_initializes_and_renders_a_plot"/>
    <testcase time="0.093" classname="shinytest2_tm_g_gh_boxplot" name="e2e_tm_g_gh_boxplot_initializes_and_renders_a_plot"/>
    <testcase time="13.695" classname="shinytest2_tm_g_gh_boxplot" name="e2e_tm_g_gh_boxplot_starts_with_expected_label_and_encoding_selections."/>
    <testcase time="0.0120000000000005" classname="shinytest2_tm_g_gh_boxplot" name="e2e_tm_g_gh_boxplot_starts_with_expected_label_and_encoding_selections."/>
    <testcase time="0.0510000000000019" classname="shinytest2_tm_g_gh_boxplot" name="e2e_tm_g_gh_boxplot_starts_with_expected_label_and_encoding_selections."/>
    <testcase time="0.0530000000000008" classname="shinytest2_tm_g_gh_boxplot" name="e2e_tm_g_gh_boxplot_starts_with_expected_label_and_encoding_selections."/>
    <testcase time="0.0529999999999973" classname="shinytest2_tm_g_gh_boxplot" name="e2e_tm_g_gh_boxplot_starts_with_expected_label_and_encoding_selections."/>
    <testcase time="0.054000000000002" classname="shinytest2_tm_g_gh_boxplot" name="e2e_tm_g_gh_boxplot_starts_with_expected_label_and_encoding_selections."/>
    <testcase time="0.0529999999999973" classname="shinytest2_tm_g_gh_boxplot" name="e2e_tm_g_gh_boxplot_starts_with_expected_label_and_encoding_selections."/>
    <testcase time="18.539" classname="shinytest2_tm_g_gh_boxplot" name="e2e_tm_g_gh_boxplot_changing_pick_changes_plot_and_does_not_throw_validation_errors._xaxis_param"/>
    <testcase time="0.0450000000000017" classname="shinytest2_tm_g_gh_boxplot" name="e2e_tm_g_gh_boxplot_changing_pick_changes_plot_and_does_not_throw_validation_errors._xaxis_param"/>
    <testcase time="0.00600000000000023" classname="shinytest2_tm_g_gh_boxplot" name="e2e_tm_g_gh_boxplot_changing_pick_changes_plot_and_does_not_throw_validation_errors._xaxis_param"/>
    <testcase time="18.226" classname="shinytest2_tm_g_gh_boxplot" name="e2e_tm_g_gh_boxplot_changing_pick_changes_plot_and_does_not_throw_validation_errors._yaxis_var"/>
    <testcase time="0.0460000000000065" classname="shinytest2_tm_g_gh_boxplot" name="e2e_tm_g_gh_boxplot_changing_pick_changes_plot_and_does_not_throw_validation_errors._yaxis_var"/>
    <testcase time="0.00600000000000023" classname="shinytest2_tm_g_gh_boxplot" name="e2e_tm_g_gh_boxplot_changing_pick_changes_plot_and_does_not_throw_validation_errors._yaxis_var"/>
    <testcase time="18.469" classname="shinytest2_tm_g_gh_boxplot" name="e2e_tm_g_gh_boxplot_changing_pick_changes_plot_and_does_not_throw_validation_errors._xaxis_var"/>
    <testcase time="0.0630000000000024" classname="shinytest2_tm_g_gh_boxplot" name="e2e_tm_g_gh_boxplot_changing_pick_changes_plot_and_does_not_throw_validation_errors._xaxis_var"/>
    <testcase time="0.00600000000000023" classname="shinytest2_tm_g_gh_boxplot" name="e2e_tm_g_gh_boxplot_changing_pick_changes_plot_and_does_not_throw_validation_errors._xaxis_var"/>
    <testcase time="17.954" classname="shinytest2_tm_g_gh_boxplot" name="e2e_tm_g_gh_boxplot_changing_pick_changes_plot_and_does_not_throw_validation_errors._facet_var"/>
    <testcase time="0.054000000000002" classname="shinytest2_tm_g_gh_boxplot" name="e2e_tm_g_gh_boxplot_changing_pick_changes_plot_and_does_not_throw_validation_errors._facet_var"/>
    <testcase time="0.00600000000000023" classname="shinytest2_tm_g_gh_boxplot" name="e2e_tm_g_gh_boxplot_changing_pick_changes_plot_and_does_not_throw_validation_errors._facet_var"/>
    <testcase time="19.368" classname="shinytest2_tm_g_gh_boxplot" name="e2e_tm_g_gh_boxplot_changing_pick_changes_plot_and_does_not_throw_validation_errors._trt_group"/>
    <testcase time="0.0470000000000113" classname="shinytest2_tm_g_gh_boxplot" name="e2e_tm_g_gh_boxplot_changing_pick_changes_plot_and_does_not_throw_validation_errors._trt_group"/>
    <testcase time="0.00600000000000023" classname="shinytest2_tm_g_gh_boxplot" name="e2e_tm_g_gh_boxplot_changing_pick_changes_plot_and_does_not_throw_validation_errors._trt_group"/>
    <testcase time="13.601" classname="shinytest2_tm_g_gh_boxplot" name="e2e_tm_g_gh_boxplot_displays_selected_data_points_table"/>
    <testcase time="0.00600000000000023" classname="shinytest2_tm_g_gh_boxplot" name="e2e_tm_g_gh_boxplot_displays_selected_data_points_table"/>
    <testcase time="0.00600000000000023" classname="shinytest2_tm_g_gh_boxplot" name="e2e_tm_g_gh_boxplot_displays_selected_data_points_table"/>
    <testcase time="19.792" classname="shinytest2_tm_g_gh_boxplot" name="e2e_tm_g_gh_boxplot_handles_LoQ_legend_toggle"/>
    <testcase time="0.00499999999999545" classname="shinytest2_tm_g_gh_boxplot" name="e2e_tm_g_gh_boxplot_handles_LoQ_legend_toggle"/>
    <testcase time="13.651" classname="shinytest2_tm_g_gh_boxplot" name="e2e_tm_g_gh_boxplot_respects_plot_height_adjustment"/>
    <testcase time="0.00600000000000023" classname="shinytest2_tm_g_gh_boxplot" name="e2e_tm_g_gh_boxplot_respects_plot_height_adjustment"/>
  </testsuite>
  <testsuite name="shinytest2-tm_g_gh_correlationplot" timestamp="2026-09-10T19:45:35Z" hostname="dbf32d12c389" tests="27" skipped="0" failures="0" errors="0" time="123.249">
    <testcase time="13.649" classname="shinytest2_tm_g_gh_correlationplot" name="e2e_tm_g_gh_correlationplot_initializes_and_renders_a_plot"/>
    <testcase time="0.00600000000000023" classname="shinytest2_tm_g_gh_correlationplot" name="e2e_tm_g_gh_correlationplot_initializes_and_renders_a_plot"/>
    <testcase time="0.0929999999999893" classname="shinytest2_tm_g_gh_correlationplot" name="e2e_tm_g_gh_correlationplot_initializes_and_renders_a_plot"/>
    <testcase time="0.0110000000000241" classname="shinytest2_tm_g_gh_correlationplot" name="e2e_tm_g_gh_correlationplot_initializes_and_renders_a_plot"/>
    <testcase time="13.753" classname="shinytest2_tm_g_gh_correlationplot" name="e2e_tm_g_gh_correlationplot_starts_with_expected_label_and_encoding_selections."/>
    <testcase time="0.0109999999999957" classname="shinytest2_tm_g_gh_correlationplot" name="e2e_tm_g_gh_correlationplot_starts_with_expected_label_and_encoding_selections."/>
    <testcase time="0.0510000000000161" classname="shinytest2_tm_g_gh_correlationplot" name="e2e_tm_g_gh_correlationplot_starts_with_expected_label_and_encoding_selections."/>
    <testcase time="0.0529999999999973" classname="shinytest2_tm_g_gh_correlationplot" name="e2e_tm_g_gh_correlationplot_starts_with_expected_label_and_encoding_selections."/>
    <testcase time="0.0519999999999925" classname="shinytest2_tm_g_gh_correlationplot" name="e2e_tm_g_gh_correlationplot_starts_with_expected_label_and_encoding_selections."/>
    <testcase time="0.0509999999999877" classname="shinytest2_tm_g_gh_correlationplot" name="e2e_tm_g_gh_correlationplot_starts_with_expected_label_and_encoding_selections."/>
    <testcase time="0.0520000000000209" classname="shinytest2_tm_g_gh_correlationplot" name="e2e_tm_g_gh_correlationplot_starts_with_expected_label_and_encoding_selections."/>
    <testcase time="0.0519999999999925" classname="shinytest2_tm_g_gh_correlationplot" name="e2e_tm_g_gh_correlationplot_starts_with_expected_label_and_encoding_selections."/>
    <testcase time="19.057" classname="shinytest2_tm_g_gh_correlationplot" name="e2e_tm_g_gh_correlationplot_changing_pick_changes_plot_and_does_not_throw_validation_errors._xaxis_param"/>
    <testcase time="0.0500000000000114" classname="shinytest2_tm_g_gh_correlationplot" name="e2e_tm_g_gh_correlationplot_changing_pick_changes_plot_and_does_not_throw_validation_errors._xaxis_param"/>
    <testcase time="0.00600000000000023" classname="shinytest2_tm_g_gh_correlationplot" name="e2e_tm_g_gh_correlationplot_changing_pick_changes_plot_and_does_not_throw_validation_errors._xaxis_param"/>
    <testcase time="19.094" classname="shinytest2_tm_g_gh_correlationplot" name="e2e_tm_g_gh_correlationplot_changing_pick_changes_plot_and_does_not_throw_validation_errors._yaxis_param"/>
    <testcase time="0.0529999999999973" classname="shinytest2_tm_g_gh_correlationplot" name="e2e_tm_g_gh_correlationplot_changing_pick_changes_plot_and_does_not_throw_validation_errors._yaxis_param"/>
    <testcase time="0.00600000000000023" classname="shinytest2_tm_g_gh_correlationplot" name="e2e_tm_g_gh_correlationplot_changing_pick_changes_plot_and_does_not_throw_validation_errors._yaxis_param"/>
    <testcase time="18.978" classname="shinytest2_tm_g_gh_correlationplot" name="e2e_tm_g_gh_correlationplot_changing_pick_changes_plot_and_does_not_throw_validation_errors._xaxis_var"/>
    <testcase time="0.0490000000000066" classname="shinytest2_tm_g_gh_correlationplot" name="e2e_tm_g_gh_correlationplot_changing_pick_changes_plot_and_does_not_throw_validation_errors._xaxis_var"/>
    <testcase time="0.00600000000000023" classname="shinytest2_tm_g_gh_correlationplot" name="e2e_tm_g_gh_correlationplot_changing_pick_changes_plot_and_does_not_throw_validation_errors._xaxis_var"/>
    <testcase time="19.201" classname="shinytest2_tm_g_gh_correlationplot" name="e2e_tm_g_gh_correlationplot_changing_pick_changes_plot_and_does_not_throw_validation_errors._yaxis_var"/>
    <testcase time="0.0539999999999736" classname="shinytest2_tm_g_gh_correlationplot" name="e2e_tm_g_gh_correlationplot_changing_pick_changes_plot_and_does_not_throw_validation_errors._yaxis_var"/>
    <testcase time="0.00600000000002865" classname="shinytest2_tm_g_gh_correlationplot" name="e2e_tm_g_gh_correlationplot_changing_pick_changes_plot_and_does_not_throw_validation_errors._yaxis_var"/>
    <testcase time="18.796" classname="shinytest2_tm_g_gh_correlationplot" name="e2e_tm_g_gh_correlationplot_changing_pick_changes_plot_and_does_not_throw_validation_errors._trt_group"/>
    <testcase time="0.0529999999999973" classname="shinytest2_tm_g_gh_correlationplot" name="e2e_tm_g_gh_correlationplot_changing_pick_changes_plot_and_does_not_throw_validation_errors._trt_group"/>
    <testcase time="0.00599999999997181" classname="shinytest2_tm_g_gh_correlationplot" name="e2e_tm_g_gh_correlationplot_changing_pick_changes_plot_and_does_not_throw_validation_errors._trt_group"/>
  </testsuite>
  <testsuite name="shinytest2-tm_g_gh_density_distribution_plot" timestamp="2026-09-10T19:47:38Z" hostname="dbf32d12c389" tests="19" skipped="0" failures="0" errors="0" time="102.213">
    <testcase time="12.982" classname="shinytest2_tm_g_gh_density_distribution_plot" name="e2e_tm_g_gh_density_distribution_plot_initializes_and_renders_a_plot"/>
    <testcase time="0.00599999999997181" classname="shinytest2_tm_g_gh_density_distribution_plot" name="e2e_tm_g_gh_density_distribution_plot_initializes_and_renders_a_plot"/>
    <testcase time="0.0769999999999982" classname="shinytest2_tm_g_gh_density_distribution_plot" name="e2e_tm_g_gh_density_distribution_plot_initializes_and_renders_a_plot"/>
    <testcase time="13.144" classname="shinytest2_tm_g_gh_density_distribution_plot" name="e2e_tm_g_gh_density_distribution_plot_starts_with_expected_label_and_encoding_selections."/>
    <testcase time="0.0120000000000005" classname="shinytest2_tm_g_gh_density_distribution_plot" name="e2e_tm_g_gh_density_distribution_plot_starts_with_expected_label_and_encoding_selections."/>
    <testcase time="0.0520000000000209" classname="shinytest2_tm_g_gh_density_distribution_plot" name="e2e_tm_g_gh_density_distribution_plot_starts_with_expected_label_and_encoding_selections."/>
    <testcase time="0.0519999999999641" classname="shinytest2_tm_g_gh_density_distribution_plot" name="e2e_tm_g_gh_density_distribution_plot_starts_with_expected_label_and_encoding_selections."/>
    <testcase time="0.0520000000000209" classname="shinytest2_tm_g_gh_density_distribution_plot" name="e2e_tm_g_gh_density_distribution_plot_starts_with_expected_label_and_encoding_selections."/>
    <testcase time="19.188" classname="shinytest2_tm_g_gh_density_distribution_plot" name="e2e_tm_g_gh_density_distribution_plot_changing_pick_changes_plot_and_does_not_throw_validation_errors._xaxis_param"/>
    <testcase time="0.0409999999999968" classname="shinytest2_tm_g_gh_density_distribution_plot" name="e2e_tm_g_gh_density_distribution_plot_changing_pick_changes_plot_and_does_not_throw_validation_errors._xaxis_param"/>
    <testcase time="0.00599999999997181" classname="shinytest2_tm_g_gh_density_distribution_plot" name="e2e_tm_g_gh_density_distribution_plot_changing_pick_changes_plot_and_does_not_throw_validation_errors._xaxis_param"/>
    <testcase time="18.644" classname="shinytest2_tm_g_gh_density_distribution_plot" name="e2e_tm_g_gh_density_distribution_plot_changing_pick_changes_plot_and_does_not_throw_validation_errors._xaxis_var"/>
    <testcase time="0.0439999999999827" classname="shinytest2_tm_g_gh_density_distribution_plot" name="e2e_tm_g_gh_density_distribution_plot_changing_pick_changes_plot_and_does_not_throw_validation_errors._xaxis_var"/>
    <testcase time="0.00600000000002865" classname="shinytest2_tm_g_gh_density_distribution_plot" name="e2e_tm_g_gh_density_distribution_plot_changing_pick_changes_plot_and_does_not_throw_validation_errors._xaxis_var"/>
    <testcase time="18.103" classname="shinytest2_tm_g_gh_density_distribution_plot" name="e2e_tm_g_gh_density_distribution_plot_changing_pick_changes_plot_and_does_not_throw_validation_errors._trt_group"/>
    <testcase time="0.0419999999999732" classname="shinytest2_tm_g_gh_density_distribution_plot" name="e2e_tm_g_gh_density_distribution_plot_changing_pick_changes_plot_and_does_not_throw_validation_errors._trt_group"/>
    <testcase time="0.00600000000002865" classname="shinytest2_tm_g_gh_density_distribution_plot" name="e2e_tm_g_gh_density_distribution_plot_changing_pick_changes_plot_and_does_not_throw_validation_errors._trt_group"/>
    <testcase time="19.75" classname="shinytest2_tm_g_gh_density_distribution_plot" name="e2e_tm_g_gh_density_distribution_plot_handles_comb_line_toggle"/>
    <testcase time="0.00599999999997181" classname="shinytest2_tm_g_gh_density_distribution_plot" name="e2e_tm_g_gh_density_distribution_plot_handles_comb_line_toggle"/>
  </testsuite>
  <testsuite name="shinytest2-tm_g_gh_lineplot" timestamp="2026-09-10T19:49:20Z" hostname="dbf32d12c389" tests="21" skipped="0" failures="0" errors="0" time="95.846">
    <testcase time="12.562" classname="shinytest2_tm_g_gh_lineplot" name="e2e_tm_g_gh_lineplot_initializes_and_renders_a_plot"/>
    <testcase time="0.00499999999999545" classname="shinytest2_tm_g_gh_lineplot" name="e2e_tm_g_gh_lineplot_initializes_and_renders_a_plot"/>
    <testcase time="0.0760000000000218" classname="shinytest2_tm_g_gh_lineplot" name="e2e_tm_g_gh_lineplot_initializes_and_renders_a_plot"/>
    <testcase time="12.326" classname="shinytest2_tm_g_gh_lineplot" name="e2e_tm_g_gh_lineplot_starts_with_expected_label_and_encoding_selections."/>
    <testcase time="0.0100000000000477" classname="shinytest2_tm_g_gh_lineplot" name="e2e_tm_g_gh_lineplot_starts_with_expected_label_and_encoding_selections."/>
    <testcase time="0.0509999999999877" classname="shinytest2_tm_g_gh_lineplot" name="e2e_tm_g_gh_lineplot_starts_with_expected_label_and_encoding_selections."/>
    <testcase time="0.0509999999999877" classname="shinytest2_tm_g_gh_lineplot" name="e2e_tm_g_gh_lineplot_starts_with_expected_label_and_encoding_selections."/>
    <testcase time="0.0520000000000209" classname="shinytest2_tm_g_gh_lineplot" name="e2e_tm_g_gh_lineplot_starts_with_expected_label_and_encoding_selections."/>
    <testcase time="0.0519999999999641" classname="shinytest2_tm_g_gh_lineplot" name="e2e_tm_g_gh_lineplot_starts_with_expected_label_and_encoding_selections."/>
    <testcase time="18.141" classname="shinytest2_tm_g_gh_lineplot" name="e2e_tm_g_gh_lineplot_changing_pick_changes_plot_and_does_not_throw_validation_errors._xaxis_param"/>
    <testcase time="0.0409999999999968" classname="shinytest2_tm_g_gh_lineplot" name="e2e_tm_g_gh_lineplot_changing_pick_changes_plot_and_does_not_throw_validation_errors._xaxis_param"/>
    <testcase time="0.00599999999997181" classname="shinytest2_tm_g_gh_lineplot" name="e2e_tm_g_gh_lineplot_changing_pick_changes_plot_and_does_not_throw_validation_errors._xaxis_param"/>
    <testcase time="17.166" classname="shinytest2_tm_g_gh_lineplot" name="e2e_tm_g_gh_lineplot_changing_pick_changes_plot_and_does_not_throw_validation_errors._xaxis_var"/>
    <testcase time="0.0410000000000537" classname="shinytest2_tm_g_gh_lineplot" name="e2e_tm_g_gh_lineplot_changing_pick_changes_plot_and_does_not_throw_validation_errors._xaxis_var"/>
    <testcase time="0.00599999999997181" classname="shinytest2_tm_g_gh_lineplot" name="e2e_tm_g_gh_lineplot_changing_pick_changes_plot_and_does_not_throw_validation_errors._xaxis_var"/>
    <testcase time="18.017" classname="shinytest2_tm_g_gh_lineplot" name="e2e_tm_g_gh_lineplot_changing_pick_changes_plot_and_does_not_throw_validation_errors._yaxis_var"/>
    <testcase time="0.04200000000003" classname="shinytest2_tm_g_gh_lineplot" name="e2e_tm_g_gh_lineplot_changing_pick_changes_plot_and_does_not_throw_validation_errors._yaxis_var"/>
    <testcase time="0.00599999999997181" classname="shinytest2_tm_g_gh_lineplot" name="e2e_tm_g_gh_lineplot_changing_pick_changes_plot_and_does_not_throw_validation_errors._yaxis_var"/>
    <testcase time="17.147" classname="shinytest2_tm_g_gh_lineplot" name="e2e_tm_g_gh_lineplot_changing_pick_changes_plot_and_does_not_throw_validation_errors._trt_group"/>
    <testcase time="0.04200000000003" classname="shinytest2_tm_g_gh_lineplot" name="e2e_tm_g_gh_lineplot_changing_pick_changes_plot_and_does_not_throw_validation_errors._trt_group"/>
    <testcase time="0.00599999999997181" classname="shinytest2_tm_g_gh_lineplot" name="e2e_tm_g_gh_lineplot_changing_pick_changes_plot_and_does_not_throw_validation_errors._trt_group"/>
  </testsuite>
  <testsuite name="shinytest2-tm_g_gh_spaghettiplot" timestamp="2026-09-10T19:50:56Z" hostname="dbf32d12c389" tests="22" skipped="0" failures="0" errors="0" time="99.601">
    <testcase time="13.192" classname="shinytest2_tm_g_gh_spaghettiplot" name="e2e_tm_g_gh_spaghettiplot_initializes_and_renders_a_plot"/>
    <testcase time="0.00600000000002865" classname="shinytest2_tm_g_gh_spaghettiplot" name="e2e_tm_g_gh_spaghettiplot_initializes_and_renders_a_plot"/>
    <testcase time="0.0909999999999513" classname="shinytest2_tm_g_gh_spaghettiplot" name="e2e_tm_g_gh_spaghettiplot_initializes_and_renders_a_plot"/>
    <testcase time="0.00900000000001455" classname="shinytest2_tm_g_gh_spaghettiplot" name="e2e_tm_g_gh_spaghettiplot_initializes_and_renders_a_plot"/>
    <testcase time="13.217" classname="shinytest2_tm_g_gh_spaghettiplot" name="e2e_tm_g_gh_spaghettiplot_starts_with_expected_label_and_encoding_selections."/>
    <testcase time="0.0109999999999673" classname="shinytest2_tm_g_gh_spaghettiplot" name="e2e_tm_g_gh_spaghettiplot_starts_with_expected_label_and_encoding_selections."/>
    <testcase time="0.0520000000000209" classname="shinytest2_tm_g_gh_spaghettiplot" name="e2e_tm_g_gh_spaghettiplot_starts_with_expected_label_and_encoding_selections."/>
    <testcase time="0.0539999999999736" classname="shinytest2_tm_g_gh_spaghettiplot" name="e2e_tm_g_gh_spaghettiplot_starts_with_expected_label_and_encoding_selections."/>
    <testcase time="0.0529999999999973" classname="shinytest2_tm_g_gh_spaghettiplot" name="e2e_tm_g_gh_spaghettiplot_starts_with_expected_label_and_encoding_selections."/>
    <testcase time="0.0529999999999973" classname="shinytest2_tm_g_gh_spaghettiplot" name="e2e_tm_g_gh_spaghettiplot_starts_with_expected_label_and_encoding_selections."/>
    <testcase time="18.299" classname="shinytest2_tm_g_gh_spaghettiplot" name="e2e_tm_g_gh_spaghettiplot_changing_pick_changes_plot_and_does_not_throw_validation_errors._xaxis_param"/>
    <testcase time="0.0460000000000491" classname="shinytest2_tm_g_gh_spaghettiplot" name="e2e_tm_g_gh_spaghettiplot_changing_pick_changes_plot_and_does_not_throw_validation_errors._xaxis_param"/>
    <testcase time="0.00699999999994816" classname="shinytest2_tm_g_gh_spaghettiplot" name="e2e_tm_g_gh_spaghettiplot_changing_pick_changes_plot_and_does_not_throw_validation_errors._xaxis_param"/>
    <testcase time="17.8530000000001" classname="shinytest2_tm_g_gh_spaghettiplot" name="e2e_tm_g_gh_spaghettiplot_changing_pick_changes_plot_and_does_not_throw_validation_errors._xaxis_var"/>
    <testcase time="0.0489999999999782" classname="shinytest2_tm_g_gh_spaghettiplot" name="e2e_tm_g_gh_spaghettiplot_changing_pick_changes_plot_and_does_not_throw_validation_errors._xaxis_var"/>
    <testcase time="0.00599999999997181" classname="shinytest2_tm_g_gh_spaghettiplot" name="e2e_tm_g_gh_spaghettiplot_changing_pick_changes_plot_and_does_not_throw_validation_errors._xaxis_var"/>
    <testcase time="18.3290000000001" classname="shinytest2_tm_g_gh_spaghettiplot" name="e2e_tm_g_gh_spaghettiplot_changing_pick_changes_plot_and_does_not_throw_validation_errors._yaxis_var"/>
    <testcase time="0.0480000000000018" classname="shinytest2_tm_g_gh_spaghettiplot" name="e2e_tm_g_gh_spaghettiplot_changing_pick_changes_plot_and_does_not_throw_validation_errors._yaxis_var"/>
    <testcase time="0.00599999999997181" classname="shinytest2_tm_g_gh_spaghettiplot" name="e2e_tm_g_gh_spaghettiplot_changing_pick_changes_plot_and_does_not_throw_validation_errors._yaxis_var"/>
    <testcase time="18.163" classname="shinytest2_tm_g_gh_spaghettiplot" name="e2e_tm_g_gh_spaghettiplot_changing_pick_changes_plot_and_does_not_throw_validation_errors._trt_group"/>
    <testcase time="0.0509999999999309" classname="shinytest2_tm_g_gh_spaghettiplot" name="e2e_tm_g_gh_spaghettiplot_changing_pick_changes_plot_and_does_not_throw_validation_errors._trt_group"/>
    <testcase time="0.00600000000008549" classname="shinytest2_tm_g_gh_spaghettiplot" name="e2e_tm_g_gh_spaghettiplot_changing_pick_changes_plot_and_does_not_throw_validation_errors._trt_group"/>
  </testsuite>
  <testsuite name="tm_g_gh_boxplot" timestamp="2026-09-10T19:52:35Z" hostname="dbf32d12c389" tests="43" skipped="0" failures="0" errors="0" time="2.843">
    <testcase time="0.217999999999961" classname="tm_g_gh_boxplot" name="tm_g_gh_boxplot_can_be_created_with_default_arguments"/>
    <testcase time="0.00300000000004275" classname="tm_g_gh_boxplot" name="tm_g_gh_boxplot_can_be_created_with_default_arguments"/>
    <testcase time="0.0190000000000055" classname="tm_g_gh_boxplot" name="tm_g_gh_boxplot_can_be_created_with_choices_selected_arguments"/>
    <testcase time="0.00299999999992906" classname="tm_g_gh_boxplot" name="tm_g_gh_boxplot_can_be_created_with_choices_selected_arguments"/>
    <testcase time="0.0120000000000573" classname="tm_g_gh_boxplot" name="tm_g_gh_boxplot_can_be_created_with_custom_picks_arguments"/>
    <testcase time="0.00199999999995271" classname="tm_g_gh_boxplot" name="tm_g_gh_boxplot_can_be_created_with_custom_picks_arguments"/>
    <testcase time="0.0120000000000573" classname="tm_g_gh_boxplot" name="tm_g_gh_boxplot_handles_different_parameter_combinations"/>
    <testcase time="0.00199999999995271" classname="tm_g_gh_boxplot" name="tm_g_gh_boxplot_handles_different_parameter_combinations"/>
    <testcase time="0.0109999999999673" classname="tm_g_gh_boxplot" name="tm_g_gh_boxplot_accepts_custom_color_and_shape_specifications"/>
    <testcase time="0.00300000000004275" classname="tm_g_gh_boxplot" name="tm_g_gh_boxplot_accepts_custom_color_and_shape_specifications"/>
    <testcase time="0.0109999999999673" classname="tm_g_gh_boxplot" name="tm_g_gh_boxplot_accepts_line_arguments"/>
    <testcase time="0.00300000000004275" classname="tm_g_gh_boxplot" name="tm_g_gh_boxplot_accepts_line_arguments"/>
    <testcase time="0.0109999999999673" classname="tm_g_gh_boxplot" name="tm_g_gh_boxplot_handles_plot_dimensions_correctly"/>
    <testcase time="0.00300000000004275" classname="tm_g_gh_boxplot" name="tm_g_gh_boxplot_handles_plot_dimensions_correctly"/>
    <testcase time="0.0109999999999673" classname="tm_g_gh_boxplot" name="tm_g_gh_boxplot_invalid_arguments_throws_an_error_when_label_is_invalid"/>
    <testcase time="0.0120000000000573" classname="tm_g_gh_boxplot" name="tm_g_gh_boxplot_invalid_arguments_throws_an_error_when_dataname_is_invalid"/>
    <testcase time="0.00999999999999091" classname="tm_g_gh_boxplot" name="tm_g_gh_boxplot_invalid_arguments_throws_an_error_when_param_is_invalid"/>
    <testcase time="0.0119999999999436" classname="tm_g_gh_boxplot" name="tm_g_gh_boxplot_invalid_arguments_throws_an_error_when_yaxis_var_is_invalid"/>
    <testcase time="0.0109999999999673" classname="tm_g_gh_boxplot" name="tm_g_gh_boxplot_invalid_arguments_throws_an_error_when_xaxis_var_is_invalid"/>
    <testcase time="0.0120000000000573" classname="tm_g_gh_boxplot" name="tm_g_gh_boxplot_invalid_arguments_throws_an_error_when_facet_var_is_invalid"/>
    <testcase time="0.0660000000000309" classname="tm_g_gh_boxplot" name="tm_g_gh_boxplot_invalid_arguments_throws_an_error_when_trt_group_is_invalid"/>
    <testcase time="0.1099999999999" classname="tm_g_gh_boxplot" name="tm_g_gh_boxplot_invalid_arguments_throws_an_error_when_color_manual_is_invalid"/>
    <testcase time="0.121000000000095" classname="tm_g_gh_boxplot" name="tm_g_gh_boxplot_invalid_arguments_throws_an_error_when_shape_manual_is_invalid"/>
    <testcase time="0.102999999999952" classname="tm_g_gh_boxplot" name="tm_g_gh_boxplot_invalid_arguments_throws_an_error_when_facet_ncol_is_invalid"/>
    <testcase time="0.110000000000014" classname="tm_g_gh_boxplot" name="tm_g_gh_boxplot_invalid_arguments_throws_an_error_when_loq_legend_is_invalid"/>
    <testcase time="0.109000000000037" classname="tm_g_gh_boxplot" name="tm_g_gh_boxplot_invalid_arguments_throws_an_error_when_rotate_xlab_is_invalid"/>
    <testcase time="0.110000000000014" classname="tm_g_gh_boxplot" name="tm_g_gh_boxplot_invalid_arguments_throws_an_error_when_hline_arb_is_invalid"/>
    <testcase time="0.112999999999943" classname="tm_g_gh_boxplot" name="tm_g_gh_boxplot_invalid_arguments_throws_an_error_when_hline_vars_is_invalid"/>
    <testcase time="0.115000000000009" classname="tm_g_gh_boxplot" name="tm_g_gh_boxplot_invalid_arguments_throws_an_error_when_plot_height_is_invalid"/>
    <testcase time="0.109000000000037" classname="tm_g_gh_boxplot" name="tm_g_gh_boxplot_invalid_arguments_throws_an_error_when_plot_width_is_invalid"/>
    <testcase time="0.112999999999943" classname="tm_g_gh_boxplot" name="tm_g_gh_boxplot_invalid_arguments_throws_an_error_when_font_size_is_invalid"/>
    <testcase time="0.113000000000056" classname="tm_g_gh_boxplot" name="tm_g_gh_boxplot_invalid_arguments_throws_an_error_when_dot_size_is_invalid"/>
    <testcase time="0.111999999999966" classname="tm_g_gh_boxplot" name="tm_g_gh_boxplot_invalid_arguments_throws_an_error_when_alpha_is_invalid"/>
    <testcase time="0.108000000000061" classname="tm_g_gh_boxplot" name="tm_g_gh_boxplot_invalid_arguments_throws_an_error_when_pre_output_is_invalid"/>
    <testcase time="0.107999999999947" classname="tm_g_gh_boxplot" name="tm_g_gh_boxplot_invalid_arguments_throws_an_error_when_post_output_is_invalid"/>
    <testcase time="0.115000000000009" classname="tm_g_gh_boxplot" name="tm_g_gh_boxplot_invalid_arguments_throws_an_error_when_transformators_is_invalid"/>
    <testcase time="0.120000000000005" classname="tm_g_gh_boxplot" name="tm_g_gh_boxplot_invalid_arguments_throws_an_error_when_decorators_is_invalid"/>
    <testcase time="0.116999999999962" classname="tm_g_gh_boxplot" name="tm_g_gh_boxplot_invalid_arguments_throws_an_error_when_hline_arb_label_is_invalid"/>
    <testcase time="0.123000000000047" classname="tm_g_gh_boxplot" name="tm_g_gh_boxplot_invalid_arguments_throws_an_error_when_hline_arb_color_is_invalid"/>
    <testcase time="0.124000000000024" classname="tm_g_gh_boxplot" name="tm_g_gh_boxplot_invalid_arguments_throws_an_error_when_hline_vars_colors_is_invalid"/>
    <testcase time="0.115999999999985" classname="tm_g_gh_boxplot" name="tm_g_gh_boxplot_invalid_arguments_throws_an_error_when_hline_vars_labels_is_invalid"/>
    <testcase time="0.121999999999957" classname="tm_g_gh_boxplot" name="tm_g_gh_boxplot_invalid_arguments_gives_a_deprecation_warning_when_param_var_is_used"/>
    <testcase time="0.00499999999999545" classname="tm_g_gh_boxplot" name="tm_g_gh_boxplot_invalid_arguments_all_arguments_are_tested"/>
  </testsuite>
  <testsuite name="tm_g_gh_correlationplot" timestamp="2026-09-10T19:52:38Z" hostname="dbf32d12c389" tests="50" skipped="0" failures="0" errors="0" time="2.311">
    <testcase time="0.0600000000000591" classname="tm_g_gh_correlationplot" name="tm_g_gh_correlationplot_can_be_created_with_default_arguments"/>
    <testcase time="0.00299999999992906" classname="tm_g_gh_correlationplot" name="tm_g_gh_correlationplot_can_be_created_with_default_arguments"/>
    <testcase time="0.0120000000000573" classname="tm_g_gh_correlationplot" name="tm_g_gh_correlationplot_can_be_created_with_choices_selected_arguments"/>
    <testcase time="0.00299999999992906" classname="tm_g_gh_correlationplot" name="tm_g_gh_correlationplot_can_be_created_with_choices_selected_arguments"/>
    <testcase time="0.0120000000000573" classname="tm_g_gh_correlationplot" name="tm_g_gh_correlationplot_can_be_created_with_custom_picks_arguments"/>
    <testcase time="0.00300000000004275" classname="tm_g_gh_correlationplot" name="tm_g_gh_correlationplot_can_be_created_with_custom_picks_arguments"/>
    <testcase time="0.0179999999999154" classname="tm_g_gh_correlationplot" name="tm_g_gh_correlationplot_handles_multiple_parameter_combinations"/>
    <testcase time="0.00300000000004275" classname="tm_g_gh_correlationplot" name="tm_g_gh_correlationplot_handles_multiple_parameter_combinations"/>
    <testcase time="0.0119999999999436" classname="tm_g_gh_correlationplot" name="tm_g_gh_correlationplot_accepts_custom_color_and_shape_specifications_with_choices_selected"/>
    <testcase time="0.00300000000004275" classname="tm_g_gh_correlationplot" name="tm_g_gh_correlationplot_accepts_custom_color_and_shape_specifications_with_choices_selected"/>
    <testcase time="0.0120000000000573" classname="tm_g_gh_correlationplot" name="tm_g_gh_correlationplot_accepts_line_arguments_with_choices_selected"/>
    <testcase time="0.00299999999992906" classname="tm_g_gh_correlationplot" name="tm_g_gh_correlationplot_accepts_line_arguments_with_choices_selected"/>
    <testcase time="0.0670000000000073" classname="tm_g_gh_correlationplot" name="tm_g_gh_correlationplot_invalid_arguments_throws_an_error_when_label_is_invalid"/>
    <testcase time="0.0109999999999673" classname="tm_g_gh_correlationplot" name="tm_g_gh_correlationplot_invalid_arguments_throws_an_error_when_dataname_is_invalid"/>
    <testcase time="0.0110000000000809" classname="tm_g_gh_correlationplot" name="tm_g_gh_correlationplot_invalid_arguments_throws_an_error_when_xaxis_param_is_invalid"/>
    <testcase time="0.0119999999999436" classname="tm_g_gh_correlationplot" name="tm_g_gh_correlationplot_invalid_arguments_throws_an_error_when_yaxis_param_is_invalid"/>
    <testcase time="0.0120000000000573" classname="tm_g_gh_correlationplot" name="tm_g_gh_correlationplot_invalid_arguments_throws_an_error_when_xaxis_var_is_invalid"/>
    <testcase time="0.01299999999992" classname="tm_g_gh_correlationplot" name="tm_g_gh_correlationplot_invalid_arguments_throws_an_error_when_yaxis_var_is_invalid"/>
    <testcase time="0.0130000000000337" classname="tm_g_gh_correlationplot" name="tm_g_gh_correlationplot_invalid_arguments_throws_an_error_when_trt_group_is_invalid"/>
    <testcase time="0.0660000000000309" classname="tm_g_gh_correlationplot" name="tm_g_gh_correlationplot_invalid_arguments_throws_an_error_when_color_manual_is_invalid"/>
    <testcase time="0.0629999999999882" classname="tm_g_gh_correlationplot" name="tm_g_gh_correlationplot_invalid_arguments_throws_an_error_when_shape_manual_is_invalid"/>
    <testcase time="0.0599999999999454" classname="tm_g_gh_correlationplot" name="tm_g_gh_correlationplot_invalid_arguments_throws_an_error_when_facet_ncol_is_invalid"/>
    <testcase time="0.0640000000000782" classname="tm_g_gh_correlationplot" name="tm_g_gh_correlationplot_invalid_arguments_throws_an_error_when_visit_facet_is_invalid"/>
    <testcase time="0.0609999999999218" classname="tm_g_gh_correlationplot" name="tm_g_gh_correlationplot_invalid_arguments_throws_an_error_when_trt_facet_is_invalid"/>
    <testcase time="0.0640000000000782" classname="tm_g_gh_correlationplot" name="tm_g_gh_correlationplot_invalid_arguments_throws_an_error_when_reg_line_is_invalid"/>
    <testcase time="0.0599999999999454" classname="tm_g_gh_correlationplot" name="tm_g_gh_correlationplot_invalid_arguments_throws_an_error_when_loq_legend_is_invalid"/>
    <testcase time="0.0639999999999645" classname="tm_g_gh_correlationplot" name="tm_g_gh_correlationplot_invalid_arguments_throws_an_error_when_rotate_xlab_is_invalid"/>
    <testcase time="0.0660000000000309" classname="tm_g_gh_correlationplot" name="tm_g_gh_correlationplot_invalid_arguments_throws_an_error_when_hline_arb_is_invalid"/>
    <testcase time="0.0610000000000355" classname="tm_g_gh_correlationplot" name="tm_g_gh_correlationplot_invalid_arguments_throws_an_error_when_hline_vars_is_invalid"/>
    <testcase time="0.0639999999999645" classname="tm_g_gh_correlationplot" name="tm_g_gh_correlationplot_invalid_arguments_throws_an_error_when_vline_arb_is_invalid"/>
    <testcase time="0.0660000000000309" classname="tm_g_gh_correlationplot" name="tm_g_gh_correlationplot_invalid_arguments_throws_an_error_when_vline_vars_is_invalid"/>
    <testcase time="0.0620000000000118" classname="tm_g_gh_correlationplot" name="tm_g_gh_correlationplot_invalid_arguments_throws_an_error_when_plot_height_is_invalid"/>
    <testcase time="0.0649999999999409" classname="tm_g_gh_correlationplot" name="tm_g_gh_correlationplot_invalid_arguments_throws_an_error_when_plot_width_is_invalid"/>
    <testcase time="0.0679999999999836" classname="tm_g_gh_correlationplot" name="tm_g_gh_correlationplot_invalid_arguments_throws_an_error_when_font_size_is_invalid"/>
    <testcase time="0.0620000000000118" classname="tm_g_gh_correlationplot" name="tm_g_gh_correlationplot_invalid_arguments_throws_an_error_when_dot_size_is_invalid"/>
    <testcase time="0.0620000000000118" classname="tm_g_gh_correlationplot" name="tm_g_gh_correlationplot_invalid_arguments_throws_an_error_when_reg_text_size_is_invalid"/>
    <testcase time="0.0670000000000073" classname="tm_g_gh_correlationplot" name="tm_g_gh_correlationplot_invalid_arguments_throws_an_error_when_pre_output_is_invalid"/>
    <testcase time="0.0629999999999882" classname="tm_g_gh_correlationplot" name="tm_g_gh_correlationplot_invalid_arguments_throws_an_error_when_post_output_is_invalid"/>
    <testcase time="0.07000000000005" classname="tm_g_gh_correlationplot" name="tm_g_gh_correlationplot_invalid_arguments_throws_an_error_when_transformators_is_invalid"/>
    <testcase time="0.0610000000000355" classname="tm_g_gh_correlationplot" name="tm_g_gh_correlationplot_invalid_arguments_throws_an_error_when_decorators_is_invalid"/>
    <testcase time="0.0769999999999982" classname="tm_g_gh_correlationplot" name="tm_g_gh_correlationplot_invalid_arguments_throws_an_error_when_hline_arb_label_is_invalid"/>
    <testcase time="0.0839999999999463" classname="tm_g_gh_correlationplot" name="tm_g_gh_correlationplot_invalid_arguments_throws_an_error_when_hline_arb_color_is_invalid"/>
    <testcase time="0.0740000000000691" classname="tm_g_gh_correlationplot" name="tm_g_gh_correlationplot_invalid_arguments_throws_an_error_when_hline_vars_colors_is_invalid"/>
    <testcase time="0.0779999999999745" classname="tm_g_gh_correlationplot" name="tm_g_gh_correlationplot_invalid_arguments_throws_an_error_when_hline_vars_labels_is_invalid"/>
    <testcase time="0.0729999999999791" classname="tm_g_gh_correlationplot" name="tm_g_gh_correlationplot_invalid_arguments_throws_an_error_when_vline_arb_label_is_invalid"/>
    <testcase time="0.0720000000000027" classname="tm_g_gh_correlationplot" name="tm_g_gh_correlationplot_invalid_arguments_throws_an_error_when_vline_arb_color_is_invalid"/>
    <testcase time="0.0779999999999745" classname="tm_g_gh_correlationplot" name="tm_g_gh_correlationplot_invalid_arguments_throws_an_error_when_vline_vars_colors_is_invalid"/>
    <testcase time="0.0729999999999791" classname="tm_g_gh_correlationplot" name="tm_g_gh_correlationplot_invalid_arguments_throws_an_error_when_vline_vars_labels_is_invalid"/>
    <testcase time="0.0750000000000455" classname="tm_g_gh_correlationplot" name="tm_g_gh_correlationplot_invalid_arguments_gives_a_deprecation_warning_when_param_var_is_used"/>
    <testcase time="0.00499999999999545" classname="tm_g_gh_correlationplot" name="tm_g_gh_correlationplot_invalid_arguments_all_arguments_are_tested"/>
  </testsuite>
  <testsuite name="tm_g_gh_density_distribution_plot" timestamp="2026-09-10T19:52:41Z" hostname="dbf32d12c389" tests="38" skipped="0" failures="0" errors="0" time="1.382">
    <testcase time="0.0570000000000164" classname="tm_g_gh_density_distribution_plot" name="tm_g_gh_density_distribution_plot_can_be_created_with_default_arguments"/>
    <testcase time="0.00300000000004275" classname="tm_g_gh_density_distribution_plot" name="tm_g_gh_density_distribution_plot_can_be_created_with_default_arguments"/>
    <testcase time="0.00999999999999091" classname="tm_g_gh_density_distribution_plot" name="tm_g_gh_density_distribution_plot_can_be_created_with_choices_selected_arguments"/>
    <testcase time="0.00299999999992906" classname="tm_g_gh_density_distribution_plot" name="tm_g_gh_density_distribution_plot_can_be_created_with_choices_selected_arguments"/>
    <testcase time="0.00999999999999091" classname="tm_g_gh_density_distribution_plot" name="tm_g_gh_density_distribution_plot_can_be_created_with_custom_picks_arguments"/>
    <testcase time="0.00200000000006639" classname="tm_g_gh_density_distribution_plot" name="tm_g_gh_density_distribution_plot_can_be_created_with_custom_picks_arguments"/>
    <testcase time="0.00900000000001455" classname="tm_g_gh_density_distribution_plot" name="tm_g_gh_density_distribution_plot_handles_different_parameter_combinations"/>
    <testcase time="0.00299999999992906" classname="tm_g_gh_density_distribution_plot" name="tm_g_gh_density_distribution_plot_handles_different_parameter_combinations"/>
    <testcase time="0.00900000000001455" classname="tm_g_gh_density_distribution_plot" name="tm_g_gh_density_distribution_plot_accepts_custom_color_specifications"/>
    <testcase time="0.00300000000004275" classname="tm_g_gh_density_distribution_plot" name="tm_g_gh_density_distribution_plot_accepts_custom_color_specifications"/>
    <testcase time="0.00900000000001455" classname="tm_g_gh_density_distribution_plot" name="tm_g_gh_density_distribution_plot_accepts_line_arguments"/>
    <testcase time="0.00299999999992906" classname="tm_g_gh_density_distribution_plot" name="tm_g_gh_density_distribution_plot_accepts_line_arguments"/>
    <testcase time="0.00900000000001455" classname="tm_g_gh_density_distribution_plot" name="tm_g_gh_density_distribution_plot_handles_plot_dimensions_correctly"/>
    <testcase time="0.00300000000004275" classname="tm_g_gh_density_distribution_plot" name="tm_g_gh_density_distribution_plot_handles_plot_dimensions_correctly"/>
    <testcase time="0.0109999999999673" classname="tm_g_gh_density_distribution_plot" name="tm_g_gh_density_distribution_plot_invalid_arguments_throws_an_error_when_label_is_invalid"/>
    <testcase time="0.0110000000000809" classname="tm_g_gh_density_distribution_plot" name="tm_g_gh_density_distribution_plot_invalid_arguments_throws_an_error_when_dataname_is_invalid"/>
    <testcase time="0.0169999999999391" classname="tm_g_gh_density_distribution_plot" name="tm_g_gh_density_distribution_plot_invalid_arguments_throws_an_error_when_param_is_invalid"/>
    <testcase time="0.0120000000000573" classname="tm_g_gh_density_distribution_plot" name="tm_g_gh_density_distribution_plot_invalid_arguments_throws_an_error_when_xaxis_var_is_invalid"/>
    <testcase time="0.0119999999999436" classname="tm_g_gh_density_distribution_plot" name="tm_g_gh_density_distribution_plot_invalid_arguments_throws_an_error_when_trt_group_is_invalid"/>
    <testcase time="0.0660000000000309" classname="tm_g_gh_density_distribution_plot" name="tm_g_gh_density_distribution_plot_invalid_arguments_throws_an_error_when_color_manual_is_invalid"/>
    <testcase time="0.0629999999999882" classname="tm_g_gh_density_distribution_plot" name="tm_g_gh_density_distribution_plot_invalid_arguments_throws_an_error_when_comb_line_is_invalid"/>
    <testcase time="0.06899999999996" classname="tm_g_gh_density_distribution_plot" name="tm_g_gh_density_distribution_plot_invalid_arguments_throws_an_error_when_font_size_is_invalid"/>
    <testcase time="0.0660000000000309" classname="tm_g_gh_density_distribution_plot" name="tm_g_gh_density_distribution_plot_invalid_arguments_throws_an_error_when_line_size_is_invalid"/>
    <testcase time="0.0639999999999645" classname="tm_g_gh_density_distribution_plot" name="tm_g_gh_density_distribution_plot_invalid_arguments_throws_an_error_when_hline_arb_is_invalid"/>
    <testcase time="0.0629999999999882" classname="tm_g_gh_density_distribution_plot" name="tm_g_gh_density_distribution_plot_invalid_arguments_throws_an_error_when_comb_line_is_invalid"/>
    <testcase time="0.0590000000000828" classname="tm_g_gh_density_distribution_plot" name="tm_g_gh_density_distribution_plot_invalid_arguments_throws_an_error_when_facet_ncol_is_invalid"/>
    <testcase time="0.0629999999999882" classname="tm_g_gh_density_distribution_plot" name="tm_g_gh_density_distribution_plot_invalid_arguments_throws_an_error_when_rotate_xlab_is_invalid"/>
    <testcase time="0.0720000000000027" classname="tm_g_gh_density_distribution_plot" name="tm_g_gh_density_distribution_plot_invalid_arguments_throws_an_error_when_plot_height_is_invalid"/>
    <testcase time="0.0649999999999409" classname="tm_g_gh_density_distribution_plot" name="tm_g_gh_density_distribution_plot_invalid_arguments_throws_an_error_when_plot_width_is_invalid"/>
    <testcase time="0.0779999999999745" classname="tm_g_gh_density_distribution_plot" name="tm_g_gh_density_distribution_plot_invalid_arguments_throws_an_error_when_pre_output_is_invalid"/>
    <testcase time="0.0630000000001019" classname="tm_g_gh_density_distribution_plot" name="tm_g_gh_density_distribution_plot_invalid_arguments_throws_an_error_when_post_output_is_invalid"/>
    <testcase time="0.0609999999999218" classname="tm_g_gh_density_distribution_plot" name="tm_g_gh_density_distribution_plot_invalid_arguments_throws_an_error_when_transformators_is_invalid"/>
    <testcase time="0.0670000000000073" classname="tm_g_gh_density_distribution_plot" name="tm_g_gh_density_distribution_plot_invalid_arguments_throws_an_error_when_color_comb_is_invalid"/>
    <testcase time="0.0579999999999927" classname="tm_g_gh_density_distribution_plot" name="tm_g_gh_density_distribution_plot_invalid_arguments_throws_an_error_when_decorators_is_invalid"/>
    <testcase time="0.0640000000000782" classname="tm_g_gh_density_distribution_plot" name="tm_g_gh_density_distribution_plot_invalid_arguments_throws_an_error_when_hline_arb_label_is_invalid"/>
    <testcase time="0.06899999999996" classname="tm_g_gh_density_distribution_plot" name="tm_g_gh_density_distribution_plot_invalid_arguments_throws_an_error_when_hline_arb_color_is_invalid"/>
    <testcase time="0.0710000000000264" classname="tm_g_gh_density_distribution_plot" name="tm_g_gh_density_distribution_plot_invalid_arguments_gives_a_deprecation_warning_when_param_var_is_used"/>
    <testcase time="0.00499999999999545" classname="tm_g_gh_density_distribution_plot" name="tm_g_gh_density_distribution_plot_invalid_arguments_all_arguments_are_tested"/>
  </testsuite>
  <testsuite name="tm_g_gh_lineplot" timestamp="2026-09-10T19:52:42Z" hostname="dbf32d12c389" tests="46" skipped="0" failures="0" errors="0" time="3.262">
    <testcase time="0.106999999999971" classname="tm_g_gh_lineplot" name="tm_g_gh_lineplot_can_be_created_with_default_arguments"/>
    <testcase time="0.00300000000004275" classname="tm_g_gh_lineplot" name="tm_g_gh_lineplot_can_be_created_with_default_arguments"/>
    <testcase time="0.0109999999999673" classname="tm_g_gh_lineplot" name="tm_g_gh_lineplot_can_be_created_with_choices_selected_arguments"/>
    <testcase time="0.00300000000004275" classname="tm_g_gh_lineplot" name="tm_g_gh_lineplot_can_be_created_with_choices_selected_arguments"/>
    <testcase time="0.00999999999999091" classname="tm_g_gh_lineplot" name="tm_g_gh_lineplot_can_be_created_with_custom_picks_arguments"/>
    <testcase time="0.00299999999992906" classname="tm_g_gh_lineplot" name="tm_g_gh_lineplot_can_be_created_with_custom_picks_arguments"/>
    <testcase time="0.0100000000001046" classname="tm_g_gh_lineplot" name="tm_g_gh_lineplot_handles_multiple_parameter_combinations"/>
    <testcase time="0.00299999999992906" classname="tm_g_gh_lineplot" name="tm_g_gh_lineplot_handles_multiple_parameter_combinations"/>
    <testcase time="0.00999999999999091" classname="tm_g_gh_lineplot" name="tm_g_gh_lineplot_accepts_custom_color_specifications_with_picks"/>
    <testcase time="0.00300000000004275" classname="tm_g_gh_lineplot" name="tm_g_gh_lineplot_accepts_custom_color_specifications_with_picks"/>
    <testcase time="0.00999999999999091" classname="tm_g_gh_lineplot" name="tm_g_gh_lineplot_accepts_line_arguments_with_picks"/>
    <testcase time="0.00300000000004275" classname="tm_g_gh_lineplot" name="tm_g_gh_lineplot_accepts_line_arguments_with_picks"/>
    <testcase time="0.0109999999999673" classname="tm_g_gh_lineplot" name="tm_g_gh_lineplot_invalid_arguments_throws_an_error_when_label_is_invalid"/>
    <testcase time="0.0109999999999673" classname="tm_g_gh_lineplot" name="tm_g_gh_lineplot_invalid_arguments_throws_an_error_when_dataname_is_invalid"/>
    <testcase time="0.00999999999999091" classname="tm_g_gh_lineplot" name="tm_g_gh_lineplot_invalid_arguments_throws_an_error_when_param_is_invalid"/>
    <testcase time="0.0110000000000809" classname="tm_g_gh_lineplot" name="tm_g_gh_lineplot_invalid_arguments_throws_an_error_when_param_var_label_is_invalid"/>
    <testcase time="0.0109999999999673" classname="tm_g_gh_lineplot" name="tm_g_gh_lineplot_invalid_arguments_throws_an_error_when_xaxis_var_is_invalid"/>
    <testcase time="0.0649999999999409" classname="tm_g_gh_lineplot" name="tm_g_gh_lineplot_invalid_arguments_throws_an_error_when_yaxis_var_is_invalid"/>
    <testcase time="0.0579999999999927" classname="tm_g_gh_lineplot" name="tm_g_gh_lineplot_invalid_arguments_throws_an_error_when_trt_group_is_invalid"/>
    <testcase time="0.105999999999995" classname="tm_g_gh_lineplot" name="tm_g_gh_lineplot_invalid_arguments_throws_an_error_when_stat_is_invalid"/>
    <testcase time="0.115000000000009" classname="tm_g_gh_lineplot" name="tm_g_gh_lineplot_invalid_arguments_throws_an_error_when_color_manual_is_invalid"/>
    <testcase time="0.115999999999985" classname="tm_g_gh_lineplot" name="tm_g_gh_lineplot_invalid_arguments_throws_an_error_when_rotate_xlab_is_invalid"/>
    <testcase time="0.107999999999947" classname="tm_g_gh_lineplot" name="tm_g_gh_lineplot_invalid_arguments_throws_an_error_when_hline_arb_is_invalid"/>
    <testcase time="0.115000000000009" classname="tm_g_gh_lineplot" name="tm_g_gh_lineplot_invalid_arguments_throws_an_error_when_plot_height_is_invalid"/>
    <testcase time="0.120999999999981" classname="tm_g_gh_lineplot" name="tm_g_gh_lineplot_invalid_arguments_throws_an_error_when_plot_width_is_invalid"/>
    <testcase time="0.115000000000009" classname="tm_g_gh_lineplot" name="tm_g_gh_lineplot_invalid_arguments_throws_an_error_when_plot_font_size_is_invalid"/>
    <testcase time="0.118000000000052" classname="tm_g_gh_lineplot" name="tm_g_gh_lineplot_invalid_arguments_throws_an_error_when_dodge_is_invalid"/>
    <testcase time="0.115000000000009" classname="tm_g_gh_lineplot" name="tm_g_gh_lineplot_invalid_arguments_throws_an_error_when_count_threshold_is_invalid"/>
    <testcase time="0.108999999999924" classname="tm_g_gh_lineplot" name="tm_g_gh_lineplot_invalid_arguments_throws_an_error_when_table_font_size_is_invalid"/>
    <testcase time="0.115999999999985" classname="tm_g_gh_lineplot" name="tm_g_gh_lineplot_invalid_arguments_throws_an_error_when_dot_size_is_invalid"/>
    <testcase time="0.105999999999995" classname="tm_g_gh_lineplot" name="tm_g_gh_lineplot_invalid_arguments_throws_an_error_when_plot_relative_height_value_is_invalid"/>
    <testcase time="0.114000000000033" classname="tm_g_gh_lineplot" name="tm_g_gh_lineplot_invalid_arguments_throws_an_error_when_pre_output_is_invalid"/>
    <testcase time="0.115000000000009" classname="tm_g_gh_lineplot" name="tm_g_gh_lineplot_invalid_arguments_throws_an_error_when_post_output_is_invalid"/>
    <testcase time="0.109000000000037" classname="tm_g_gh_lineplot" name="tm_g_gh_lineplot_invalid_arguments_throws_an_error_when_transformators_is_invalid"/>
    <testcase time="0.110000000000014" classname="tm_g_gh_lineplot" name="tm_g_gh_lineplot_invalid_arguments_throws_an_error_when_decorators_is_invalid"/>
    <testcase time="0.0589999999999691" classname="tm_g_gh_lineplot" name="tm_g_gh_lineplot_invalid_arguments_throws_an_error_when_xvar_level_is_invalid"/>
    <testcase time="0.109000000000037" classname="tm_g_gh_lineplot" name="tm_g_gh_lineplot_invalid_arguments_throws_an_error_when_trt_group_level_is_invalid"/>
    <testcase time="0.111999999999966" classname="tm_g_gh_lineplot" name="tm_g_gh_lineplot_invalid_arguments_throws_an_error_when_shape_choices_is_invalid"/>
    <testcase time="0.107999999999947" classname="tm_g_gh_lineplot" name="tm_g_gh_lineplot_invalid_arguments_throws_an_error_when_xtick_is_invalid"/>
    <testcase time="0.114000000000033" classname="tm_g_gh_lineplot" name="tm_g_gh_lineplot_invalid_arguments_throws_an_error_when_xlabel_is_invalid"/>
    <testcase time="0.118000000000052" classname="tm_g_gh_lineplot" name="tm_g_gh_lineplot_invalid_arguments_throws_an_error_when_hline_arb_label_is_invalid"/>
    <testcase time="0.113999999999919" classname="tm_g_gh_lineplot" name="tm_g_gh_lineplot_invalid_arguments_throws_an_error_when_hline_arb_color_is_invalid"/>
    <testcase time="0.122000000000071" classname="tm_g_gh_lineplot" name="tm_g_gh_lineplot_invalid_arguments_gives_a_deprecation_warning_when_param_var_is_used"/>
    <testcase time="0.125" classname="tm_g_gh_lineplot" name="tm_g_gh_lineplot_invalid_arguments_gives_a_deprecation_warning_when_filter_var_is_used"/>
    <testcase time="0.115000000000009" classname="tm_g_gh_lineplot" name="tm_g_gh_lineplot_invalid_arguments_gives_a_deprecation_warning_when_filter_var_choices_is_used"/>
    <testcase time="0.00499999999999545" classname="tm_g_gh_lineplot" name="tm_g_gh_lineplot_invalid_arguments_all_arguments_are_tested"/>
  </testsuite>
  <testsuite name="tm_g_gh_spaghettiplot" timestamp="2026-09-10T19:52:45Z" hostname="dbf32d12c389" tests="48" skipped="0" failures="0" errors="0" time="1.974">
    <testcase time="0.0799999999999272" classname="tm_g_gh_spaghettiplot" name="tm_g_gh_spaghettiplot_can_be_created_with_default_arguments"/>
    <testcase time="0.00300000000004275" classname="tm_g_gh_spaghettiplot" name="tm_g_gh_spaghettiplot_can_be_created_with_default_arguments"/>
    <testcase time="0.0109999999999673" classname="tm_g_gh_spaghettiplot" name="tm_g_gh_spaghettiplot_can_be_created_with_choices_selected_arguments"/>
    <testcase time="0.00300000000004275" classname="tm_g_gh_spaghettiplot" name="tm_g_gh_spaghettiplot_can_be_created_with_choices_selected_arguments"/>
    <testcase time="0.0109999999999673" classname="tm_g_gh_spaghettiplot" name="tm_g_gh_spaghettiplot_can_be_created_with_custom_picks_arguments"/>
    <testcase time="0.00200000000006639" classname="tm_g_gh_spaghettiplot" name="tm_g_gh_spaghettiplot_can_be_created_with_custom_picks_arguments"/>
    <testcase time="0.0109999999999673" classname="tm_g_gh_spaghettiplot" name="tm_g_gh_spaghettiplot_handles_multiple_parameter_combinations"/>
    <testcase time="0.00199999999995271" classname="tm_g_gh_spaghettiplot" name="tm_g_gh_spaghettiplot_handles_multiple_parameter_combinations"/>
    <testcase time="0.0110000000000809" classname="tm_g_gh_spaghettiplot" name="tm_g_gh_spaghettiplot_accepts_custom_color_specifications_with_choices_selected"/>
    <testcase time="0.00299999999992906" classname="tm_g_gh_spaghettiplot" name="tm_g_gh_spaghettiplot_accepts_custom_color_specifications_with_choices_selected"/>
    <testcase time="0.0109999999999673" classname="tm_g_gh_spaghettiplot" name="tm_g_gh_spaghettiplot_accepts_line_arguments_with_choices_selected"/>
    <testcase time="0.00300000000004275" classname="tm_g_gh_spaghettiplot" name="tm_g_gh_spaghettiplot_accepts_line_arguments_with_choices_selected"/>
    <testcase time="0.0120000000000573" classname="tm_g_gh_spaghettiplot" name="tm_g_gh_spaghettiplot_invalid_arguments_throws_an_error_when_label_is_invalid"/>
    <testcase time="0.00999999999999091" classname="tm_g_gh_spaghettiplot" name="tm_g_gh_spaghettiplot_invalid_arguments_throws_an_error_when_dataname_is_invalid"/>
    <testcase time="0.00999999999999091" classname="tm_g_gh_spaghettiplot" name="tm_g_gh_spaghettiplot_invalid_arguments_throws_an_error_when_param_var_label_is_invalid"/>
    <testcase time="0.00999999999999091" classname="tm_g_gh_spaghettiplot" name="tm_g_gh_spaghettiplot_invalid_arguments_throws_an_error_when_idvar_is_invalid"/>
    <testcase time="0.0119999999999436" classname="tm_g_gh_spaghettiplot" name="tm_g_gh_spaghettiplot_invalid_arguments_throws_an_error_when_group_stats_is_invalid"/>
    <testcase time="0.0130000000000337" classname="tm_g_gh_spaghettiplot" name="tm_g_gh_spaghettiplot_invalid_arguments_throws_an_error_when_param_is_invalid"/>
    <testcase time="0.0120000000000573" classname="tm_g_gh_spaghettiplot" name="tm_g_gh_spaghettiplot_invalid_arguments_throws_an_error_when_xaxis_var_is_invalid"/>
    <testcase time="0.0109999999999673" classname="tm_g_gh_spaghettiplot" name="tm_g_gh_spaghettiplot_invalid_arguments_throws_an_error_when_yaxis_var_is_invalid"/>
    <testcase time="0.0119999999999436" classname="tm_g_gh_spaghettiplot" name="tm_g_gh_spaghettiplot_invalid_arguments_throws_an_error_when_trt_group_is_invalid"/>
    <testcase time="0.0650000000000546" classname="tm_g_gh_spaghettiplot" name="tm_g_gh_spaghettiplot_invalid_arguments_throws_an_error_when_xaxis_var_level_is_invalid"/>
    <testcase time="0.0620000000000118" classname="tm_g_gh_spaghettiplot" name="tm_g_gh_spaghettiplot_invalid_arguments_throws_an_error_when_trt_group_level_is_invalid"/>
    <testcase time="0.0659999999999172" classname="tm_g_gh_spaghettiplot" name="tm_g_gh_spaghettiplot_invalid_arguments_throws_an_error_when_man_color_is_invalid"/>
    <testcase time="0.0610000000000355" classname="tm_g_gh_spaghettiplot" name="tm_g_gh_spaghettiplot_invalid_arguments_throws_an_error_when_color_comb_is_invalid"/>
    <testcase time="0.0620000000000118" classname="tm_g_gh_spaghettiplot" name="tm_g_gh_spaghettiplot_invalid_arguments_throws_an_error_when_hline_arb_is_invalid"/>
    <testcase time="0.0670000000000073" classname="tm_g_gh_spaghettiplot" name="tm_g_gh_spaghettiplot_invalid_arguments_throws_an_error_when_hline_vars_is_invalid"/>
    <testcase time="0.0589999999999691" classname="tm_g_gh_spaghettiplot" name="tm_g_gh_spaghettiplot_invalid_arguments_throws_an_error_when_facet_ncol_is_invalid"/>
    <testcase time="0.0589999999999691" classname="tm_g_gh_spaghettiplot" name="tm_g_gh_spaghettiplot_invalid_arguments_throws_an_error_when_free_x_is_invalid"/>
    <testcase time="0.0680000000000973" classname="tm_g_gh_spaghettiplot" name="tm_g_gh_spaghettiplot_invalid_arguments_throws_an_error_when_rotate_xlab_is_invalid"/>
    <testcase time="0.0649999999999409" classname="tm_g_gh_spaghettiplot" name="tm_g_gh_spaghettiplot_invalid_arguments_throws_an_error_when_plot_height_is_invalid"/>
    <testcase time="0.0629999999999882" classname="tm_g_gh_spaghettiplot" name="tm_g_gh_spaghettiplot_invalid_arguments_throws_an_error_when_plot_width_is_invalid"/>
    <testcase time="0.0690000000000737" classname="tm_g_gh_spaghettiplot" name="tm_g_gh_spaghettiplot_invalid_arguments_throws_an_error_when_font_size_is_invalid"/>
    <testcase time="0.0609999999999218" classname="tm_g_gh_spaghettiplot" name="tm_g_gh_spaghettiplot_invalid_arguments_throws_an_error_when_dot_size_is_invalid"/>
    <testcase time="0.0620000000000118" classname="tm_g_gh_spaghettiplot" name="tm_g_gh_spaghettiplot_invalid_arguments_throws_an_error_when_alpha_is_invalid"/>
    <testcase time="0.0679999999999836" classname="tm_g_gh_spaghettiplot" name="tm_g_gh_spaghettiplot_invalid_arguments_throws_an_error_when_pre_output_is_invalid"/>
    <testcase time="0.0610000000000355" classname="tm_g_gh_spaghettiplot" name="tm_g_gh_spaghettiplot_invalid_arguments_throws_an_error_when_post_output_is_invalid"/>
    <testcase time="0.0629999999999882" classname="tm_g_gh_spaghettiplot" name="tm_g_gh_spaghettiplot_invalid_arguments_throws_an_error_when_transformators_is_invalid"/>
    <testcase time="0.0679999999999836" classname="tm_g_gh_spaghettiplot" name="tm_g_gh_spaghettiplot_invalid_arguments_throws_an_error_when_decorators_is_invalid"/>
    <testcase time="0.0650000000000546" classname="tm_g_gh_spaghettiplot" name="tm_g_gh_spaghettiplot_invalid_arguments_throws_an_error_when_xtick_is_invalid"/>
    <testcase time="0.0599999999999454" classname="tm_g_gh_spaghettiplot" name="tm_g_gh_spaghettiplot_invalid_arguments_throws_an_error_when_xlabel_is_invalid"/>
    <testcase time="0.0740000000000691" classname="tm_g_gh_spaghettiplot" name="tm_g_gh_spaghettiplot_invalid_arguments_throws_an_error_when_hline_arb_label_is_invalid"/>
    <testcase time="0.06899999999996" classname="tm_g_gh_spaghettiplot" name="tm_g_gh_spaghettiplot_invalid_arguments_throws_an_error_when_hline_arb_color_is_invalid"/>
    <testcase time="0.0789999999999509" classname="tm_g_gh_spaghettiplot" name="tm_g_gh_spaghettiplot_invalid_arguments_throws_an_error_when_hline_vars_colors_is_invalid"/>
    <testcase time="0.0680000000000973" classname="tm_g_gh_spaghettiplot" name="tm_g_gh_spaghettiplot_invalid_arguments_throws_an_error_when_hline_vars_labels_is_invalid"/>
    <testcase time="0.0720000000000027" classname="tm_g_gh_spaghettiplot" name="tm_g_gh_spaghettiplot_invalid_arguments_gives_a_deprecation_warning_when_param_var_is_used"/>
    <testcase time="0.0799999999999272" classname="tm_g_gh_spaghettiplot" name="tm_g_gh_spaghettiplot_invalid_arguments_gives_a_deprecation_warning_when_filter_var_is_used"/>
    <testcase time="0.00499999999999545" classname="tm_g_gh_spaghettiplot" name="tm_g_gh_spaghettiplot_invalid_arguments_all_arguments_are_tested"/>
  </testsuite>
</testsuites>
