<?xml version="1.0" encoding="UTF-8"?>
<testsuites>
  <testsuite name="shinytest2-tm_g_gh_boxplot" timestamp="2026-09-10T17:54:50Z" hostname="3636a5f4ee8d" tests="32" skipped="0" failures="0" errors="0" time="166.567">
    <testcase time="14.766" classname="shinytest2_tm_g_gh_boxplot" name="e2e_tm_g_gh_boxplot_initializes_and_renders_a_plot"/>
    <testcase time="0.0279999999999987" classname="shinytest2_tm_g_gh_boxplot" name="e2e_tm_g_gh_boxplot_initializes_and_renders_a_plot"/>
    <testcase time="0.0940000000000012" classname="shinytest2_tm_g_gh_boxplot" name="e2e_tm_g_gh_boxplot_initializes_and_renders_a_plot"/>
    <testcase time="13.221" classname="shinytest2_tm_g_gh_boxplot" name="e2e_tm_g_gh_boxplot_starts_with_expected_label_and_encoding_selections."/>
    <testcase time="0.0130000000000017" classname="shinytest2_tm_g_gh_boxplot" name="e2e_tm_g_gh_boxplot_starts_with_expected_label_and_encoding_selections."/>
    <testcase time="0.0519999999999996" classname="shinytest2_tm_g_gh_boxplot" name="e2e_tm_g_gh_boxplot_starts_with_expected_label_and_encoding_selections."/>
    <testcase time="0.0519999999999996" classname="shinytest2_tm_g_gh_boxplot" name="e2e_tm_g_gh_boxplot_starts_with_expected_label_and_encoding_selections."/>
    <testcase time="0.0509999999999984" classname="shinytest2_tm_g_gh_boxplot" name="e2e_tm_g_gh_boxplot_starts_with_expected_label_and_encoding_selections."/>
    <testcase time="0.0489999999999995" classname="shinytest2_tm_g_gh_boxplot" name="e2e_tm_g_gh_boxplot_starts_with_expected_label_and_encoding_selections."/>
    <testcase time="0.0510000000000019" classname="shinytest2_tm_g_gh_boxplot" name="e2e_tm_g_gh_boxplot_starts_with_expected_label_and_encoding_selections."/>
    <testcase time="18.017" classname="shinytest2_tm_g_gh_boxplot" name="e2e_tm_g_gh_boxplot_changing_pick_changes_plot_and_does_not_throw_validation_errors._xaxis_param"/>
    <testcase time="0.0449999999999946" classname="shinytest2_tm_g_gh_boxplot" name="e2e_tm_g_gh_boxplot_changing_pick_changes_plot_and_does_not_throw_validation_errors._xaxis_param"/>
    <testcase time="0.00500000000000256" classname="shinytest2_tm_g_gh_boxplot" name="e2e_tm_g_gh_boxplot_changing_pick_changes_plot_and_does_not_throw_validation_errors._xaxis_param"/>
    <testcase time="18.016" classname="shinytest2_tm_g_gh_boxplot" name="e2e_tm_g_gh_boxplot_changing_pick_changes_plot_and_does_not_throw_validation_errors._yaxis_var"/>
    <testcase time="0.0460000000000065" classname="shinytest2_tm_g_gh_boxplot" name="e2e_tm_g_gh_boxplot_changing_pick_changes_plot_and_does_not_throw_validation_errors._yaxis_var"/>
    <testcase time="0.00600000000000023" classname="shinytest2_tm_g_gh_boxplot" name="e2e_tm_g_gh_boxplot_changing_pick_changes_plot_and_does_not_throw_validation_errors._yaxis_var"/>
    <testcase time="18.478" classname="shinytest2_tm_g_gh_boxplot" name="e2e_tm_g_gh_boxplot_changing_pick_changes_plot_and_does_not_throw_validation_errors._xaxis_var"/>
    <testcase time="0.070999999999998" classname="shinytest2_tm_g_gh_boxplot" name="e2e_tm_g_gh_boxplot_changing_pick_changes_plot_and_does_not_throw_validation_errors._xaxis_var"/>
    <testcase time="0.00600000000000023" classname="shinytest2_tm_g_gh_boxplot" name="e2e_tm_g_gh_boxplot_changing_pick_changes_plot_and_does_not_throw_validation_errors._xaxis_var"/>
    <testcase time="17.762" classname="shinytest2_tm_g_gh_boxplot" name="e2e_tm_g_gh_boxplot_changing_pick_changes_plot_and_does_not_throw_validation_errors._facet_var"/>
    <testcase time="0.0580000000000069" classname="shinytest2_tm_g_gh_boxplot" name="e2e_tm_g_gh_boxplot_changing_pick_changes_plot_and_does_not_throw_validation_errors._facet_var"/>
    <testcase time="0.00600000000000023" classname="shinytest2_tm_g_gh_boxplot" name="e2e_tm_g_gh_boxplot_changing_pick_changes_plot_and_does_not_throw_validation_errors._facet_var"/>
    <testcase time="19.31" classname="shinytest2_tm_g_gh_boxplot" name="e2e_tm_g_gh_boxplot_changing_pick_changes_plot_and_does_not_throw_validation_errors._trt_group"/>
    <testcase time="0.0449999999999875" classname="shinytest2_tm_g_gh_boxplot" name="e2e_tm_g_gh_boxplot_changing_pick_changes_plot_and_does_not_throw_validation_errors._trt_group"/>
    <testcase time="0.00600000000000023" classname="shinytest2_tm_g_gh_boxplot" name="e2e_tm_g_gh_boxplot_changing_pick_changes_plot_and_does_not_throw_validation_errors._trt_group"/>
    <testcase time="13.196" classname="shinytest2_tm_g_gh_boxplot" name="e2e_tm_g_gh_boxplot_displays_selected_data_points_table"/>
    <testcase time="0.00600000000000023" classname="shinytest2_tm_g_gh_boxplot" name="e2e_tm_g_gh_boxplot_displays_selected_data_points_table"/>
    <testcase time="0.00600000000000023" classname="shinytest2_tm_g_gh_boxplot" name="e2e_tm_g_gh_boxplot_displays_selected_data_points_table"/>
    <testcase time="19.36" classname="shinytest2_tm_g_gh_boxplot" name="e2e_tm_g_gh_boxplot_handles_LoQ_legend_toggle"/>
    <testcase time="0.00600000000000023" classname="shinytest2_tm_g_gh_boxplot" name="e2e_tm_g_gh_boxplot_handles_LoQ_legend_toggle"/>
    <testcase time="13.733" classname="shinytest2_tm_g_gh_boxplot" name="e2e_tm_g_gh_boxplot_respects_plot_height_adjustment"/>
    <testcase time="0.00600000000000023" classname="shinytest2_tm_g_gh_boxplot" name="e2e_tm_g_gh_boxplot_respects_plot_height_adjustment"/>
  </testsuite>
  <testsuite name="shinytest2-tm_g_gh_correlationplot" timestamp="2026-09-10T17:57:37Z" hostname="3636a5f4ee8d" tests="27" skipped="0" failures="0" errors="0" time="121.484">
    <testcase time="13.374" classname="shinytest2_tm_g_gh_correlationplot" name="e2e_tm_g_gh_correlationplot_initializes_and_renders_a_plot"/>
    <testcase time="0.00499999999999545" classname="shinytest2_tm_g_gh_correlationplot" name="e2e_tm_g_gh_correlationplot_initializes_and_renders_a_plot"/>
    <testcase time="0.0910000000000082" classname="shinytest2_tm_g_gh_correlationplot" name="e2e_tm_g_gh_correlationplot_initializes_and_renders_a_plot"/>
    <testcase time="0.00999999999999091" classname="shinytest2_tm_g_gh_correlationplot" name="e2e_tm_g_gh_correlationplot_initializes_and_renders_a_plot"/>
    <testcase time="13.321" classname="shinytest2_tm_g_gh_correlationplot" name="e2e_tm_g_gh_correlationplot_starts_with_expected_label_and_encoding_selections."/>
    <testcase time="0.0109999999999957" classname="shinytest2_tm_g_gh_correlationplot" name="e2e_tm_g_gh_correlationplot_starts_with_expected_label_and_encoding_selections."/>
    <testcase time="0.0510000000000161" classname="shinytest2_tm_g_gh_correlationplot" name="e2e_tm_g_gh_correlationplot_starts_with_expected_label_and_encoding_selections."/>
    <testcase time="0.0499999999999829" classname="shinytest2_tm_g_gh_correlationplot" name="e2e_tm_g_gh_correlationplot_starts_with_expected_label_and_encoding_selections."/>
    <testcase time="0.0510000000000161" classname="shinytest2_tm_g_gh_correlationplot" name="e2e_tm_g_gh_correlationplot_starts_with_expected_label_and_encoding_selections."/>
    <testcase time="0.0509999999999877" classname="shinytest2_tm_g_gh_correlationplot" name="e2e_tm_g_gh_correlationplot_starts_with_expected_label_and_encoding_selections."/>
    <testcase time="0.0529999999999973" classname="shinytest2_tm_g_gh_correlationplot" name="e2e_tm_g_gh_correlationplot_starts_with_expected_label_and_encoding_selections."/>
    <testcase time="0.0529999999999973" classname="shinytest2_tm_g_gh_correlationplot" name="e2e_tm_g_gh_correlationplot_starts_with_expected_label_and_encoding_selections."/>
    <testcase time="18.862" classname="shinytest2_tm_g_gh_correlationplot" name="e2e_tm_g_gh_correlationplot_changing_pick_changes_plot_and_does_not_throw_validation_errors._xaxis_param"/>
    <testcase time="0.0480000000000018" classname="shinytest2_tm_g_gh_correlationplot" name="e2e_tm_g_gh_correlationplot_changing_pick_changes_plot_and_does_not_throw_validation_errors._xaxis_param"/>
    <testcase time="0.00599999999997181" classname="shinytest2_tm_g_gh_correlationplot" name="e2e_tm_g_gh_correlationplot_changing_pick_changes_plot_and_does_not_throw_validation_errors._xaxis_param"/>
    <testcase time="18.753" classname="shinytest2_tm_g_gh_correlationplot" name="e2e_tm_g_gh_correlationplot_changing_pick_changes_plot_and_does_not_throw_validation_errors._yaxis_param"/>
    <testcase time="0.0500000000000114" classname="shinytest2_tm_g_gh_correlationplot" name="e2e_tm_g_gh_correlationplot_changing_pick_changes_plot_and_does_not_throw_validation_errors._yaxis_param"/>
    <testcase time="0.00499999999999545" classname="shinytest2_tm_g_gh_correlationplot" name="e2e_tm_g_gh_correlationplot_changing_pick_changes_plot_and_does_not_throw_validation_errors._yaxis_param"/>
    <testcase time="18.87" classname="shinytest2_tm_g_gh_correlationplot" name="e2e_tm_g_gh_correlationplot_changing_pick_changes_plot_and_does_not_throw_validation_errors._xaxis_var"/>
    <testcase time="0.0489999999999782" classname="shinytest2_tm_g_gh_correlationplot" name="e2e_tm_g_gh_correlationplot_changing_pick_changes_plot_and_does_not_throw_validation_errors._xaxis_var"/>
    <testcase time="0.00600000000000023" classname="shinytest2_tm_g_gh_correlationplot" name="e2e_tm_g_gh_correlationplot_changing_pick_changes_plot_and_does_not_throw_validation_errors._xaxis_var"/>
    <testcase time="18.932" classname="shinytest2_tm_g_gh_correlationplot" name="e2e_tm_g_gh_correlationplot_changing_pick_changes_plot_and_does_not_throw_validation_errors._yaxis_var"/>
    <testcase time="0.0520000000000209" classname="shinytest2_tm_g_gh_correlationplot" name="e2e_tm_g_gh_correlationplot_changing_pick_changes_plot_and_does_not_throw_validation_errors._yaxis_var"/>
    <testcase time="0.00599999999997181" classname="shinytest2_tm_g_gh_correlationplot" name="e2e_tm_g_gh_correlationplot_changing_pick_changes_plot_and_does_not_throw_validation_errors._yaxis_var"/>
    <testcase time="18.665" classname="shinytest2_tm_g_gh_correlationplot" name="e2e_tm_g_gh_correlationplot_changing_pick_changes_plot_and_does_not_throw_validation_errors._trt_group"/>
    <testcase time="0.0529999999999973" classname="shinytest2_tm_g_gh_correlationplot" name="e2e_tm_g_gh_correlationplot_changing_pick_changes_plot_and_does_not_throw_validation_errors._trt_group"/>
    <testcase time="0.00599999999997181" classname="shinytest2_tm_g_gh_correlationplot" name="e2e_tm_g_gh_correlationplot_changing_pick_changes_plot_and_does_not_throw_validation_errors._trt_group"/>
  </testsuite>
  <testsuite name="shinytest2-tm_g_gh_density_distribution_plot" timestamp="2026-09-10T17:59:38Z" hostname="3636a5f4ee8d" tests="19" skipped="0" failures="0" errors="0" time="101.09">
    <testcase time="12.733" classname="shinytest2_tm_g_gh_density_distribution_plot" name="e2e_tm_g_gh_density_distribution_plot_initializes_and_renders_a_plot"/>
    <testcase time="0.00499999999999545" classname="shinytest2_tm_g_gh_density_distribution_plot" name="e2e_tm_g_gh_density_distribution_plot_initializes_and_renders_a_plot"/>
    <testcase time="0.0780000000000314" classname="shinytest2_tm_g_gh_density_distribution_plot" name="e2e_tm_g_gh_density_distribution_plot_initializes_and_renders_a_plot"/>
    <testcase time="12.787" classname="shinytest2_tm_g_gh_density_distribution_plot" name="e2e_tm_g_gh_density_distribution_plot_starts_with_expected_label_and_encoding_selections."/>
    <testcase time="0.00999999999999091" classname="shinytest2_tm_g_gh_density_distribution_plot" name="e2e_tm_g_gh_density_distribution_plot_starts_with_expected_label_and_encoding_selections."/>
    <testcase time="0.0509999999999877" classname="shinytest2_tm_g_gh_density_distribution_plot" name="e2e_tm_g_gh_density_distribution_plot_starts_with_expected_label_and_encoding_selections."/>
    <testcase time="0.0520000000000209" classname="shinytest2_tm_g_gh_density_distribution_plot" name="e2e_tm_g_gh_density_distribution_plot_starts_with_expected_label_and_encoding_selections."/>
    <testcase time="0.0509999999999877" classname="shinytest2_tm_g_gh_density_distribution_plot" name="e2e_tm_g_gh_density_distribution_plot_starts_with_expected_label_and_encoding_selections."/>
    <testcase time="19.163" classname="shinytest2_tm_g_gh_density_distribution_plot" name="e2e_tm_g_gh_density_distribution_plot_changing_pick_changes_plot_and_does_not_throw_validation_errors._xaxis_param"/>
    <testcase time="0.04200000000003" classname="shinytest2_tm_g_gh_density_distribution_plot" name="e2e_tm_g_gh_density_distribution_plot_changing_pick_changes_plot_and_does_not_throw_validation_errors._xaxis_param"/>
    <testcase time="0.00799999999998136" classname="shinytest2_tm_g_gh_density_distribution_plot" name="e2e_tm_g_gh_density_distribution_plot_changing_pick_changes_plot_and_does_not_throw_validation_errors._xaxis_param"/>
    <testcase time="18.547" classname="shinytest2_tm_g_gh_density_distribution_plot" name="e2e_tm_g_gh_density_distribution_plot_changing_pick_changes_plot_and_does_not_throw_validation_errors._xaxis_var"/>
    <testcase time="0.0440000000000396" classname="shinytest2_tm_g_gh_density_distribution_plot" name="e2e_tm_g_gh_density_distribution_plot_changing_pick_changes_plot_and_does_not_throw_validation_errors._xaxis_var"/>
    <testcase time="0.00599999999997181" classname="shinytest2_tm_g_gh_density_distribution_plot" name="e2e_tm_g_gh_density_distribution_plot_changing_pick_changes_plot_and_does_not_throw_validation_errors._xaxis_var"/>
    <testcase time="17.82" classname="shinytest2_tm_g_gh_density_distribution_plot" name="e2e_tm_g_gh_density_distribution_plot_changing_pick_changes_plot_and_does_not_throw_validation_errors._trt_group"/>
    <testcase time="0.0440000000000396" classname="shinytest2_tm_g_gh_density_distribution_plot" name="e2e_tm_g_gh_density_distribution_plot_changing_pick_changes_plot_and_does_not_throw_validation_errors._trt_group"/>
    <testcase time="0.00599999999997181" classname="shinytest2_tm_g_gh_density_distribution_plot" name="e2e_tm_g_gh_density_distribution_plot_changing_pick_changes_plot_and_does_not_throw_validation_errors._trt_group"/>
    <testcase time="19.637" classname="shinytest2_tm_g_gh_density_distribution_plot" name="e2e_tm_g_gh_density_distribution_plot_handles_comb_line_toggle"/>
    <testcase time="0.00600000000002865" classname="shinytest2_tm_g_gh_density_distribution_plot" name="e2e_tm_g_gh_density_distribution_plot_handles_comb_line_toggle"/>
  </testsuite>
  <testsuite name="shinytest2-tm_g_gh_lineplot" timestamp="2026-09-10T18:01:19Z" hostname="3636a5f4ee8d" tests="21" skipped="0" failures="0" errors="0" time="94.7">
    <testcase time="12.001" classname="shinytest2_tm_g_gh_lineplot" name="e2e_tm_g_gh_lineplot_initializes_and_renders_a_plot"/>
    <testcase time="0.00600000000002865" classname="shinytest2_tm_g_gh_lineplot" name="e2e_tm_g_gh_lineplot_initializes_and_renders_a_plot"/>
    <testcase time="0.0739999999999554" classname="shinytest2_tm_g_gh_lineplot" name="e2e_tm_g_gh_lineplot_initializes_and_renders_a_plot"/>
    <testcase time="12.205" classname="shinytest2_tm_g_gh_lineplot" name="e2e_tm_g_gh_lineplot_starts_with_expected_label_and_encoding_selections."/>
    <testcase time="0.0109999999999673" classname="shinytest2_tm_g_gh_lineplot" name="e2e_tm_g_gh_lineplot_starts_with_expected_label_and_encoding_selections."/>
    <testcase time="0.0500000000000114" classname="shinytest2_tm_g_gh_lineplot" name="e2e_tm_g_gh_lineplot_starts_with_expected_label_and_encoding_selections."/>
    <testcase time="0.0500000000000114" classname="shinytest2_tm_g_gh_lineplot" name="e2e_tm_g_gh_lineplot_starts_with_expected_label_and_encoding_selections."/>
    <testcase time="0.0500000000000114" classname="shinytest2_tm_g_gh_lineplot" name="e2e_tm_g_gh_lineplot_starts_with_expected_label_and_encoding_selections."/>
    <testcase time="0.0489999999999782" classname="shinytest2_tm_g_gh_lineplot" name="e2e_tm_g_gh_lineplot_starts_with_expected_label_and_encoding_selections."/>
    <testcase time="17.881" classname="shinytest2_tm_g_gh_lineplot" name="e2e_tm_g_gh_lineplot_changing_pick_changes_plot_and_does_not_throw_validation_errors._xaxis_param"/>
    <testcase time="0.0409999999999968" classname="shinytest2_tm_g_gh_lineplot" name="e2e_tm_g_gh_lineplot_changing_pick_changes_plot_and_does_not_throw_validation_errors._xaxis_param"/>
    <testcase time="0.00499999999999545" classname="shinytest2_tm_g_gh_lineplot" name="e2e_tm_g_gh_lineplot_changing_pick_changes_plot_and_does_not_throw_validation_errors._xaxis_param"/>
    <testcase time="17.403" classname="shinytest2_tm_g_gh_lineplot" name="e2e_tm_g_gh_lineplot_changing_pick_changes_plot_and_does_not_throw_validation_errors._xaxis_var"/>
    <testcase time="0.0409999999999968" classname="shinytest2_tm_g_gh_lineplot" name="e2e_tm_g_gh_lineplot_changing_pick_changes_plot_and_does_not_throw_validation_errors._xaxis_var"/>
    <testcase time="0.00499999999999545" classname="shinytest2_tm_g_gh_lineplot" name="e2e_tm_g_gh_lineplot_changing_pick_changes_plot_and_does_not_throw_validation_errors._xaxis_var"/>
    <testcase time="17.578" classname="shinytest2_tm_g_gh_lineplot" name="e2e_tm_g_gh_lineplot_changing_pick_changes_plot_and_does_not_throw_validation_errors._yaxis_var"/>
    <testcase time="0.04200000000003" classname="shinytest2_tm_g_gh_lineplot" name="e2e_tm_g_gh_lineplot_changing_pick_changes_plot_and_does_not_throw_validation_errors._yaxis_var"/>
    <testcase time="0.00599999999997181" classname="shinytest2_tm_g_gh_lineplot" name="e2e_tm_g_gh_lineplot_changing_pick_changes_plot_and_does_not_throw_validation_errors._yaxis_var"/>
    <testcase time="17.154" classname="shinytest2_tm_g_gh_lineplot" name="e2e_tm_g_gh_lineplot_changing_pick_changes_plot_and_does_not_throw_validation_errors._trt_group"/>
    <testcase time="0.04200000000003" classname="shinytest2_tm_g_gh_lineplot" name="e2e_tm_g_gh_lineplot_changing_pick_changes_plot_and_does_not_throw_validation_errors._trt_group"/>
    <testcase time="0.00599999999997181" classname="shinytest2_tm_g_gh_lineplot" name="e2e_tm_g_gh_lineplot_changing_pick_changes_plot_and_does_not_throw_validation_errors._trt_group"/>
  </testsuite>
  <testsuite name="shinytest2-tm_g_gh_spaghettiplot" timestamp="2026-09-10T18:02:54Z" hostname="3636a5f4ee8d" tests="22" skipped="0" failures="0" errors="0" time="97.069">
    <testcase time="12.959" classname="shinytest2_tm_g_gh_spaghettiplot" name="e2e_tm_g_gh_spaghettiplot_initializes_and_renders_a_plot"/>
    <testcase time="0.00600000000002865" classname="shinytest2_tm_g_gh_spaghettiplot" name="e2e_tm_g_gh_spaghettiplot_initializes_and_renders_a_plot"/>
    <testcase time="0.0889999999999986" classname="shinytest2_tm_g_gh_spaghettiplot" name="e2e_tm_g_gh_spaghettiplot_initializes_and_renders_a_plot"/>
    <testcase time="0.00799999999998136" classname="shinytest2_tm_g_gh_spaghettiplot" name="e2e_tm_g_gh_spaghettiplot_initializes_and_renders_a_plot"/>
    <testcase time="12.703" classname="shinytest2_tm_g_gh_spaghettiplot" name="e2e_tm_g_gh_spaghettiplot_starts_with_expected_label_and_encoding_selections."/>
    <testcase time="0.0109999999999673" classname="shinytest2_tm_g_gh_spaghettiplot" name="e2e_tm_g_gh_spaghettiplot_starts_with_expected_label_and_encoding_selections."/>
    <testcase time="0.0500000000000114" classname="shinytest2_tm_g_gh_spaghettiplot" name="e2e_tm_g_gh_spaghettiplot_starts_with_expected_label_and_encoding_selections."/>
    <testcase time="0.0509999999999877" classname="shinytest2_tm_g_gh_spaghettiplot" name="e2e_tm_g_gh_spaghettiplot_starts_with_expected_label_and_encoding_selections."/>
    <testcase time="0.0500000000000114" classname="shinytest2_tm_g_gh_spaghettiplot" name="e2e_tm_g_gh_spaghettiplot_starts_with_expected_label_and_encoding_selections."/>
    <testcase time="0.0489999999999782" classname="shinytest2_tm_g_gh_spaghettiplot" name="e2e_tm_g_gh_spaghettiplot_starts_with_expected_label_and_encoding_selections."/>
    <testcase time="17.635" classname="shinytest2_tm_g_gh_spaghettiplot" name="e2e_tm_g_gh_spaghettiplot_changing_pick_changes_plot_and_does_not_throw_validation_errors._xaxis_param"/>
    <testcase time="0.0480000000000018" classname="shinytest2_tm_g_gh_spaghettiplot" name="e2e_tm_g_gh_spaghettiplot_changing_pick_changes_plot_and_does_not_throw_validation_errors._xaxis_param"/>
    <testcase time="0.00499999999999545" classname="shinytest2_tm_g_gh_spaghettiplot" name="e2e_tm_g_gh_spaghettiplot_changing_pick_changes_plot_and_does_not_throw_validation_errors._xaxis_param"/>
    <testcase time="17.5020000000001" classname="shinytest2_tm_g_gh_spaghettiplot" name="e2e_tm_g_gh_spaghettiplot_changing_pick_changes_plot_and_does_not_throw_validation_errors._xaxis_var"/>
    <testcase time="0.0499999999999545" classname="shinytest2_tm_g_gh_spaghettiplot" name="e2e_tm_g_gh_spaghettiplot_changing_pick_changes_plot_and_does_not_throw_validation_errors._xaxis_var"/>
    <testcase time="0.00599999999997181" classname="shinytest2_tm_g_gh_spaghettiplot" name="e2e_tm_g_gh_spaghettiplot_changing_pick_changes_plot_and_does_not_throw_validation_errors._xaxis_var"/>
    <testcase time="17.8820000000001" classname="shinytest2_tm_g_gh_spaghettiplot" name="e2e_tm_g_gh_spaghettiplot_changing_pick_changes_plot_and_does_not_throw_validation_errors._yaxis_var"/>
    <testcase time="0.0459999999999354" classname="shinytest2_tm_g_gh_spaghettiplot" name="e2e_tm_g_gh_spaghettiplot_changing_pick_changes_plot_and_does_not_throw_validation_errors._yaxis_var"/>
    <testcase time="0.00600000000008549" classname="shinytest2_tm_g_gh_spaghettiplot" name="e2e_tm_g_gh_spaghettiplot_changing_pick_changes_plot_and_does_not_throw_validation_errors._yaxis_var"/>
    <testcase time="17.857" classname="shinytest2_tm_g_gh_spaghettiplot" name="e2e_tm_g_gh_spaghettiplot_changing_pick_changes_plot_and_does_not_throw_validation_errors._trt_group"/>
    <testcase time="0.0499999999999545" classname="shinytest2_tm_g_gh_spaghettiplot" name="e2e_tm_g_gh_spaghettiplot_changing_pick_changes_plot_and_does_not_throw_validation_errors._trt_group"/>
    <testcase time="0.00600000000008549" classname="shinytest2_tm_g_gh_spaghettiplot" name="e2e_tm_g_gh_spaghettiplot_changing_pick_changes_plot_and_does_not_throw_validation_errors._trt_group"/>
  </testsuite>
  <testsuite name="tm_g_gh_boxplot" timestamp="2026-09-10T18:04:31Z" hostname="3636a5f4ee8d" tests="43" skipped="0" failures="0" errors="0" time="2.808">
    <testcase time="0.22199999999998" classname="tm_g_gh_boxplot" name="tm_g_gh_boxplot_can_be_created_with_default_arguments"/>
    <testcase time="0.0040000000000191" classname="tm_g_gh_boxplot" name="tm_g_gh_boxplot_can_be_created_with_default_arguments"/>
    <testcase time="0.0139999999998963" classname="tm_g_gh_boxplot" name="tm_g_gh_boxplot_can_be_created_with_choices_selected_arguments"/>
    <testcase time="0.00300000000004275" classname="tm_g_gh_boxplot" name="tm_g_gh_boxplot_can_be_created_with_choices_selected_arguments"/>
    <testcase time="0.0120000000000573" classname="tm_g_gh_boxplot" name="tm_g_gh_boxplot_can_be_created_with_custom_picks_arguments"/>
    <testcase time="0.00299999999992906" classname="tm_g_gh_boxplot" name="tm_g_gh_boxplot_can_be_created_with_custom_picks_arguments"/>
    <testcase time="0.0109999999999673" classname="tm_g_gh_boxplot" name="tm_g_gh_boxplot_handles_different_parameter_combinations"/>
    <testcase time="0.00300000000004275" classname="tm_g_gh_boxplot" name="tm_g_gh_boxplot_handles_different_parameter_combinations"/>
    <testcase time="0.0109999999999673" classname="tm_g_gh_boxplot" name="tm_g_gh_boxplot_accepts_custom_color_and_shape_specifications"/>
    <testcase time="0.00300000000004275" classname="tm_g_gh_boxplot" name="tm_g_gh_boxplot_accepts_custom_color_and_shape_specifications"/>
    <testcase time="0.0120000000000573" classname="tm_g_gh_boxplot" name="tm_g_gh_boxplot_accepts_line_arguments"/>
    <testcase time="0.00299999999992906" classname="tm_g_gh_boxplot" name="tm_g_gh_boxplot_accepts_line_arguments"/>
    <testcase time="0.0109999999999673" classname="tm_g_gh_boxplot" name="tm_g_gh_boxplot_handles_plot_dimensions_correctly"/>
    <testcase time="0.00300000000004275" classname="tm_g_gh_boxplot" name="tm_g_gh_boxplot_handles_plot_dimensions_correctly"/>
    <testcase time="0.0170000000000528" classname="tm_g_gh_boxplot" name="tm_g_gh_boxplot_invalid_arguments_throws_an_error_when_label_is_invalid"/>
    <testcase time="0.0109999999999673" classname="tm_g_gh_boxplot" name="tm_g_gh_boxplot_invalid_arguments_throws_an_error_when_dataname_is_invalid"/>
    <testcase time="0.0109999999999673" classname="tm_g_gh_boxplot" name="tm_g_gh_boxplot_invalid_arguments_throws_an_error_when_param_is_invalid"/>
    <testcase time="0.00999999999999091" classname="tm_g_gh_boxplot" name="tm_g_gh_boxplot_invalid_arguments_throws_an_error_when_yaxis_var_is_invalid"/>
    <testcase time="0.0120000000000573" classname="tm_g_gh_boxplot" name="tm_g_gh_boxplot_invalid_arguments_throws_an_error_when_xaxis_var_is_invalid"/>
    <testcase time="0.0109999999999673" classname="tm_g_gh_boxplot" name="tm_g_gh_boxplot_invalid_arguments_throws_an_error_when_facet_var_is_invalid"/>
    <testcase time="0.0629999999999882" classname="tm_g_gh_boxplot" name="tm_g_gh_boxplot_invalid_arguments_throws_an_error_when_trt_group_is_invalid"/>
    <testcase time="0.115999999999985" classname="tm_g_gh_boxplot" name="tm_g_gh_boxplot_invalid_arguments_throws_an_error_when_color_manual_is_invalid"/>
    <testcase time="0.113000000000056" classname="tm_g_gh_boxplot" name="tm_g_gh_boxplot_invalid_arguments_throws_an_error_when_shape_manual_is_invalid"/>
    <testcase time="0.111999999999966" classname="tm_g_gh_boxplot" name="tm_g_gh_boxplot_invalid_arguments_throws_an_error_when_facet_ncol_is_invalid"/>
    <testcase time="0.111999999999966" classname="tm_g_gh_boxplot" name="tm_g_gh_boxplot_invalid_arguments_throws_an_error_when_loq_legend_is_invalid"/>
    <testcase time="0.105999999999995" classname="tm_g_gh_boxplot" name="tm_g_gh_boxplot_invalid_arguments_throws_an_error_when_rotate_xlab_is_invalid"/>
    <testcase time="0.116000000000099" classname="tm_g_gh_boxplot" name="tm_g_gh_boxplot_invalid_arguments_throws_an_error_when_hline_arb_is_invalid"/>
    <testcase time="0.11099999999999" classname="tm_g_gh_boxplot" name="tm_g_gh_boxplot_invalid_arguments_throws_an_error_when_hline_vars_is_invalid"/>
    <testcase time="0.110000000000014" classname="tm_g_gh_boxplot" name="tm_g_gh_boxplot_invalid_arguments_throws_an_error_when_plot_height_is_invalid"/>
    <testcase time="0.11099999999999" classname="tm_g_gh_boxplot" name="tm_g_gh_boxplot_invalid_arguments_throws_an_error_when_plot_width_is_invalid"/>
    <testcase time="0.104999999999905" classname="tm_g_gh_boxplot" name="tm_g_gh_boxplot_invalid_arguments_throws_an_error_when_font_size_is_invalid"/>
    <testcase time="0.119000000000028" classname="tm_g_gh_boxplot" name="tm_g_gh_boxplot_invalid_arguments_throws_an_error_when_dot_size_is_invalid"/>
    <testcase time="0.111999999999966" classname="tm_g_gh_boxplot" name="tm_g_gh_boxplot_invalid_arguments_throws_an_error_when_alpha_is_invalid"/>
    <testcase time="0.102000000000089" classname="tm_g_gh_boxplot" name="tm_g_gh_boxplot_invalid_arguments_throws_an_error_when_pre_output_is_invalid"/>
    <testcase time="0.110000000000014" classname="tm_g_gh_boxplot" name="tm_g_gh_boxplot_invalid_arguments_throws_an_error_when_post_output_is_invalid"/>
    <testcase time="0.108999999999924" classname="tm_g_gh_boxplot" name="tm_g_gh_boxplot_invalid_arguments_throws_an_error_when_transformators_is_invalid"/>
    <testcase time="0.105999999999995" classname="tm_g_gh_boxplot" name="tm_g_gh_boxplot_invalid_arguments_throws_an_error_when_decorators_is_invalid"/>
    <testcase time="0.118000000000052" classname="tm_g_gh_boxplot" name="tm_g_gh_boxplot_invalid_arguments_throws_an_error_when_hline_arb_label_is_invalid"/>
    <testcase time="0.114000000000033" classname="tm_g_gh_boxplot" name="tm_g_gh_boxplot_invalid_arguments_throws_an_error_when_hline_arb_color_is_invalid"/>
    <testcase time="0.118999999999915" classname="tm_g_gh_boxplot" name="tm_g_gh_boxplot_invalid_arguments_throws_an_error_when_hline_vars_colors_is_invalid"/>
    <testcase time="0.118000000000052" classname="tm_g_gh_boxplot" name="tm_g_gh_boxplot_invalid_arguments_throws_an_error_when_hline_vars_labels_is_invalid"/>
    <testcase time="0.112999999999943" classname="tm_g_gh_boxplot" name="tm_g_gh_boxplot_invalid_arguments_gives_a_deprecation_warning_when_param_var_is_used"/>
    <testcase time="0.00600000000008549" classname="tm_g_gh_boxplot" name="tm_g_gh_boxplot_invalid_arguments_all_arguments_are_tested"/>
  </testsuite>
  <testsuite name="tm_g_gh_correlationplot" timestamp="2026-09-10T18:04:34Z" hostname="3636a5f4ee8d" tests="50" skipped="0" failures="0" errors="0" time="2.217">
    <testcase time="0.0620000000000118" classname="tm_g_gh_correlationplot" name="tm_g_gh_correlationplot_can_be_created_with_default_arguments"/>
    <testcase time="0.00299999999992906" classname="tm_g_gh_correlationplot" name="tm_g_gh_correlationplot_can_be_created_with_default_arguments"/>
    <testcase time="0.0120000000000573" classname="tm_g_gh_correlationplot" name="tm_g_gh_correlationplot_can_be_created_with_choices_selected_arguments"/>
    <testcase time="0.00299999999992906" classname="tm_g_gh_correlationplot" name="tm_g_gh_correlationplot_can_be_created_with_choices_selected_arguments"/>
    <testcase time="0.0120000000000573" classname="tm_g_gh_correlationplot" name="tm_g_gh_correlationplot_can_be_created_with_custom_picks_arguments"/>
    <testcase time="0.00299999999992906" classname="tm_g_gh_correlationplot" name="tm_g_gh_correlationplot_can_be_created_with_custom_picks_arguments"/>
    <testcase time="0.0120000000000573" classname="tm_g_gh_correlationplot" name="tm_g_gh_correlationplot_handles_multiple_parameter_combinations"/>
    <testcase time="0.00199999999995271" classname="tm_g_gh_correlationplot" name="tm_g_gh_correlationplot_handles_multiple_parameter_combinations"/>
    <testcase time="0.0120000000000573" classname="tm_g_gh_correlationplot" name="tm_g_gh_correlationplot_accepts_custom_color_and_shape_specifications_with_choices_selected"/>
    <testcase time="0.00299999999992906" classname="tm_g_gh_correlationplot" name="tm_g_gh_correlationplot_accepts_custom_color_and_shape_specifications_with_choices_selected"/>
    <testcase time="0.0120000000000573" classname="tm_g_gh_correlationplot" name="tm_g_gh_correlationplot_accepts_line_arguments_with_choices_selected"/>
    <testcase time="0.00199999999995271" classname="tm_g_gh_correlationplot" name="tm_g_gh_correlationplot_accepts_line_arguments_with_choices_selected"/>
    <testcase time="0.0679999999999836" classname="tm_g_gh_correlationplot" name="tm_g_gh_correlationplot_invalid_arguments_throws_an_error_when_label_is_invalid"/>
    <testcase time="0.0100000000001046" classname="tm_g_gh_correlationplot" name="tm_g_gh_correlationplot_invalid_arguments_throws_an_error_when_dataname_is_invalid"/>
    <testcase time="0.00999999999999091" classname="tm_g_gh_correlationplot" name="tm_g_gh_correlationplot_invalid_arguments_throws_an_error_when_xaxis_param_is_invalid"/>
    <testcase time="0.0109999999999673" classname="tm_g_gh_correlationplot" name="tm_g_gh_correlationplot_invalid_arguments_throws_an_error_when_yaxis_param_is_invalid"/>
    <testcase time="0.0119999999999436" classname="tm_g_gh_correlationplot" name="tm_g_gh_correlationplot_invalid_arguments_throws_an_error_when_xaxis_var_is_invalid"/>
    <testcase time="0.0120000000000573" classname="tm_g_gh_correlationplot" name="tm_g_gh_correlationplot_invalid_arguments_throws_an_error_when_yaxis_var_is_invalid"/>
    <testcase time="0.0119999999999436" classname="tm_g_gh_correlationplot" name="tm_g_gh_correlationplot_invalid_arguments_throws_an_error_when_trt_group_is_invalid"/>
    <testcase time="0.0610000000000355" classname="tm_g_gh_correlationplot" name="tm_g_gh_correlationplot_invalid_arguments_throws_an_error_when_color_manual_is_invalid"/>
    <testcase time="0.0639999999999645" classname="tm_g_gh_correlationplot" name="tm_g_gh_correlationplot_invalid_arguments_throws_an_error_when_shape_manual_is_invalid"/>
    <testcase time="0.0579999999999927" classname="tm_g_gh_correlationplot" name="tm_g_gh_correlationplot_invalid_arguments_throws_an_error_when_facet_ncol_is_invalid"/>
    <testcase time="0.0570000000000164" classname="tm_g_gh_correlationplot" name="tm_g_gh_correlationplot_invalid_arguments_throws_an_error_when_visit_facet_is_invalid"/>
    <testcase time="0.0640000000000782" classname="tm_g_gh_correlationplot" name="tm_g_gh_correlationplot_invalid_arguments_throws_an_error_when_trt_facet_is_invalid"/>
    <testcase time="0.0579999999999927" classname="tm_g_gh_correlationplot" name="tm_g_gh_correlationplot_invalid_arguments_throws_an_error_when_reg_line_is_invalid"/>
    <testcase time="0.0579999999999927" classname="tm_g_gh_correlationplot" name="tm_g_gh_correlationplot_invalid_arguments_throws_an_error_when_loq_legend_is_invalid"/>
    <testcase time="0.0729999999999791" classname="tm_g_gh_correlationplot" name="tm_g_gh_correlationplot_invalid_arguments_throws_an_error_when_rotate_xlab_is_invalid"/>
    <testcase time="0.0599999999999454" classname="tm_g_gh_correlationplot" name="tm_g_gh_correlationplot_invalid_arguments_throws_an_error_when_hline_arb_is_invalid"/>
    <testcase time="0.0640000000000782" classname="tm_g_gh_correlationplot" name="tm_g_gh_correlationplot_invalid_arguments_throws_an_error_when_hline_vars_is_invalid"/>
    <testcase time="0.0599999999999454" classname="tm_g_gh_correlationplot" name="tm_g_gh_correlationplot_invalid_arguments_throws_an_error_when_vline_arb_is_invalid"/>
    <testcase time="0.0600000000000591" classname="tm_g_gh_correlationplot" name="tm_g_gh_correlationplot_invalid_arguments_throws_an_error_when_vline_vars_is_invalid"/>
    <testcase time="0.0649999999999409" classname="tm_g_gh_correlationplot" name="tm_g_gh_correlationplot_invalid_arguments_throws_an_error_when_plot_height_is_invalid"/>
    <testcase time="0.0600000000000591" classname="tm_g_gh_correlationplot" name="tm_g_gh_correlationplot_invalid_arguments_throws_an_error_when_plot_width_is_invalid"/>
    <testcase time="0.0599999999999454" classname="tm_g_gh_correlationplot" name="tm_g_gh_correlationplot_invalid_arguments_throws_an_error_when_font_size_is_invalid"/>
    <testcase time="0.0650000000000546" classname="tm_g_gh_correlationplot" name="tm_g_gh_correlationplot_invalid_arguments_throws_an_error_when_dot_size_is_invalid"/>
    <testcase time="0.0599999999999454" classname="tm_g_gh_correlationplot" name="tm_g_gh_correlationplot_invalid_arguments_throws_an_error_when_reg_text_size_is_invalid"/>
    <testcase time="0.0579999999999927" classname="tm_g_gh_correlationplot" name="tm_g_gh_correlationplot_invalid_arguments_throws_an_error_when_pre_output_is_invalid"/>
    <testcase time="0.0650000000000546" classname="tm_g_gh_correlationplot" name="tm_g_gh_correlationplot_invalid_arguments_throws_an_error_when_post_output_is_invalid"/>
    <testcase time="0.0599999999999454" classname="tm_g_gh_correlationplot" name="tm_g_gh_correlationplot_invalid_arguments_throws_an_error_when_transformators_is_invalid"/>
    <testcase time="0.0620000000000118" classname="tm_g_gh_correlationplot" name="tm_g_gh_correlationplot_invalid_arguments_throws_an_error_when_decorators_is_invalid"/>
    <testcase time="0.07000000000005" classname="tm_g_gh_correlationplot" name="tm_g_gh_correlationplot_invalid_arguments_throws_an_error_when_hline_arb_label_is_invalid"/>
    <testcase time="0.0709999999999127" classname="tm_g_gh_correlationplot" name="tm_g_gh_correlationplot_invalid_arguments_throws_an_error_when_hline_arb_color_is_invalid"/>
    <testcase time="0.0740000000000691" classname="tm_g_gh_correlationplot" name="tm_g_gh_correlationplot_invalid_arguments_throws_an_error_when_hline_vars_colors_is_invalid"/>
    <testcase time="0.0710000000000264" classname="tm_g_gh_correlationplot" name="tm_g_gh_correlationplot_invalid_arguments_throws_an_error_when_hline_vars_labels_is_invalid"/>
    <testcase time="0.0739999999999554" classname="tm_g_gh_correlationplot" name="tm_g_gh_correlationplot_invalid_arguments_throws_an_error_when_vline_arb_label_is_invalid"/>
    <testcase time="0.0710000000000264" classname="tm_g_gh_correlationplot" name="tm_g_gh_correlationplot_invalid_arguments_throws_an_error_when_vline_arb_color_is_invalid"/>
    <testcase time="0.0710000000000264" classname="tm_g_gh_correlationplot" name="tm_g_gh_correlationplot_invalid_arguments_throws_an_error_when_vline_vars_colors_is_invalid"/>
    <testcase time="0.0749999999999318" classname="tm_g_gh_correlationplot" name="tm_g_gh_correlationplot_invalid_arguments_throws_an_error_when_vline_vars_labels_is_invalid"/>
    <testcase time="0.0690000000000737" classname="tm_g_gh_correlationplot" name="tm_g_gh_correlationplot_invalid_arguments_gives_a_deprecation_warning_when_param_var_is_used"/>
    <testcase time="0.00599999999997181" classname="tm_g_gh_correlationplot" name="tm_g_gh_correlationplot_invalid_arguments_all_arguments_are_tested"/>
  </testsuite>
  <testsuite name="tm_g_gh_density_distribution_plot" timestamp="2026-09-10T18:04:36Z" hostname="3636a5f4ee8d" tests="38" skipped="0" failures="0" errors="0" time="1.311">
    <testcase time="0.0589999999999691" classname="tm_g_gh_density_distribution_plot" name="tm_g_gh_density_distribution_plot_can_be_created_with_default_arguments"/>
    <testcase time="0.00300000000004275" classname="tm_g_gh_density_distribution_plot" name="tm_g_gh_density_distribution_plot_can_be_created_with_default_arguments"/>
    <testcase time="0.00999999999999091" classname="tm_g_gh_density_distribution_plot" name="tm_g_gh_density_distribution_plot_can_be_created_with_choices_selected_arguments"/>
    <testcase time="0.00199999999995271" classname="tm_g_gh_density_distribution_plot" name="tm_g_gh_density_distribution_plot_can_be_created_with_choices_selected_arguments"/>
    <testcase time="0.00900000000001455" classname="tm_g_gh_density_distribution_plot" name="tm_g_gh_density_distribution_plot_can_be_created_with_custom_picks_arguments"/>
    <testcase time="0.00300000000004275" classname="tm_g_gh_density_distribution_plot" name="tm_g_gh_density_distribution_plot_can_be_created_with_custom_picks_arguments"/>
    <testcase time="0.00900000000001455" classname="tm_g_gh_density_distribution_plot" name="tm_g_gh_density_distribution_plot_handles_different_parameter_combinations"/>
    <testcase time="0.00299999999992906" classname="tm_g_gh_density_distribution_plot" name="tm_g_gh_density_distribution_plot_handles_different_parameter_combinations"/>
    <testcase time="0.00900000000001455" classname="tm_g_gh_density_distribution_plot" name="tm_g_gh_density_distribution_plot_accepts_custom_color_specifications"/>
    <testcase time="0.00200000000006639" classname="tm_g_gh_density_distribution_plot" name="tm_g_gh_density_distribution_plot_accepts_custom_color_specifications"/>
    <testcase time="0.00899999999990087" classname="tm_g_gh_density_distribution_plot" name="tm_g_gh_density_distribution_plot_accepts_line_arguments"/>
    <testcase time="0.00300000000004275" classname="tm_g_gh_density_distribution_plot" name="tm_g_gh_density_distribution_plot_accepts_line_arguments"/>
    <testcase time="0.00900000000001455" classname="tm_g_gh_density_distribution_plot" name="tm_g_gh_density_distribution_plot_handles_plot_dimensions_correctly"/>
    <testcase time="0.00300000000004275" classname="tm_g_gh_density_distribution_plot" name="tm_g_gh_density_distribution_plot_handles_plot_dimensions_correctly"/>
    <testcase time="0.0109999999999673" classname="tm_g_gh_density_distribution_plot" name="tm_g_gh_density_distribution_plot_invalid_arguments_throws_an_error_when_label_is_invalid"/>
    <testcase time="0.0109999999999673" classname="tm_g_gh_density_distribution_plot" name="tm_g_gh_density_distribution_plot_invalid_arguments_throws_an_error_when_dataname_is_invalid"/>
    <testcase time="0.00999999999999091" classname="tm_g_gh_density_distribution_plot" name="tm_g_gh_density_distribution_plot_invalid_arguments_throws_an_error_when_param_is_invalid"/>
    <testcase time="0.00999999999999091" classname="tm_g_gh_density_distribution_plot" name="tm_g_gh_density_distribution_plot_invalid_arguments_throws_an_error_when_xaxis_var_is_invalid"/>
    <testcase time="0.0120000000000573" classname="tm_g_gh_density_distribution_plot" name="tm_g_gh_density_distribution_plot_invalid_arguments_throws_an_error_when_trt_group_is_invalid"/>
    <testcase time="0.0679999999999836" classname="tm_g_gh_density_distribution_plot" name="tm_g_gh_density_distribution_plot_invalid_arguments_throws_an_error_when_color_manual_is_invalid"/>
    <testcase time="0.05600000000004" classname="tm_g_gh_density_distribution_plot" name="tm_g_gh_density_distribution_plot_invalid_arguments_throws_an_error_when_comb_line_is_invalid"/>
    <testcase time="0.0609999999999218" classname="tm_g_gh_density_distribution_plot" name="tm_g_gh_density_distribution_plot_invalid_arguments_throws_an_error_when_font_size_is_invalid"/>
    <testcase time="0.0670000000000073" classname="tm_g_gh_density_distribution_plot" name="tm_g_gh_density_distribution_plot_invalid_arguments_throws_an_error_when_line_size_is_invalid"/>
    <testcase time="0.0590000000000828" classname="tm_g_gh_density_distribution_plot" name="tm_g_gh_density_distribution_plot_invalid_arguments_throws_an_error_when_hline_arb_is_invalid"/>
    <testcase time="0.0569999999999027" classname="tm_g_gh_density_distribution_plot" name="tm_g_gh_density_distribution_plot_invalid_arguments_throws_an_error_when_comb_line_is_invalid"/>
    <testcase time="0.0640000000000782" classname="tm_g_gh_density_distribution_plot" name="tm_g_gh_density_distribution_plot_invalid_arguments_throws_an_error_when_facet_ncol_is_invalid"/>
    <testcase time="0.0579999999999927" classname="tm_g_gh_density_distribution_plot" name="tm_g_gh_density_distribution_plot_invalid_arguments_throws_an_error_when_rotate_xlab_is_invalid"/>
    <testcase time="0.0620000000000118" classname="tm_g_gh_density_distribution_plot" name="tm_g_gh_density_distribution_plot_invalid_arguments_throws_an_error_when_plot_height_is_invalid"/>
    <testcase time="0.0659999999999172" classname="tm_g_gh_density_distribution_plot" name="tm_g_gh_density_distribution_plot_invalid_arguments_throws_an_error_when_plot_width_is_invalid"/>
    <testcase time="0.05600000000004" classname="tm_g_gh_density_distribution_plot" name="tm_g_gh_density_distribution_plot_invalid_arguments_throws_an_error_when_pre_output_is_invalid"/>
    <testcase time="0.0589999999999691" classname="tm_g_gh_density_distribution_plot" name="tm_g_gh_density_distribution_plot_invalid_arguments_throws_an_error_when_post_output_is_invalid"/>
    <testcase time="0.0640000000000782" classname="tm_g_gh_density_distribution_plot" name="tm_g_gh_density_distribution_plot_invalid_arguments_throws_an_error_when_transformators_is_invalid"/>
    <testcase time="0.0569999999999027" classname="tm_g_gh_density_distribution_plot" name="tm_g_gh_density_distribution_plot_invalid_arguments_throws_an_error_when_color_comb_is_invalid"/>
    <testcase time="0.05600000000004" classname="tm_g_gh_density_distribution_plot" name="tm_g_gh_density_distribution_plot_invalid_arguments_throws_an_error_when_decorators_is_invalid"/>
    <testcase time="0.0679999999999836" classname="tm_g_gh_density_distribution_plot" name="tm_g_gh_density_distribution_plot_invalid_arguments_throws_an_error_when_hline_arb_label_is_invalid"/>
    <testcase time="0.0620000000000118" classname="tm_g_gh_density_distribution_plot" name="tm_g_gh_density_distribution_plot_invalid_arguments_throws_an_error_when_hline_arb_color_is_invalid"/>
    <testcase time="0.0779999999999745" classname="tm_g_gh_density_distribution_plot" name="tm_g_gh_density_distribution_plot_invalid_arguments_gives_a_deprecation_warning_when_param_var_is_used"/>
    <testcase time="0.00600000000008549" classname="tm_g_gh_density_distribution_plot" name="tm_g_gh_density_distribution_plot_invalid_arguments_all_arguments_are_tested"/>
  </testsuite>
  <testsuite name="tm_g_gh_lineplot" timestamp="2026-09-10T18:04:37Z" hostname="3636a5f4ee8d" tests="46" skipped="0" failures="0" errors="0" time="3.182">
    <testcase time="0.0989999999999327" classname="tm_g_gh_lineplot" name="tm_g_gh_lineplot_can_be_created_with_default_arguments"/>
    <testcase time="0.00300000000004275" classname="tm_g_gh_lineplot" name="tm_g_gh_lineplot_can_be_created_with_default_arguments"/>
    <testcase time="0.0119999999999436" classname="tm_g_gh_lineplot" name="tm_g_gh_lineplot_can_be_created_with_choices_selected_arguments"/>
    <testcase time="0.00200000000006639" classname="tm_g_gh_lineplot" name="tm_g_gh_lineplot_can_be_created_with_choices_selected_arguments"/>
    <testcase time="0.00999999999999091" classname="tm_g_gh_lineplot" name="tm_g_gh_lineplot_can_be_created_with_custom_picks_arguments"/>
    <testcase time="0.00300000000004275" classname="tm_g_gh_lineplot" name="tm_g_gh_lineplot_can_be_created_with_custom_picks_arguments"/>
    <testcase time="0.00999999999999091" classname="tm_g_gh_lineplot" name="tm_g_gh_lineplot_handles_multiple_parameter_combinations"/>
    <testcase time="0.00299999999992906" classname="tm_g_gh_lineplot" name="tm_g_gh_lineplot_handles_multiple_parameter_combinations"/>
    <testcase time="0.0110000000000809" classname="tm_g_gh_lineplot" name="tm_g_gh_lineplot_accepts_custom_color_specifications_with_picks"/>
    <testcase time="0.00299999999992906" classname="tm_g_gh_lineplot" name="tm_g_gh_lineplot_accepts_custom_color_specifications_with_picks"/>
    <testcase time="0.0149999999999864" classname="tm_g_gh_lineplot" name="tm_g_gh_lineplot_accepts_line_arguments_with_picks"/>
    <testcase time="0.00300000000004275" classname="tm_g_gh_lineplot" name="tm_g_gh_lineplot_accepts_line_arguments_with_picks"/>
    <testcase time="0.0130000000000337" classname="tm_g_gh_lineplot" name="tm_g_gh_lineplot_invalid_arguments_throws_an_error_when_label_is_invalid"/>
    <testcase time="0.00999999999999091" classname="tm_g_gh_lineplot" name="tm_g_gh_lineplot_invalid_arguments_throws_an_error_when_dataname_is_invalid"/>
    <testcase time="0.00999999999999091" classname="tm_g_gh_lineplot" name="tm_g_gh_lineplot_invalid_arguments_throws_an_error_when_param_is_invalid"/>
    <testcase time="0.0109999999999673" classname="tm_g_gh_lineplot" name="tm_g_gh_lineplot_invalid_arguments_throws_an_error_when_param_var_label_is_invalid"/>
    <testcase time="0.00999999999999091" classname="tm_g_gh_lineplot" name="tm_g_gh_lineplot_invalid_arguments_throws_an_error_when_xaxis_var_is_invalid"/>
    <testcase time="0.05600000000004" classname="tm_g_gh_lineplot" name="tm_g_gh_lineplot_invalid_arguments_throws_an_error_when_yaxis_var_is_invalid"/>
    <testcase time="0.0570000000000164" classname="tm_g_gh_lineplot" name="tm_g_gh_lineplot_invalid_arguments_throws_an_error_when_trt_group_is_invalid"/>
    <testcase time="0.105999999999995" classname="tm_g_gh_lineplot" name="tm_g_gh_lineplot_invalid_arguments_throws_an_error_when_stat_is_invalid"/>
    <testcase time="0.112999999999943" classname="tm_g_gh_lineplot" name="tm_g_gh_lineplot_invalid_arguments_throws_an_error_when_color_manual_is_invalid"/>
    <testcase time="0.108000000000061" classname="tm_g_gh_lineplot" name="tm_g_gh_lineplot_invalid_arguments_throws_an_error_when_rotate_xlab_is_invalid"/>
    <testcase time="0.111999999999966" classname="tm_g_gh_lineplot" name="tm_g_gh_lineplot_invalid_arguments_throws_an_error_when_hline_arb_is_invalid"/>
    <testcase time="0.114000000000033" classname="tm_g_gh_lineplot" name="tm_g_gh_lineplot_invalid_arguments_throws_an_error_when_plot_height_is_invalid"/>
    <testcase time="0.105000000000018" classname="tm_g_gh_lineplot" name="tm_g_gh_lineplot_invalid_arguments_throws_an_error_when_plot_width_is_invalid"/>
    <testcase time="0.112999999999943" classname="tm_g_gh_lineplot" name="tm_g_gh_lineplot_invalid_arguments_throws_an_error_when_plot_font_size_is_invalid"/>
    <testcase time="0.113000000000056" classname="tm_g_gh_lineplot" name="tm_g_gh_lineplot_invalid_arguments_throws_an_error_when_dodge_is_invalid"/>
    <testcase time="0.100999999999999" classname="tm_g_gh_lineplot" name="tm_g_gh_lineplot_invalid_arguments_throws_an_error_when_count_threshold_is_invalid"/>
    <testcase time="0.111999999999966" classname="tm_g_gh_lineplot" name="tm_g_gh_lineplot_invalid_arguments_throws_an_error_when_table_font_size_is_invalid"/>
    <testcase time="0.105000000000018" classname="tm_g_gh_lineplot" name="tm_g_gh_lineplot_invalid_arguments_throws_an_error_when_dot_size_is_invalid"/>
    <testcase time="0.106999999999971" classname="tm_g_gh_lineplot" name="tm_g_gh_lineplot_invalid_arguments_throws_an_error_when_plot_relative_height_value_is_invalid"/>
    <testcase time="0.106999999999971" classname="tm_g_gh_lineplot" name="tm_g_gh_lineplot_invalid_arguments_throws_an_error_when_pre_output_is_invalid"/>
    <testcase time="0.105999999999995" classname="tm_g_gh_lineplot" name="tm_g_gh_lineplot_invalid_arguments_throws_an_error_when_post_output_is_invalid"/>
    <testcase time="0.11200000000008" classname="tm_g_gh_lineplot" name="tm_g_gh_lineplot_invalid_arguments_throws_an_error_when_transformators_is_invalid"/>
    <testcase time="0.111999999999966" classname="tm_g_gh_lineplot" name="tm_g_gh_lineplot_invalid_arguments_throws_an_error_when_decorators_is_invalid"/>
    <testcase time="0.05499999999995" classname="tm_g_gh_lineplot" name="tm_g_gh_lineplot_invalid_arguments_throws_an_error_when_xvar_level_is_invalid"/>
    <testcase time="0.108000000000061" classname="tm_g_gh_lineplot" name="tm_g_gh_lineplot_invalid_arguments_throws_an_error_when_trt_group_level_is_invalid"/>
    <testcase time="0.100000000000023" classname="tm_g_gh_lineplot" name="tm_g_gh_lineplot_invalid_arguments_throws_an_error_when_shape_choices_is_invalid"/>
    <testcase time="0.115000000000009" classname="tm_g_gh_lineplot" name="tm_g_gh_lineplot_invalid_arguments_throws_an_error_when_xtick_is_invalid"/>
    <testcase time="0.118999999999915" classname="tm_g_gh_lineplot" name="tm_g_gh_lineplot_invalid_arguments_throws_an_error_when_xlabel_is_invalid"/>
    <testcase time="0.115999999999985" classname="tm_g_gh_lineplot" name="tm_g_gh_lineplot_invalid_arguments_throws_an_error_when_hline_arb_label_is_invalid"/>
    <testcase time="0.121000000000095" classname="tm_g_gh_lineplot" name="tm_g_gh_lineplot_invalid_arguments_throws_an_error_when_hline_arb_color_is_invalid"/>
    <testcase time="0.113999999999919" classname="tm_g_gh_lineplot" name="tm_g_gh_lineplot_invalid_arguments_gives_a_deprecation_warning_when_param_var_is_used"/>
    <testcase time="0.124000000000024" classname="tm_g_gh_lineplot" name="tm_g_gh_lineplot_invalid_arguments_gives_a_deprecation_warning_when_filter_var_is_used"/>
    <testcase time="0.119000000000028" classname="tm_g_gh_lineplot" name="tm_g_gh_lineplot_invalid_arguments_gives_a_deprecation_warning_when_filter_var_choices_is_used"/>
    <testcase time="0.0040000000000191" classname="tm_g_gh_lineplot" name="tm_g_gh_lineplot_invalid_arguments_all_arguments_are_tested"/>
  </testsuite>
  <testsuite name="tm_g_gh_spaghettiplot" timestamp="2026-09-10T18:04:41Z" hostname="3636a5f4ee8d" tests="48" skipped="0" failures="0" errors="0" time="1.851">
    <testcase time="0.0570000000000164" classname="tm_g_gh_spaghettiplot" name="tm_g_gh_spaghettiplot_can_be_created_with_default_arguments"/>
    <testcase time="0.00299999999992906" classname="tm_g_gh_spaghettiplot" name="tm_g_gh_spaghettiplot_can_be_created_with_default_arguments"/>
    <testcase time="0.0109999999999673" classname="tm_g_gh_spaghettiplot" name="tm_g_gh_spaghettiplot_can_be_created_with_choices_selected_arguments"/>
    <testcase time="0.00300000000004275" classname="tm_g_gh_spaghettiplot" name="tm_g_gh_spaghettiplot_can_be_created_with_choices_selected_arguments"/>
    <testcase time="0.00999999999999091" classname="tm_g_gh_spaghettiplot" name="tm_g_gh_spaghettiplot_can_be_created_with_custom_picks_arguments"/>
    <testcase time="0.00300000000004275" classname="tm_g_gh_spaghettiplot" name="tm_g_gh_spaghettiplot_can_be_created_with_custom_picks_arguments"/>
    <testcase time="0.00999999999999091" classname="tm_g_gh_spaghettiplot" name="tm_g_gh_spaghettiplot_handles_multiple_parameter_combinations"/>
    <testcase time="0.00300000000004275" classname="tm_g_gh_spaghettiplot" name="tm_g_gh_spaghettiplot_handles_multiple_parameter_combinations"/>
    <testcase time="0.00999999999999091" classname="tm_g_gh_spaghettiplot" name="tm_g_gh_spaghettiplot_accepts_custom_color_specifications_with_choices_selected"/>
    <testcase time="0.00299999999992906" classname="tm_g_gh_spaghettiplot" name="tm_g_gh_spaghettiplot_accepts_custom_color_specifications_with_choices_selected"/>
    <testcase time="0.0170000000000528" classname="tm_g_gh_spaghettiplot" name="tm_g_gh_spaghettiplot_accepts_line_arguments_with_choices_selected"/>
    <testcase time="0.00299999999992906" classname="tm_g_gh_spaghettiplot" name="tm_g_gh_spaghettiplot_accepts_line_arguments_with_choices_selected"/>
    <testcase time="0.0110000000000809" classname="tm_g_gh_spaghettiplot" name="tm_g_gh_spaghettiplot_invalid_arguments_throws_an_error_when_label_is_invalid"/>
    <testcase time="0.00999999999999091" classname="tm_g_gh_spaghettiplot" name="tm_g_gh_spaghettiplot_invalid_arguments_throws_an_error_when_dataname_is_invalid"/>
    <testcase time="0.00900000000001455" classname="tm_g_gh_spaghettiplot" name="tm_g_gh_spaghettiplot_invalid_arguments_throws_an_error_when_param_var_label_is_invalid"/>
    <testcase time="0.00999999999999091" classname="tm_g_gh_spaghettiplot" name="tm_g_gh_spaghettiplot_invalid_arguments_throws_an_error_when_idvar_is_invalid"/>
    <testcase time="0.00999999999999091" classname="tm_g_gh_spaghettiplot" name="tm_g_gh_spaghettiplot_invalid_arguments_throws_an_error_when_group_stats_is_invalid"/>
    <testcase time="0.00999999999999091" classname="tm_g_gh_spaghettiplot" name="tm_g_gh_spaghettiplot_invalid_arguments_throws_an_error_when_param_is_invalid"/>
    <testcase time="0.00999999999999091" classname="tm_g_gh_spaghettiplot" name="tm_g_gh_spaghettiplot_invalid_arguments_throws_an_error_when_xaxis_var_is_invalid"/>
    <testcase time="0.0109999999999673" classname="tm_g_gh_spaghettiplot" name="tm_g_gh_spaghettiplot_invalid_arguments_throws_an_error_when_yaxis_var_is_invalid"/>
    <testcase time="0.0120000000000573" classname="tm_g_gh_spaghettiplot" name="tm_g_gh_spaghettiplot_invalid_arguments_throws_an_error_when_trt_group_is_invalid"/>
    <testcase time="0.0570000000000164" classname="tm_g_gh_spaghettiplot" name="tm_g_gh_spaghettiplot_invalid_arguments_throws_an_error_when_xaxis_var_level_is_invalid"/>
    <testcase time="0.0649999999999409" classname="tm_g_gh_spaghettiplot" name="tm_g_gh_spaghettiplot_invalid_arguments_throws_an_error_when_trt_group_level_is_invalid"/>
    <testcase time="0.0600000000000591" classname="tm_g_gh_spaghettiplot" name="tm_g_gh_spaghettiplot_invalid_arguments_throws_an_error_when_man_color_is_invalid"/>
    <testcase time="0.0569999999999027" classname="tm_g_gh_spaghettiplot" name="tm_g_gh_spaghettiplot_invalid_arguments_throws_an_error_when_color_comb_is_invalid"/>
    <testcase time="0.0680000000000973" classname="tm_g_gh_spaghettiplot" name="tm_g_gh_spaghettiplot_invalid_arguments_throws_an_error_when_hline_arb_is_invalid"/>
    <testcase time="0.0599999999999454" classname="tm_g_gh_spaghettiplot" name="tm_g_gh_spaghettiplot_invalid_arguments_throws_an_error_when_hline_vars_is_invalid"/>
    <testcase time="0.0570000000000164" classname="tm_g_gh_spaghettiplot" name="tm_g_gh_spaghettiplot_invalid_arguments_throws_an_error_when_facet_ncol_is_invalid"/>
    <testcase time="0.0639999999999645" classname="tm_g_gh_spaghettiplot" name="tm_g_gh_spaghettiplot_invalid_arguments_throws_an_error_when_free_x_is_invalid"/>
    <testcase time="0.0570000000000164" classname="tm_g_gh_spaghettiplot" name="tm_g_gh_spaghettiplot_invalid_arguments_throws_an_error_when_rotate_xlab_is_invalid"/>
    <testcase time="0.0650000000000546" classname="tm_g_gh_spaghettiplot" name="tm_g_gh_spaghettiplot_invalid_arguments_throws_an_error_when_plot_height_is_invalid"/>
    <testcase time="0.0599999999999454" classname="tm_g_gh_spaghettiplot" name="tm_g_gh_spaghettiplot_invalid_arguments_throws_an_error_when_plot_width_is_invalid"/>
    <testcase time="0.0589999999999691" classname="tm_g_gh_spaghettiplot" name="tm_g_gh_spaghettiplot_invalid_arguments_throws_an_error_when_font_size_is_invalid"/>
    <testcase time="0.0660000000000309" classname="tm_g_gh_spaghettiplot" name="tm_g_gh_spaghettiplot_invalid_arguments_throws_an_error_when_dot_size_is_invalid"/>
    <testcase time="0.0579999999999927" classname="tm_g_gh_spaghettiplot" name="tm_g_gh_spaghettiplot_invalid_arguments_throws_an_error_when_alpha_is_invalid"/>
    <testcase time="0.0579999999999927" classname="tm_g_gh_spaghettiplot" name="tm_g_gh_spaghettiplot_invalid_arguments_throws_an_error_when_pre_output_is_invalid"/>
    <testcase time="0.0660000000000309" classname="tm_g_gh_spaghettiplot" name="tm_g_gh_spaghettiplot_invalid_arguments_throws_an_error_when_post_output_is_invalid"/>
    <testcase time="0.0570000000000164" classname="tm_g_gh_spaghettiplot" name="tm_g_gh_spaghettiplot_invalid_arguments_throws_an_error_when_transformators_is_invalid"/>
    <testcase time="0.0570000000000164" classname="tm_g_gh_spaghettiplot" name="tm_g_gh_spaghettiplot_invalid_arguments_throws_an_error_when_decorators_is_invalid"/>
    <testcase time="0.0659999999999172" classname="tm_g_gh_spaghettiplot" name="tm_g_gh_spaghettiplot_invalid_arguments_throws_an_error_when_xtick_is_invalid"/>
    <testcase time="0.0570000000000164" classname="tm_g_gh_spaghettiplot" name="tm_g_gh_spaghettiplot_invalid_arguments_throws_an_error_when_xlabel_is_invalid"/>
    <testcase time="0.0650000000000546" classname="tm_g_gh_spaghettiplot" name="tm_g_gh_spaghettiplot_invalid_arguments_throws_an_error_when_hline_arb_label_is_invalid"/>
    <testcase time="0.0699999999999363" classname="tm_g_gh_spaghettiplot" name="tm_g_gh_spaghettiplot_invalid_arguments_throws_an_error_when_hline_arb_color_is_invalid"/>
    <testcase time="0.0650000000000546" classname="tm_g_gh_spaghettiplot" name="tm_g_gh_spaghettiplot_invalid_arguments_throws_an_error_when_hline_vars_colors_is_invalid"/>
    <testcase time="0.0710000000000264" classname="tm_g_gh_spaghettiplot" name="tm_g_gh_spaghettiplot_invalid_arguments_throws_an_error_when_hline_vars_labels_is_invalid"/>
    <testcase time="0.0670000000000073" classname="tm_g_gh_spaghettiplot" name="tm_g_gh_spaghettiplot_invalid_arguments_gives_a_deprecation_warning_when_param_var_is_used"/>
    <testcase time="0.0679999999999836" classname="tm_g_gh_spaghettiplot" name="tm_g_gh_spaghettiplot_invalid_arguments_gives_a_deprecation_warning_when_filter_var_is_used"/>
    <testcase time="0.00499999999999545" classname="tm_g_gh_spaghettiplot" name="tm_g_gh_spaghettiplot_invalid_arguments_all_arguments_are_tested"/>
  </testsuite>
</testsuites>
